#
# There is insufficient memory for the Java Runtime Environment to continue.
# Native memory allocation (malloc) failed to allocate 422576 bytes. Error detail: Chunk::new
# Possible reasons:
#   The system is out of physical RAM or swap space
#   This process is running with CompressedOops enabled, and the Java Heap may be blocking the growth of the native heap
# Possible solutions:
#   Reduce memory load on the system
#   Increase physical memory or swap space
#   Check if swap backing store is full
#   Decrease Java heap size (-Xmx/-Xms)
#   Decrease Java thread stack sizes (-Xss)
#   Set larger code cache with -XX:ReservedCodeCacheSize=
#   JVM is running with Unscaled Compressed Oops mode in which the Java heap is
#     placed in the first 4GB address space. The Java Heap base address is the
#     maximum limit for the native heap growth. Please use -XX:HeapBaseMinAddress
#     to set the Java Heap base and to place the Java Heap above 4GB virtual address.
# This output file may be truncated or incomplete.
#
#  Out of Memory Error (arena.cpp:191), pid=15568, tid=25224
#
# JRE version: OpenJDK Runtime Environment Microsoft-13106358 (17.0.18+8) (build 17.0.18+8-LTS)
# Java VM: OpenJDK 64-Bit Server VM Microsoft-13106358 (17.0.18+8-LTS, mixed mode, sharing, tiered, compressed oops, compressed class ptrs, g1 gc, windows-amd64)
# No core dump will be written. Minidumps are not enabled by default on client versions of Windows
#

---------------  S U M M A R Y ------------

Command Line: -javaagent:C:\Program Files\JetBrains\IntelliJ IDEA Community Edition 2024.2.3\lib\idea_rt.jar=57913:C:\Program Files\JetBrains\IntelliJ IDEA Community Edition 2024.2.3\bin -Dfile.encoding=UTF-8 com.ges.boutique.BoutiqueApplication

Host: Intel(R) Celeron(R) N4120 CPU @ 1.10GHz, 4 cores, 7G,  Windows 11 , 64 bit Build 26100 (10.0.26100.8328)
Time: Wed May 20 15:32:34 2026 Paris, Madrid (heure duild 26100 (10.0.26100.8328) elapsed time: 4077.353300 seconds (0d 1h 7m 57s)

---------------  T H R E A D  ---------------

Current thread (0x000001374d81b000):  JavaThread "C2 CompilerThread0" daemon [_thread_in_native, id=25224, stack(0x0000001a92600000,0x0000001a92700000)]


Current CompileTask:
C2:4077354 12669       4       java.io.FilterInputStream::read (11 bytes)

Stack: [0x0000001a92600000,0x0000001a92700000]
Native frames: (J=compiled Java code, j=interpreted, Vv=VM code, C=native code)
V  [jvm.dll+0x68c879]  (no source info available)
V  [jvm.dll+0x845979]  (no source info available)
V  [jvm.dll+0x8476e8]  (no source info available)
V  [jvm.dll+0x847d73]  (no source info available)
V  [jvm.dll+0x24cf6f]  (no source info available)
V  [jvm.dll+0xaecb6]  (no source info available)
V  [jvm.dll+0xaf35c]  (no source info available)
V  [jvm.dll+0x3716ff]  (no source info available)
V  [jvm.dll+0x33b985]  (no source info available)
V  [jvm.dll+0x33adea]  (no source info available)
V  [jvm.dll+0x21df29]  (no source info available)
V  [jvm.dll+0x21d36d]  (no source info available)
V  [jvm.dll+0x1a8ce6]  (no source info available)
V  [jvm.dll+0x22db1b]  (no source info available)
V  [jvm.dll+0x22bca6]  (no source info available)
V  [jvm.dll+0x7fbabb]  (no source info available)
V  [jvm.dll+0x7f5ebc]  (no source info available)
V  [jvm.dll+0x68de17]  (no source info available)
C  [ucrtbase.dll+0x37b0]  (no source info available)
C  [KERNEL32.DLL+0x2e957]  (no source info available)
C  [ntdll.dll+0x427c]  (no source info available)


---------------  P R O C E S S  ---------------

Threads class SMR info:
_java_thread_list=0x0000013797ad4100, length=30, elements={
0x000001374d7f4fa0, 0x000001374d7f6970, 0x000001374d80d010, 0x000001374d80d9d0,
0x000001374d80e390, 0x000001374d80ed50, 0x000001374d81b000, 0x000001374d81dac0,
0x000001374d8383a0, 0x000001374d7e32a0, 0x000001374dc57f30, 0x000001374dc58410,
0x0000013793b96e70, 0x000001379634c4e0, 0x000001379346a080, 0x0000013793468c40,
0x000001379346aaa0, 0x000001379346b9d0, 0x000001379346bee0, 0x000001379346c3f0,
0x0000013793469660, 0x0000013793469150, 0x000001379346ce10, 0x000001379346d320,
0x0000013793469b70, 0x00000137934705c0, 0x000001379346dd40, 0x000001379346e250,
0x000001379346d830, 0x000001379346e760
}

Java Threads: ( => current thread )
  0x000001374d7f4fa0 JavaThread "Reference Handler" daemon [_thread_blocked, id=19372, stack(0x0000001a92000000,0x0000001a92100000)]
  0x000001374d7f6970 JavaThread "Finalizer" daemon [_thread_blocked, id=16088, stack(0x0000001a92100000,0x0000001a92200000)]
  0x000001374d80d010 JavaThread "Signal Dispatcher" daemon [_thread_blocked, id=12916, stack(0x0000001a92200000,0x0000001a92300000)]
  0x000001374d80d9d0 JavaThread "Attach Listener" daemon [_thread_blocked, id=10068, stack(0x0000001a92300000,0x0000001a92400000)]
  0x000001374d80e390 JavaThread "Service Thread" daemon [_thread_blocked, id=28464, stack(0x0000001a92400000,0x0000001a92500000)]
  0x000001374d80ed50 JavaThread "Monitor Deflation Thread" daemon [_thread_blocked, id=10520, stack(0x0000001a92500000,0x0000001a92600000)]
=>0x000001374d81b000 JavaThread "C2 CompilerThread0" daemon [_thread_in_native, id=25224, stack(0x0000001a92600000,0x0000001a92700000)]
  0x000001374d81dac0 JavaThread "C1 CompilerThread0" daemon [_thread_blocked, id=17344, stack(0x0000001a92700000,0x0000001a92800000)]
  0x000001374d8383a0 JavaThread "Sweeper thread" daemon [_thread_blocked, id=15184, stack(0x0000001a92800000,0x0000001a92900000)]
  0x000001374d7e32a0 JavaThread "Common-Cleaner" daemon [_thread_blocked, id=1864, stack(0x0000001a92900000,0x0000001a92a00000)]
  0x000001374dc57f30 JavaThread "Monitor Ctrl-Break" daemon [_thread_in_native, id=23236, stack(0x0000001a92a00000,0x0000001a92b00000)]
  0x000001374dc58410 JavaThread "Notification Thread" daemon [_thread_blocked, id=25700, stack(0x0000001a92b00000,0x0000001a92c00000)]
  0x0000013793b96e70 JavaThread "mysql-cj-abandoned-connection-cleanup" daemon [_thread_blocked, id=14208, stack(0x0000001a93200000,0x0000001a93300000)]
  0x000001379634c4e0 JavaThread "HikariPool-1 housekeeper" daemon [_thread_blocked, id=27048, stack(0x0000001a93400000,0x0000001a93500000)]
  0x000001379346a080 JavaThread "Catalina-utility-1" [_thread_blocked, id=23948, stack(0x0000001a93500000,0x0000001a93600000)]
  0x0000013793468c40 JavaThread "Catalina-utility-2" [_thread_blocked, id=16292, stack(0x0000001a93600000,0x0000001a93700000)]
  0x000001379346aaa0 JavaThread "container-0" [_thread_blocked, id=3992, stack(0x0000001a93700000,0x0000001a93800000)]
  0x000001379346b9d0 JavaThread "http-nio-8080-exec-1" daemon [_thread_blocked, id=27524, stack(0x0000001a93800000,0x0000001a93900000)]
  0x000001379346bee0 JavaThread "http-nio-8080-exec-2" daemon [_thread_blocked, id=272, stack(0x0000001a93900000,0x0000001a93a00000)]
  0x000001379346c3f0 JavaThread "http-nio-8080-exec-3" daemon [_thread_in_Java, id=13996, stack(0x0000001a93a00000,0x0000001a93b00000)]
  0x0000013793469660 JavaThread "http-nio-8080-exec-4" daemon [_thread_in_Java, id=3988, stack(0x0000001a93b00000,0x0000001a93c00000)]
  0x0000013793469150 JavaThread "http-nio-8080-exec-5" daemon [_thread_in_Java, id=2288, stack(0x0000001a93c00000,0x0000001a93d00000)]
  0x000001379346ce10 JavaThread "http-nio-8080-exec-6" daemon [_thread_blocked, id=6944, stack(0x0000001a93d00000,0x0000001a93e00000)]
  0x000001379346d320 JavaThread "http-nio-8080-exec-7" daemon [_thread_blocked, id=10224, stack(0x0000001a93e00000,0x0000001a93f00000)]
  0x0000013793469b70 JavaThread "http-nio-8080-exec-8" daemon [_thread_in_Java, id=29204, stack(0x0000001a93f00000,0x0000001a94000000)]
  0x00000137934705c0 JavaThread "http-nio-8080-exec-9" daemon [_thread_blocked, id=9076, stack(0x0000001a94000000,0x0000001a94100000)]
  0x000001379346dd40 JavaThread "http-nio-8080-exec-10" daemon [_thread_in_Java, id=21708, stack(0x0000001a94100000,0x0000001a94200000)]
  0x000001379346e250 JavaThread "http-nio-8080-Poller" daemon [_thread_in_native, id=6052, stack(0x0000001a94200000,0x0000001a94300000)]
  0x000001379346d830 JavaThread "http-nio-8080-Acceptor" daemon [_thread_in_native, id=27720, stack(0x0000001a94300000,0x0000001a94400000)]
  0x000001379346e760 JavaThread "DestroyJavaVM" [_thread_blocked, id=11484, stack(0x0000001a91900000,0x0000001a91a00000)]

Other Threads:
  0x000001374d7f1b60 VMThread "VM Thread" [stack: 0x0000001a91f00000,0x0000001a92000000] [id=16312]
  0x000001374db27600 WatcherThread [stack: 0x0000001a92c00000,0x0000001a92d00000] [id=7296]
  0x000001372dbbecd0 GCTaskThread "GC Thread#0" [stack: 0x0000001a91a00000,0x0000001a91b00000] [id=6120]
  0x0000013793457cc0 GCTaskThread "GC Thread#1" [stack: 0x0000001a92d00000,0x0000001a92e00000] [id=10256]
  0x00000137934d6b60 GCTaskThread "GC Thread#2" [stack: 0x0000001a92e00000,0x0000001a92f00000] [id=22620]
  0x00000137936eb7b0 GCTaskThread "GC Thread#3" [stack: 0x0000001a92f00000,0x0000001a93000000] [id=20796]
  0x000001372ff55e60 ConcurrentGCThread "G1 Main Marker" [stack: 0x0000001a91b00000,0x0000001a91c00000] [id=2656]
  0x000001372ff57790 ConcurrentGCThread "G1 Conc#0" [stack: 0x0000001a91c00000,0x0000001a91d00000] [id=12560]
  0x000001372ff8def0 ConcurrentGCThread "G1 Refine#0" [stack: 0x0000001a91d00000,0x0000001a91e00000] [id=28480]
  0x00000137936eba80 ConcurrentGCThread "G1 Refine#1" [stack: 0x0000001a93000000,0x0000001a93100000] [id=5180]
  0x000001372ff8e6d0 ConcurrentGCThread "G1 Service" [stack: 0x0000001a91e00000,0x0000001a91f00000] [id=23908]

Threads with active compile tasks:
C2 CompilerThread0  4077755 12669       4       java.io.FilterInputStream::read (11 bytes)

VM state: not at safepoint (normal execution)

VM Mutex/Monitor currently owned by a thread: None

Heap address: 0x0000000085800000, size: 1960 MB, Compressed Oops mode: 32-bit

CDS archive(s) mapped at: [0x000001374e000000-0x000001374ebb0000-0x000001374ebb0000), size 12255232, SharedBaseAddress: 0x000001374e000000, ArchiveRelocationMode: 1.
Compressed class space mapped at: 0x000001374f000000-0x000001378f000000, reserved size: 1073741824
Narrow klass base: 0x000001374e000000, Narrow klass shift: 0, Narrow klass range: 0x100000000

GC Precious Log:
 CPUs: 4 total, 4 available
 Memory: 7839M
 Large Page Support: Disabled
 NUMA Support: Disabled
 Compressed Oops: Enabled (32-bit)
 Heap Region Size: 1M
 Heap Min Capacity: 8M
 Heap Initial Capacity: 124M
 Heap Max Capacity: 1960M
 Pre-touch: Disabled
 Parallel Workers: 4
 Concurrent Workers: 1
 Concurrent Refinement Workers: 4
 Periodic GC: Disabled

Heap:
 garbage-first heap   total 109568K, used 71830K [0x0000000085800000, 0x0000000100000000)
  region size 1024K, 24 young (24576K), 6 survivors (6144K)
 Metaspace       used 84398K, committed 85440K, reserved 1179648K
  class space    used 11297K, committed 11776K, reserved 1048576K

Heap Regions: E=young(eden), S=young(survivor), O=old, HS=humongous(starts), HC=humongous(continues), CS=collection set, F=free, OA=open archive, CA=closed archive, TAMS=top-at-mark-start (previous, next)
|   0|0x0000000085800000, 0x0000000085900000, 0x0000000085900000|100%|HS|  |TAMS 0x0000000085900000, 0x0000000085800000| Complete 
|   1|0x0000000085900000, 0x0000000085a00000, 0x0000000085a00000|100%| O|  |TAMS 0x0000000085a00000, 0x0000000085900000| Untracked 
|   2|0x0000000085a00000, 0x0000000085b00000, 0x0000000085b00000|100%| O|  |TAMS 0x0000000085b00000, 0x0000000085a00000| Untracked 
|   3|0x0000000085b00000, 0x0000000085c00000, 0x0000000085c00000|100%| O|  |TAMS 0x0000000085c00000, 0x0000000085b00000| Untracked 
|   4|0x0000000085c00000, 0x0000000085d00000, 0x0000000085d00000|100%| O|  |TAMS 0x0000000085d00000, 0x0000000085c00000| Untracked 
|   5|0x0000000085d00000, 0x0000000085e00000, 0x0000000085e00000|100%| O|  |TAMS 0x0000000085e00000, 0x0000000085d00000| Untracked 
|   6|0x0000000085e00000, 0x0000000085f00000, 0x0000000085f00000|100%| O|  |TAMS 0x0000000085f00000, 0x0000000085e00000| Untracked 
|   7|0x0000000085f00000, 0x0000000086000000, 0x0000000086000000|100%| O|  |TAMS 0x0000000086000000, 0x0000000085f00000| Untracked 
|   8|0x0000000086000000, 0x0000000086100000, 0x0000000086100000|100%| O|  |TAMS 0x0000000086100000, 0x0000000086000000| Untracked 
|   9|0x0000000086100000, 0x0000000086200000, 0x0000000086200000|100%| O|  |TAMS 0x0000000086200000, 0x0000000086100000| Untracked 
|  10|0x0000000086200000, 0x0000000086300000, 0x0000000086300000|100%| O|  |TAMS 0x0000000086300000, 0x0000000086200000| Untracked 
|  11|0x0000000086300000, 0x0000000086400000, 0x0000000086400000|100%| O|  |TAMS 0x0000000086400000, 0x0000000086300000| Untracked 
|  12|0x0000000086400000, 0x0000000086500000, 0x0000000086500000|100%| O|  |TAMS 0x0000000086500000, 0x0000000086400000| Untracked 
|  13|0x0000000086500000, 0x0000000086600000, 0x0000000086600000|100%| O|  |TAMS 0x0000000086600000, 0x0000000086500000| Untracked 
|  14|0x0000000086600000, 0x0000000086700000, 0x0000000086700000|100%| O|  |TAMS 0x0000000086700000, 0x0000000086600000| Untracked 
|  15|0x0000000086700000, 0x0000000086800000, 0x0000000086800000|100%| O|  |TAMS 0x0000000086800000, 0x0000000086700000| Untracked 
|  16|0x0000000086800000, 0x0000000086900000, 0x0000000086900000|100%| O|  |TAMS 0x0000000086900000, 0x0000000086800000| Untracked 
|  17|0x0000000086900000, 0x0000000086a00000, 0x0000000086a00000|100%| O|  |TAMS 0x0000000086a00000, 0x0000000086900000| Untracked 
|  18|0x0000000086a00000, 0x0000000086b00000, 0x0000000086b00000|100%| O|  |TAMS 0x0000000086b00000, 0x0000000086a00000| Untracked 
|  19|0x0000000086b00000, 0x0000000086c00000, 0x0000000086c00000|100%| O|  |TAMS 0x0000000086c00000, 0x0000000086b00000| Untracked 
|  20|0x0000000086c00000, 0x0000000086d00000, 0x0000000086d00000|100%| O|  |TAMS 0x0000000086d00000, 0x0000000086c00000| Untracked 
|  21|0x0000000086d00000, 0x0000000086e00000, 0x0000000086e00000|100%| O|  |TAMS 0x0000000086e00000, 0x0000000086d00000| Untracked 
|  22|0x0000000086e00000, 0x0000000086f00000, 0x0000000086f00000|100%| O|  |TAMS 0x0000000086f00000, 0x0000000086e00000| Untracked 
|  23|0x0000000086f00000, 0x0000000087000000, 0x0000000087000000|100%| O|  |TAMS 0x0000000087000000, 0x0000000086f00000| Untracked 
|  24|0x0000000087000000, 0x0000000087100000, 0x0000000087100000|100%| O|  |TAMS 0x0000000087100000, 0x0000000087000000| Untracked 
|  25|0x0000000087100000, 0x0000000087200000, 0x0000000087200000|100%| O|  |TAMS 0x0000000087200000, 0x0000000087100000| Untracked 
|  26|0x0000000087200000, 0x0000000087300000, 0x0000000087300000|100%| O|  |TAMS 0x0000000087300000, 0x0000000087200000| Untracked 
|  27|0x0000000087300000, 0x0000000087400000, 0x0000000087400000|100%| O|  |TAMS 0x0000000087400000, 0x0000000087300000| Untracked 
|  28|0x0000000087400000, 0x0000000087500000, 0x0000000087500000|100%| O|  |TAMS 0x0000000087500000, 0x0000000087400000| Untracked 
|  29|0x0000000087500000, 0x0000000087600000, 0x0000000087600000|100%| O|  |TAMS 0x0000000087600000, 0x0000000087500000| Untracked 
|  30|0x0000000087600000, 0x0000000087700000, 0x0000000087700000|100%| O|  |TAMS 0x0000000087700000, 0x0000000087600000| Untracked 
|  31|0x0000000087700000, 0x0000000087800000, 0x0000000087800000|100%| O|  |TAMS 0x0000000087800000, 0x0000000087700000| Untracked 
|  32|0x0000000087800000, 0x0000000087900000, 0x0000000087900000|100%| O|  |TAMS 0x0000000087900000, 0x0000000087800000| Untracked 
|  33|0x0000000087900000, 0x0000000087a00000, 0x0000000087a00000|100%| O|  |TAMS 0x0000000087a00000, 0x0000000087900000| Untracked 
|  34|0x0000000087a00000, 0x0000000087b00000, 0x0000000087b00000|100%| O|  |TAMS 0x0000000087b00000, 0x0000000087a00000| Untracked 
|  35|0x0000000087b00000, 0x0000000087c00000, 0x0000000087c00000|100%| O|  |TAMS 0x0000000087c00000, 0x0000000087b00000| Untracked 
|  36|0x0000000087c00000, 0x0000000087d00000, 0x0000000087d00000|100%| O|  |TAMS 0x0000000087d00000, 0x0000000087c00000| Untracked 
|  37|0x0000000087d00000, 0x0000000087e00000, 0x0000000087e00000|100%| O|  |TAMS 0x0000000087e00000, 0x0000000087d00000| Untracked 
|  38|0x0000000087e00000, 0x0000000087f00000, 0x0000000087f00000|100%| O|  |TAMS 0x0000000087f00000, 0x0000000087e00000| Untracked 
|  39|0x0000000087f00000, 0x0000000088000000, 0x0000000088000000|100%| O|  |TAMS 0x0000000088000000, 0x0000000087f00000| Untracked 
|  40|0x0000000088000000, 0x0000000088100000, 0x0000000088100000|100%| O|  |TAMS 0x0000000088015800, 0x0000000088000000| Untracked 
|  41|0x0000000088100000, 0x0000000088200000, 0x0000000088200000|100%| O|  |TAMS 0x0000000088100000, 0x0000000088100000| Untracked 
|  42|0x0000000088200000, 0x0000000088300000, 0x0000000088300000|100%| O|  |TAMS 0x0000000088200000, 0x0000000088200000| Untracked 
|  43|0x0000000088300000, 0x0000000088400000, 0x0000000088400000|100%| O|  |TAMS 0x0000000088300000, 0x0000000088300000| Untracked 
|  44|0x0000000088400000, 0x0000000088500000, 0x0000000088500000|100%| O|  |TAMS 0x0000000088400000, 0x0000000088400000| Untracked 
|  45|0x0000000088500000, 0x0000000088600000, 0x0000000088600000|100%| O|  |TAMS 0x0000000088500000, 0x0000000088500000| Untracked 
|  46|0x0000000088600000, 0x0000000088700000, 0x0000000088700000|100%| O|  |TAMS 0x0000000088600000, 0x0000000088600000| Untracked 
|  47|0x0000000088700000, 0x00000000887d4000, 0x0000000088800000| 82%| O|  |TAMS 0x0000000088700000, 0x0000000088700000| Untracked 
|  48|0x0000000088800000, 0x0000000088800000, 0x0000000088900000|  0%| F|  |TAMS 0x0000000088800000, 0x0000000088800000| Untracked 
|  49|0x0000000088900000, 0x0000000088900000, 0x0000000088a00000|  0%| F|  |TAMS 0x0000000088900000, 0x0000000088900000| Untracked 
|  50|0x0000000088a00000, 0x0000000088a00000, 0x0000000088b00000|  0%| F|  |TAMS 0x0000000088a00000, 0x0000000088a00000| Untracked 
|  51|0x0000000088b00000, 0x0000000088b00000, 0x0000000088c00000|  0%| F|  |TAMS 0x0000000088b00000, 0x0000000088b00000| Untracked 
|  52|0x0000000088c00000, 0x0000000088c00000, 0x0000000088d00000|  0%| F|  |TAMS 0x0000000088c00000, 0x0000000088c00000| Untracked 
|  53|0x0000000088d00000, 0x0000000088d00000, 0x0000000088e00000|  0%| F|  |TAMS 0x0000000088d00000, 0x0000000088d00000| Untracked 
|  54|0x0000000088e00000, 0x0000000088e00000, 0x0000000088f00000|  0%| F|  |TAMS 0x0000000088e00000, 0x0000000088e00000| Untracked 
|  55|0x0000000088f00000, 0x0000000088f00000, 0x0000000089000000|  0%| F|  |TAMS 0x0000000088f00000, 0x0000000088f00000| Untracked 
|  56|0x0000000089000000, 0x0000000089000000, 0x0000000089100000|  0%| F|  |TAMS 0x0000000089000000, 0x0000000089000000| Untracked 
|  57|0x0000000089100000, 0x0000000089100000, 0x0000000089200000|  0%| F|  |TAMS 0x0000000089100000, 0x0000000089100000| Untracked 
|  58|0x0000000089200000, 0x0000000089200000, 0x0000000089300000|  0%| F|  |TAMS 0x0000000089200000, 0x0000000089200000| Untracked 
|  59|0x0000000089300000, 0x0000000089300000, 0x0000000089400000|  0%| F|  |TAMS 0x0000000089300000, 0x0000000089300000| Untracked 
|  60|0x0000000089400000, 0x0000000089451890, 0x0000000089500000| 31%| S|CS|TAMS 0x0000000089400000, 0x0000000089400000| Complete 
|  61|0x0000000089500000, 0x0000000089600000, 0x0000000089600000|100%| S|CS|TAMS 0x0000000089500000, 0x0000000089500000| Complete 
|  62|0x0000000089600000, 0x0000000089700000, 0x0000000089700000|100%| S|CS|TAMS 0x0000000089600000, 0x0000000089600000| Complete 
|  63|0x0000000089700000, 0x0000000089800000, 0x0000000089800000|100%| S|CS|TAMS 0x0000000089700000, 0x0000000089700000| Complete 
|  64|0x0000000089800000, 0x0000000089800000, 0x0000000089900000|  0%| F|  |TAMS 0x0000000089800000, 0x0000000089800000| Untracked 
|  65|0x0000000089900000, 0x0000000089900000, 0x0000000089a00000|  0%| F|  |TAMS 0x0000000089900000, 0x0000000089900000| Untracked 
|  66|0x0000000089a00000, 0x0000000089a00000, 0x0000000089b00000|  0%| F|  |TAMS 0x0000000089a00000, 0x0000000089a00000| Untracked 
|  67|0x0000000089b00000, 0x0000000089c00000, 0x0000000089c00000|100%| S|CS|TAMS 0x0000000089b00000, 0x0000000089b00000| Complete 
|  68|0x0000000089c00000, 0x0000000089d00000, 0x0000000089d00000|100%| S|CS|TAMS 0x0000000089c00000, 0x0000000089c00000| Complete 
|  69|0x0000000089d00000, 0x0000000089d00000, 0x0000000089e00000|  0%| F|  |TAMS 0x0000000089d00000, 0x0000000089d00000| Untracked 
|  70|0x0000000089e00000, 0x0000000089e00000, 0x0000000089f00000|  0%| F|  |TAMS 0x0000000089e00000, 0x0000000089e00000| Untracked 
|  71|0x0000000089f00000, 0x0000000089f00000, 0x000000008a000000|  0%| F|  |TAMS 0x0000000089f00000, 0x0000000089f00000| Untracked 
|  72|0x000000008a000000, 0x000000008a000000, 0x000000008a100000|  0%| F|  |TAMS 0x000000008a000000, 0x000000008a000000| Untracked 
|  73|0x000000008a100000, 0x000000008a100000, 0x000000008a200000|  0%| F|  |TAMS 0x000000008a100000, 0x000000008a100000| Untracked 
|  74|0x000000008a200000, 0x000000008a200000, 0x000000008a300000|  0%| F|  |TAMS 0x000000008a200000, 0x000000008a200000| Untracked 
|  75|0x000000008a300000, 0x000000008a300000, 0x000000008a400000|  0%| F|  |TAMS 0x000000008a300000, 0x000000008a300000| Untracked 
|  76|0x000000008a400000, 0x000000008a400000, 0x000000008a500000|  0%| F|  |TAMS 0x000000008a400000, 0x000000008a400000| Untracked 
|  77|0x000000008a500000, 0x000000008a500000, 0x000000008a600000|  0%| F|  |TAMS 0x000000008a500000, 0x000000008a500000| Untracked 
|  78|0x000000008a600000, 0x000000008a600000, 0x000000008a700000|  0%| F|  |TAMS 0x000000008a600000, 0x000000008a600000| Untracked 
|  79|0x000000008a700000, 0x000000008a700000, 0x000000008a800000|  0%| F|  |TAMS 0x000000008a700000, 0x000000008a700000| Untracked 
|  80|0x000000008a800000, 0x000000008a800000, 0x000000008a900000|  0%| F|  |TAMS 0x000000008a800000, 0x000000008a800000| Untracked 
|  81|0x000000008a900000, 0x000000008a900000, 0x000000008aa00000|  0%| F|  |TAMS 0x000000008a900000, 0x000000008a900000| Untracked 
|  82|0x000000008aa00000, 0x000000008aa00000, 0x000000008ab00000|  0%| F|  |TAMS 0x000000008aa00000, 0x000000008aa00000| Untracked 
|  83|0x000000008ab00000, 0x000000008ab00000, 0x000000008ac00000|  0%| F|  |TAMS 0x000000008ab00000, 0x000000008ab00000| Untracked 
|  84|0x000000008ac00000, 0x000000008ac00000, 0x000000008ad00000|  0%| F|  |TAMS 0x000000008ac00000, 0x000000008ac00000| Untracked 
|  85|0x000000008ad00000, 0x000000008ad00000, 0x000000008ae00000|  0%| F|  |TAMS 0x000000008ad00000, 0x000000008ad00000| Untracked 
|  86|0x000000008ae00000, 0x000000008ae00000, 0x000000008af00000|  0%| F|  |TAMS 0x000000008ae00000, 0x000000008ae00000| Untracked 
|  87|0x000000008af00000, 0x000000008af00000, 0x000000008b000000|  0%| F|  |TAMS 0x000000008af00000, 0x000000008af00000| Untracked 
|  88|0x000000008b000000, 0x000000008b000000, 0x000000008b100000|  0%| F|  |TAMS 0x000000008b000000, 0x000000008b000000| Untracked 
|  89|0x000000008b100000, 0x000000008b1690c0, 0x000000008b200000| 41%| E|  |TAMS 0x000000008b100000, 0x000000008b100000| Complete 
|  90|0x000000008b200000, 0x000000008b300000, 0x000000008b300000|100%| E|CS|TAMS 0x000000008b200000, 0x000000008b200000| Complete 
|  91|0x000000008b300000, 0x000000008b400000, 0x000000008b400000|100%| E|CS|TAMS 0x000000008b300000, 0x000000008b300000| Complete 
|  92|0x000000008b400000, 0x000000008b500000, 0x000000008b500000|100%| E|CS|TAMS 0x000000008b400000, 0x000000008b400000| Complete 
|  93|0x000000008b500000, 0x000000008b600000, 0x000000008b600000|100%| E|CS|TAMS 0x000000008b500000, 0x000000008b500000| Complete 
|  94|0x000000008b600000, 0x000000008b700000, 0x000000008b700000|100%| E|CS|TAMS 0x000000008b600000, 0x000000008b600000| Complete 
|  95|0x000000008b700000, 0x000000008b800000, 0x000000008b800000|100%| E|CS|TAMS 0x000000008b700000, 0x000000008b700000| Complete 
|  96|0x000000008b800000, 0x000000008b900000, 0x000000008b900000|100%| E|CS|TAMS 0x000000008b800000, 0x000000008b800000| Complete 
|  97|0x000000008b900000, 0x000000008ba00000, 0x000000008ba00000|100%| E|CS|TAMS 0x000000008b900000, 0x000000008b900000| Complete 
|  98|0x000000008ba00000, 0x000000008bb00000, 0x000000008bb00000|100%| E|CS|TAMS 0x000000008ba00000, 0x000000008ba00000| Complete 
|  99|0x000000008bb00000, 0x000000008bc00000, 0x000000008bc00000|100%| E|CS|TAMS 0x000000008bb00000, 0x000000008bb00000| Complete 
| 100|0x000000008bc00000, 0x000000008bd00000, 0x000000008bd00000|100%| E|CS|TAMS 0x000000008bc00000, 0x000000008bc00000| Complete 
| 101|0x000000008bd00000, 0x000000008be00000, 0x000000008be00000|100%| E|CS|TAMS 0x000000008bd00000, 0x000000008bd00000| Complete 
| 102|0x000000008be00000, 0x000000008bf00000, 0x000000008bf00000|100%| E|CS|TAMS 0x000000008be00000, 0x000000008be00000| Complete 
| 103|0x000000008bf00000, 0x000000008c000000, 0x000000008c000000|100%| E|CS|TAMS 0x000000008bf00000, 0x000000008bf00000| Complete 
| 104|0x000000008c000000, 0x000000008c100000, 0x000000008c100000|100%| E|CS|TAMS 0x000000008c000000, 0x000000008c000000| Complete 
| 105|0x000000008c100000, 0x000000008c200000, 0x000000008c200000|100%| E|CS|TAMS 0x000000008c100000, 0x000000008c100000| Complete 
| 123|0x000000008d300000, 0x000000008d400000, 0x000000008d400000|100%| E|CS|TAMS 0x000000008d300000, 0x000000008d300000| Complete 

Card table byte_map: [0x0000013746e30000,0x0000013747210000] _byte_map_base: 0x0000013746a04000

Marking Bits (Prev, Next): (CMBitMap*) 0x000001372ff46030, (CMBitMap*) 0x000001372ff46070
 Prev Bits: [0x00000137475f0000, 0x0000013749490000)
 Next Bits: [0x0000013749490000, 0x000001374b330000)

Polling page: 0x000001372dcd0000

Metaspace:

Usage:
  Non-class:     71.39 MB used.
      Class:     11.03 MB used.
       Both:     82.42 MB used.

Virtual space:
  Non-class space:      128.00 MB reserved,      71.94 MB ( 56%) committed,  2 nodes.
      Class space:        1.00 GB reserved,      11.50 MB (  1%) committed,  1 nodes.
             Both:        1.12 GB reserved,      83.44 MB (  7%) committed. 

Chunk freelists:
   Non-Class:  7.66 MB
       Class:  4.50 MB
        Both:  12.16 MB

MaxMetaspaceSize: unlimited
CompressedClassSpaceSize: 1.00 GB
Initial GC threshold: 21.00 MB
Current GC threshold: 112.81 MB
CDS: on
MetaspaceReclaimPolicy: balanced
 - commit_granule_bytes: 65536.
 - commit_granule_words: 8192.
 - virtual_space_node_default_size: 8388608.
 - enlarge_chunks_in_place: 1.
 - new_chunks_are_fully_committed: 0.
 - uncommit_free_chunks: 1.
 - use_allocation_guard: 0.
 - handle_deallocations: 1.


Internal statistics:

num_allocs_failed_limit: 6.
num_arena_births: 1892.
num_arena_deaths: 0.
num_vsnodes_births: 3.
num_vsnodes_deaths: 0.
num_space_committed: 1335.
num_space_uncommitted: 0.
num_chunks_returned_to_freelist: 6.
num_chunks_taken_from_freelist: 5406.
num_chunk_merges: 6.
num_chunk_splits: 3626.
num_chunks_enlarged: 2447.
num_inconsistent_stats: 0.

CodeHeap 'non-profiled nmethods': size=120000Kb used=7212Kb max_used=7212Kb free=112787Kb
 bounds [0x000001373f520000, 0x000001373fc30000, 0x0000013746a50000]
CodeHeap 'profiled nmethods': size=120000Kb used=21364Kb max_used=21364Kb free=98635Kb
 bounds [0x0000013737a50000, 0x0000013738f30000, 0x000001373ef80000]
CodeHeap 'non-nmethods': size=5760Kb used=1397Kb max_used=1449Kb free=4362Kb
 bounds [0x000001373ef80000, 0x000001373f1f0000, 0x000001373f520000]
 total_blobs=11931 nmethods=11201 adapters=642
 compilation: enabled
              stopped_count=0, restarted_count=0
 full_count=0

Compilation events (20 events):
Event: 4076.854 Thread 0x000001374d81dac0 12662       3       jdk.internal.loader.BuiltinClassLoader$1::nextElement (27 bytes)
Event: 4076.856 Thread 0x000001374d81dac0 nmethod 12662 0x0000013738f29190 code [0x0000013738f29360, 0x0000013738f295d8]
Event: 4076.856 Thread 0x000001374d81dac0 12663       3       java.lang.CompoundEnumeration::nextElement (30 bytes)
Event: 4076.858 Thread 0x000001374d81dac0 nmethod 12663 0x0000013738f29710 code [0x0000013738f298e0, 0x0000013738f29c28]
Event: 4076.858 Thread 0x000001374d81dac0 12664       3       jdk.internal.loader.BuiltinClassLoader$1::nextElement (5 bytes)
Event: 4076.859 Thread 0x000001374d81dac0 nmethod 12664 0x0000013738f29d90 code [0x0000013738f29f60, 0x0000013738f2a258]
Event: 4076.859 Thread 0x000001374d81dac0 12665       3       java.io.BufferedReader::<init> (9 bytes)
Event: 4076.860 Thread 0x000001374d81dac0 nmethod 12665 0x0000013738f2a390 code [0x0000013738f2a540, 0x0000013738f2a688]
Event: 4076.874 Thread 0x000001374d81dac0 12666       3       sun.nio.cs.StreamDecoder::<init> (23 bytes)
Event: 4076.883 Thread 0x000001374d81dac0 nmethod 12666 0x0000013738f2a710 code [0x0000013738f2a900, 0x0000013738f2aed8]
Event: 4076.884 Thread 0x000001374d81dac0 12667       3       java.util.ServiceLoader$LazyClassPathLookupIterator::next (39 bytes)
Event: 4076.892 Thread 0x000001374d81dac0 nmethod 12667 0x0000013738f2b090 code [0x0000013738f2b2e0, 0x0000013738f2b988]
Event: 4076.892 Thread 0x000001374d81dac0 12668       3       sun.nio.cs.StreamDecoder::forInputStreamReader (11 bytes)
Event: 4076.899 Thread 0x000001374d81dac0 nmethod 12668 0x0000013738f2bc10 code [0x0000013738f2bdc0, 0x0000013738f2bf68]
Event: 4077.029 Thread 0x000001374d81dac0 12671       3       org.springframework.aop.framework.AdvisedSupport$MethodCacheKey::equals (34 bytes)
Event: 4077.036 Thread 0x000001374d81dac0 nmethod 12671 0x0000013738f2c010 code [0x0000013738f2c1c0, 0x0000013738f2c598]
Event: 4077.081 Thread 0x000001374d81b000 nmethod 12660 0x000001373fc27590 code [0x000001373fc27800, 0x000001373fc29170]
Event: 4077.081 Thread 0x000001374d81b000 12670 %     4       sun.security.provider.SHA2::implCompress0 @ 220 (490 bytes)
Event: 4077.137 Thread 0x000001374d81b000 nmethod 12670% 0x000001373fc29e10 code [0x000001373fc29fa0, 0x000001373fc2a778]
Event: 4077.138 Thread 0x000001374d81b000 12669       4       java.io.FilterInputStream::read (11 bytes)

GC Heap History (20 events):
Event: 63.018 GC heap before
{Heap before GC invocations=28 (full 0):
 garbage-first heap   total 80896K, used 60506K [0x0000000085800000, 0x0000000100000000)
  region size 1024K, 23 young (23552K), 3 survivors (3072K)
 Metaspace       used 67395K, committed 67904K, reserved 1114112K
  class space    used 9285K, committed 9536K, reserved 1048576K
}
Event: 63.027 GC heap after
{Heap after GC invocations=29 (full 0):
 garbage-first heap   total 80896K, used 40295K [0x0000000085800000, 0x0000000100000000)
  region size 1024K, 2 young (2048K), 2 survivors (2048K)
 Metaspace       used 67395K, committed 67904K, reserved 1114112K
  class space    used 9285K, committed 9536K, reserved 1048576K
}
Event: 63.649 GC heap before
{Heap before GC invocations=29 (full 0):
 garbage-first heap   total 80896K, used 67943K [0x0000000085800000, 0x0000000100000000)
  region size 1024K, 29 young (29696K), 2 survivors (2048K)
 Metaspace       used 67517K, committed 68032K, reserved 1114112K
  class space    used 9290K, committed 9536K, reserved 1048576K
}
Event: 63.657 GC heap after
{Heap after GC invocations=30 (full 0):
 garbage-first heap   total 80896K, used 41104K [0x0000000085800000, 0x0000000100000000)
  region size 1024K, 3 young (3072K), 3 survivors (3072K)
 Metaspace       used 67517K, committed 68032K, reserved 1114112K
  class space    used 9290K, committed 9536K, reserved 1048576K
}
Event: 64.450 GC heap before
{Heap before GC invocations=31 (full 0):
 garbage-first heap   total 80896K, used 67728K [0x0000000085800000, 0x0000000100000000)
  region size 1024K, 29 young (29696K), 3 survivors (3072K)
 Metaspace       used 67666K, committed 68224K, reserved 1114112K
  class space    used 9305K, committed 9600K, reserved 1048576K
}
Event: 64.465 GC heap after
{Heap after GC invocations=32 (full 0):
 garbage-first heap   total 80896K, used 42334K [0x0000000085800000, 0x0000000100000000)
  region size 1024K, 3 young (3072K), 3 survivors (3072K)
 Metaspace       used 67666K, committed 68224K, reserved 1114112K
  class space    used 9305K, committed 9600K, reserved 1048576K
}
Event: 65.016 GC heap before
{Heap before GC invocations=32 (full 0):
 garbage-first heap   total 80896K, used 67934K [0x0000000085800000, 0x0000000100000000)
  region size 1024K, 28 young (28672K), 3 survivors (3072K)
 Metaspace       used 67785K, committed 68416K, reserved 1114112K
  class space    used 9311K, committed 9600K, reserved 1048576K
}
Event: 65.024 GC heap after
{Heap after GC invocations=33 (full 0):
 garbage-first heap   total 80896K, used 42793K [0x0000000085800000, 0x0000000100000000)
  region size 1024K, 3 young (3072K), 3 survivors (3072K)
 Metaspace       used 67785K, committed 68416K, reserved 1114112K
  class space    used 9311K, committed 9600K, reserved 1048576K
}
Event: 65.609 GC heap before
{Heap before GC invocations=34 (full 0):
 garbage-first heap   total 91136K, used 67369K [0x0000000085800000, 0x0000000100000000)
  region size 1024K, 27 young (27648K), 3 survivors (3072K)
 Metaspace       used 67901K, committed 68480K, reserved 1114112K
  class space    used 9338K, committed 9600K, reserved 1048576K
}
Event: 65.617 GC heap after
{Heap after GC invocations=35 (full 0):
 garbage-first heap   total 91136K, used 42708K [0x0000000085800000, 0x0000000100000000)
  region size 1024K, 2 young (2048K), 2 survivors (2048K)
 Metaspace       used 67901K, committed 68480K, reserved 1114112K
  class space    used 9338K, committed 9600K, reserved 1048576K
}
Event: 66.998 GC heap before
{Heap before GC invocations=35 (full 0):
 garbage-first heap   total 91136K, used 76500K [0x0000000085800000, 0x0000000100000000)
  region size 1024K, 35 young (35840K), 2 survivors (2048K)
 Metaspace       used 68682K, committed 69248K, reserved 1114112K
  class space    used 9382K, committed 9664K, reserved 1048576K
}
Event: 67.010 GC heap after
{Heap after GC invocations=36 (full 0):
 garbage-first heap   total 109568K, used 44445K [0x0000000085800000, 0x0000000100000000)
  region size 1024K, 4 young (4096K), 4 survivors (4096K)
 Metaspace       used 68682K, committed 69248K, reserved 1114112K
  class space    used 9382K, committed 9664K, reserved 1048576K
}
Event: 70.778 GC heap before
{Heap before GC invocations=37 (full 0):
 garbage-first heap   total 109568K, used 90525K [0x0000000085800000, 0x0000000100000000)
  region size 1024K, 49 young (50176K), 4 survivors (4096K)
 Metaspace       used 69382K, committed 69952K, reserved 1114112K
  class space    used 9429K, committed 9728K, reserved 1048576K
}
Event: 70.791 GC heap after
{Heap after GC invocations=38 (full 0):
 garbage-first heap   total 109568K, used 45897K [0x0000000085800000, 0x0000000100000000)
  region size 1024K, 5 young (5120K), 5 survivors (5120K)
 Metaspace       used 69382K, committed 69952K, reserved 1114112K
  class space    used 9429K, committed 9728K, reserved 1048576K
}
Event: 75.281 GC heap before
{Heap before GC invocations=38 (full 0):
 garbage-first heap   total 109568K, used 90953K [0x0000000085800000, 0x0000000100000000)
  region size 1024K, 49 young (50176K), 5 survivors (5120K)
 Metaspace       used 74661K, committed 75200K, reserved 1114112K
  class space    used 10114K, committed 10368K, reserved 1048576K
}
Event: 75.304 GC heap after
{Heap after GC invocations=39 (full 0):
 garbage-first heap   total 109568K, used 49463K [0x0000000085800000, 0x0000000100000000)
  region size 1024K, 7 young (7168K), 7 survivors (7168K)
 Metaspace       used 74661K, committed 75200K, reserved 1114112K
  class space    used 10114K, committed 10368K, reserved 1048576K
}
Event: 154.054 GC heap before
{Heap before GC invocations=39 (full 0):
 garbage-first heap   total 109568K, used 90423K [0x0000000085800000, 0x0000000100000000)
  region size 1024K, 47 young (48128K), 7 survivors (7168K)
 Metaspace       used 80044K, committed 80640K, reserved 1179648K
  class space    used 10831K, committed 11136K, reserved 1048576K
}
Event: 154.142 GC heap after
{Heap after GC invocations=40 (full 0):
 garbage-first heap   total 109568K, used 51957K [0x0000000085800000, 0x0000000100000000)
  region size 1024K, 3 young (3072K), 3 survivors (3072K)
 Metaspace       used 80044K, committed 80640K, reserved 1179648K
  class space    used 10831K, committed 11136K, reserved 1048576K
}
Event: 1837.988 GC heap before
{Heap before GC invocations=40 (full 0):
 garbage-first heap   total 109568K, used 89845K [0x0000000085800000, 0x0000000100000000)
  region size 1024K, 41 young (41984K), 3 survivors (3072K)
 Metaspace       used 83519K, committed 84416K, reserved 1179648K
  class space    used 11220K, committed 11648K, reserved 1048576K
}
Event: 1838.296 GC heap after
{Heap after GC invocations=41 (full 0):
 garbage-first heap   total 109568K, used 54422K [0x0000000085800000, 0x0000000100000000)
  region size 1024K, 6 young (6144K), 6 survivors (6144K)
 Metaspace       used 83519K, committed 84416K, reserved 1179648K
  class space    used 11220K, committed 11648K, reserved 1048576K
}

Dll operation events (14 events):
Event: 0.040 Loaded shared library C:\Users\Sniffer\.jdks\ms-17.0.18\bin\java.dll
Event: 0.106 Loaded shared library C:\Users\Sniffer\.jdks\ms-17.0.18\bin\jsvml.dll
Event: 0.771 Loaded shared library C:\Users\Sniffer\.jdks\ms-17.0.18\bin\zip.dll
Event: 0.783 Loaded shared library C:\Users\Sniffer\.jdks\ms-17.0.18\bin\instrument.dll
Event: 0.815 Loaded shared library C:\Users\Sniffer\.jdks\ms-17.0.18\bin\net.dll
Event: 0.823 Loaded shared library C:\Users\Sniffer\.jdks\ms-17.0.18\bin\nio.dll
Event: 0.999 Loaded shared library C:\Users\Sniffer\.jdks\ms-17.0.18\bin\zip.dll
Event: 16.889 Loaded shared library C:\Program Files\JetBrains\IntelliJ IDEA Community Edition 2024.2.3\bin\breakgen64.dll
Event: 16.934 Loaded shared library C:\Users\Sniffer\.jdks\ms-17.0.18\bin\extnet.dll
Event: 17.059 Loaded shared library C:\Users\Sniffer\.jdks\ms-17.0.18\bin\jimage.dll
Event: 23.561 Loaded shared library C:\Users\Sniffer\.jdks\ms-17.0.18\bin\sunmscapi.dll
Event: 34.233 Loaded shared library C:\Users\Sniffer\.jdks\ms-17.0.18\bin\management.dll
Event: 34.252 Loaded shared library C:\Users\Sniffer\.jdks\ms-17.0.18\bin\management_ext.dll
Event: 37.425 Loaded shared library C:\Users\Sniffer\.jdks\ms-17.0.18\bin\verify.dll

Deoptimization events (20 events):
Event: 3693.366 Thread 0x000001379346b9d0 DEOPT PACKING pc=0x000001373f9d3190 sp=0x0000001a938f91a0
Event: 3693.394 Thread 0x000001379346b9d0 DEOPT UNPACKING pc=0x000001373efd699d sp=0x0000001a938f9158 mode 2
Event: 3729.207 Thread 0x0000013793468c40 Uncommon trap: trap_request=0xffffff76 fr.pc=0x000001373fc17734 relative=0x0000000000000214
Event: 3729.207 Thread 0x0000013793468c40 Uncommon trap: reason=predicate action=maybe_recompile pc=0x000001373fc17734 method=java.util.HashMap.valuesToArray([Ljava/lang/Object;)[Ljava/lang/Object; @ 48 c2
Event: 3729.207 Thread 0x0000013793468c40 DEOPT PACKING pc=0x000001373fc17734 sp=0x0000001a936feb50
Event: 3743.605 Thread 0x0000013793468c40 DEOPT UNPACKING pc=0x000001373efd699d sp=0x0000001a936feaf8 mode 2
Event: 4066.139 Thread 0x000001379346a080 Uncommon trap: trap_request=0xffffffbe fr.pc=0x000001373fc24738 relative=0x0000000000000218
Event: 4066.142 Thread 0x000001379346a080 Uncommon trap: reason=profile_predicate action=maybe_recompile pc=0x000001373fc24738 method=java.util.HashMap.valuesToArray([Ljava/lang/Object;)[Ljava/lang/Object; @ 48 c2
Event: 4066.143 Thread 0x000001379346a080 DEOPT PACKING pc=0x000001373fc24738 sp=0x0000001a935fed30
Event: 4066.147 Thread 0x000001379346a080 DEOPT UNPACKING pc=0x000001373efd699d sp=0x0000001a935fecc8 mode 2
Event: 4075.442 Thread 0x000001379346a080 Uncommon trap: trap_request=0xffffffbe fr.pc=0x000001373fc24738 relative=0x0000000000000218
Event: 4075.442 Thread 0x000001379346a080 Uncommon trap: reason=profile_predicate action=maybe_recompile pc=0x000001373fc24738 method=java.util.HashMap.valuesToArray([Ljava/lang/Object;)[Ljava/lang/Object; @ 48 c2
Event: 4075.442 Thread 0x000001379346a080 DEOPT PACKING pc=0x000001373fc24738 sp=0x0000001a935fec50
Event: 4076.441 Thread 0x0000013793469660 DEOPT PACKING pc=0x0000013737d395d7 sp=0x0000001a93bfc810
Event: 4076.441 Thread 0x0000013793469660 DEOPT UNPACKING pc=0x000001373efd7124 sp=0x0000001a93bfbcf8 mode 0
Event: 4076.843 Thread 0x000001379346a080 DEOPT UNPACKING pc=0x000001373efd699d sp=0x0000001a935febe8 mode 2
Event: 4076.894 Thread 0x000001379346a080 Uncommon trap: trap_request=0xffffffbe fr.pc=0x000001373fc24738 relative=0x0000000000000218
Event: 4076.894 Thread 0x000001379346a080 Uncommon trap: reason=profile_predicate action=maybe_recompile pc=0x000001373fc24738 method=java.util.HashMap.valuesToArray([Ljava/lang/Object;)[Ljava/lang/Object; @ 48 c2
Event: 4076.894 Thread 0x000001379346a080 DEOPT PACKING pc=0x000001373fc24738 sp=0x0000001a935feb70
Event: 4076.894 Thread 0x000001379346a080 DEOPT UNPACKING pc=0x000001373efd699d sp=0x0000001a935feb08 mode 2

Classes loaded (20 events):
Event: 1797.642 Loading class javax/crypto/NoSuchPaddingException
Event: 1797.646 Loading class javax/crypto/NoSuchPaddingException done
Event: 1797.647 Loading class javax/crypto/IllegalBlockSizeException
Event: 1797.649 Loading class javax/crypto/IllegalBlockSizeException done
Event: 1797.649 Loading class javax/crypto/BadPaddingException
Event: 1797.652 Loading class javax/crypto/BadPaddingException done
Event: 1797.653 Loading class java/security/spec/InvalidKeySpecException
Event: 1797.656 Loading class java/security/spec/InvalidKeySpecException done
Event: 1797.678 Loading class java/security/UnrecoverableKeyException
Event: 1797.680 Loading class java/security/UnrecoverableEntryException
Event: 1797.681 Loading class java/security/UnrecoverableEntryException done
Event: 1797.682 Loading class java/security/UnrecoverableKeyException done
Event: 1797.682 Loading class java/security/KeyStoreException
Event: 1797.684 Loading class java/security/KeyStoreException done
Event: 1797.684 Loading class java/security/KeyManagementException
Event: 1797.686 Loading class java/security/KeyManagementException done
Event: 1797.687 Loading class javax/net/ssl/TrustManager
Event: 1797.690 Loading class javax/net/ssl/TrustManager done
Event: 1797.692 Loading class javax/net/ssl/SSLSocket
Event: 1797.714 Loading class javax/net/ssl/SSLSocket done

Classes unloaded (0 events):
No events

Classes redefined (0 events):
No events

Internal exceptions (20 events):
Event: 162.559 Thread 0x000001379346dd40 Exception <a 'java/lang/NoSuchMethodError'{0x000000008b46c458}: 'java.lang.Object java.lang.invoke.DelegatingMethodHandle$Holder.reinvoke_L(java.lang.Object, long, java.lang.Object, java.lang.Object, java.lang.Object, java.lang.Object, java.lang.Object, java.lang.Object, java.lang.Object, java.lang.Object)'> (0x000000008b46c458) 
thrown [s\src\hotspot\share\interpreter\linkResolver.cpp, line 759]
Event: 162.577 Thread 0x000001379346dd40 Exception <a 'java/lang/NoSuchMethodError'{0x000000008b4bf560}: 'java.lang.Object java.lang.invoke.Invokers$Holder.linkToTargetMethod(java.lang.Object, java.lang.Object, java.lang.Object, java.lang.Object, java.lang.Object, java.lang.Object, java.lang.Object, java.lang.Object, java.lang.Object)'> (0x000000008b4bf560) 
thrown [s\src\hotspot\share\interpreter\linkResolver.cpp, line 759]
Event: 168.590 Thread 0x000001379346bee0 Exception <a 'java/lang/NoSuchMethodError'{0x000000008ad8b958}: 'java.lang.Object java.lang.invoke.DelegatingMethodHandle$Holder.reinvoke_L(java.lang.Object, java.lang.Object, long, java.lang.Object, java.lang.Object, java.lang.Object, java.lang.Object, java.lang.Object, java.lang.Object, java.lang.Object, java.lang.Object, java.lang.Object, java.lang.Object, java.lang.Object, java.lang.Object, int, java.lang.Object, int, java.lang.Object, java.lang.Object)'> (0x000000008ad8b958) 
thrown [s\src\hotspot\sha
Event: 168.636 Thread 0x000001379346bee0 Exception <a 'java/lang/NoSuchMethodError'{0x000000008add8690}: 'java.lang.Object java.lang.invoke.DirectMethodHandle$Holder.invokeSpecial(java.lang.Object, java.lang.Object, long, java.lang.Object, java.lang.Object, java.lang.Object, java.lang.Object, java.lang.Object, java.lang.Object, java.lang.Object, java.lang.Object, java.lang.Object, java.lang.Object, java.lang.Object, java.lang.Object, int, java.lang.Object, int, java.lang.Object, java.lang.Object)'> (0x000000008add8690) 
thrown [s\src\hotspot\shar
Event: 168.636 Thread 0x000001379346bee0 Exception <a 'java/lang/NoSuchMethodError'{0x000000008adde050}: 'java.lang.Object java.lang.invoke.DelegatingMethodHandle$Holder.reinvoke_L(java.lang.Object, long, java.lang.Object, java.lang.Object, java.lang.Object, java.lang.Object, java.lang.Object, java.lang.Object, java.lang.Object, java.lang.Object, java.lang.Object, java.lang.Object, java.lang.Object, java.lang.Object, int, java.lang.Object, int, java.lang.Object, java.lang.Object)'> (0x000000008adde050) 
thrown [s\src\hotspot\share\interpreter\lin
Event: 168.643 Thread 0x000001379346d320 Implicit null exception at 0x000001373f89981e to 0x000001373f89c394
Event: 169.052 Thread 0x0000013793469b70 Exception <a 'java/lang/NoSuchMethodError'{0x000000008ab8c170}: 'double java.lang.invoke.DirectMethodHandle$Holder.invokeStatic(java.lang.Object, java.lang.Object)'> (0x000000008ab8c170) 
thrown [s\src\hotspot\share\interpreter\linkResolver.cpp, line 759]
Event: 171.098 Thread 0x0000013793469660 Exception <a 'java/lang/NoSuchMethodError'{0x000000008a633ae0}: 'java.lang.Object java.lang.invoke.DirectMethodHandle$Holder.invokeSpecial(java.lang.Object, java.lang.Object, long, java.lang.Object, java.lang.Object, java.lang.Object, java.lang.Object, java.lang.Object, java.lang.Object, int)'> (0x000000008a633ae0) 
thrown [s\src\hotspot\share\interpreter\linkResolver.cpp, line 759]
Event: 171.104 Thread 0x0000013793469660 Exception <a 'java/lang/NoSuchMethodError'{0x000000008a638bf8}: 'java.lang.Object java.lang.invoke.DelegatingMethodHandle$Holder.reinvoke_L(java.lang.Object, long, java.lang.Object, java.lang.Object, java.lang.Object, java.lang.Object, java.lang.Object, java.lang.Object, int)'> (0x000000008a638bf8) 
thrown [s\src\hotspot\share\interpreter\linkResolver.cpp, line 759]
Event: 171.114 Thread 0x000001379346b9d0 Exception <a 'java/lang/NoSuchMethodError'{0x000000008a680b18}: 'java.lang.Object java.lang.invoke.DelegatingMethodHandle$Holder.reinvoke_L(java.lang.Object, java.lang.Object, long, java.lang.Object, java.lang.Object, java.lang.Object, java.lang.Object, java.lang.Object, java.lang.Object, java.lang.Object, java.lang.Object, java.lang.Object, java.lang.Object, java.lang.Object, java.lang.Object, java.lang.Object, java.lang.Object, int, java.lang.Object, java.lang.Object, java.lang.Object, java.lang.Object, 
Event: 171.164 Thread 0x000001379346b9d0 Exception <a 'java/lang/NoSuchMethodError'{0x000000008a553cb0}: 'java.lang.Object java.lang.invoke.DirectMethodHandle$Holder.invokeSpecial(java.lang.Object, java.lang.Object, long, java.lang.Object, java.lang.Object, java.lang.Object, java.lang.Object, java.lang.Object, java.lang.Object, java.lang.Object, java.lang.Object, java.lang.Object, java.lang.Object, java.lang.Object, java.lang.Object, java.lang.Object, java.lang.Object, int, java.lang.Object, java.lang.Object, java.lang.Object, java.lang.Object, j
Event: 171.165 Thread 0x000001379346b9d0 Exception <a 'java/lang/NoSuchMethodError'{0x000000008a559f20}: 'java.lang.Object java.lang.invoke.DelegatingMethodHandle$Holder.reinvoke_L(java.lang.Object, long, java.lang.Object, java.lang.Object, java.lang.Object, java.lang.Object, java.lang.Object, java.lang.Object, java.lang.Object, java.lang.Object, java.lang.Object, java.lang.Object, java.lang.Object, java.lang.Object, java.lang.Object, java.lang.Object, int, java.lang.Object, java.lang.Object, java.lang.Object, java.lang.Object, java.lang.Object, 
Event: 171.273 Thread 0x000001379346b9d0 Exception <a 'java/lang/NoSuchMethodError'{0x000000008a46e308}: 'java.lang.Object java.lang.invoke.DirectMethodHandle$Holder.invokeSpecial(java.lang.Object, java.lang.Object, long, java.lang.Object, java.lang.Object, java.lang.Object, java.lang.Object, java.lang.Object, java.lang.Object, java.lang.Object, int, java.lang.Object, java.lang.Object)'> (0x000000008a46e308) 
thrown [s\src\hotspot\share\interpreter\linkResolver.cpp, line 759]
Event: 171.274 Thread 0x000001379346b9d0 Exception <a 'java/lang/NoSuchMethodError'{0x000000008a473058}: 'java.lang.Object java.lang.invoke.DelegatingMethodHandle$Holder.reinvoke_L(java.lang.Object, long, java.lang.Object, java.lang.Object, java.lang.Object, java.lang.Object, java.lang.Object, java.lang.Object, java.lang.Object, int, java.lang.Object, java.lang.Object)'> (0x000000008a473058) 
thrown [s\src\hotspot\share\interpreter\linkResolver.cpp, line 759]
Event: 171.365 Thread 0x000001379346b9d0 Exception <a 'java/lang/NoSuchMethodError'{0x000000008a334e98}: 'java.lang.Object java.lang.invoke.DelegatingMethodHandle$Holder.reinvoke_L(java.lang.Object, java.lang.Object, long, java.lang.Object, java.lang.Object, java.lang.Object, java.lang.Object, java.lang.Object, java.lang.Object, java.lang.Object, java.lang.Object, java.lang.Object, java.lang.Object, java.lang.Object, java.lang.Object, java.lang.Object, java.lang.Object, java.lang.Object, java.lang.Object, java.lang.Object, java.lang.Object, java.
Event: 171.497 Thread 0x000001379346b9d0 Exception <a 'java/lang/NoSuchMethodError'{0x000000008a200988}: 'java.lang.Object java.lang.invoke.DirectMethodHandle$Holder.invokeSpecial(java.lang.Object, java.lang.Object, long, java.lang.Object, java.lang.Object, java.lang.Object, java.lang.Object, java.lang.Object, java.lang.Object, java.lang.Object, java.lang.Object, java.lang.Object, java.lang.Object, java.lang.Object, java.lang.Object, java.lang.Object, java.lang.Object, java.lang.Object, java.lang.Object, java.lang.Object, java.lang.Object, java.l
Event: 171.504 Thread 0x000001379346b9d0 Exception <a 'java/lang/NoSuchMethodError'{0x000000008a207cd8}: 'java.lang.Object java.lang.invoke.DelegatingMethodHandle$Holder.reinvoke_L(java.lang.Object, long, java.lang.Object, java.lang.Object, java.lang.Object, java.lang.Object, java.lang.Object, java.lang.Object, java.lang.Object, java.lang.Object, java.lang.Object, java.lang.Object, java.lang.Object, java.lang.Object, java.lang.Object, java.lang.Object, java.lang.Object, java.lang.Object, java.lang.Object, java.lang.Object, java.lang.Object, java.
Event: 171.527 Thread 0x000001379346b9d0 Exception <a 'java/lang/NoSuchMethodError'{0x000000008a2c3be8}: 'java.lang.Object java.lang.invoke.Invokers$Holder.linkToTargetMethod(java.lang.Object, java.lang.Object, java.lang.Object, java.lang.Object, java.lang.Object, java.lang.Object, java.lang.Object, java.lang.Object, java.lang.Object, java.lang.Object, java.lang.Object, java.lang.Object, java.lang.Object, java.lang.Object, java.lang.Object, java.lang.Object, java.lang.Object, java.lang.Object, java.lang.Object, java.lang.Object, java.lang.Object,
Event: 1797.581 Thread 0x000001379346f690 Implicit null exception at 0x000001373fb70b39 to 0x000001373fb71684
Event: 3693.364 Thread 0x000001379346b9d0 Implicit null exception at 0x000001373f9d2f39 to 0x000001373f9d316c

VM Operations (20 events):
Event: 3701.854 Executing VM operation: Cleanup
Event: 3702.251 Executing VM operation: Cleanup done
Event: 3715.342 Executing VM operation: Cleanup
Event: 3719.190 Executing VM operation: Cleanup done
Event: 3728.543 Executing VM operation: HandshakeAllThreads
Event: 3728.545 Executing VM operation: HandshakeAllThreads done
Event: 3729.547 Executing VM operation: Cleanup
Event: 3756.535 Executing VM operation: Cleanup done
Event: 3757.542 Executing VM operation: Cleanup
Event: 3757.542 Executing VM operation: Cleanup done
Event: 3763.586 Executing VM operation: Cleanup
Event: 3763.586 Executing VM operation: Cleanup done
Event: 3764.591 Executing VM operation: Cleanup
Event: 3764.591 Executing VM operation: Cleanup done
Event: 3788.592 Executing VM operation: HandshakeAllThreads
Event: 3788.593 Executing VM operation: HandshakeAllThreads done
Event: 4066.611 Executing VM operation: Cleanup
Event: 4075.442 Executing VM operation: Cleanup done
Event: 4076.453 Executing VM operation: Cleanup
Event: 4076.849 Executing VM operation: Cleanup done

Memory protections (0 events):
No events

Nmethod flushes (20 events):
Event: 73.080 Thread 0x000001374d8383a0 flushing  nmethod 0x000001373886a590
Event: 73.080 Thread 0x000001374d8383a0 flushing  nmethod 0x000001373886f210
Event: 73.080 Thread 0x000001374d8383a0 flushing  nmethod 0x000001373886f990
Event: 73.081 Thread 0x000001374d8383a0 flushing  nmethod 0x000001373890fd10
Event: 73.082 Thread 0x000001374d8383a0 flushing  nmethod 0x0000013738938990
Event: 73.082 Thread 0x000001374d8383a0 flushing  nmethod 0x0000013738939010
Event: 73.082 Thread 0x000001374d8383a0 flushing  nmethod 0x0000013738939510
Event: 73.082 Thread 0x000001374d8383a0 flushing  nmethod 0x000001373893ba10
Event: 73.082 Thread 0x000001374d8383a0 flushing  nmethod 0x000001373893d710
Event: 73.082 Thread 0x000001374d8383a0 flushing  nmethod 0x0000013738951b90
Event: 73.082 Thread 0x000001374d8383a0 flushing  nmethod 0x0000013738952190
Event: 73.082 Thread 0x000001374d8383a0 flushing  nmethod 0x0000013738952790
Event: 73.082 Thread 0x000001374d8383a0 flushing  nmethod 0x000001373898ac90
Event: 73.082 Thread 0x000001374d8383a0 flushing  nmethod 0x000001373898f990
Event: 73.083 Thread 0x000001374d8383a0 flushing  nmethod 0x00000137389b9390
Event: 73.083 Thread 0x000001374d8383a0 flushing  nmethod 0x00000137389da690
Event: 73.083 Thread 0x000001374d8383a0 flushing  nmethod 0x00000137389e3710
Event: 73.083 Thread 0x000001374d8383a0 flushing  nmethod 0x0000013738a0d990
Event: 161.631 Thread 0x000001374d8383a0 flushing  nmethod 0x000001373fa64910
Event: 161.663 Thread 0x000001374d8383a0 flushing  nmethod 0x00000137380c5710

Events (20 events):
Event: 1843.330 Thread 0x000001379346f180 Thread exited: 0x000001379346f180
Event: 1843.472 Thread 0x000001379346f690 Thread exited: 0x000001379346f690
Event: 3580.294 Thread 0x000001379634c4e0 Thread added: 0x000001379346f180
Event: 3580.296 Thread 0x000001379634c4e0 Thread added: 0x000001379346fba0
Event: 3587.016 Thread 0x000001379346f180 Thread exited: 0x000001379346f180
Event: 3593.264 Thread 0x000001379346fba0 Thread exited: 0x000001379346fba0
Event: 3593.779 Thread 0x000001379346d320 Thread added: 0x000001379346f180
Event: 3599.047 Thread 0x000001379346f180 Thread exited: 0x000001379346f180
Event: 3601.533 Thread 0x000001379634c4e0 Thread added: 0x000001379346f690
Event: 3601.534 Thread 0x000001379634c4e0 Thread added: 0x000001379346f180
Event: 3607.380 Thread 0x000001379346f690 Thread exited: 0x000001379346f690
Event: 3608.011 Thread 0x000001379346f180 Thread exited: 0x000001379346f180
Event: 3608.106 Thread 0x000001379634c4e0 Thread added: 0x000001379346f690
Event: 3608.106 Thread 0x000001379634c4e0 Thread added: 0x000001379346f180
Event: 3614.466 Thread 0x000001379346f690 Thread exited: 0x000001379346f690
Event: 3614.656 Thread 0x000001379346f180 Thread exited: 0x000001379346f180
Event: 3623.332 Thread 0x000001379634c4e0 Thread added: 0x000001379346f180
Event: 3623.333 Thread 0x000001379634c4e0 Thread added: 0x000001379346f690
Event: 3633.533 Thread 0x000001379346f180 Thread exited: 0x000001379346f180
Event: 3634.691 Thread 0x000001379346f690 Thread exited: 0x000001379346f690


Dynamic libraries:
0x00007ff6d47d0000 - 0x00007ff6d47de000 	C:\Users\Sniffer\.jdks\ms-17.0.18\bin\java.exe
0x00007ff865d80000 - 0x00007ff865fe7000 	C:\WINDOWS\SYSTEM32\ntdll.dll
0x00007ff8657a0000 - 0x00007ff865869000 	C:\WINDOWS\System32\KERNEL32.DLL
0x00007ff863020000 - 0x00007ff863417000 	C:\WINDOWS\System32\KERNELBASE.dll
0x00007ff863500000 - 0x00007ff86364b000 	C:\WINDOWS\System32\ucrtbase.dll
0x00007ff861f30000 - 0x00007ff861f48000 	C:\Users\Sniffer\.jdks\ms-17.0.18\bin\jli.dll
0x00007ff861ed0000 - 0x00007ff861eee000 	C:\Users\Sniffer\.jdks\ms-17.0.18\bin\VCRUNTIME140.dll
0x00007ff863e90000 - 0x00007ff864056000 	C:\WINDOWS\System32\USER32.dll
0x00007ff8634d0000 - 0x00007ff8634f7000 	C:\WINDOWS\System32\win32u.dll
0x00007ff864ba0000 - 0x00007ff864bcb000 	C:\WINDOWS\System32\GDI32.dll
0x00007ff863910000 - 0x00007ff863a3c000 	C:\WINDOWS\System32\gdi32full.dll
0x00007ff863420000 - 0x00007ff8634c3000 	C:\WINDOWS\System32\msvcp_win.dll
0x00007ff8618b0000 - 0x00007ff861b42000 	C:\WINDOWS\WinSxS\amd64_microsoft.windows.common-controls_6595b64144ccf1df_6.0.26100.8457_none_3e0b2faee331e92d\COMCTL32.dll
0x00007ff864160000 - 0x00007ff864209000 	C:\WINDOWS\System32\msvcrt.dll
0x00007ff865970000 - 0x00007ff8659a2000 	C:\WINDOWS\System32\IMM32.DLL
0x00007ff85e940000 - 0x00007ff85e94c000 	C:\Users\Sniffer\.jdks\ms-17.0.18\bin\vcruntime140_1.dll
0x00007ff84d620000 - 0x00007ff84d6a9000 	C:\Users\Sniffer\.jdks\ms-17.0.18\bin\msvcp140.dll
0x00007ff81b030000 - 0x00007ff81bcaa000 	C:\Users\Sniffer\.jdks\ms-17.0.18\bin\server\jvm.dll
0x00007ff863cf0000 - 0x00007ff863da6000 	C:\WINDOWS\System32\ADVAPI32.dll
0x00007ff863b00000 - 0x00007ff863ba7000 	C:\WINDOWS\System32\sechost.dll
0x00007ff865680000 - 0x00007ff865798000 	C:\WINDOWS\System32\RPCRT4.dll
0x00007ff863c60000 - 0x00007ff863ce0000 	C:\WINDOWS\System32\WS2_32.dll
0x00007ff862610000 - 0x00007ff86266e000 	C:\WINDOWS\SYSTEM32\POWRPROF.dll
0x00007ff848770000 - 0x00007ff8487a6000 	C:\WINDOWS\SYSTEM32\WINMM.dll
0x00007ff851550000 - 0x00007ff85155b000 	C:\WINDOWS\SYSTEM32\VERSION.dll
0x00007ff8625f0000 - 0x00007ff862604000 	C:\WINDOWS\SYSTEM32\UMPDC.dll
0x00007ff860c10000 - 0x00007ff860c2b000 	C:\WINDOWS\SYSTEM32\kernel.appcore.dll
0x00007ff85e930000 - 0x00007ff85e93a000 	C:\Users\Sniffer\.jdks\ms-17.0.18\bin\jimage.dll
0x00007ff861f60000 - 0x00007ff8621a2000 	C:\WINDOWS\SYSTEM32\DBGHELP.DLL
0x00007ff864700000 - 0x00007ff864a83000 	C:\WINDOWS\System32\combase.dll
0x00007ff863db0000 - 0x00007ff863e89000 	C:\WINDOWS\System32\OLEAUT32.dll
0x00007ff861e50000 - 0x00007ff861e8b000 	C:\WINDOWS\SYSTEM32\dbgcore.DLL
0x00007ff863650000 - 0x00007ff8636f8000 	C:\WINDOWS\System32\bcryptPrimitives.dll
0x00007ff851560000 - 0x00007ff85156f000 	C:\Users\Sniffer\.jdks\ms-17.0.18\bin\instrument.dll
0x00007ff85bc60000 - 0x00007ff85bc86000 	C:\Users\Sniffer\.jdks\ms-17.0.18\bin\java.dll
0x00007ff8450b0000 - 0x00007ff845186000 	C:\Users\Sniffer\.jdks\ms-17.0.18\bin\jsvml.dll
0x00007ff864d20000 - 0x00007ff86548e000 	C:\WINDOWS\System32\SHELL32.dll
0x00007ff8627b0000 - 0x00007ff86301c000 	C:\WINDOWS\System32\windows.storage.dll
0x00007ff864060000 - 0x00007ff864156000 	C:\WINDOWS\System32\SHCORE.dll
0x00007ff865900000 - 0x00007ff865966000 	C:\WINDOWS\System32\shlwapi.dll
0x00007ff8626d0000 - 0x00007ff8626f9000 	C:\WINDOWS\SYSTEM32\profapi.dll
0x00007ff85df00000 - 0x00007ff85df18000 	C:\Users\Sniffer\.jdks\ms-17.0.18\bin\zip.dll
0x00007ff853750000 - 0x00007ff85376b000 	C:\Users\Sniffer\.jdks\ms-17.0.18\bin\net.dll
0x00007ff8538e0000 - 0x00007ff853a09000 	C:\WINDOWS\SYSTEM32\WINHTTP.dll
0x00007ff8611a0000 - 0x00007ff86120c000 	C:\WINDOWS\system32\mswsock.dll
0x00007ff853730000 - 0x00007ff853746000 	C:\Users\Sniffer\.jdks\ms-17.0.18\bin\nio.dll
0x00007ff84d100000 - 0x00007ff84d11a000 	C:\Program Files\JetBrains\IntelliJ IDEA Community Edition 2024.2.3\bin\breakgen64.dll
0x00007ff85e910000 - 0x00007ff85e919000 	C:\Users\Sniffer\.jdks\ms-17.0.18\bin\extnet.dll
0x00007ff85bcd0000 - 0x00007ff85bcde000 	C:\Users\Sniffer\.jdks\ms-17.0.18\bin\sunmscapi.dll
0x00007ff863700000 - 0x00007ff863878000 	C:\WINDOWS\System32\CRYPT32.dll
0x00007ff861870000 - 0x00007ff8618a0000 	C:\WINDOWS\SYSTEM32\ncrypt.dll
0x00007ff861820000 - 0x00007ff86185f000 	C:\WINDOWS\SYSTEM32\NTASN1.dll
0x00007ff8621b0000 - 0x00007ff8621cb000 	C:\WINDOWS\SYSTEM32\CRYPTSP.dll
0x00007ff860d30000 - 0x00007ff860d69000 	C:\WINDOWS\system32\rsaenh.dll
0x00007ff861250000 - 0x00007ff861283000 	C:\WINDOWS\SYSTEM32\USERENV.dll
0x00007ff8626a0000 - 0x00007ff8626ca000 	C:\WINDOWS\SYSTEM32\bcrypt.dll
0x00007ff861760000 - 0x00007ff86176c000 	C:\WINDOWS\SYSTEM32\CRYPTBASE.dll
0x00007ff860710000 - 0x00007ff860742000 	C:\WINDOWS\SYSTEM32\IPHLPAPI.DLL
0x00007ff865870000 - 0x00007ff86587a000 	C:\WINDOWS\System32\NSI.dll
0x00007ff853a90000 - 0x00007ff853aad000 	C:\WINDOWS\SYSTEM32\dhcpcsvc6.DLL
0x00007ff8538b0000 - 0x00007ff8538d5000 	C:\WINDOWS\SYSTEM32\dhcpcsvc.DLL
0x00007ff8607f0000 - 0x00007ff860922000 	C:\WINDOWS\SYSTEM32\DNSAPI.dll
0x00007ff85e8f0000 - 0x00007ff85e8fa000 	C:\Users\Sniffer\.jdks\ms-17.0.18\bin\management.dll
0x00007ff85bd30000 - 0x00007ff85bd3c000 	C:\Users\Sniffer\.jdks\ms-17.0.18\bin\management_ext.dll
0x00007ff865d30000 - 0x00007ff865d38000 	C:\WINDOWS\System32\PSAPI.DLL
0x00007ff850210000 - 0x00007ff850220000 	C:\Users\Sniffer\.jdks\ms-17.0.18\bin\verify.dll
0x00007ff854b00000 - 0x00007ff854b0b000 	C:\Windows\System32\rasadhlp.dll
0x00007ff850860000 - 0x00007ff8508e6000 	C:\WINDOWS\System32\fwpuclnt.dll
0x00007ff844970000 - 0x00007ff844978000 	C:\WINDOWS\system32\wshunix.dll

dbghelp: loaded successfully - version: 4.0.5 - missing functions: none
symbol engine: initialized successfully - sym options: 0x614 - pdb path: .;C:\Users\Sniffer\.jdks\ms-17.0.18\bin;C:\WINDOWS\SYSTEM32;C:\WINDOWS\WinSxS\amd64_microsoft.windows.common-controls_6595b64144ccf1df_6.0.26100.8457_none_3e0b2faee331e92d;C:\Users\Sniffer\.jdks\ms-17.0.18\bin\server;C:\Program Files\JetBrains\IntelliJ IDEA Community Edition 2024.2.3\bin

VM Arguments:
jvm_args: -javaagent:C:\Program Files\JetBrains\IntelliJ IDEA Community Edition 2024.2.3\lib\idea_rt.jar=57913:C:\Program Files\JetBrains\IntelliJ IDEA Community Edition 2024.2.3\bin -Dfile.encoding=UTF-8 
java_command: com.ges.boutique.BoutiqueApplication
java_class_path (initial): C:\Users\Sniffer\Desktop\alimentation-boutique-back\boutique\target\classes;C:\Users\Sniffer\.m2\repository\org\springframework\boot\spring-boot-starter-web\3.2.0\spring-boot-starter-web-3.2.0.jar;C:\Users\Sniffer\.m2\repository\org\springframework\boot\spring-boot-starter\3.2.0\spring-boot-starter-3.2.0.jar;C:\Users\Sniffer\.m2\repository\org\springframework\boot\spring-boot\3.2.0\spring-boot-3.2.0.jar;C:\Users\Sniffer\.m2\repository\org\springframework\boot\spring-boot-autoconfigure\3.2.0\spring-boot-autoconfigure-3.2.0.jar;C:\Users\Sniffer\.m2\repository\org\springframework\boot\spring-boot-starter-logging\3.2.0\spring-boot-starter-logging-3.2.0.jar;C:\Users\Sniffer\.m2\repository\org\apache\logging\log4j\log4j-to-slf4j\2.21.1\log4j-to-slf4j-2.21.1.jar;C:\Users\Sniffer\.m2\repository\org\slf4j\jul-to-slf4j\2.0.9\jul-to-slf4j-2.0.9.jar;C:\Users\Sniffer\.m2\repository\jakarta\annotation\jakarta.annotation-api\2.1.1\jakarta.annotation-api-2.1.1.jar;C:\Users\Sniffer\.m2\repository\org\yaml\snakeyaml\2.2\snakeyaml-2.2.jar;C:\Users\Sniffer\.m2\repository\org\springframework\boot\spring-boot-starter-json\3.2.0\spring-boot-starter-json-3.2.0.jar;C:\Users\Sniffer\.m2\repository\com\fasterxml\jackson\datatype\jackson-datatype-jdk8\2.15.3\jackson-datatype-jdk8-2.15.3.jar;C:\Users\Sniffer\.m2\repository\com\fasterxml\jackson\module\jackson-module-parameter-names\2.15.3\jackson-module-parameter-names-2.15.3.jar;C:\Users\Sniffer\.m2\repository\org\springframework\boot\spring-boot-starter-tomcat\3.2.0\spring-boot-starter-tomcat-3.2.0.jar;C:\Users\Sniffer\.m2\repository\org\apache\tomcat\embed\tomcat-embed-core\10.1.16\tomcat-embed-core-10.1.16.jar;C:\Users\Sniffer\.m2\repository\org\apache\tomcat\embed\tomcat-embed-websocket\10.1.16\tomcat-embed-websocket-10.1.16.jar;C:\Users\Sniffer\.m2\repository\org\springframework\spring-web\6.1.1\spring-web-6.1.1.jar;C:\Users\Sniffer\.m2\repository\org\springframework\spring-beans\6.1.1\spring-beans-6.1.1.jar;C
Launcher Type: SUN_STANDARD

[Global flags]
     intx CICompilerCount                          = 3                                         {product} {ergonomic}
     uint ConcGCThreads                            = 1                                         {product} {ergonomic}
     uint G1ConcRefinementThreads                  = 4                                         {product} {ergonomic}
   size_t G1HeapRegionSize                         = 1048576                                   {product} {ergonomic}
    uintx GCDrainStackTargetSize                   = 64                                        {product} {ergonomic}
   size_t InitialHeapSize                          = 130023424                                 {product} {ergonomic}
   size_t MarkStackSize                            = 4194304                                   {product} {ergonomic}
   size_t MaxHeapSize                              = 2055208960                                {product} {ergonomic}
   size_t MaxNewSize                               = 1233125376                                {product} {ergonomic}
   size_t MinHeapDeltaBytes                        = 1048576                                   {product} {ergonomic}
   size_t MinHeapSize                              = 8388608                                   {product} {ergonomic}
    uintx NonNMethodCodeHeapSize                   = 5832780                                {pd product} {ergonomic}
    uintx NonProfiledCodeHeapSize                  = 122912730                              {pd product} {ergonomic}
    uintx ProfiledCodeHeapSize                     = 122912730                              {pd product} {ergonomic}
    uintx ReservedCodeCacheSize                    = 251658240                              {pd product} {ergonomic}
     bool SegmentedCodeCache                       = true                                      {product} {ergonomic}
   size_t SoftMaxHeapSize                          = 2055208960                             {manageable} {ergonomic}
     bool UseCompressedClassPointers               = true                           {product lp64_product} {ergonomic}
     bool UseCompressedOops                        = true                           {product lp64_product} {ergonomic}
     bool UseG1GC                                  = true                                      {product} {ergonomic}
     bool UseLargePagesIndividualAllocation        = false                                  {pd product} {ergonomic}

Logging:
Log output configuration:
 #0: stdout all=warning uptime,level,tags
 #1: stderr all=off uptime,level,tags

Environment Variables:
PATH=C:\wamp64\bin\php\php8.2.26;C:\wamp64\bin\php\php8.4.0;C:\laragon\bin\php\php8.4.0\php.exe;C:\laragon\bin\php\php8.3.1\php.exe;C:\laragon\bin\php\php-8.2.1\php.exe;C:\Python314\Scripts\;C:\Python314\;C:\Program Files\Common Files\Oracle\Java\javapath;C:\WINDOWS\system32;C:\WINDOWS;C:\WINDOWS\System32\Wbem;C:\WINDOWS\System32\WindowsPowerShell\v1.0\;C:\WINDOWS\System32\OpenSSH\;C:\Program Files\Git\cmd;C:\ProgramData\chocolatey\bin;C:\ProgramData\chocolatey\lib\maven\apache-maven-3.9.12\bin;C:\Program Files\nodejs\;C:\Program Files\cursor\resources\app\bin;C:\laragon\bin\php\php-8.1.10-Win32-vs16-x64;C:\composer;C:\laragon\bin\php\php-8.1.10-Win32-vs16-x64\php.exe;C:\laragon\bin;C:\laragon\bin\apache\httpd-2.4.54-win64-VS16\bin;C:\laragon\bin\composer;C:\laragon\bin\git\bin;C:\laragon\bin\git\cmd;C:\laragon\bin\git\mingw64\bin;C:\laragon\bin\git\usr\bin;C:\laragon\bin\laragon\utils;C:\laragon\bin\mysql\mysql-8.0.30-winx64\bin;C:\laragon\bin\nginx\nginx-1.22.0;C:\laragon\bin\ngrok;C:\laragon\bin\nodejs\node-v18;C:\laragon\bin\notepad++;C:\laragon\bin\php\php-8.1.10-Win32-vs16-x64;C:\laragon\bin\python\python-3.10;C:\laragon\bin\python\python-3.10\Scripts;C:\laragon\bin\redis\redis-x64-5.0.14.1;C:\laragon\bin\telnet;C:\laragon\usr\bin;C:\Users\Sniffer\AppData\Local\Yarn\config\global\node_modules\.bin;C:\Users\Sniffer\AppData\Roaming\Composer\vendor\bin;C:\Users\Sniffer\AppData\Roaming\npm;C:\Users\Sniffer\scoop\shims;C:\Users\Sniffer\AppData\Local\Microsoft\WindowsApps;C:\Program Files\JetBrains\IntelliJ IDEA Community Edition 2024.2.3\bin;C:\Users\Sniffer\AppData\Local\Programs\Microsoft VS Code\bin;C:\Users\Sniffer\AppData\Local\GitHubDesktop\bin;C:\Users\Sniffer\AppData\Local\PowerToys\DSCModules\;C:\Users\Sniffer\AppData\Local\Programs\cursor\resources\app\bin;C:\tools\dart-sdk\bin;C:\Users\Sniffer\AppData\Local\Pub\Cache\bin;C:\flutter-tool\dart-sdk;C:\Users\Sniffer\AppData\Local\Microsoft\WindowsApps;C:\Users\Sniffer\.local\bin;C:\Users\Sniffer\AppData\Local\Programs\Antigravity\bin
USERNAME=Sniffer
OS=Windows_NT
PROCESSOR_IDENTIFIER=Intel64 Family 6 Model 122 Stepping 8, GenuineIntel
TMP=C:\Users\Sniffer\AppData\Local\Temp
TEMP=C:\Users\Sniffer\AppData\Local\Temp



Periodic native trim disabled


---------------  S Y S T E M  ---------------

OS:
 Windows 11 , 64 bit Build 26100 (10.0.26100.8328)
OS uptime: 3 days 18:19 hours

CPU: total 4 (initial active 4) (4 cores per cpu, 1 threads per core) family 6 model 122 stepping 8 microcode 0x22, cx8, cmov, fxsr, mmx, 3dnowpref, sse, sse2, sse3, ssse3, sse4.1, sse4.2, popcnt, tsc, tscinvbit, aes, erms, clmul, sha, clflush, clflushopt
Processor Information for the first 4 processors :
  Max Mhz: 1101, Current Mhz: 1101, Mhz Limit: 1101

Memory: 4k page, system-wide physical 7839M (434M free)
TotalPageFile size 31391M (AvailPageFile size 1M)
current process WorkingSet (physical memory assigned to process): 58M, peak: 345M
current process commit charge ("private bytes"): 370M, peak: 375M

vm_info: OpenJDK 64-Bit Server VM (17.0.18+8-LTS) for windows-amd64 JRE (17.0.18+8-LTS), built on Jan 15 2026 18:50:45 by "MicrosoftCorporation" with MS VC++ 17.14 (VS2022)

END.
