#
# There is insufficient memory for the Java Runtime Environment to continue.
# Native memory allocation (malloc) failed to allocate 1121776 bytes. Error detail: Chunk::new
# Possible reasons:
#   The system is out of physical RAM or swap space
#   This process is running with CompressedOops enabled, and the Java Heap may be blocking the growth of the native heap
# Possible solutions:
#   Reduce memory load on the system
#   Increase physical memory or swap space
#   Check if swap backing store is full
#   Decrease Java heap size (-Xmx/-Xms)
#   Decrease number of Java threads
#   Decrease Java thread stack sizes (-Xss)
#   Set larger code cache with -XX:ReservedCodeCacheSize=
#   JVM is running with Unscaled Compressed Oops mode in which the Java heap is
#     placed in the first 4GB address space. The Java Heap base address is the
#     maximum limit for the native heap growth. Please use -XX:HeapBaseMinAddress
#     to set the Java Heap base and to place the Java Heap above 4GB virtual address.
# This output file may be truncated or incomplete.
#
#  Out of Memory Error (arena.cpp:191), pid=6612, tid=9360
#
# JRE version: OpenJDK Runtime Environment Microsoft-12574423 (17.0.17+10) (build 17.0.17+10-LTS)
# Java VM: OpenJDK 64-Bit Server VM Microsoft-12574423 (17.0.17+10-LTS, mixed mode, sharing, tiered, compressed oops, compressed class ptrs, g1 gc, windows-amd64)
# No core dump will be written. Minidumps are not enabled by default on client versions of Windows
#

---------------  S U M M A R Y ------------

Command Line: -javaagent:C:\Program Files\JetBrains\IntelliJ IDEA Community Edition 2024.2.3\lib\idea_rt.jar=53945:C:\Program Files\JetBrains\IntelliJ IDEA Community Edition 2024.2.3\bin -Dfile.encoding=UTF-8 com.ges.boutique.BoutiqueApplication

Host: Intel(R) Celeron(R) N4120 CPU @ 1.10GHz, 4 cores, 3G,  Windows 10 , 64 bit Build 19041 (10.0.19041.5915)
Time: Sat Feb 28 11:28:36 2026 Paris, Madrid elapsed time: 75497.373270 seconds (0d 20h 58m 17s)

---------------  T H R E A D  ---------------

Current thread (0x000002a8f815f580):  JavaThread "C2 CompilerThread0" daemon [_thread_in_native, id=9360, stack(0x000000fc14b00000,0x000000fc14c00000)]


Current CompileTask:
C2:75497374 17255   !   4       org.apache.catalina.core.ContainerBase$ContainerBackgroundProcessor::processChildren (202 bytes)

Stack: [0x000000fc14b00000,0x000000fc14c00000]
Native frames: (J=compiled Java code, j=interpreted, Vv=VM code, C=native code)
V  [jvm.dll+0x68c459]  (no source info available)
V  [jvm.dll+0x845e09]  (no source info available)
V  [jvm.dll+0x847b78]  (no source info available)
V  [jvm.dll+0x848203]  (no source info available)
V  [jvm.dll+0x24cf6f]  (no source info available)
V  [jvm.dll+0xaecb6]  (no source info available)
V  [jvm.dll+0xaf35c]  (no source info available)
V  [jvm.dll+0x37152f]  (no source info available)
V  [jvm.dll+0x1c08f9]  (no source info available)
V  [jvm.dll+0x21e080]  (no source info available)
V  [jvm.dll+0x21d36d]  (no source info available)
V  [jvm.dll+0x1a8ce6]  (no source info available)
V  [jvm.dll+0x22db1b]  (no source info available)
V  [jvm.dll+0x22bca6]  (no source info available)
V  [jvm.dll+0x7fb65b]  (no source info available)
V  [jvm.dll+0x7f5a5c]  (no source info available)
V  [jvm.dll+0x68d9f7]  (no source info available)
C  [ucrtbase.dll+0x21bb2]  (no source info available)
C  [KERNEL32.DLL+0x17374]  (no source info available)
C  [ntdll.dll+0x4cc91]  (no source info available)


---------------  P R O C E S S  ---------------

Threads class SMR info:
_java_thread_list=0x000002a8fdd48fb0, length=30, elements={
0x000002a8ebf53d20, 0x000002a8ebf54ba0, 0x000002a8f8159b20, 0x000002a8f815d510,
0x000002a8f815ded0, 0x000002a8f815e890, 0x000002a8f815f580, 0x000002a8f8160030,
0x000002a8f81c7d10, 0x000002a8ebf41da0, 0x000002a8f83462a0, 0x000002a8f8346780,
0x000002a8fe128f00, 0x000002a8f8a1d0b0, 0x000002a8fe623be0, 0x000002a8ebf42280,
0x000002a8f87bfbb0, 0x000002a8d1f5bde0, 0x000002a8d089b840, 0x000002a8d1f64640,
0x000002a8d1f64b20, 0x000002a8d03969c0, 0x000002a8d0396ea0, 0x000002a8fd696440,
0x000002a8fd696920, 0x000002a8d0572a50, 0x000002a8d0573980, 0x000002a8d05706e0,
0x000002a8d0573470, 0x000002a8d05701d0
}

Java Threads: ( => current thread )
  0x000002a8ebf53d20 JavaThread "Reference Handler" daemon [_thread_blocked, id=14236, stack(0x000000fc14500000,0x000000fc14600000)]
  0x000002a8ebf54ba0 JavaThread "Finalizer" daemon [_thread_blocked, id=10368, stack(0x000000fc14600000,0x000000fc14700000)]
  0x000002a8f8159b20 JavaThread "Signal Dispatcher" daemon [_thread_blocked, id=9348, stack(0x000000fc14700000,0x000000fc14800000)]
  0x000002a8f815d510 JavaThread "Attach Listener" daemon [_thread_blocked, id=7296, stack(0x000000fc14800000,0x000000fc14900000)]
  0x000002a8f815ded0 JavaThread "Service Thread" daemon [_thread_blocked, id=5176, stack(0x000000fc14900000,0x000000fc14a00000)]
  0x000002a8f815e890 JavaThread "Monitor Deflation Thread" daemon [_thread_blocked, id=9536, stack(0x000000fc14a00000,0x000000fc14b00000)]
=>0x000002a8f815f580 JavaThread "C2 CompilerThread0" daemon [_thread_in_native, id=9360, stack(0x000000fc14b00000,0x000000fc14c00000)]
  0x000002a8f8160030 JavaThread "C1 CompilerThread0" daemon [_thread_blocked, id=9780, stack(0x000000fc14c00000,0x000000fc14d00000)]
  0x000002a8f81c7d10 JavaThread "Sweeper thread" daemon [_thread_blocked, id=13216, stack(0x000000fc14d00000,0x000000fc14e00000)]
  0x000002a8ebf41da0 JavaThread "Common-Cleaner" daemon [_thread_blocked, id=13280, stack(0x000000fc14e00000,0x000000fc14f00000)]
  0x000002a8f83462a0 JavaThread "Monitor Ctrl-Break" daemon [_thread_in_native, id=4496, stack(0x000000fc14f00000,0x000000fc15000000)]
  0x000002a8f8346780 JavaThread "Notification Thread" daemon [_thread_blocked, id=6832, stack(0x000000fc15000000,0x000000fc15100000)]
  0x000002a8fe128f00 JavaThread "mysql-cj-abandoned-connection-cleanup" daemon [_thread_blocked, id=5728, stack(0x000000fc15500000,0x000000fc15600000)]
  0x000002a8f8a1d0b0 JavaThread "HikariPool-1 housekeeper" daemon [_thread_blocked, id=14376, stack(0x000000fc15700000,0x000000fc15800000)]
  0x000002a8fe623be0 JavaThread "Catalina-utility-1" [_thread_blocked, id=12744, stack(0x000000fc13c00000,0x000000fc13d00000)]
  0x000002a8ebf42280 JavaThread "Catalina-utility-2" [_thread_blocked, id=14120, stack(0x000000fc13d00000,0x000000fc13e00000)]
  0x000002a8f87bfbb0 JavaThread "container-0" [_thread_blocked, id=15444, stack(0x000000fc15a00000,0x000000fc15b00000)]
  0x000002a8d1f5bde0 JavaThread "http-nio-8080-exec-1" daemon [_thread_blocked, id=13528, stack(0x000000fc13b00000,0x000000fc13c00000)]
  0x000002a8d089b840 JavaThread "http-nio-8080-exec-2" daemon [_thread_blocked, id=2208, stack(0x000000fc15b00000,0x000000fc15c00000)]
  0x000002a8d1f64640 JavaThread "http-nio-8080-exec-3" daemon [_thread_blocked, id=5812, stack(0x000000fc15c00000,0x000000fc15d00000)]
  0x000002a8d1f64b20 JavaThread "http-nio-8080-exec-4" daemon [_thread_blocked, id=2448, stack(0x000000fc15d00000,0x000000fc15e00000)]
  0x000002a8d03969c0 JavaThread "http-nio-8080-exec-5" daemon [_thread_blocked, id=6232, stack(0x000000fc15e00000,0x000000fc15f00000)]
  0x000002a8d0396ea0 JavaThread "http-nio-8080-exec-6" daemon [_thread_blocked, id=8488, stack(0x000000fc15f00000,0x000000fc16000000)]
  0x000002a8fd696440 JavaThread "http-nio-8080-exec-7" daemon [_thread_blocked, id=13036, stack(0x000000fc16000000,0x000000fc16100000)]
  0x000002a8fd696920 JavaThread "http-nio-8080-exec-8" daemon [_thread_blocked, id=7332, stack(0x000000fc16100000,0x000000fc16200000)]
  0x000002a8d0572a50 JavaThread "http-nio-8080-exec-9" daemon [_thread_blocked, id=12324, stack(0x000000fc16200000,0x000000fc16300000)]
  0x000002a8d0573980 JavaThread "http-nio-8080-exec-10" daemon [_thread_blocked, id=14652, stack(0x000000fc16300000,0x000000fc16400000)]
  0x000002a8d05706e0 JavaThread "http-nio-8080-Poller" daemon [_thread_in_native, id=5912, stack(0x000000fc16400000,0x000000fc16500000)]
  0x000002a8d0573470 JavaThread "http-nio-8080-Acceptor" daemon [_thread_in_native, id=15740, stack(0x000000fc16500000,0x000000fc16600000)]
  0x000002a8d05701d0 JavaThread "DestroyJavaVM" [_thread_blocked, id=552, stack(0x000000fc13e00000,0x000000fc13f00000)]

Other Threads:
  0x000002a8ebf4e610 VMThread "VM Thread" [stack: 0x000000fc14400000,0x000000fc14500000] [id=1468]
  0x000002a8ebeaf6f0 WatcherThread [stack: 0x000000fc15100000,0x000000fc15200000] [id=5916]
  0x000002a8ebee7060 GCTaskThread "GC Thread#0" [stack: 0x000000fc13f00000,0x000000fc14000000] [id=11900]
  0x000002a8f890fcc0 GCTaskThread "GC Thread#1" [stack: 0x000000fc15200000,0x000000fc15300000] [id=3820]
  0x000002a8f8b94c10 GCTaskThread "GC Thread#2" [stack: 0x000000fc15300000,0x000000fc15400000] [id=1744]
  0x000002a8f8a4c9b0 GCTaskThread "GC Thread#3" [stack: 0x000000fc15400000,0x000000fc15500000] [id=7140]
  0x000002a8ebeef4c0 ConcurrentGCThread "G1 Main Marker" [stack: 0x000000fc14000000,0x000000fc14100000] [id=6972]
  0x000002a8ebeefee0 ConcurrentGCThread "G1 Conc#0" [stack: 0x000000fc14100000,0x000000fc14200000] [id=8468]
  0x000002a8ebf2e080 ConcurrentGCThread "G1 Refine#0" [stack: 0x000000fc14200000,0x000000fc14300000] [id=8928]
  0x000002a8fd8ef570 ConcurrentGCThread "G1 Refine#1" [stack: 0x000000fc15600000,0x000000fc15700000] [id=14996]
  0x000002a8ebf2eac0 ConcurrentGCThread "G1 Service" [stack: 0x000000fc14300000,0x000000fc14400000] [id=4168]

Threads with active compile tasks:
C2 CompilerThread0  75497529 17255   !   4       org.apache.catalina.core.ContainerBase$ContainerBackgroundProcessor::processChildren (202 bytes)

VM state: not at safepoint (normal execution)

VM Mutex/Monitor currently owned by a thread: None

OutOfMemory and StackOverflow Exception counts:
StackOverflowErrors=36
LinkageErrors=164

Heap address: 0x00000000c5800000, size: 936 MB, Compressed Oops mode: 32-bit

CDS archive(s) mapped at: [0x000002a88f000000-0x000002a88fbb0000-0x000002a88fbb0000), size 12255232, SharedBaseAddress: 0x000002a88f000000, ArchiveRelocationMode: 1.
Compressed class space mapped at: 0x000002a890000000-0x000002a8d0000000, reserved size: 1073741824
Narrow klass base: 0x000002a88f000000, Narrow klass shift: 0, Narrow klass range: 0x100000000

GC Precious Log:
 CPUs: 4 total, 4 available
 Memory: 3743M
 Large Page Support: Disabled
 NUMA Support: Disabled
 Compressed Oops: Enabled (32-bit)
 Heap Region Size: 1M
 Heap Min Capacity: 8M
 Heap Initial Capacity: 60M
 Heap Max Capacity: 936M
 Pre-touch: Disabled
 Parallel Workers: 4
 Concurrent Workers: 1
 Concurrent Refinement Workers: 4
 Periodic GC: Disabled

Heap:
 garbage-first heap   total 157696K, used 90705K [0x00000000c5800000, 0x0000000100000000)
  region size 1024K, 47 young (48128K), 1 survivors (1024K)
 Metaspace       used 86576K, committed 87488K, reserved 1179648K
  class space    used 11187K, committed 11648K, reserved 1048576K

Heap Regions: E=young(eden), S=young(survivor), O=old, HS=humongous(starts), HC=humongous(continues), CS=collection set, F=free, OA=open archive, CA=closed archive, TAMS=top-at-mark-start (previous, next)
|   0|0x00000000c5800000, 0x00000000c5900000, 0x00000000c5900000|100%|HS|  |TAMS 0x00000000c5900000, 0x00000000c5800000| Complete 
|   1|0x00000000c5900000, 0x00000000c5a00000, 0x00000000c5a00000|100%| O|  |TAMS 0x00000000c5a00000, 0x00000000c5900000| Untracked 
|   2|0x00000000c5a00000, 0x00000000c5b00000, 0x00000000c5b00000|100%| O|  |TAMS 0x00000000c5b00000, 0x00000000c5a00000| Untracked 
|   3|0x00000000c5b00000, 0x00000000c5c00000, 0x00000000c5c00000|100%| O|  |TAMS 0x00000000c5c00000, 0x00000000c5b00000| Untracked 
|   4|0x00000000c5c00000, 0x00000000c5d00000, 0x00000000c5d00000|100%| O|  |TAMS 0x00000000c5d00000, 0x00000000c5c00000| Untracked 
|   5|0x00000000c5d00000, 0x00000000c5e00000, 0x00000000c5e00000|100%| O|  |TAMS 0x00000000c5e00000, 0x00000000c5d00000| Untracked 
|   6|0x00000000c5e00000, 0x00000000c5f00000, 0x00000000c5f00000|100%| O|  |TAMS 0x00000000c5f00000, 0x00000000c5e00000| Untracked 
|   7|0x00000000c5f00000, 0x00000000c6000000, 0x00000000c6000000|100%| O|  |TAMS 0x00000000c6000000, 0x00000000c5f00000| Untracked 
|   8|0x00000000c6000000, 0x00000000c6100000, 0x00000000c6100000|100%| O|  |TAMS 0x00000000c6100000, 0x00000000c6000000| Untracked 
|   9|0x00000000c6100000, 0x00000000c6200000, 0x00000000c6200000|100%| O|  |TAMS 0x00000000c6200000, 0x00000000c6100000| Untracked 
|  10|0x00000000c6200000, 0x00000000c6300000, 0x00000000c6300000|100%| O|  |TAMS 0x00000000c6300000, 0x00000000c6200000| Untracked 
|  11|0x00000000c6300000, 0x00000000c6400000, 0x00000000c6400000|100%| O|  |TAMS 0x00000000c6400000, 0x00000000c6300000| Untracked 
|  12|0x00000000c6400000, 0x00000000c6500000, 0x00000000c6500000|100%| O|  |TAMS 0x00000000c6500000, 0x00000000c6400000| Untracked 
|  13|0x00000000c6500000, 0x00000000c6600000, 0x00000000c6600000|100%| O|  |TAMS 0x00000000c6600000, 0x00000000c6500000| Untracked 
|  14|0x00000000c6600000, 0x00000000c6700000, 0x00000000c6700000|100%| O|  |TAMS 0x00000000c6700000, 0x00000000c6600000| Untracked 
|  15|0x00000000c6700000, 0x00000000c6800000, 0x00000000c6800000|100%| O|  |TAMS 0x00000000c6800000, 0x00000000c6700000| Untracked 
|  16|0x00000000c6800000, 0x00000000c6900000, 0x00000000c6900000|100%| O|  |TAMS 0x00000000c6900000, 0x00000000c6800000| Untracked 
|  17|0x00000000c6900000, 0x00000000c6a00000, 0x00000000c6a00000|100%| O|  |TAMS 0x00000000c6a00000, 0x00000000c6900000| Untracked 
|  18|0x00000000c6a00000, 0x00000000c6a00000, 0x00000000c6b00000|  0%| F|  |TAMS 0x00000000c6a00000, 0x00000000c6a00000| Untracked 
|  19|0x00000000c6b00000, 0x00000000c6c00000, 0x00000000c6c00000|100%| O|  |TAMS 0x00000000c6b00000, 0x00000000c6b00000| Untracked 
|  20|0x00000000c6c00000, 0x00000000c6d00000, 0x00000000c6d00000|100%| O|  |TAMS 0x00000000c6d00000, 0x00000000c6c00000| Untracked 
|  21|0x00000000c6d00000, 0x00000000c6e00000, 0x00000000c6e00000|100%| O|  |TAMS 0x00000000c6e00000, 0x00000000c6d00000| Untracked 
|  22|0x00000000c6e00000, 0x00000000c6f00000, 0x00000000c6f00000|100%| O|  |TAMS 0x00000000c6f00000, 0x00000000c6e00000| Untracked 
|  23|0x00000000c6f00000, 0x00000000c7000000, 0x00000000c7000000|100%| O|  |TAMS 0x00000000c7000000, 0x00000000c6f00000| Untracked 
|  24|0x00000000c7000000, 0x00000000c7100000, 0x00000000c7100000|100%| O|  |TAMS 0x00000000c7100000, 0x00000000c7000000| Untracked 
|  25|0x00000000c7100000, 0x00000000c7200000, 0x00000000c7200000|100%| O|  |TAMS 0x00000000c7200000, 0x00000000c7100000| Untracked 
|  26|0x00000000c7200000, 0x00000000c7300000, 0x00000000c7300000|100%| O|  |TAMS 0x00000000c7300000, 0x00000000c7200000| Untracked 
|  27|0x00000000c7300000, 0x00000000c7400000, 0x00000000c7400000|100%| O|  |TAMS 0x00000000c7400000, 0x00000000c7300000| Untracked 
|  28|0x00000000c7400000, 0x00000000c7500000, 0x00000000c7500000|100%| O|  |TAMS 0x00000000c7500000, 0x00000000c7400000| Untracked 
|  29|0x00000000c7500000, 0x00000000c7600000, 0x00000000c7600000|100%| O|  |TAMS 0x00000000c7600000, 0x00000000c7500000| Untracked 
|  30|0x00000000c7600000, 0x00000000c7700000, 0x00000000c7700000|100%| O|  |TAMS 0x00000000c7700000, 0x00000000c7600000| Untracked 
|  31|0x00000000c7700000, 0x00000000c7800000, 0x00000000c7800000|100%| O|  |TAMS 0x00000000c7800000, 0x00000000c7700000| Untracked 
|  32|0x00000000c7800000, 0x00000000c7900000, 0x00000000c7900000|100%| O|  |TAMS 0x00000000c7900000, 0x00000000c7800000| Untracked 
|  33|0x00000000c7900000, 0x00000000c7900000, 0x00000000c7a00000|  0%| F|  |TAMS 0x00000000c7900000, 0x00000000c7900000| Untracked 
|  34|0x00000000c7a00000, 0x00000000c7b00000, 0x00000000c7b00000|100%| O|  |TAMS 0x00000000c7b00000, 0x00000000c7a00000| Untracked 
|  35|0x00000000c7b00000, 0x00000000c7c00000, 0x00000000c7c00000|100%| O|  |TAMS 0x00000000c7c00000, 0x00000000c7b00000| Untracked 
|  36|0x00000000c7c00000, 0x00000000c7d00000, 0x00000000c7d00000|100%| O|  |TAMS 0x00000000c7d00000, 0x00000000c7c00000| Untracked 
|  37|0x00000000c7d00000, 0x00000000c7e00000, 0x00000000c7e00000|100%| O|  |TAMS 0x00000000c7e00000, 0x00000000c7d00000| Untracked 
|  38|0x00000000c7e00000, 0x00000000c7f00000, 0x00000000c7f00000|100%| O|  |TAMS 0x00000000c7f00000, 0x00000000c7e00000| Untracked 
|  39|0x00000000c7f00000, 0x00000000c8000000, 0x00000000c8000000|100%| O|  |TAMS 0x00000000c8000000, 0x00000000c7f00000| Untracked 
|  40|0x00000000c8000000, 0x00000000c8100000, 0x00000000c8100000|100%| O|  |TAMS 0x00000000c80aee00, 0x00000000c8000000| Untracked 
|  41|0x00000000c8100000, 0x00000000c8195e00, 0x00000000c8200000| 58%| O|  |TAMS 0x00000000c8100000, 0x00000000c8100000| Untracked 
|  42|0x00000000c8200000, 0x00000000c8200000, 0x00000000c8300000|  0%| F|  |TAMS 0x00000000c8200000, 0x00000000c8200000| Untracked 
|  43|0x00000000c8300000, 0x00000000c8300000, 0x00000000c8400000|  0%| F|  |TAMS 0x00000000c8300000, 0x00000000c8300000| Untracked 
|  44|0x00000000c8400000, 0x00000000c8500000, 0x00000000c8500000|100%| O|  |TAMS 0x00000000c8500000, 0x00000000c8400000| Untracked 
|  45|0x00000000c8500000, 0x00000000c8500000, 0x00000000c8600000|  0%| F|  |TAMS 0x00000000c8500000, 0x00000000c8500000| Untracked 
|  46|0x00000000c8600000, 0x00000000c8600000, 0x00000000c8700000|  0%| F|  |TAMS 0x00000000c8600000, 0x00000000c8600000| Untracked 
|  47|0x00000000c8700000, 0x00000000c8800000, 0x00000000c8800000|100%| O|  |TAMS 0x00000000c8800000, 0x00000000c8700000| Untracked 
|  48|0x00000000c8800000, 0x00000000c8900000, 0x00000000c8900000|100%| O|  |TAMS 0x00000000c8900000, 0x00000000c8800000| Untracked 
|  49|0x00000000c8900000, 0x00000000c8a00000, 0x00000000c8a00000|100%| O|  |TAMS 0x00000000c8a00000, 0x00000000c8900000| Untracked 
|  50|0x00000000c8a00000, 0x00000000c8a00000, 0x00000000c8b00000|  0%| F|  |TAMS 0x00000000c8a00000, 0x00000000c8a00000| Untracked 
|  51|0x00000000c8b00000, 0x00000000c8b00000, 0x00000000c8c00000|  0%| F|  |TAMS 0x00000000c8b00000, 0x00000000c8b00000| Untracked 
|  52|0x00000000c8c00000, 0x00000000c8c00000, 0x00000000c8d00000|  0%| F|  |TAMS 0x00000000c8c00000, 0x00000000c8c00000| Untracked 
|  53|0x00000000c8d00000, 0x00000000c8d00000, 0x00000000c8e00000|  0%| F|  |TAMS 0x00000000c8d00000, 0x00000000c8d00000| Untracked 
|  54|0x00000000c8e00000, 0x00000000c8e00000, 0x00000000c8f00000|  0%| F|  |TAMS 0x00000000c8e00000, 0x00000000c8e00000| Untracked 
|  55|0x00000000c8f00000, 0x00000000c8f00000, 0x00000000c9000000|  0%| F|  |TAMS 0x00000000c8f00000, 0x00000000c8f00000| Untracked 
|  56|0x00000000c9000000, 0x00000000c9000000, 0x00000000c9100000|  0%| F|  |TAMS 0x00000000c9000000, 0x00000000c9000000| Untracked 
|  57|0x00000000c9100000, 0x00000000c9100000, 0x00000000c9200000|  0%| F|  |TAMS 0x00000000c9100000, 0x00000000c9100000| Untracked 
|  58|0x00000000c9200000, 0x00000000c9200000, 0x00000000c9300000|  0%| F|  |TAMS 0x00000000c9200000, 0x00000000c9200000| Untracked 
|  59|0x00000000c9300000, 0x00000000c9300000, 0x00000000c9400000|  0%| F|  |TAMS 0x00000000c9300000, 0x00000000c9300000| Untracked 
|  60|0x00000000c9400000, 0x00000000c9400000, 0x00000000c9500000|  0%| F|  |TAMS 0x00000000c9400000, 0x00000000c9400000| Untracked 
|  61|0x00000000c9500000, 0x00000000c9500000, 0x00000000c9600000|  0%| F|  |TAMS 0x00000000c9500000, 0x00000000c9500000| Untracked 
|  62|0x00000000c9600000, 0x00000000c9600000, 0x00000000c9700000|  0%| F|  |TAMS 0x00000000c9600000, 0x00000000c9600000| Untracked 
|  63|0x00000000c9700000, 0x00000000c9700000, 0x00000000c9800000|  0%| F|  |TAMS 0x00000000c9700000, 0x00000000c9700000| Untracked 
|  64|0x00000000c9800000, 0x00000000c9800000, 0x00000000c9900000|  0%| F|  |TAMS 0x00000000c9800000, 0x00000000c9800000| Untracked 
|  65|0x00000000c9900000, 0x00000000c9900000, 0x00000000c9a00000|  0%| F|  |TAMS 0x00000000c9900000, 0x00000000c9900000| Untracked 
|  66|0x00000000c9a00000, 0x00000000c9a00000, 0x00000000c9b00000|  0%| F|  |TAMS 0x00000000c9a00000, 0x00000000c9a00000| Untracked 
|  67|0x00000000c9b00000, 0x00000000c9b00000, 0x00000000c9c00000|  0%| F|  |TAMS 0x00000000c9b00000, 0x00000000c9b00000| Untracked 
|  68|0x00000000c9c00000, 0x00000000c9c00000, 0x00000000c9d00000|  0%| F|  |TAMS 0x00000000c9c00000, 0x00000000c9c00000| Untracked 
|  69|0x00000000c9d00000, 0x00000000c9d00000, 0x00000000c9e00000|  0%| F|  |TAMS 0x00000000c9d00000, 0x00000000c9d00000| Untracked 
|  70|0x00000000c9e00000, 0x00000000c9e00000, 0x00000000c9f00000|  0%| F|  |TAMS 0x00000000c9e00000, 0x00000000c9e00000| Untracked 
|  71|0x00000000c9f00000, 0x00000000c9f00000, 0x00000000ca000000|  0%| F|  |TAMS 0x00000000c9f00000, 0x00000000c9f00000| Untracked 
|  72|0x00000000ca000000, 0x00000000ca000000, 0x00000000ca100000|  0%| F|  |TAMS 0x00000000ca000000, 0x00000000ca000000| Untracked 
|  73|0x00000000ca100000, 0x00000000ca100000, 0x00000000ca200000|  0%| F|  |TAMS 0x00000000ca100000, 0x00000000ca100000| Untracked 
|  74|0x00000000ca200000, 0x00000000ca200000, 0x00000000ca300000|  0%| F|  |TAMS 0x00000000ca200000, 0x00000000ca200000| Untracked 
|  75|0x00000000ca300000, 0x00000000ca300000, 0x00000000ca400000|  0%| F|  |TAMS 0x00000000ca300000, 0x00000000ca300000| Untracked 
|  76|0x00000000ca400000, 0x00000000ca400000, 0x00000000ca500000|  0%| F|  |TAMS 0x00000000ca400000, 0x00000000ca400000| Untracked 
|  77|0x00000000ca500000, 0x00000000ca500000, 0x00000000ca600000|  0%| F|  |TAMS 0x00000000ca500000, 0x00000000ca500000| Untracked 
|  78|0x00000000ca600000, 0x00000000ca600000, 0x00000000ca700000|  0%| F|  |TAMS 0x00000000ca600000, 0x00000000ca600000| Untracked 
|  79|0x00000000ca700000, 0x00000000ca700000, 0x00000000ca800000|  0%| F|  |TAMS 0x00000000ca700000, 0x00000000ca700000| Untracked 
|  80|0x00000000ca800000, 0x00000000ca800000, 0x00000000ca900000|  0%| F|  |TAMS 0x00000000ca800000, 0x00000000ca800000| Untracked 
|  81|0x00000000ca900000, 0x00000000ca900000, 0x00000000caa00000|  0%| F|  |TAMS 0x00000000ca900000, 0x00000000ca900000| Untracked 
|  82|0x00000000caa00000, 0x00000000caa00000, 0x00000000cab00000|  0%| F|  |TAMS 0x00000000caa00000, 0x00000000caa00000| Untracked 
|  83|0x00000000cab00000, 0x00000000cab00000, 0x00000000cac00000|  0%| F|  |TAMS 0x00000000cab00000, 0x00000000cab00000| Untracked 
|  84|0x00000000cac00000, 0x00000000cac00000, 0x00000000cad00000|  0%| F|  |TAMS 0x00000000cac00000, 0x00000000cac00000| Untracked 
|  85|0x00000000cad00000, 0x00000000cad00000, 0x00000000cae00000|  0%| F|  |TAMS 0x00000000cad00000, 0x00000000cad00000| Untracked 
|  86|0x00000000cae00000, 0x00000000cae00000, 0x00000000caf00000|  0%| F|  |TAMS 0x00000000cae00000, 0x00000000cae00000| Untracked 
|  87|0x00000000caf00000, 0x00000000caf00000, 0x00000000cb000000|  0%| F|  |TAMS 0x00000000caf00000, 0x00000000caf00000| Untracked 
|  88|0x00000000cb000000, 0x00000000cb000000, 0x00000000cb100000|  0%| F|  |TAMS 0x00000000cb000000, 0x00000000cb000000| Untracked 
|  89|0x00000000cb100000, 0x00000000cb100000, 0x00000000cb200000|  0%| F|  |TAMS 0x00000000cb100000, 0x00000000cb100000| Untracked 
|  90|0x00000000cb200000, 0x00000000cb200000, 0x00000000cb300000|  0%| F|  |TAMS 0x00000000cb200000, 0x00000000cb200000| Untracked 
|  91|0x00000000cb300000, 0x00000000cb300000, 0x00000000cb400000|  0%| F|  |TAMS 0x00000000cb300000, 0x00000000cb300000| Untracked 
|  92|0x00000000cb400000, 0x00000000cb400000, 0x00000000cb500000|  0%| F|  |TAMS 0x00000000cb400000, 0x00000000cb400000| Untracked 
|  93|0x00000000cb500000, 0x00000000cb500000, 0x00000000cb600000|  0%| F|  |TAMS 0x00000000cb500000, 0x00000000cb500000| Untracked 
|  94|0x00000000cb600000, 0x00000000cb600000, 0x00000000cb700000|  0%| F|  |TAMS 0x00000000cb600000, 0x00000000cb600000| Untracked 
|  95|0x00000000cb700000, 0x00000000cb700000, 0x00000000cb800000|  0%| F|  |TAMS 0x00000000cb700000, 0x00000000cb700000| Untracked 
|  96|0x00000000cb800000, 0x00000000cb800000, 0x00000000cb900000|  0%| F|  |TAMS 0x00000000cb800000, 0x00000000cb800000| Untracked 
|  97|0x00000000cb900000, 0x00000000cb900000, 0x00000000cba00000|  0%| F|  |TAMS 0x00000000cb900000, 0x00000000cb900000| Untracked 
|  98|0x00000000cba00000, 0x00000000cba00000, 0x00000000cbb00000|  0%| F|  |TAMS 0x00000000cba00000, 0x00000000cba00000| Untracked 
|  99|0x00000000cbb00000, 0x00000000cbb00000, 0x00000000cbc00000|  0%| F|  |TAMS 0x00000000cbb00000, 0x00000000cbb00000| Untracked 
| 100|0x00000000cbc00000, 0x00000000cbc00000, 0x00000000cbd00000|  0%| F|  |TAMS 0x00000000cbc00000, 0x00000000cbc00000| Untracked 
| 101|0x00000000cbd00000, 0x00000000cbd00000, 0x00000000cbe00000|  0%| F|  |TAMS 0x00000000cbd00000, 0x00000000cbd00000| Untracked 
| 102|0x00000000cbe00000, 0x00000000cbe00000, 0x00000000cbf00000|  0%| F|  |TAMS 0x00000000cbe00000, 0x00000000cbe00000| Untracked 
| 103|0x00000000cbf00000, 0x00000000cbf00000, 0x00000000cc000000|  0%| F|  |TAMS 0x00000000cbf00000, 0x00000000cbf00000| Untracked 
| 104|0x00000000cc000000, 0x00000000cc000000, 0x00000000cc100000|  0%| F|  |TAMS 0x00000000cc000000, 0x00000000cc000000| Untracked 
| 105|0x00000000cc100000, 0x00000000cc100000, 0x00000000cc200000|  0%| F|  |TAMS 0x00000000cc100000, 0x00000000cc100000| Untracked 
| 106|0x00000000cc200000, 0x00000000cc200000, 0x00000000cc300000|  0%| F|  |TAMS 0x00000000cc200000, 0x00000000cc200000| Untracked 
| 107|0x00000000cc300000, 0x00000000cc331ca8, 0x00000000cc400000| 19%| E|  |TAMS 0x00000000cc300000, 0x00000000cc300000| Complete 
| 108|0x00000000cc400000, 0x00000000cc500000, 0x00000000cc500000|100%| E|  |TAMS 0x00000000cc400000, 0x00000000cc400000| Complete 
| 109|0x00000000cc500000, 0x00000000cc600000, 0x00000000cc600000|100%| E|CS|TAMS 0x00000000cc500000, 0x00000000cc500000| Complete 
| 110|0x00000000cc600000, 0x00000000cc700000, 0x00000000cc700000|100%| E|CS|TAMS 0x00000000cc600000, 0x00000000cc600000| Complete 
| 111|0x00000000cc700000, 0x00000000cc800000, 0x00000000cc800000|100%| E|CS|TAMS 0x00000000cc700000, 0x00000000cc700000| Complete 
| 112|0x00000000cc800000, 0x00000000cc900000, 0x00000000cc900000|100%| E|CS|TAMS 0x00000000cc800000, 0x00000000cc800000| Complete 
| 113|0x00000000cc900000, 0x00000000cca00000, 0x00000000cca00000|100%| E|CS|TAMS 0x00000000cc900000, 0x00000000cc900000| Complete 
| 114|0x00000000cca00000, 0x00000000ccb00000, 0x00000000ccb00000|100%| E|CS|TAMS 0x00000000cca00000, 0x00000000cca00000| Complete 
| 115|0x00000000ccb00000, 0x00000000ccc00000, 0x00000000ccc00000|100%| E|CS|TAMS 0x00000000ccb00000, 0x00000000ccb00000| Complete 
| 116|0x00000000ccc00000, 0x00000000ccd00000, 0x00000000ccd00000|100%| E|CS|TAMS 0x00000000ccc00000, 0x00000000ccc00000| Complete 
| 117|0x00000000ccd00000, 0x00000000cce00000, 0x00000000cce00000|100%| E|CS|TAMS 0x00000000ccd00000, 0x00000000ccd00000| Complete 
| 118|0x00000000cce00000, 0x00000000ccf00000, 0x00000000ccf00000|100%| E|CS|TAMS 0x00000000cce00000, 0x00000000cce00000| Complete 
| 119|0x00000000ccf00000, 0x00000000cd000000, 0x00000000cd000000|100%| E|CS|TAMS 0x00000000ccf00000, 0x00000000ccf00000| Complete 
| 120|0x00000000cd000000, 0x00000000cd100000, 0x00000000cd100000|100%| E|CS|TAMS 0x00000000cd000000, 0x00000000cd000000| Complete 
| 121|0x00000000cd100000, 0x00000000cd200000, 0x00000000cd200000|100%| E|CS|TAMS 0x00000000cd100000, 0x00000000cd100000| Complete 
| 122|0x00000000cd200000, 0x00000000cd300000, 0x00000000cd300000|100%| E|CS|TAMS 0x00000000cd200000, 0x00000000cd200000| Complete 
| 123|0x00000000cd300000, 0x00000000cd400000, 0x00000000cd400000|100%| E|CS|TAMS 0x00000000cd300000, 0x00000000cd300000| Complete 
| 124|0x00000000cd400000, 0x00000000cd500000, 0x00000000cd500000|100%| E|CS|TAMS 0x00000000cd400000, 0x00000000cd400000| Complete 
| 125|0x00000000cd500000, 0x00000000cd600000, 0x00000000cd600000|100%| E|CS|TAMS 0x00000000cd500000, 0x00000000cd500000| Complete 
| 126|0x00000000cd600000, 0x00000000cd700000, 0x00000000cd700000|100%| E|CS|TAMS 0x00000000cd600000, 0x00000000cd600000| Complete 
| 127|0x00000000cd700000, 0x00000000cd800000, 0x00000000cd800000|100%| E|CS|TAMS 0x00000000cd700000, 0x00000000cd700000| Complete 
| 128|0x00000000cd800000, 0x00000000cd900000, 0x00000000cd900000|100%| E|CS|TAMS 0x00000000cd800000, 0x00000000cd800000| Complete 
| 129|0x00000000cd900000, 0x00000000cda00000, 0x00000000cda00000|100%| E|CS|TAMS 0x00000000cd900000, 0x00000000cd900000| Complete 
| 130|0x00000000cda00000, 0x00000000cdb00000, 0x00000000cdb00000|100%| E|CS|TAMS 0x00000000cda00000, 0x00000000cda00000| Complete 
| 131|0x00000000cdb00000, 0x00000000cdc00000, 0x00000000cdc00000|100%| E|CS|TAMS 0x00000000cdb00000, 0x00000000cdb00000| Complete 
| 132|0x00000000cdc00000, 0x00000000cdd00000, 0x00000000cdd00000|100%| E|CS|TAMS 0x00000000cdc00000, 0x00000000cdc00000| Complete 
| 133|0x00000000cdd00000, 0x00000000cde00000, 0x00000000cde00000|100%| E|CS|TAMS 0x00000000cdd00000, 0x00000000cdd00000| Complete 
| 134|0x00000000cde00000, 0x00000000cdf00000, 0x00000000cdf00000|100%| E|CS|TAMS 0x00000000cde00000, 0x00000000cde00000| Complete 
| 135|0x00000000cdf00000, 0x00000000ce000000, 0x00000000ce000000|100%| E|CS|TAMS 0x00000000cdf00000, 0x00000000cdf00000| Complete 
| 136|0x00000000ce000000, 0x00000000ce100000, 0x00000000ce100000|100%| E|CS|TAMS 0x00000000ce000000, 0x00000000ce000000| Complete 
| 137|0x00000000ce100000, 0x00000000ce200000, 0x00000000ce200000|100%| E|CS|TAMS 0x00000000ce100000, 0x00000000ce100000| Complete 
| 138|0x00000000ce200000, 0x00000000ce300000, 0x00000000ce300000|100%| E|CS|TAMS 0x00000000ce200000, 0x00000000ce200000| Complete 
| 139|0x00000000ce300000, 0x00000000ce400000, 0x00000000ce400000|100%| E|CS|TAMS 0x00000000ce300000, 0x00000000ce300000| Complete 
| 140|0x00000000ce400000, 0x00000000ce500000, 0x00000000ce500000|100%| E|CS|TAMS 0x00000000ce400000, 0x00000000ce400000| Complete 
| 141|0x00000000ce500000, 0x00000000ce600000, 0x00000000ce600000|100%| E|CS|TAMS 0x00000000ce500000, 0x00000000ce500000| Complete 
| 142|0x00000000ce600000, 0x00000000ce700000, 0x00000000ce700000|100%| E|CS|TAMS 0x00000000ce600000, 0x00000000ce600000| Complete 
| 143|0x00000000ce700000, 0x00000000ce800000, 0x00000000ce800000|100%| E|CS|TAMS 0x00000000ce700000, 0x00000000ce700000| Complete 
| 144|0x00000000ce800000, 0x00000000ce900000, 0x00000000ce900000|100%| E|CS|TAMS 0x00000000ce800000, 0x00000000ce800000| Complete 
| 145|0x00000000ce900000, 0x00000000cea00000, 0x00000000cea00000|100%| E|CS|TAMS 0x00000000ce900000, 0x00000000ce900000| Complete 
| 146|0x00000000cea00000, 0x00000000ceb00000, 0x00000000ceb00000|100%| E|CS|TAMS 0x00000000cea00000, 0x00000000cea00000| Complete 
| 147|0x00000000ceb00000, 0x00000000cebfe7c0, 0x00000000cec00000| 99%| S|CS|TAMS 0x00000000ceb00000, 0x00000000ceb00000| Complete 
| 148|0x00000000cec00000, 0x00000000ced00000, 0x00000000ced00000|100%| E|CS|TAMS 0x00000000cec00000, 0x00000000cec00000| Complete 
| 149|0x00000000ced00000, 0x00000000cee00000, 0x00000000cee00000|100%| E|CS|TAMS 0x00000000ced00000, 0x00000000ced00000| Complete 
| 150|0x00000000cee00000, 0x00000000cef00000, 0x00000000cef00000|100%| E|CS|TAMS 0x00000000cee00000, 0x00000000cee00000| Complete 
| 151|0x00000000cef00000, 0x00000000cf000000, 0x00000000cf000000|100%| E|CS|TAMS 0x00000000cef00000, 0x00000000cef00000| Complete 
| 233|0x00000000d4100000, 0x00000000d4200000, 0x00000000d4200000|100%| E|CS|TAMS 0x00000000d4100000, 0x00000000d4100000| Complete 
| 234|0x00000000d4200000, 0x00000000d4300000, 0x00000000d4300000|100%| E|CS|TAMS 0x00000000d4200000, 0x00000000d4200000| Complete 

Card table byte_map: [0x000002a8f3c00000,0x000002a8f3de0000] _byte_map_base: 0x000002a8f35d4000

Marking Bits (Prev, Next): (CMBitMap*) 0x000002a8ebee76d0, (CMBitMap*) 0x000002a8ebee7690
 Prev Bits: [0x000002a8f4e60000, 0x000002a8f5d00000)
 Next Bits: [0x000002a8f3fc0000, 0x000002a8f4e60000)

Polling page: 0x000002a8e9c20000

Metaspace:

Usage:
  Non-class:     73.62 MB used.
      Class:     10.93 MB used.
       Both:     84.55 MB used.

Virtual space:
  Non-class space:      128.00 MB reserved,      74.06 MB ( 58%) committed,  2 nodes.
      Class space:        1.00 GB reserved,      11.38 MB (  1%) committed,  1 nodes.
             Both:        1.12 GB reserved,      85.44 MB (  7%) committed. 

Chunk freelists:
   Non-Class:  5.89 MB
       Class:  4.70 MB
        Both:  10.59 MB

MaxMetaspaceSize: unlimited
CompressedClassSpaceSize: 1.00 GB
Initial GC threshold: 21.00 MB
Current GC threshold: 142.44 MB
CDS: on
MetaspaceReclaimPolicy: balanced
 - commit_granule_bytes: 65536.
 - commit_granule_words: 8192.
 - virtual_space_node_default_size: 8388608.
 - enlarge_chunks_in_place: 1.
 - new_chunks_are_fully_committed: 0.
 - uncommit_free_chunks: 1.
 - use_allocation_guard: 0.
 - handle_deallocations: 1.


Internal statistics:

num_allocs_failed_limit: 9.
num_arena_births: 1790.
num_arena_deaths: 692.
num_vsnodes_births: 3.
num_vsnodes_deaths: 0.
num_space_committed: 1367.
num_space_uncommitted: 0.
num_chunks_returned_to_freelist: 831.
num_chunks_taken_from_freelist: 5367.
num_chunk_merges: 283.
num_chunk_splits: 3534.
num_chunks_enlarged: 2514.
num_inconsistent_stats: 0.

CodeHeap 'non-profiled nmethods': size=120000Kb used=10332Kb max_used=10332Kb free=109668Kb
 bounds [0x000002a887ad0000, 0x000002a888500000, 0x000002a88f000000]
CodeHeap 'profiled nmethods': size=120000Kb used=27850Kb max_used=30241Kb free=92149Kb
 bounds [0x000002a880000000, 0x000002a881d90000, 0x000002a887530000]
CodeHeap 'non-nmethods': size=5760Kb used=1373Kb max_used=1419Kb free=4386Kb
 bounds [0x000002a887530000, 0x000002a8877a0000, 0x000002a887ad0000]
 total_blobs=14780 nmethods=14065 adapters=627
 compilation: enabled
              stopped_count=0, restarted_count=0
 full_count=0

Compilation events (20 events):
Event: 74876.057 Thread 0x000002a8f8160030 17246   !   3       com.fasterxml.jackson.core.json.UTF8JsonGenerator::close (151 bytes)
Event: 74876.065 Thread 0x000002a8f8160030 nmethod 17246 0x000002a88063a090 code [0x000002a88063a320, 0x000002a88063afa8]
Event: 74876.066 Thread 0x000002a8f8160030 17247       3       com.fasterxml.jackson.core.base.GeneratorBase::close (6 bytes)
Event: 74876.066 Thread 0x000002a8f8160030 nmethod 17247 0x000002a88007b510 code [0x000002a88007b6a0, 0x000002a88007b7b8]
Event: 74876.066 Thread 0x000002a8f8160030 17248       3       com.fasterxml.jackson.core.json.UTF8JsonGenerator::_releaseBuffers (52 bytes)
Event: 74876.071 Thread 0x000002a8f815f580 nmethod 17239 0x000002a8881b7710 code [0x000002a8881b7980, 0x000002a8881b9310]
Event: 74876.072 Thread 0x000002a8f815f580 17240       4       org.hibernate.internal.util.collections.IdentityMap$IdentityKey::equals (24 bytes)
Event: 74876.074 Thread 0x000002a8f815f580 nmethod 17240 0x000002a88833cb90 code [0x000002a88833cd20, 0x000002a88833cdf8]
Event: 74876.086 Thread 0x000002a8f8160030 nmethod 17248 0x000002a880009090 code [0x000002a8800095a0, 0x000002a88000be58]
Event: 74876.138 Thread 0x000002a8f8160030 17250       3       org.hibernate.spi.NavigablePath::<init> (63 bytes)
Event: 74876.144 Thread 0x000002a8f8160030 nmethod 17250 0x000002a880f7f710 code [0x000002a880f7f940, 0x000002a880f80138]
Event: 74876.192 Thread 0x000002a8f815f580 17251       4       org.springframework.core.ResolvableType::forType (112 bytes)
Event: 74877.409 Thread 0x000002a8f815f580 nmethod 17251 0x000002a8884e5590 code [0x000002a8884e5da0, 0x000002a8884ec170]
Event: 75155.494 Thread 0x000002a8f815f580 17252   !   4       org.apache.catalina.core.ContainerBase::getRealmInternal (38 bytes)
Event: 75155.788 Thread 0x000002a8f815f580 nmethod 17252 0x000002a8881b0390 code [0x000002a8881b0580, 0x000002a8881b0e90]
Event: 75165.501 Thread 0x000002a8f815f580 17253       4       java.util.Comparator$$Lambda$1277/0x000002a8906464b0::compare (10 bytes)
Event: 75165.539 Thread 0x000002a8f815f580 nmethod 17253 0x000002a88840be10 code [0x000002a88840bfa0, 0x000002a88840c118]
Event: 75165.780 Thread 0x000002a8f815f580 17254   !   4       org.apache.catalina.core.ContainerBase::getClusterInternal (38 bytes)
Event: 75165.823 Thread 0x000002a8f815f580 nmethod 17254 0x000002a8881b6390 code [0x000002a8881b6580, 0x000002a8881b6e90]
Event: 75495.946 Thread 0x000002a8f815f580 17255   !   4       org.apache.catalina.core.ContainerBase$ContainerBackgroundProcessor::processChildren (202 bytes)

GC Heap History (20 events):
Event: 6913.917 GC heap before
{Heap before GC invocations=56 (full 0):
 garbage-first heap   total 157696K, used 50460K [0x00000000c5800000, 0x0000000100000000)
  region size 1024K, 7 young (7168K), 1 survivors (1024K)
 Metaspace       used 83723K, committed 84416K, reserved 1179648K
  class space    used 11122K, committed 11456K, reserved 1048576K
}
Event: 6914.027 GC heap after
{Heap after GC invocations=57 (full 0):
 garbage-first heap   total 157696K, used 44214K [0x00000000c5800000, 0x0000000100000000)
  region size 1024K, 1 young (1024K), 1 survivors (1024K)
 Metaspace       used 83723K, committed 84416K, reserved 1179648K
  class space    used 11122K, committed 11456K, reserved 1048576K
}
Event: 10501.757 GC heap before
{Heap before GC invocations=57 (full 0):
 garbage-first heap   total 157696K, used 135350K [0x00000000c5800000, 0x0000000100000000)
  region size 1024K, 90 young (92160K), 1 survivors (1024K)
 Metaspace       used 84468K, committed 85248K, reserved 1179648K
  class space    used 11186K, committed 11584K, reserved 1048576K
}
Event: 10501.891 GC heap after
{Heap after GC invocations=58 (full 0):
 garbage-first heap   total 157696K, used 45495K [0x00000000c5800000, 0x0000000100000000)
  region size 1024K, 2 young (2048K), 2 survivors (2048K)
 Metaspace       used 84468K, committed 85248K, reserved 1179648K
  class space    used 11186K, committed 11584K, reserved 1048576K
}
Event: 10626.236 GC heap before
{Heap before GC invocations=58 (full 0):
 garbage-first heap   total 157696K, used 134583K [0x00000000c5800000, 0x0000000100000000)
  region size 1024K, 90 young (92160K), 2 survivors (2048K)
 Metaspace       used 85150K, committed 85952K, reserved 1179648K
  class space    used 11194K, committed 11584K, reserved 1048576K
}
Event: 10626.302 GC heap after
{Heap after GC invocations=59 (full 0):
 garbage-first heap   total 157696K, used 45247K [0x00000000c5800000, 0x0000000100000000)
  region size 1024K, 2 young (2048K), 2 survivors (2048K)
 Metaspace       used 85150K, committed 85952K, reserved 1179648K
  class space    used 11194K, committed 11584K, reserved 1048576K
}
Event: 10792.678 GC heap before
{Heap before GC invocations=59 (full 0):
 garbage-first heap   total 157696K, used 135359K [0x00000000c5800000, 0x0000000100000000)
  region size 1024K, 91 young (93184K), 2 survivors (2048K)
 Metaspace       used 85743K, committed 86592K, reserved 1179648K
  class space    used 11227K, committed 11648K, reserved 1048576K
}
Event: 10792.788 GC heap after
{Heap after GC invocations=60 (full 0):
 garbage-first heap   total 157696K, used 45491K [0x00000000c5800000, 0x0000000100000000)
  region size 1024K, 2 young (2048K), 2 survivors (2048K)
 Metaspace       used 85743K, committed 86592K, reserved 1179648K
  class space    used 11227K, committed 11648K, reserved 1048576K
}
Event: 72331.620 GC heap before
{Heap before GC invocations=61 (full 0):
 garbage-first heap   total 157696K, used 135603K [0x00000000c5800000, 0x0000000100000000)
  region size 1024K, 91 young (93184K), 2 survivors (2048K)
 Metaspace       used 86106K, committed 86976K, reserved 1179648K
  class space    used 11230K, committed 11648K, reserved 1048576K
}
Event: 72331.899 GC heap after
{Heap after GC invocations=62 (full 0):
 garbage-first heap   total 157696K, used 45884K [0x00000000c5800000, 0x0000000100000000)
  region size 1024K, 3 young (3072K), 3 survivors (3072K)
 Metaspace       used 86106K, committed 86976K, reserved 1179648K
  class space    used 11230K, committed 11648K, reserved 1048576K
}
Event: 72332.510 GC heap before
{Heap before GC invocations=62 (full 0):
 garbage-first heap   total 157696K, used 49980K [0x00000000c5800000, 0x0000000100000000)
  region size 1024K, 7 young (7168K), 3 survivors (3072K)
 Metaspace       used 86109K, committed 86976K, reserved 1179648K
  class space    used 11230K, committed 11648K, reserved 1048576K
}
Event: 72332.651 GC heap after
{Heap after GC invocations=63 (full 0):
 garbage-first heap   total 157696K, used 45054K [0x00000000c5800000, 0x0000000100000000)
  region size 1024K, 1 young (1024K), 1 survivors (1024K)
 Metaspace       used 86109K, committed 86976K, reserved 1179648K
  class space    used 11230K, committed 11648K, reserved 1048576K
}
Event: 74367.112 GC heap before
{Heap before GC invocations=63 (full 0):
 garbage-first heap   total 157696K, used 134142K [0x00000000c5800000, 0x0000000100000000)
  region size 1024K, 89 young (91136K), 1 survivors (1024K)
 Metaspace       used 86340K, committed 87168K, reserved 1179648K
  class space    used 11230K, committed 11648K, reserved 1048576K
}
Event: 74367.254 GC heap after
{Heap after GC invocations=64 (full 0):
 garbage-first heap   total 157696K, used 45581K [0x00000000c5800000, 0x0000000100000000)
  region size 1024K, 1 young (1024K), 1 survivors (1024K)
 Metaspace       used 86340K, committed 87168K, reserved 1179648K
  class space    used 11230K, committed 11648K, reserved 1048576K
}
Event: 74660.492 GC heap before
{Heap before GC invocations=64 (full 0):
 garbage-first heap   total 157696K, used 136717K [0x00000000c5800000, 0x0000000100000000)
  region size 1024K, 90 young (92160K), 1 survivors (1024K)
 Metaspace       used 86645K, committed 87424K, reserved 1179648K
  class space    used 11238K, committed 11648K, reserved 1048576K
}
Event: 74660.608 GC heap after
{Heap after GC invocations=65 (full 0):
 garbage-first heap   total 157696K, used 47043K [0x00000000c5800000, 0x0000000100000000)
  region size 1024K, 3 young (3072K), 3 survivors (3072K)
 Metaspace       used 86645K, committed 87424K, reserved 1179648K
  class space    used 11238K, committed 11648K, reserved 1048576K
}
Event: 74821.044 GC heap before
{Heap before GC invocations=66 (full 0):
 garbage-first heap   total 157696K, used 134083K [0x00000000c5800000, 0x0000000100000000)
  region size 1024K, 89 young (91136K), 3 survivors (3072K)
 Metaspace       used 86551K, committed 87488K, reserved 1179648K
  class space    used 11186K, committed 11648K, reserved 1048576K
}
Event: 74821.177 GC heap after
{Heap after GC invocations=67 (full 0):
 garbage-first heap   total 157696K, used 45739K [0x00000000c5800000, 0x0000000100000000)
  region size 1024K, 1 young (1024K), 1 survivors (1024K)
 Metaspace       used 86551K, committed 87488K, reserved 1179648K
  class space    used 11186K, committed 11648K, reserved 1048576K
}
Event: 74821.416 GC heap before
{Heap before GC invocations=67 (full 0):
 garbage-first heap   total 157696K, used 51883K [0x00000000c5800000, 0x0000000100000000)
  region size 1024K, 7 young (7168K), 1 survivors (1024K)
 Metaspace       used 86552K, committed 87488K, reserved 1179648K
  class space    used 11186K, committed 11648K, reserved 1048576K
}
Event: 74821.521 GC heap after
{Heap after GC invocations=68 (full 0):
 garbage-first heap   total 157696K, used 45649K [0x00000000c5800000, 0x0000000100000000)
  region size 1024K, 1 young (1024K), 1 survivors (1024K)
 Metaspace       used 86552K, committed 87488K, reserved 1179648K
  class space    used 11186K, committed 11648K, reserved 1048576K
}

Dll operation events (14 events):
Event: 0.055 Loaded shared library C:\Users\Sniffer\.jdks\ms-17.0.17\bin\java.dll
Event: 0.286 Loaded shared library C:\Users\Sniffer\.jdks\ms-17.0.17\bin\jsvml.dll
Event: 1.716 Loaded shared library C:\Users\Sniffer\.jdks\ms-17.0.17\bin\zip.dll
Event: 1.726 Loaded shared library C:\Users\Sniffer\.jdks\ms-17.0.17\bin\instrument.dll
Event: 1.747 Loaded shared library C:\Users\Sniffer\.jdks\ms-17.0.17\bin\net.dll
Event: 1.752 Loaded shared library C:\Users\Sniffer\.jdks\ms-17.0.17\bin\nio.dll
Event: 1.762 Loaded shared library C:\Users\Sniffer\.jdks\ms-17.0.17\bin\zip.dll
Event: 2.335 Loaded shared library C:\Program Files\JetBrains\IntelliJ IDEA Community Edition 2024.2.3\bin\breakgen64.dll
Event: 2.389 Loaded shared library C:\Users\Sniffer\.jdks\ms-17.0.17\bin\extnet.dll
Event: 2.517 Loaded shared library C:\Users\Sniffer\.jdks\ms-17.0.17\bin\jimage.dll
Event: 11.015 Loaded shared library C:\Users\Sniffer\.jdks\ms-17.0.17\bin\sunmscapi.dll
Event: 25.494 Loaded shared library C:\Users\Sniffer\.jdks\ms-17.0.17\bin\management.dll
Event: 25.510 Loaded shared library C:\Users\Sniffer\.jdks\ms-17.0.17\bin\management_ext.dll
Event: 30.189 Loaded shared library C:\Users\Sniffer\.jdks\ms-17.0.17\bin\verify.dll

Deoptimization events (20 events):
Event: 74623.856 Thread 0x000002a8fd696440 DEOPT PACKING pc=0x000002a880c927e7 sp=0x000000fc160fa200
Event: 74623.859 Thread 0x000002a8fd696440 DEOPT UNPACKING pc=0x000002a887587124 sp=0x000000fc160f96a0 mode 0
Event: 74659.758 Thread 0x000002a8d03969c0 DEOPT PACKING pc=0x000002a8810040b5 sp=0x000000fc15ef9200
Event: 74659.760 Thread 0x000002a8d03969c0 DEOPT UNPACKING pc=0x000002a887587124 sp=0x000000fc15ef8778 mode 0
Event: 74681.692 Thread 0x000002a8d1f64640 Uncommon trap: trap_request=0xfffffff4 fr.pc=0x000002a888304200 relative=0x00000000000001a0
Event: 74681.692 Thread 0x000002a8d1f64640 Uncommon trap: reason=null_check action=make_not_entrant pc=0x000002a888304200 method=com.mysql.cj.jdbc.result.ResultSetImpl.getDouble(I)D @ 8 c2
Event: 74681.693 Thread 0x000002a8d1f64640 DEOPT PACKING pc=0x000002a888304200 sp=0x000000fc15cf73d0
Event: 74681.693 Thread 0x000002a8d1f64640 DEOPT UNPACKING pc=0x000002a88758699d sp=0x000000fc15cf7270 mode 2
Event: 74684.827 Thread 0x000002a8d089b840 Uncommon trap: trap_request=0xffffff45 fr.pc=0x000002a88840ca54 relative=0x00000000000002f4
Event: 74684.827 Thread 0x000002a8d089b840 Uncommon trap: reason=unstable_if action=reinterpret pc=0x000002a88840ca54 method=com.fasterxml.jackson.databind.ser.impl.PropertySerializerMap$Multi.serializerFor(Ljava/lang/Class;)Lcom/fasterxml/jackson/databind/JsonSerializer; @ 65 c2
Event: 74684.827 Thread 0x000002a8d089b840 DEOPT PACKING pc=0x000002a88840ca54 sp=0x000000fc15bf9b90
Event: 74684.828 Thread 0x000002a8d089b840 DEOPT UNPACKING pc=0x000002a88758699d sp=0x000000fc15bf9ad8 mode 2
Event: 74684.830 Thread 0x000002a8d089b840 Uncommon trap: trap_request=0xffffff45 fr.pc=0x000002a88840c1d8 relative=0x0000000000000218
Event: 74684.830 Thread 0x000002a8d089b840 Uncommon trap: reason=unstable_if action=reinterpret pc=0x000002a88840c1d8 method=com.fasterxml.jackson.databind.ser.impl.PropertySerializerMap$Multi.serializerFor(Ljava/lang/Class;)Lcom/fasterxml/jackson/databind/JsonSerializer; @ 65 c2
Event: 74684.830 Thread 0x000002a8d089b840 DEOPT PACKING pc=0x000002a88840c1d8 sp=0x000000fc15bf9b10
Event: 74684.831 Thread 0x000002a8d089b840 DEOPT UNPACKING pc=0x000002a88758699d sp=0x000000fc15bf9ac8 mode 2
Event: 74821.817 Thread 0x000002a8d1f5bde0 Uncommon trap: trap_request=0xffffff45 fr.pc=0x000002a8882894b8 relative=0x0000000000000738
Event: 74821.818 Thread 0x000002a8d1f5bde0 Uncommon trap: reason=unstable_if action=reinterpret pc=0x000002a8882894b8 method=com.fasterxml.jackson.core.json.UTF8JsonGenerator._verifyValueWrite(Ljava/lang/String;)V @ 118 c2
Event: 74821.819 Thread 0x000002a8d1f5bde0 DEOPT PACKING pc=0x000002a8882894b8 sp=0x000000fc13bf9580
Event: 74821.821 Thread 0x000002a8d1f5bde0 DEOPT UNPACKING pc=0x000002a88758699d sp=0x000000fc13bf94c0 mode 2

Classes loaded (20 events):
Event: 1801.954 Loading class javax/net/ssl/TrustManager
Event: 1801.957 Loading class javax/net/ssl/TrustManager done
Event: 5889.524 Loading class sun/reflect/annotation/AnnotationInvocationHandler$1
Event: 5889.531 Loading class sun/reflect/annotation/AnnotationInvocationHandler$1 done
Event: 10793.220 Loading class java/util/stream/ReferencePipeline$5
Event: 10793.244 Loading class java/util/stream/LongPipeline$StatelessOp
Event: 10793.254 Loading class java/util/stream/LongPipeline
Event: 10793.394 Loading class java/util/stream/LongPipeline done
Event: 10793.394 Loading class java/util/stream/LongPipeline$StatelessOp done
Event: 10793.394 Loading class java/util/stream/ReferencePipeline$5 done
Event: 10793.400 Loading class java/util/function/LongBinaryOperator
Event: 10793.402 Loading class java/util/function/LongBinaryOperator done
Event: 10793.406 Loading class java/util/stream/ReduceOps$10
Event: 10793.463 Loading class java/util/stream/ReduceOps$10 done
Event: 10793.463 Loading class java/util/stream/ReduceOps$8ReducingSink
Event: 10793.492 Loading class java/util/stream/Sink$OfLong
Event: 10793.503 Loading class java/util/stream/Sink$OfLong done
Event: 10793.504 Loading class java/util/stream/ReduceOps$8ReducingSink done
Event: 10793.505 Loading class java/util/stream/ReferencePipeline$5$1
Event: 10793.509 Loading class java/util/stream/ReferencePipeline$5$1 done

Classes unloaded (20 events):
Event: 74661.785 Thread 0x000002a8ebf4e610 Unloading class 0x000002a890b3f800 'java/lang/invoke/LambdaForm$MH+0x000002a890b3f800'
Event: 74661.785 Thread 0x000002a8ebf4e610 Unloading class 0x000002a890b3f400 'java/lang/invoke/LambdaForm$MH+0x000002a890b3f400'
Event: 74661.785 Thread 0x000002a8ebf4e610 Unloading class 0x000002a890b3f000 'java/lang/invoke/LambdaForm$MH+0x000002a890b3f000'
Event: 74661.785 Thread 0x000002a8ebf4e610 Unloading class 0x000002a890012400 'java/lang/invoke/LambdaForm$MH+0x000002a890012400'
Event: 74661.786 Thread 0x000002a8ebf4e610 Unloading class 0x000002a890012000 'java/lang/invoke/LambdaForm$MH+0x000002a890012000'
Event: 74661.786 Thread 0x000002a8ebf4e610 Unloading class 0x000002a890018c00 'java/lang/invoke/LambdaForm$MH+0x000002a890018c00'
Event: 74661.786 Thread 0x000002a8ebf4e610 Unloading class 0x000002a890085400 'java/lang/invoke/LambdaForm$MH+0x000002a890085400'
Event: 74661.786 Thread 0x000002a8ebf4e610 Unloading class 0x000002a890085000 'java/lang/invoke/LambdaForm$MH+0x000002a890085000'
Event: 74661.786 Thread 0x000002a8ebf4e610 Unloading class 0x000002a8902a0000 'java/lang/invoke/LambdaForm$MH+0x000002a8902a0000'
Event: 74661.786 Thread 0x000002a8ebf4e610 Unloading class 0x000002a8902b0400 'java/lang/invoke/LambdaForm$MH+0x000002a8902b0400'
Event: 74661.786 Thread 0x000002a8ebf4e610 Unloading class 0x000002a8902b0000 'java/lang/invoke/LambdaForm$MH+0x000002a8902b0000'
Event: 74661.786 Thread 0x000002a8ebf4e610 Unloading class 0x000002a890b3d400 'java/lang/invoke/LambdaForm$MH+0x000002a890b3d400'
Event: 74661.786 Thread 0x000002a8ebf4e610 Unloading class 0x000002a890b20800 'java/lang/invoke/LambdaForm$MH+0x000002a890b20800'
Event: 74661.786 Thread 0x000002a8ebf4e610 Unloading class 0x000002a890b2dc00 'java/lang/invoke/LambdaForm$MH+0x000002a890b2dc00'
Event: 74661.786 Thread 0x000002a8ebf4e610 Unloading class 0x000002a890398c00 'java/lang/invoke/LambdaForm$MH+0x000002a890398c00'
Event: 74661.786 Thread 0x000002a8ebf4e610 Unloading class 0x000002a890396400 'java/lang/invoke/LambdaForm$MH+0x000002a890396400'
Event: 74661.786 Thread 0x000002a8ebf4e610 Unloading class 0x000002a890388c00 'java/lang/invoke/LambdaForm$MH+0x000002a890388c00'
Event: 74661.786 Thread 0x000002a8ebf4e610 Unloading class 0x000002a890387800 'java/lang/invoke/LambdaForm$MH+0x000002a890387800'
Event: 74661.786 Thread 0x000002a8ebf4e610 Unloading class 0x000002a890386c00 'java/lang/invoke/LambdaForm$MH+0x000002a890386c00'
Event: 74661.786 Thread 0x000002a8ebf4e610 Unloading class 0x000002a890384c00 'java/lang/invoke/LambdaForm$MH+0x000002a890384c00'

Classes redefined (0 events):
No events

Internal exceptions (20 events):
Event: 73311.755 Thread 0x000002a8fd696920 Exception <a 'java/lang/StackOverflowError'{0x00000000ca863780}> (0x00000000ca863780) 
thrown [s\src\hotspot\share\runtime\sharedRuntime.cpp, line 631]
Event: 74337.023 Thread 0x000002a8d089b840 StackOverflowError at 0x000002a887ca7bc0
Event: 74337.152 Thread 0x000002a8d089b840 Exception <a 'java/lang/StackOverflowError'{0x00000000c9cfd628}> (0x00000000c9cfd628) 
thrown [s\src\hotspot\share\runtime\sharedRuntime.cpp, line 631]
Event: 74603.840 Thread 0x000002a8d089b840 StackOverflowError at 0x000002a887ca7bc0
Event: 74603.892 Thread 0x000002a8d089b840 Exception <a 'java/lang/StackOverflowError'{0x00000000cc2ffc50}> (0x00000000cc2ffc50) 
thrown [s\src\hotspot\share\runtime\sharedRuntime.cpp, line 631]
Event: 74603.986 Thread 0x000002a8d0396ea0 StackOverflowError at 0x000002a887cf8760
Event: 74603.986 Thread 0x000002a8d0396ea0 Exception <a 'java/lang/StackOverflowError'{0x00000000cbd12970}> (0x00000000cbd12970) 
thrown [s\src\hotspot\share\runtime\sharedRuntime.cpp, line 631]
Event: 74627.618 Thread 0x000002a8d089b840 StackOverflowError at 0x000002a88816b800
Event: 74627.619 Thread 0x000002a8d089b840 Exception <a 'java/lang/StackOverflowError'{0x00000000caafe7d8}> (0x00000000caafe7d8) 
thrown [s\src\hotspot\share\runtime\sharedRuntime.cpp, line 631]
Event: 74627.845 Thread 0x000002a8d0396ea0 StackOverflowError at 0x000002a88816b800
Event: 74627.845 Thread 0x000002a8d0396ea0 Exception <a 'java/lang/StackOverflowError'{0x00000000ca5b6d28}> (0x00000000ca5b6d28) 
thrown [s\src\hotspot\share\runtime\sharedRuntime.cpp, line 631]
Event: 74660.652 Thread 0x000002a8fd696920 StackOverflowError at 0x000002a887ca7bc0
Event: 74660.654 Thread 0x000002a8fd696920 Exception <a 'java/lang/StackOverflowError'{0x00000000d42a71b0}> (0x00000000d42a71b0) 
thrown [s\src\hotspot\share\runtime\sharedRuntime.cpp, line 631]
Event: 74660.925 Thread 0x000002a8d1f64b20 StackOverflowError at 0x000002a887cf8760
Event: 74660.926 Thread 0x000002a8d1f64b20 Exception <a 'java/lang/StackOverflowError'{0x00000000d41978d0}> (0x00000000d41978d0) 
thrown [s\src\hotspot\share\runtime\sharedRuntime.cpp, line 631]
Event: 74681.691 Thread 0x000002a8d1f64640 Implicit null exception at 0x000002a8883040dc to 0x000002a8883041f4
Event: 74821.584 Thread 0x000002a8d1f64b20 StackOverflowError at 0x000002a887ca7bc0
Event: 74821.590 Thread 0x000002a8d1f5bde0 StackOverflowError at 0x000002a88816b800
Event: 74821.734 Thread 0x000002a8d1f5bde0 Exception <a 'java/lang/StackOverflowError'{0x00000000cedcec30}> (0x00000000cedcec30) 
thrown [s\src\hotspot\share\runtime\sharedRuntime.cpp, line 631]
Event: 74821.734 Thread 0x000002a8d1f64b20 Exception <a 'java/lang/StackOverflowError'{0x00000000cee8b130}> (0x00000000cee8b130) 
thrown [s\src\hotspot\share\runtime\sharedRuntime.cpp, line 631]

VM Operations (20 events):
Event: 74862.684 Executing VM operation: Cleanup
Event: 74862.684 Executing VM operation: Cleanup done
Event: 74863.692 Executing VM operation: Cleanup
Event: 74863.692 Executing VM operation: Cleanup done
Event: 74872.702 Executing VM operation: HandshakeAllThreads
Event: 74872.728 Executing VM operation: HandshakeAllThreads done
Event: 74872.728 Executing VM operation: Cleanup
Event: 74872.729 Executing VM operation: Cleanup done
Event: 74873.733 Executing VM operation: Cleanup
Event: 74873.734 Executing VM operation: Cleanup done
Event: 74874.740 Executing VM operation: Cleanup
Event: 74874.740 Executing VM operation: Cleanup done
Event: 74875.750 Executing VM operation: Cleanup
Event: 74875.750 Executing VM operation: Cleanup done
Event: 74876.764 Executing VM operation: Cleanup
Event: 74876.764 Executing VM operation: Cleanup done
Event: 74887.242 Executing VM operation: HandshakeAllThreads
Event: 74887.962 Executing VM operation: HandshakeAllThreads done
Event: 74947.368 Executing VM operation: HandshakeAllThreads
Event: 74947.370 Executing VM operation: HandshakeAllThreads done

Memory protections (0 events):
No events

Nmethod flushes (20 events):
Event: 74873.843 Thread 0x000002a8f81c7d10 flushing  nmethod 0x000002a8814dc310
Event: 74873.844 Thread 0x000002a8f81c7d10 flushing  nmethod 0x000002a8814e1110
Event: 74873.846 Thread 0x000002a8f81c7d10 flushing  nmethod 0x000002a8814ec710
Event: 74873.846 Thread 0x000002a8f81c7d10 flushing  nmethod 0x000002a8814ed110
Event: 74873.846 Thread 0x000002a8f81c7d10 flushing  nmethod 0x000002a8814ed910
Event: 74873.846 Thread 0x000002a8f81c7d10 flushing  nmethod 0x000002a8814f4210
Event: 74873.849 Thread 0x000002a8f81c7d10 flushing  nmethod 0x000002a881513010
Event: 74873.849 Thread 0x000002a8f81c7d10 flushing  nmethod 0x000002a881518490
Event: 74873.853 Thread 0x000002a8f81c7d10 flushing  nmethod 0x000002a88154a810
Event: 74873.854 Thread 0x000002a8f81c7d10 flushing  nmethod 0x000002a88154d110
Event: 74873.856 Thread 0x000002a8f81c7d10 flushing  nmethod 0x000002a88156a910
Event: 74873.860 Thread 0x000002a8f81c7d10 flushing  nmethod 0x000002a8815a4510
Event: 74873.861 Thread 0x000002a8f81c7d10 flushing  nmethod 0x000002a8815b8c90
Event: 74873.861 Thread 0x000002a8f81c7d10 flushing  nmethod 0x000002a8815b9210
Event: 74873.862 Thread 0x000002a8f81c7d10 flushing  nmethod 0x000002a8815c0590
Event: 74873.886 Thread 0x000002a8f81c7d10 flushing  nmethod 0x000002a881754f90
Event: 74873.891 Thread 0x000002a8f81c7d10 flushing  nmethod 0x000002a88177ce10
Event: 74873.916 Thread 0x000002a8f81c7d10 flushing  nmethod 0x000002a881961010
Event: 74873.916 Thread 0x000002a8f81c7d10 flushing  nmethod 0x000002a881961f10
Event: 74873.916 Thread 0x000002a8f81c7d10 flushing  nmethod 0x000002a881962e10

Events (20 events):
Event: 73964.829 Thread 0x000002a8f8a1d0b0 Thread added: 0x000002a8fe7809b0
Event: 73964.836 Thread 0x000002a8f8a1d0b0 Thread added: 0x000002a8fe780ec0
Event: 73970.171 Thread 0x000002a8fe7809b0 Thread exited: 0x000002a8fe7809b0
Event: 73971.447 Thread 0x000002a8fe780ec0 Thread exited: 0x000002a8fe780ec0
Event: 73972.269 Thread 0x000002a8f8a1d0b0 Thread added: 0x000002a8fe7804a0
Event: 73972.270 Thread 0x000002a8f8a1d0b0 Thread added: 0x000002a8fe7809b0
Event: 73978.667 Thread 0x000002a8fe7804a0 Thread exited: 0x000002a8fe7804a0
Event: 73978.689 Thread 0x000002a8fe7809b0 Thread exited: 0x000002a8fe7809b0
Event: 73979.608 Thread 0x000002a8f8a1d0b0 Thread added: 0x000002a8fe7804a0
Event: 73979.609 Thread 0x000002a8f8a1d0b0 Thread added: 0x000002a8fe782300
Event: 73995.363 Thread 0x000002a8fe7804a0 Thread exited: 0x000002a8fe7804a0
Event: 73995.376 Thread 0x000002a8fe782300 Thread exited: 0x000002a8fe782300
Event: 73996.854 Thread 0x000002a8f8a1d0b0 Thread added: 0x000002a8fe782810
Event: 73996.855 Thread 0x000002a8f8a1d0b0 Thread added: 0x000002a8fe7818e0
Event: 74006.399 Thread 0x000002a8fe782810 Thread exited: 0x000002a8fe782810
Event: 74006.412 Thread 0x000002a8fe7818e0 Thread exited: 0x000002a8fe7818e0
Event: 74335.543 Thread 0x000002a8d0573980 Thread added: 0x000002a8fe77f060
Event: 74340.676 Thread 0x000002a8fe77f060 Thread exited: 0x000002a8fe77f060
Event: 74366.759 Thread 0x000002a8d0572a50 Thread added: 0x000002a8fe781df0
Event: 74371.965 Thread 0x000002a8fe781df0 Thread exited: 0x000002a8fe781df0


Dynamic libraries:
0x00007ff6a3170000 - 0x00007ff6a317e000 	C:\Users\Sniffer\.jdks\ms-17.0.17\bin\java.exe
0x00007ffc89270000 - 0x00007ffc89468000 	C:\Windows\SYSTEM32\ntdll.dll
0x00007ffc88680000 - 0x00007ffc88742000 	C:\Windows\System32\KERNEL32.DLL
0x00007ffc86980000 - 0x00007ffc86c76000 	C:\Windows\System32\KERNELBASE.dll
0x00007ffc86cb0000 - 0x00007ffc86db0000 	C:\Windows\System32\ucrtbase.dll
0x00007ffc7f1e0000 - 0x00007ffc7f1f8000 	C:\Users\Sniffer\.jdks\ms-17.0.17\bin\jli.dll
0x00007ffc883f0000 - 0x00007ffc88591000 	C:\Windows\System32\USER32.dll
0x00007ffc87030000 - 0x00007ffc87052000 	C:\Windows\System32\win32u.dll
0x00007ffc87290000 - 0x00007ffc872bb000 	C:\Windows\System32\GDI32.dll
0x00007ffc86db0000 - 0x00007ffc86ec9000 	C:\Windows\System32\gdi32full.dll
0x00007ffc7f7f0000 - 0x00007ffc7f80e000 	C:\Users\Sniffer\.jdks\ms-17.0.17\bin\VCRUNTIME140.dll
0x00007ffc870f0000 - 0x00007ffc8718d000 	C:\Windows\System32\msvcp_win.dll
0x00007ffc6aeb0000 - 0x00007ffc6b14b000 	C:\Windows\WinSxS\amd64_microsoft.windows.common-controls_6595b64144ccf1df_6.0.19041.6456_none_60b8a6cb71f64256\COMCTL32.dll
0x00007ffc87c90000 - 0x00007ffc87d2e000 	C:\Windows\System32\msvcrt.dll
0x00007ffc87c60000 - 0x00007ffc87c8f000 	C:\Windows\System32\IMM32.DLL
0x00007ffc81800000 - 0x00007ffc8180c000 	C:\Users\Sniffer\.jdks\ms-17.0.17\bin\vcruntime140_1.dll
0x00007ffc51e90000 - 0x00007ffc51f19000 	C:\Users\Sniffer\.jdks\ms-17.0.17\bin\msvcp140.dll
0x00007ffc06670000 - 0x00007ffc072ea000 	C:\Users\Sniffer\.jdks\ms-17.0.17\bin\server\jvm.dll
0x00007ffc88180000 - 0x00007ffc88231000 	C:\Windows\System32\ADVAPI32.dll
0x00007ffc872c0000 - 0x00007ffc8735f000 	C:\Windows\System32\sechost.dll
0x00007ffc88060000 - 0x00007ffc88180000 	C:\Windows\System32\RPCRT4.dll
0x00007ffc86c80000 - 0x00007ffc86ca7000 	C:\Windows\System32\bcrypt.dll
0x00007ffc87ff0000 - 0x00007ffc8805b000 	C:\Windows\System32\WS2_32.dll
0x00007ffc6b700000 - 0x00007ffc6b727000 	C:\Windows\SYSTEM32\WINMM.dll
0x00007ffc77840000 - 0x00007ffc7784a000 	C:\Windows\SYSTEM32\VERSION.dll
0x00007ffc866b0000 - 0x00007ffc866fb000 	C:\Windows\SYSTEM32\POWRPROF.dll
0x00007ffc86690000 - 0x00007ffc866a2000 	C:\Windows\SYSTEM32\UMPDC.dll
0x00007ffc85110000 - 0x00007ffc85122000 	C:\Windows\SYSTEM32\kernel.appcore.dll
0x00007ffc7ee70000 - 0x00007ffc7ee7a000 	C:\Users\Sniffer\.jdks\ms-17.0.17\bin\jimage.dll
0x00007ffc84e10000 - 0x00007ffc85011000 	C:\Windows\SYSTEM32\DBGHELP.DLL
0x00007ffc6a960000 - 0x00007ffc6a994000 	C:\Windows\SYSTEM32\dbgcore.DLL
0x00007ffc87060000 - 0x00007ffc870e2000 	C:\Windows\System32\bcryptPrimitives.dll
0x00007ffc7ee60000 - 0x00007ffc7ee6f000 	C:\Users\Sniffer\.jdks\ms-17.0.17\bin\instrument.dll
0x00007ffc6c9f0000 - 0x00007ffc6ca16000 	C:\Users\Sniffer\.jdks\ms-17.0.17\bin\java.dll
0x00007ffc517f0000 - 0x00007ffc518c6000 	C:\Users\Sniffer\.jdks\ms-17.0.17\bin\jsvml.dll
0x00007ffc87430000 - 0x00007ffc87ba0000 	C:\Windows\System32\SHELL32.dll
0x00007ffc84650000 - 0x00007ffc84df5000 	C:\Windows\SYSTEM32\windows.storage.dll
0x00007ffc88ed0000 - 0x00007ffc89224000 	C:\Windows\System32\combase.dll
0x00007ffc862c0000 - 0x00007ffc862eb000 	C:\Windows\SYSTEM32\Wldp.dll
0x00007ffc87f10000 - 0x00007ffc87fdd000 	C:\Windows\System32\OLEAUT32.dll
0x00007ffc87e60000 - 0x00007ffc87f0d000 	C:\Windows\System32\SHCORE.dll
0x00007ffc87ba0000 - 0x00007ffc87bfb000 	C:\Windows\System32\shlwapi.dll
0x00007ffc86830000 - 0x00007ffc86854000 	C:\Windows\SYSTEM32\profapi.dll
0x00007ffc6c930000 - 0x00007ffc6c948000 	C:\Users\Sniffer\.jdks\ms-17.0.17\bin\zip.dll
0x00007ffc6c9d0000 - 0x00007ffc6c9eb000 	C:\Users\Sniffer\.jdks\ms-17.0.17\bin\net.dll
0x00007ffc77590000 - 0x00007ffc7769a000 	C:\Windows\SYSTEM32\WINHTTP.dll
0x00007ffc85fb0000 - 0x00007ffc8601a000 	C:\Windows\system32\mswsock.dll
0x00007ffc6c950000 - 0x00007ffc6c966000 	C:\Users\Sniffer\.jdks\ms-17.0.17\bin\nio.dll
0x00007ffc6c510000 - 0x00007ffc6c52a000 	C:\Program Files\JetBrains\IntelliJ IDEA Community Edition 2024.2.3\bin\breakgen64.dll
0x00007ffc704f0000 - 0x00007ffc704f9000 	C:\Users\Sniffer\.jdks\ms-17.0.17\bin\extnet.dll
0x00007ffc6c9a0000 - 0x00007ffc6c9ae000 	C:\Users\Sniffer\.jdks\ms-17.0.17\bin\sunmscapi.dll
0x00007ffc86ed0000 - 0x00007ffc8702d000 	C:\Windows\System32\CRYPT32.dll
0x00007ffc86330000 - 0x00007ffc86357000 	C:\Windows\SYSTEM32\ncrypt.dll
0x00007ffc862f0000 - 0x00007ffc8632b000 	C:\Windows\SYSTEM32\NTASN1.dll
0x00007ffc861a0000 - 0x00007ffc861b8000 	C:\Windows\SYSTEM32\CRYPTSP.dll
0x00007ffc858d0000 - 0x00007ffc85908000 	C:\Windows\system32\rsaenh.dll
0x00007ffc867b0000 - 0x00007ffc867de000 	C:\Windows\SYSTEM32\USERENV.dll
0x00007ffc861c0000 - 0x00007ffc861cc000 	C:\Windows\SYSTEM32\CRYPTBASE.dll
0x00007ffc85c90000 - 0x00007ffc85ccb000 	C:\Windows\SYSTEM32\IPHLPAPI.DLL
0x00007ffc87360000 - 0x00007ffc87368000 	C:\Windows\System32\NSI.dll
0x00007ffc77820000 - 0x00007ffc77837000 	C:\Windows\SYSTEM32\dhcpcsvc6.DLL
0x00007ffc77920000 - 0x00007ffc7793d000 	C:\Windows\SYSTEM32\dhcpcsvc.DLL
0x00007ffc85cd0000 - 0x00007ffc85d9a000 	C:\Windows\SYSTEM32\DNSAPI.dll
0x00007ffc6c920000 - 0x00007ffc6c92a000 	C:\Users\Sniffer\.jdks\ms-17.0.17\bin\management.dll
0x00007ffc65880000 - 0x00007ffc6588c000 	C:\Users\Sniffer\.jdks\ms-17.0.17\bin\management_ext.dll
0x00007ffc885a0000 - 0x00007ffc885a8000 	C:\Windows\System32\PSAPI.DLL
0x00007ffc62700000 - 0x00007ffc62710000 	C:\Users\Sniffer\.jdks\ms-17.0.17\bin\verify.dll
0x0000000052480000 - 0x00000000524a6000 	C:\Program Files\Bonjour\mdnsNSP.dll
0x00007ffc6f440000 - 0x00007ffc6f44a000 	C:\Windows\System32\rasadhlp.dll
0x00007ffc6f9b0000 - 0x00007ffc6fa30000 	C:\Windows\System32\fwpuclnt.dll
0x00007ffc80020000 - 0x00007ffc80027000 	C:\Windows\system32\wshunix.dll

dbghelp: loaded successfully - version: 4.0.5 - missing functions: none
symbol engine: initialized successfully - sym options: 0x614 - pdb path: .;C:\Users\Sniffer\.jdks\ms-17.0.17\bin;C:\Windows\SYSTEM32;C:\Windows\WinSxS\amd64_microsoft.windows.common-controls_6595b64144ccf1df_6.0.19041.6456_none_60b8a6cb71f64256;C:\Users\Sniffer\.jdks\ms-17.0.17\bin\server;C:\Program Files\JetBrains\IntelliJ IDEA Community Edition 2024.2.3\bin;C:\Program Files\Bonjour

VM Arguments:
jvm_args: -javaagent:C:\Program Files\JetBrains\IntelliJ IDEA Community Edition 2024.2.3\lib\idea_rt.jar=53945:C:\Program Files\JetBrains\IntelliJ IDEA Community Edition 2024.2.3\bin -Dfile.encoding=UTF-8 
java_command: com.ges.boutique.BoutiqueApplication
java_class_path (initial): C:\Users\Sniffer\Desktop\alimentation-boutique-back\boutique\target\classes;C:\Users\Sniffer\.m2\repository\org\springframework\boot\spring-boot-starter-web\3.2.0\spring-boot-starter-web-3.2.0.jar;C:\Users\Sniffer\.m2\repository\org\springframework\boot\spring-boot-starter\3.2.0\spring-boot-starter-3.2.0.jar;C:\Users\Sniffer\.m2\repository\org\springframework\boot\spring-boot\3.2.0\spring-boot-3.2.0.jar;C:\Users\Sniffer\.m2\repository\org\springframework\boot\spring-boot-autoconfigure\3.2.0\spring-boot-autoconfigure-3.2.0.jar;C:\Users\Sniffer\.m2\repository\org\springframework\boot\spring-boot-starter-logging\3.2.0\spring-boot-starter-logging-3.2.0.jar;C:\Users\Sniffer\.m2\repository\ch\qos\logback\logback-classic\1.4.11\logback-classic-1.4.11.jar;C:\Users\Sniffer\.m2\repository\ch\qos\logback\logback-core\1.4.11\logback-core-1.4.11.jar;C:\Users\Sniffer\.m2\repository\org\apache\logging\log4j\log4j-to-slf4j\2.21.1\log4j-to-slf4j-2.21.1.jar;C:\Users\Sniffer\.m2\repository\org\slf4j\jul-to-slf4j\2.0.9\jul-to-slf4j-2.0.9.jar;C:\Users\Sniffer\.m2\repository\jakarta\annotation\jakarta.annotation-api\2.1.1\jakarta.annotation-api-2.1.1.jar;C:\Users\Sniffer\.m2\repository\org\yaml\snakeyaml\2.2\snakeyaml-2.2.jar;C:\Users\Sniffer\.m2\repository\org\springframework\boot\spring-boot-starter-json\3.2.0\spring-boot-starter-json-3.2.0.jar;C:\Users\Sniffer\.m2\repository\com\fasterxml\jackson\datatype\jackson-datatype-jdk8\2.15.3\jackson-datatype-jdk8-2.15.3.jar;C:\Users\Sniffer\.m2\repository\com\fasterxml\jackson\datatype\jackson-datatype-jsr310\2.15.3\jackson-datatype-jsr310-2.15.3.jar;C:\Users\Sniffer\.m2\repository\com\fasterxml\jackson\module\jackson-module-parameter-names\2.15.3\jackson-module-parameter-names-2.15.3.jar;C:\Users\Sniffer\.m2\repository\org\springframework\boot\spring-boot-starter-tomcat\3.2.0\spring-boot-starter-tomcat-3.2.0.jar;C:\Users\Sniffer\.m2\repository\org\apache\tomcat\embed\tomcat-embed-core\10.1.16\tomcat-embed-core-10
Launcher Type: SUN_STANDARD

[Global flags]
     intx CICompilerCount                          = 3                                         {product} {ergonomic}
     uint ConcGCThreads                            = 1                                         {product} {ergonomic}
     uint G1ConcRefinementThreads                  = 4                                         {product} {ergonomic}
   size_t G1HeapRegionSize                         = 1048576                                   {product} {ergonomic}
    uintx GCDrainStackTargetSize                   = 64                                        {product} {ergonomic}
   size_t InitialHeapSize                          = 62914560                                  {product} {ergonomic}
   size_t MarkStackSize                            = 4194304                                   {product} {ergonomic}
   size_t MaxHeapSize                              = 981467136                                 {product} {ergonomic}
   size_t MaxNewSize                               = 588251136                                 {product} {ergonomic}
   size_t MinHeapDeltaBytes                        = 1048576                                   {product} {ergonomic}
   size_t MinHeapSize                              = 8388608                                   {product} {ergonomic}
    uintx NonNMethodCodeHeapSize                   = 5832780                                {pd product} {ergonomic}
    uintx NonProfiledCodeHeapSize                  = 122912730                              {pd product} {ergonomic}
    uintx ProfiledCodeHeapSize                     = 122912730                              {pd product} {ergonomic}
    uintx ReservedCodeCacheSize                    = 251658240                              {pd product} {ergonomic}
     bool SegmentedCodeCache                       = true                                      {product} {ergonomic}
   size_t SoftMaxHeapSize                          = 981467136                              {manageable} {ergonomic}
     bool UseCompressedClassPointers               = true                           {product lp64_product} {ergonomic}
     bool UseCompressedOops                        = true                           {product lp64_product} {ergonomic}
     bool UseG1GC                                  = true                                      {product} {ergonomic}
     bool UseLargePagesIndividualAllocation        = false                                  {pd product} {ergonomic}

Logging:
Log output configuration:
 #0: stdout all=warning uptime,level,tags
 #1: stderr all=off uptime,level,tags

Environment Variables:
PATH=C:\Python314\Scripts\;C:\Python314\;C:\Program Files\Common Files\Oracle\Java\javapath;C:\Windows\system32;C:\Windows;C:\Windows\System32\Wbem;C:\Windows\System32\WindowsPowerShell\v1.0\;C:\Windows\System32\OpenSSH\;C:\Program Files\Git\cmd;C:\ProgramData\chocolatey\bin;C:\ProgramData\chocolatey\lib\maven\apache-maven-3.9.12\bin;C:\Program Files\nodejs\;C:\Program Files\cursor\resources\app\bin;C:\Users\Sniffer\AppData\Local\Microsoft\WindowsApps;C:\Program Files\JetBrains\IntelliJ IDEA Community Edition 2024.2.3\bin;;C:\Users\Sniffer\AppData\Local\Programs\Microsoft VS Code\bin;C:\Users\Sniffer\AppData\Local\GitHubDesktop\bin;C:\Users\Sniffer\AppData\Roaming\npm;C:\Users\Sniffer\AppData\Local\PowerToys\DSCModules\
USERNAME=Sniffer
OS=Windows_NT
PROCESSOR_IDENTIFIER=Intel64 Family 6 Model 122 Stepping 8, GenuineIntel
TMP=C:\Users\Sniffer\AppData\Local\Temp
TEMP=C:\Users\Sniffer\AppData\Local\Temp



Periodic native trim disabled


---------------  S Y S T E M  ---------------

OS:
 Windows 10 , 64 bit Build 19041 (10.0.19041.5915)
OS uptime: 1 days 14:39 hours

CPU: total 4 (initial active 4) (4 cores per cpu, 1 threads per core) family 6 model 122 stepping 8 microcode 0x22, cx8, cmov, fxsr, mmx, 3dnowpref, sse, sse2, sse3, ssse3, sse4.1, sse4.2, popcnt, tsc, tscinvbit, aes, erms, clmul, sha, clflush, clflushopt
Processor Information for the first 4 processors :
  Max Mhz: 1101, Current Mhz: 1101, Mhz Limit: 1101

Memory: 4k page, system-wide physical 3743M (289M free)
TotalPageFile size 15007M (AvailPageFile size 2M)
current process WorkingSet (physical memory assigned to process): 27M, peak: 275M
current process commit charge ("private bytes"): 429M, peak: 490M

vm_info: OpenJDK 64-Bit Server VM (17.0.17+10-LTS) for windows-amd64 JRE (17.0.17+10-LTS), built on Oct 13 2025 22:19:56 by "MicrosoftCorporation" with unknown MS VC++:1944

END.
