#
# There is insufficient memory for the Java Runtime Environment to continue.
# Native memory allocation (malloc) failed to allocate 32744 bytes. Error detail: ChunkPool::allocate
# Possible reasons:
#   The system is out of physical RAM or swap space
#   This process is running with CompressedOops enabled, and the Java Heap may be blocking the growth of the native heap
# Possible solutions:
#   Reduce memory load on the system
#   Increase physical memory or swap space
#   Check if swap backing store is full
#   Decrease Java heap size (-Xmx/-Xms)
#   Decrease number of Java threads
#   Decrease Java thread stack sizes (-Xss)
#   Set larger code cache with -XX:ReservedCodeCacheSize=
#   JVM is running with Unscaled Compressed Oops mode in which the Java heap is
#     placed in the first 4GB address space. The Java Heap base address is the
#     maximum limit for the native heap growth. Please use -XX:HeapBaseMinAddress
#     to set the Java Heap base and to place the Java Heap above 4GB virtual address.
# This output file may be truncated or incomplete.
#
#  Out of Memory Error (arena.cpp:79), pid=16520, tid=10032
#
# JRE version: OpenJDK Runtime Environment Microsoft-12574423 (17.0.17+10) (build 17.0.17+10-LTS)
# Java VM: OpenJDK 64-Bit Server VM Microsoft-12574423 (17.0.17+10-LTS, mixed mode, sharing, tiered, compressed oops, compressed class ptrs, g1 gc, windows-amd64)
# No core dump will be written. Minidumps are not enabled by default on client versions of Windows
#

---------------  S U M M A R Y ------------

Command Line: -javaagent:C:\Program Files\JetBrains\IntelliJ IDEA Community Edition 2024.2.3\lib\idea_rt.jar=61650:C:\Program Files\JetBrains\IntelliJ IDEA Community Edition 2024.2.3\bin -Dfile.encoding=UTF-8 com.ges.boutique.BoutiqueApplication

Host: Intel(R) Celeron(R) N4120 CPU @ 1.10GHz, 4 cores, 3G,  Windows 10 , 64 bit Build 19041 (10.0.19041.5915)
Time: Sat Feb 28 11:48:02 2026 Paris, Madrid elapsed time: 58.675765 seconds (0d 0h 0m 58s)

---------------  T H R E A D  ---------------

Current thread (0x0000027c71e7f3f0):  JavaThread "C2 CompilerThread0" daemon [_thread_in_native, id=10032, stack(0x000000e8da100000,0x000000e8da200000)]


Current CompileTask:
C2:58676 8363       4       java.lang.invoke.MethodType::makeImpl (109 bytes)

Stack: [0x000000e8da100000,0x000000e8da200000]
Native frames: (J=compiled Java code, j=interpreted, Vv=VM code, C=native code)
V  [jvm.dll+0x68c459]  (no source info available)
V  [jvm.dll+0x845e09]  (no source info available)
V  [jvm.dll+0x847b78]  (no source info available)
V  [jvm.dll+0x848203]  (no source info available)
V  [jvm.dll+0x24cf6f]  (no source info available)
V  [jvm.dll+0xaeebe]  (no source info available)
V  [jvm.dll+0xaf35c]  (no source info available)
V  [jvm.dll+0x3564f7]  (no source info available)
V  [jvm.dll+0x115ce2]  (no source info available)
V  [jvm.dll+0x1b492b]  (no source info available)
V  [jvm.dll+0x34b66c]  (no source info available)
V  [jvm.dll+0x559db4]  (no source info available)
V  [jvm.dll+0x563a0f]  (no source info available)
V  [jvm.dll+0x56e975]  (no source info available)
V  [jvm.dll+0x55a092]  (no source info available)
V  [jvm.dll+0x2b3d7c]  (no source info available)
V  [jvm.dll+0x6a7311]  (no source info available)
V  [jvm.dll+0x69f488]  (no source info available)
V  [jvm.dll+0x69ed1a]  (no source info available)
V  [jvm.dll+0x69cabc]  (no source info available)
V  [jvm.dll+0x1abcec]  (no source info available)
V  [jvm.dll+0x2b3d7c]  (no source info available)
V  [jvm.dll+0x6a7311]  (no source info available)
V  [jvm.dll+0x69f488]  (no source info available)
V  [jvm.dll+0x69ed1a]  (no source info available)
V  [jvm.dll+0x69cabc]  (no source info available)
V  [jvm.dll+0x1abcec]  (no source info available)
V  [jvm.dll+0x2b3d7c]  (no source info available)
V  [jvm.dll+0x6a7311]  (no source info available)
V  [jvm.dll+0x69f488]  (no source info available)
V  [jvm.dll+0x69ed1a]  (no source info available)
V  [jvm.dll+0x69cabc]  (no source info available)
V  [jvm.dll+0x1abcec]  (no source info available)
V  [jvm.dll+0x21cf52]  (no source info available)
V  [jvm.dll+0x1a8ce6]  (no source info available)
V  [jvm.dll+0x22db1b]  (no source info available)
V  [jvm.dll+0x22bca6]  (no source info available)
V  [jvm.dll+0x7fb65b]  (no source info available)
V  [jvm.dll+0x7f5a5c]  (no source info available)
V  [jvm.dll+0x68d9f7]  (no source info available)
C  [ucrtbase.dll+0x21bb2]  (no source info available)
C  [KERNEL32.DLL+0x17374]  (no source info available)
C  [ntdll.dll+0x4cc91]  (no source info available)


---------------  P R O C E S S  ---------------

Threads class SMR info:
_java_thread_list=0x0000027c77c4e700, length=30, elements={
0x0000027c56c75b90, 0x0000027c56c76a10, 0x0000027c71e797a0, 0x0000027c71e7b370,
0x0000027c71e7dd40, 0x0000027c71e7e700, 0x0000027c71e7f3f0, 0x0000027c71e80640,
0x0000027c71e87c30, 0x0000027c760498a0, 0x0000027c762b1a80, 0x0000027c762b1f60,
0x0000027c77c3b7f0, 0x0000027c7690dec0, 0x0000027c7665c070, 0x0000027c7665ee00,
0x0000027c7665f310, 0x0000027c7665ca90, 0x0000027c7665e8f0, 0x0000027c7665f820,
0x0000027c7665ded0, 0x0000027c7665c580, 0x0000027c7665cfa0, 0x0000027c7665d4b0,
0x0000027c77e999b0, 0x0000027c77e9e090, 0x0000027c77e97b50, 0x0000027c77e9e5a0,
0x0000027c77e9eab0, 0x0000027c77e9f4d0
}

Java Threads: ( => current thread )
  0x0000027c56c75b90 JavaThread "Reference Handler" daemon [_thread_blocked, id=3212, stack(0x000000e8d9b00000,0x000000e8d9c00000)]
  0x0000027c56c76a10 JavaThread "Finalizer" daemon [_thread_blocked, id=15292, stack(0x000000e8d9c00000,0x000000e8d9d00000)]
  0x0000027c71e797a0 JavaThread "Signal Dispatcher" daemon [_thread_blocked, id=16800, stack(0x000000e8d9d00000,0x000000e8d9e00000)]
  0x0000027c71e7b370 JavaThread "Attach Listener" daemon [_thread_blocked, id=13848, stack(0x000000e8d9e00000,0x000000e8d9f00000)]
  0x0000027c71e7dd40 JavaThread "Service Thread" daemon [_thread_blocked, id=2172, stack(0x000000e8d9f00000,0x000000e8da000000)]
  0x0000027c71e7e700 JavaThread "Monitor Deflation Thread" daemon [_thread_blocked, id=15044, stack(0x000000e8da000000,0x000000e8da100000)]
=>0x0000027c71e7f3f0 JavaThread "C2 CompilerThread0" daemon [_thread_in_native, id=10032, stack(0x000000e8da100000,0x000000e8da200000)]
  0x0000027c71e80640 JavaThread "C1 CompilerThread0" daemon [_thread_in_vm, id=10532, stack(0x000000e8da200000,0x000000e8da300000)]
  0x0000027c71e87c30 JavaThread "Sweeper thread" daemon [_thread_blocked, id=11512, stack(0x000000e8da300000,0x000000e8da400000)]
  0x0000027c760498a0 JavaThread "Common-Cleaner" daemon [_thread_blocked, id=4444, stack(0x000000e8da400000,0x000000e8da500000)]
  0x0000027c762b1a80 JavaThread "Monitor Ctrl-Break" daemon [_thread_in_native, id=2884, stack(0x000000e8da500000,0x000000e8da600000)]
  0x0000027c762b1f60 JavaThread "Notification Thread" daemon [_thread_blocked, id=1584, stack(0x000000e8da600000,0x000000e8da700000)]
  0x0000027c77c3b7f0 JavaThread "mysql-cj-abandoned-connection-cleanup" daemon [_thread_blocked, id=3956, stack(0x000000e8dad00000,0x000000e8dae00000)]
  0x0000027c7690dec0 JavaThread "HikariPool-1 housekeeper" daemon [_thread_blocked, id=15800, stack(0x000000e8dac00000,0x000000e8dad00000)]
  0x0000027c7665c070 JavaThread "Catalina-utility-1" [_thread_blocked, id=6436, stack(0x000000e8db000000,0x000000e8db100000)]
  0x0000027c7665ee00 JavaThread "Catalina-utility-2" [_thread_blocked, id=12176, stack(0x000000e8db100000,0x000000e8db200000)]
  0x0000027c7665f310 JavaThread "container-0" [_thread_blocked, id=9064, stack(0x000000e8db200000,0x000000e8db300000)]
  0x0000027c7665ca90 JavaThread "http-nio-8080-exec-1" daemon [_thread_blocked, id=7924, stack(0x000000e8db500000,0x000000e8db600000)]
  0x0000027c7665e8f0 JavaThread "http-nio-8080-exec-2" daemon [_thread_blocked, id=16776, stack(0x000000e8db600000,0x000000e8db700000)]
  0x0000027c7665f820 JavaThread "http-nio-8080-exec-3" daemon [_thread_blocked, id=16088, stack(0x000000e8db700000,0x000000e8db800000)]
  0x0000027c7665ded0 JavaThread "http-nio-8080-exec-4" daemon [_thread_blocked, id=15252, stack(0x000000e8db800000,0x000000e8db900000)]
  0x0000027c7665c580 JavaThread "http-nio-8080-exec-5" daemon [_thread_blocked, id=13648, stack(0x000000e8db900000,0x000000e8dba00000)]
  0x0000027c7665cfa0 JavaThread "http-nio-8080-exec-6" daemon [_thread_blocked, id=16896, stack(0x000000e8dba00000,0x000000e8dbb00000)]
  0x0000027c7665d4b0 JavaThread "http-nio-8080-exec-7" daemon [_thread_blocked, id=12648, stack(0x000000e8dbb00000,0x000000e8dbc00000)]
  0x0000027c77e999b0 JavaThread "http-nio-8080-exec-8" daemon [_thread_blocked, id=980, stack(0x000000e8dbc00000,0x000000e8dbd00000)]
  0x0000027c77e9e090 JavaThread "http-nio-8080-exec-9" daemon [_thread_blocked, id=3024, stack(0x000000e8dbd00000,0x000000e8dbe00000)]
  0x0000027c77e97b50 JavaThread "http-nio-8080-exec-10" daemon [_thread_blocked, id=11984, stack(0x000000e8dbe00000,0x000000e8dbf00000)]
  0x0000027c77e9e5a0 JavaThread "http-nio-8080-Poller" daemon [_thread_in_native, id=11364, stack(0x000000e8dbf00000,0x000000e8dc000000)]
  0x0000027c77e9eab0 JavaThread "http-nio-8080-Acceptor" daemon [_thread_in_native, id=16560, stack(0x000000e8dc000000,0x000000e8dc100000)]
  0x0000027c77e9f4d0 JavaThread "DestroyJavaVM" [_thread_blocked, id=2608, stack(0x000000e8d9400000,0x000000e8d9500000)]

Other Threads:
  0x0000027c56c6e470 VMThread "VM Thread" [stack: 0x000000e8d9a00000,0x000000e8d9b00000] [id=16688]
  0x0000027c7620e530 WatcherThread [stack: 0x000000e8da700000,0x000000e8da800000] [id=4296]
  0x0000027c56c06eb0 GCTaskThread "GC Thread#0" [stack: 0x000000e8d9500000,0x000000e8d9600000] [id=11748]
  0x0000027c7620b7f0 GCTaskThread "GC Thread#1" [stack: 0x000000e8da800000,0x000000e8da900000] [id=16512]
  0x0000027c766f7540 GCTaskThread "GC Thread#2" [stack: 0x000000e8da900000,0x000000e8daa00000] [id=13548]
  0x0000027c766cfa30 GCTaskThread "GC Thread#3" [stack: 0x000000e8daa00000,0x000000e8dab00000] [id=7480]
  0x0000027c56c0fab0 ConcurrentGCThread "G1 Main Marker" [stack: 0x000000e8d9600000,0x000000e8d9700000] [id=17268]
  0x0000027c56c114e0 ConcurrentGCThread "G1 Conc#0" [stack: 0x000000e8d9700000,0x000000e8d9800000] [id=5208]
  0x0000027c56c4f680 ConcurrentGCThread "G1 Refine#0" [stack: 0x000000e8d9800000,0x000000e8d9900000] [id=12572]
  0x0000027c7620bac0 ConcurrentGCThread "G1 Refine#1" [stack: 0x000000e8dab00000,0x000000e8dac00000] [id=14148]
  0x0000027c56c510d0 ConcurrentGCThread "G1 Service" [stack: 0x000000e8d9900000,0x000000e8d9a00000] [id=4168]

Threads with active compile tasks:
C2 CompilerThread0  58767 8363       4       java.lang.invoke.MethodType::makeImpl (109 bytes)
C1 CompilerThread0  58767 8367       3       java.lang.invoke.MethodType::equals (56 bytes)

VM state: synchronizing (normal execution)

VM Mutex/Monitor currently owned by a thread:  ([mutex/lock_event])
[0x0000027c56bb6c10] CodeCache_lock - owner thread: 0x0000027c71e80640
[0x0000027c56bc82f0] Threads_lock - owner thread: 0x0000027c56c6e470
[0x0000027c56bc8920] Compile_lock - owner thread: 0x0000027c71e80640
[0x0000027c56bc89b0] MethodCompileQueue_lock - owner thread: 0x0000027c71e80640

Heap address: 0x00000000c5800000, size: 936 MB, Compressed Oops mode: 32-bit

CDS archive(s) mapped at: [0x0000027c00000000-0x0000027c00bb0000-0x0000027c00bb0000), size 12255232, SharedBaseAddress: 0x0000027c00000000, ArchiveRelocationMode: 1.
Compressed class space mapped at: 0x0000027c01000000-0x0000027c41000000, reserved size: 1073741824
Narrow klass base: 0x0000027c00000000, Narrow klass shift: 0, Narrow klass range: 0x100000000

GC Precious Log:
 CPUs: 4 total, 4 available
 Memory: 3743M
 Large Page Support: Disabled
 NUMA Support: Disabled
 Compressed Oops: Enabled (32-bit)
 Heap Region Size: 1M
 Heap Min Capacity: 8M
 Heap Initial Capacity: 60M
 Heap Max Capacity: 936M
 Pre-touch: Disabled
 Parallel Workers: 4
 Concurrent Workers: 1
 Concurrent Refinement Workers: 4
 Periodic GC: Disabled

Heap:
 garbage-first heap   total 75776K, used 46960K [0x00000000c5800000, 0x0000000100000000)
  region size 1024K, 6 young (6144K), 2 survivors (2048K)
 Metaspace       used 74677K, committed 75328K, reserved 1114112K
  class space    used 10301K, committed 10624K, reserved 1048576K

Heap Regions: E=young(eden), S=young(survivor), O=old, HS=humongous(starts), HC=humongous(continues), CS=collection set, F=free, OA=open archive, CA=closed archive, TAMS=top-at-mark-start (previous, next)
|   0|0x00000000c5800000, 0x00000000c5900000, 0x00000000c5900000|100%|HS|  |TAMS 0x00000000c5900000, 0x00000000c5800000| Complete 
|   1|0x00000000c5900000, 0x00000000c5a00000, 0x00000000c5a00000|100%| O|  |TAMS 0x00000000c5a00000, 0x00000000c5900000| Untracked 
|   2|0x00000000c5a00000, 0x00000000c5b00000, 0x00000000c5b00000|100%| O|  |TAMS 0x00000000c5b00000, 0x00000000c5a00000| Untracked 
|   3|0x00000000c5b00000, 0x00000000c5c00000, 0x00000000c5c00000|100%| O|  |TAMS 0x00000000c5c00000, 0x00000000c5b00000| Untracked 
|   4|0x00000000c5c00000, 0x00000000c5d00000, 0x00000000c5d00000|100%| O|  |TAMS 0x00000000c5d00000, 0x00000000c5c00000| Untracked 
|   5|0x00000000c5d00000, 0x00000000c5e00000, 0x00000000c5e00000|100%| O|  |TAMS 0x00000000c5e00000, 0x00000000c5d00000| Untracked 
|   6|0x00000000c5e00000, 0x00000000c5f00000, 0x00000000c5f00000|100%| O|  |TAMS 0x00000000c5f00000, 0x00000000c5e00000| Untracked 
|   7|0x00000000c5f00000, 0x00000000c6000000, 0x00000000c6000000|100%| O|  |TAMS 0x00000000c6000000, 0x00000000c5f00000| Untracked 
|   8|0x00000000c6000000, 0x00000000c6100000, 0x00000000c6100000|100%| O|  |TAMS 0x00000000c6100000, 0x00000000c6000000| Untracked 
|   9|0x00000000c6100000, 0x00000000c6200000, 0x00000000c6200000|100%| O|  |TAMS 0x00000000c6200000, 0x00000000c6100000| Untracked 
|  10|0x00000000c6200000, 0x00000000c6300000, 0x00000000c6300000|100%| O|  |TAMS 0x00000000c6300000, 0x00000000c6200000| Untracked 
|  11|0x00000000c6300000, 0x00000000c6400000, 0x00000000c6400000|100%| O|  |TAMS 0x00000000c6400000, 0x00000000c6300000| Untracked 
|  12|0x00000000c6400000, 0x00000000c6500000, 0x00000000c6500000|100%| O|  |TAMS 0x00000000c6500000, 0x00000000c6400000| Untracked 
|  13|0x00000000c6500000, 0x00000000c6600000, 0x00000000c6600000|100%| O|  |TAMS 0x00000000c6600000, 0x00000000c6500000| Untracked 
|  14|0x00000000c6600000, 0x00000000c6700000, 0x00000000c6700000|100%| O|  |TAMS 0x00000000c6700000, 0x00000000c6600000| Untracked 
|  15|0x00000000c6700000, 0x00000000c67afe00, 0x00000000c6800000| 68%| O|  |TAMS 0x00000000c67afe00, 0x00000000c6700000| Untracked 
|  16|0x00000000c6800000, 0x00000000c6900000, 0x00000000c6900000|100%| O|  |TAMS 0x00000000c6900000, 0x00000000c6800000| Untracked 
|  17|0x00000000c6900000, 0x00000000c6a00000, 0x00000000c6a00000|100%| O|  |TAMS 0x00000000c6a00000, 0x00000000c6900000| Untracked 
|  18|0x00000000c6a00000, 0x00000000c6b00000, 0x00000000c6b00000|100%| O|  |TAMS 0x00000000c6b00000, 0x00000000c6a00000| Untracked 
|  19|0x00000000c6b00000, 0x00000000c6c00000, 0x00000000c6c00000|100%| O|  |TAMS 0x00000000c6c00000, 0x00000000c6b00000| Untracked 
|  20|0x00000000c6c00000, 0x00000000c6d00000, 0x00000000c6d00000|100%| O|  |TAMS 0x00000000c6d00000, 0x00000000c6c00000| Untracked 
|  21|0x00000000c6d00000, 0x00000000c6e00000, 0x00000000c6e00000|100%| O|  |TAMS 0x00000000c6e00000, 0x00000000c6d00000| Untracked 
|  22|0x00000000c6e00000, 0x00000000c6f00000, 0x00000000c6f00000|100%| O|  |TAMS 0x00000000c6f00000, 0x00000000c6e00000| Untracked 
|  23|0x00000000c6f00000, 0x00000000c7000000, 0x00000000c7000000|100%| O|  |TAMS 0x00000000c7000000, 0x00000000c6f00000| Untracked 
|  24|0x00000000c7000000, 0x00000000c7100000, 0x00000000c7100000|100%| O|  |TAMS 0x00000000c7100000, 0x00000000c7000000| Untracked 
|  25|0x00000000c7100000, 0x00000000c7200000, 0x00000000c7200000|100%| O|  |TAMS 0x00000000c7200000, 0x00000000c7100000| Untracked 
|  26|0x00000000c7200000, 0x00000000c7300000, 0x00000000c7300000|100%| O|  |TAMS 0x00000000c7300000, 0x00000000c7200000| Untracked 
|  27|0x00000000c7300000, 0x00000000c7400000, 0x00000000c7400000|100%| O|  |TAMS 0x00000000c7400000, 0x00000000c7300000| Untracked 
|  28|0x00000000c7400000, 0x00000000c7500000, 0x00000000c7500000|100%| O|  |TAMS 0x00000000c7500000, 0x00000000c7400000| Untracked 
|  29|0x00000000c7500000, 0x00000000c7600000, 0x00000000c7600000|100%| O|  |TAMS 0x00000000c7600000, 0x00000000c7500000| Untracked 
|  30|0x00000000c7600000, 0x00000000c7700000, 0x00000000c7700000|100%| O|  |TAMS 0x00000000c7700000, 0x00000000c7600000| Untracked 
|  31|0x00000000c7700000, 0x00000000c7800000, 0x00000000c7800000|100%| O|  |TAMS 0x00000000c7800000, 0x00000000c7700000| Untracked 
|  32|0x00000000c7800000, 0x00000000c7900000, 0x00000000c7900000|100%| O|  |TAMS 0x00000000c7900000, 0x00000000c7800000| Untracked 
|  33|0x00000000c7900000, 0x00000000c7a00000, 0x00000000c7a00000|100%| O|  |TAMS 0x00000000c7a00000, 0x00000000c7900000| Untracked 
|  34|0x00000000c7a00000, 0x00000000c7b00000, 0x00000000c7b00000|100%| O|  |TAMS 0x00000000c7b00000, 0x00000000c7a00000| Untracked 
|  35|0x00000000c7b00000, 0x00000000c7c00000, 0x00000000c7c00000|100%| O|  |TAMS 0x00000000c7c00000, 0x00000000c7b00000| Untracked 
|  36|0x00000000c7c00000, 0x00000000c7d00000, 0x00000000c7d00000|100%| O|  |TAMS 0x00000000c7d00000, 0x00000000c7c00000| Untracked 
|  37|0x00000000c7d00000, 0x00000000c7e00000, 0x00000000c7e00000|100%| O|  |TAMS 0x00000000c7d00000, 0x00000000c7d00000| Untracked 
|  38|0x00000000c7e00000, 0x00000000c7f00000, 0x00000000c7f00000|100%| O|  |TAMS 0x00000000c7e00000, 0x00000000c7e00000| Untracked 
|  39|0x00000000c7f00000, 0x00000000c8000000, 0x00000000c8000000|100%| O|  |TAMS 0x00000000c7f00000, 0x00000000c7f00000| Untracked 
|  40|0x00000000c8000000, 0x00000000c8100000, 0x00000000c8100000|100%| O|  |TAMS 0x00000000c8000000, 0x00000000c8000000| Untracked 
|  41|0x00000000c8100000, 0x00000000c8164800, 0x00000000c8200000| 39%| O|  |TAMS 0x00000000c8100000, 0x00000000c8100000| Untracked 
|  42|0x00000000c8200000, 0x00000000c8200000, 0x00000000c8300000|  0%| F|  |TAMS 0x00000000c8200000, 0x00000000c8200000| Untracked 
|  43|0x00000000c8300000, 0x00000000c8300000, 0x00000000c8400000|  0%| F|  |TAMS 0x00000000c8300000, 0x00000000c8300000| Untracked 
|  44|0x00000000c8400000, 0x00000000c8400000, 0x00000000c8500000|  0%| F|  |TAMS 0x00000000c8400000, 0x00000000c8400000| Untracked 
|  45|0x00000000c8500000, 0x00000000c8500000, 0x00000000c8600000|  0%| F|  |TAMS 0x00000000c8500000, 0x00000000c8500000| Untracked 
|  46|0x00000000c8600000, 0x00000000c8600000, 0x00000000c8700000|  0%| F|  |TAMS 0x00000000c8600000, 0x00000000c8600000| Untracked 
|  47|0x00000000c8700000, 0x00000000c8700000, 0x00000000c8800000|  0%| F|  |TAMS 0x00000000c8700000, 0x00000000c8700000| Untracked 
|  48|0x00000000c8800000, 0x00000000c8800000, 0x00000000c8900000|  0%| F|  |TAMS 0x00000000c8800000, 0x00000000c8800000| Untracked 
|  49|0x00000000c8900000, 0x00000000c8900000, 0x00000000c8a00000|  0%| F|  |TAMS 0x00000000c8900000, 0x00000000c8900000| Untracked 
|  50|0x00000000c8a00000, 0x00000000c8a00000, 0x00000000c8b00000|  0%| F|  |TAMS 0x00000000c8a00000, 0x00000000c8a00000| Untracked 
|  51|0x00000000c8b00000, 0x00000000c8b00000, 0x00000000c8c00000|  0%| F|  |TAMS 0x00000000c8b00000, 0x00000000c8b00000| Untracked 
|  52|0x00000000c8c00000, 0x00000000c8c00000, 0x00000000c8d00000|  0%| F|  |TAMS 0x00000000c8c00000, 0x00000000c8c00000| Untracked 
|  53|0x00000000c8d00000, 0x00000000c8dc7a88, 0x00000000c8e00000| 77%| S|CS|TAMS 0x00000000c8d00000, 0x00000000c8d00000| Complete 
|  54|0x00000000c8e00000, 0x00000000c8f00000, 0x00000000c8f00000|100%| S|CS|TAMS 0x00000000c8e00000, 0x00000000c8e00000| Complete 
|  55|0x00000000c8f00000, 0x00000000c8f00000, 0x00000000c9000000|  0%| F|  |TAMS 0x00000000c8f00000, 0x00000000c8f00000| Untracked 
|  56|0x00000000c9000000, 0x00000000c9000000, 0x00000000c9100000|  0%| F|  |TAMS 0x00000000c9000000, 0x00000000c9000000| Untracked 
|  57|0x00000000c9100000, 0x00000000c9100000, 0x00000000c9200000|  0%| F|  |TAMS 0x00000000c9100000, 0x00000000c9100000| Untracked 
|  58|0x00000000c9200000, 0x00000000c9200000, 0x00000000c9300000|  0%| F|  |TAMS 0x00000000c9200000, 0x00000000c9200000| Untracked 
|  59|0x00000000c9300000, 0x00000000c9300000, 0x00000000c9400000|  0%| F|  |TAMS 0x00000000c9300000, 0x00000000c9300000| Untracked 
|  60|0x00000000c9400000, 0x00000000c9400000, 0x00000000c9500000|  0%| F|  |TAMS 0x00000000c9400000, 0x00000000c9400000| Untracked 
|  61|0x00000000c9500000, 0x00000000c9500000, 0x00000000c9600000|  0%| F|  |TAMS 0x00000000c9500000, 0x00000000c9500000| Untracked 
|  62|0x00000000c9600000, 0x00000000c9600000, 0x00000000c9700000|  0%| F|  |TAMS 0x00000000c9600000, 0x00000000c9600000| Untracked 
|  63|0x00000000c9700000, 0x00000000c9700000, 0x00000000c9800000|  0%| F|  |TAMS 0x00000000c9700000, 0x00000000c9700000| Untracked 
|  64|0x00000000c9800000, 0x00000000c9800000, 0x00000000c9900000|  0%| F|  |TAMS 0x00000000c9800000, 0x00000000c9800000| Untracked 
|  65|0x00000000c9900000, 0x00000000c9900000, 0x00000000c9a00000|  0%| F|  |TAMS 0x00000000c9900000, 0x00000000c9900000| Untracked 
|  66|0x00000000c9a00000, 0x00000000c9a00000, 0x00000000c9b00000|  0%| F|  |TAMS 0x00000000c9a00000, 0x00000000c9a00000| Untracked 
|  67|0x00000000c9b00000, 0x00000000c9b00000, 0x00000000c9c00000|  0%| F|  |TAMS 0x00000000c9b00000, 0x00000000c9b00000| Untracked 
|  68|0x00000000c9c00000, 0x00000000c9c00000, 0x00000000c9d00000|  0%| F|  |TAMS 0x00000000c9c00000, 0x00000000c9c00000| Untracked 
|  69|0x00000000c9d00000, 0x00000000c9d00000, 0x00000000c9e00000|  0%| F|  |TAMS 0x00000000c9d00000, 0x00000000c9d00000| Untracked 
|  70|0x00000000c9e00000, 0x00000000c9e8b8d0, 0x00000000c9f00000| 54%| E|  |TAMS 0x00000000c9e00000, 0x00000000c9e00000| Complete 
|  71|0x00000000c9f00000, 0x00000000ca000000, 0x00000000ca000000|100%| E|CS|TAMS 0x00000000c9f00000, 0x00000000c9f00000| Complete 
|  72|0x00000000ca000000, 0x00000000ca100000, 0x00000000ca100000|100%| E|CS|TAMS 0x00000000ca000000, 0x00000000ca000000| Complete 
|  73|0x00000000ca100000, 0x00000000ca200000, 0x00000000ca200000|100%| E|CS|TAMS 0x00000000ca100000, 0x00000000ca100000| Complete 

Card table byte_map: [0x0000027c6d920000,0x0000027c6db00000] _byte_map_base: 0x0000027c6d2f4000

Marking Bits (Prev, Next): (CMBitMap*) 0x0000027c56c074e0, (CMBitMap*) 0x0000027c56c07520
 Prev Bits: [0x0000027c6dce0000, 0x0000027c6eb80000)
 Next Bits: [0x0000027c6eb80000, 0x0000027c6fa20000)

Polling page: 0x0000027c54930000

Metaspace:

Usage:
  Non-class:     62.87 MB used.
      Class:     10.06 MB used.
       Both:     72.93 MB used.

Virtual space:
  Non-class space:       64.00 MB reserved,      63.19 MB ( 99%) committed,  1 nodes.
      Class space:        1.00 GB reserved,      10.38 MB (  1%) committed,  1 nodes.
             Both:        1.06 GB reserved,      73.56 MB (  7%) committed. 

Chunk freelists:
   Non-Class:  395.00 KB
       Class:  5.55 MB
        Both:  5.94 MB

MaxMetaspaceSize: unlimited
CompressedClassSpaceSize: 1.00 GB
Initial GC threshold: 21.00 MB
Current GC threshold: 117.75 MB
CDS: on
MetaspaceReclaimPolicy: balanced
 - commit_granule_bytes: 65536.
 - commit_granule_words: 8192.
 - virtual_space_node_default_size: 8388608.
 - enlarge_chunks_in_place: 1.
 - new_chunks_are_fully_committed: 0.
 - uncommit_free_chunks: 1.
 - use_allocation_guard: 0.
 - handle_deallocations: 1.


Internal statistics:

num_allocs_failed_limit: 9.
num_arena_births: 880.
num_arena_deaths: 0.
num_vsnodes_births: 2.
num_vsnodes_deaths: 0.
num_space_committed: 1177.
num_space_uncommitted: 0.
num_chunks_returned_to_freelist: 9.
num_chunks_taken_from_freelist: 3702.
num_chunk_merges: 9.
num_chunk_splits: 2669.
num_chunks_enlarged: 2081.
num_inconsistent_stats: 0.

CodeHeap 'non-profiled nmethods': size=120000Kb used=5438Kb max_used=5438Kb free=114561Kb
 bounds [0x0000027c66210000, 0x0000027c66760000, 0x0000027c6d740000]
CodeHeap 'profiled nmethods': size=120000Kb used=15055Kb max_used=15055Kb free=104944Kb
 bounds [0x0000027c5e740000, 0x0000027c5f600000, 0x0000027c65c70000]
CodeHeap 'non-nmethods': size=5760Kb used=1344Kb max_used=1402Kb free=4415Kb
 bounds [0x0000027c65c70000, 0x0000027c65ee0000, 0x0000027c66210000]
 total_blobs=8232 nmethods=7554 adapters=589
 compilation: enabled
              stopped_count=0, restarted_count=0
 full_count=0

Compilation events (20 events):
Event: 49.026 Thread 0x0000027c77606420 8344   !   4       com.mysql.cj.conf.DefaultPropertySet::getProperty (52 bytes)
Event: 49.039 Thread 0x0000027c77606420 nmethod 8344 0x0000027c66758210 code [0x0000027c667583c0, 0x0000027c667586e8]
Event: 49.367 Thread 0x0000027c71e7f3f0 nmethod 8339 0x0000027c66758a10 code [0x0000027c66758e00, 0x0000027c6675d428]
Event: 58.512 Thread 0x0000027c71e80640 8357       3       java.util.logging.Logger::isLoggable (27 bytes)
Event: 58.514 Thread 0x0000027c71e80640 nmethod 8357 0x0000027c5f5edc10 code [0x0000027c5f5eddc0, 0x0000027c5f5edf98]
Event: 58.515 Thread 0x0000027c71e80640 8358       3       jdk.internal.misc.Unsafe::weakCompareAndSetReference (11 bytes)
Event: 58.515 Thread 0x0000027c71e80640 nmethod 8358 0x0000027c5f5ee090 code [0x0000027c5f5ee220, 0x0000027c5f5ee398]
Event: 58.570 Thread 0x0000027c71e80640 8359   !   3       java.util.concurrent.ConcurrentHashMap::putVal (432 bytes)
Event: 58.575 Thread 0x0000027c71e80640 nmethod 8359 0x0000027c5f5ee410 code [0x0000027c5f5ee760, 0x0000027c5f5f01e8]
Event: 58.628 Thread 0x0000027c71e80640 8360       3       java.util.ResourceBundle$KeyElementReference::<init> (12 bytes)
Event: 58.629 Thread 0x0000027c71e80640 nmethod 8360 0x0000027c5f5f0b10 code [0x0000027c5f5f0ce0, 0x0000027c5f5f1078]
Event: 58.643 Thread 0x0000027c71e80640 8361       3       java.lang.invoke.LambdaFormEditor::addArgumentForm (121 bytes)
Event: 58.644 Thread 0x0000027c71e7f3f0 8363       4       java.lang.invoke.MethodType::makeImpl (109 bytes)
Event: 58.644 Thread 0x0000027c71e80640 nmethod 8361 0x0000027c5f5f1190 code [0x0000027c5f5f13c0, 0x0000027c5f5f1978]
Event: 58.644 Thread 0x0000027c71e80640 8362       3       java.lang.invoke.InvokerBytecodeGenerator::methodPrologue (29 bytes)
Event: 58.645 Thread 0x0000027c71e80640 nmethod 8362 0x0000027c5f5f1c90 code [0x0000027c5f5f1e60, 0x0000027c5f5f2178]
Event: 58.645 Thread 0x0000027c71e80640 8364       3       java.lang.invoke.InvokerBytecodeGenerator::emitReturn (107 bytes)
Event: 58.646 Thread 0x0000027c71e80640 nmethod 8364 0x0000027c5f5f2290 code [0x0000027c5f5f24a0, 0x0000027c5f5f2938]
Event: 58.648 Thread 0x0000027c71e80640 8365       3       java.lang.invoke.LambdaFormBuffer::replaceName (124 bytes)
Event: 58.649 Thread 0x0000027c71e80640 nmethod 8365 0x0000027c5f5f2b90 code [0x0000027c5f5f2d40, 0x0000027c5f5f2ee8]

GC Heap History (20 events):
Event: 36.872 GC heap before
{Heap before GC invocations=20 (full 0):
 garbage-first heap   total 73728K, used 59400K [0x00000000c5800000, 0x0000000100000000)
  region size 1024K, 26 young (26624K), 2 survivors (2048K)
 Metaspace       used 66074K, committed 66624K, reserved 1114112K
  class space    used 9204K, committed 9472K, reserved 1048576K
}
Event: 36.881 GC heap after
{Heap after GC invocations=21 (full 0):
 garbage-first heap   total 73728K, used 35795K [0x00000000c5800000, 0x0000000100000000)
  region size 1024K, 3 young (3072K), 3 survivors (3072K)
 Metaspace       used 66074K, committed 66624K, reserved 1114112K
  class space    used 9204K, committed 9472K, reserved 1048576K
}
Event: 37.594 GC heap before
{Heap before GC invocations=22 (full 0):
 garbage-first heap   total 73728K, used 59347K [0x00000000c5800000, 0x0000000100000000)
  region size 1024K, 26 young (26624K), 3 survivors (3072K)
 Metaspace       used 66093K, committed 66624K, reserved 1114112K
  class space    used 9209K, committed 9472K, reserved 1048576K
}
Event: 37.603 GC heap after
{Heap after GC invocations=23 (full 0):
 garbage-first heap   total 73728K, used 36648K [0x00000000c5800000, 0x0000000100000000)
  region size 1024K, 2 young (2048K), 2 survivors (2048K)
 Metaspace       used 66093K, committed 66624K, reserved 1114112K
  class space    used 9209K, committed 9472K, reserved 1048576K
}
Event: 38.852 GC heap before
{Heap before GC invocations=23 (full 0):
 garbage-first heap   total 73728K, used 59176K [0x00000000c5800000, 0x0000000100000000)
  region size 1024K, 24 young (24576K), 2 survivors (2048K)
 Metaspace       used 66095K, committed 66624K, reserved 1114112K
  class space    used 9209K, committed 9472K, reserved 1048576K
}
Event: 38.862 GC heap after
{Heap after GC invocations=24 (full 0):
 garbage-first heap   total 73728K, used 38326K [0x00000000c5800000, 0x0000000100000000)
  region size 1024K, 3 young (3072K), 3 survivors (3072K)
 Metaspace       used 66095K, committed 66624K, reserved 1114112K
  class space    used 9209K, committed 9472K, reserved 1048576K
}
Event: 40.011 GC heap before
{Heap before GC invocations=25 (full 0):
 garbage-first heap   total 73728K, used 59830K [0x00000000c5800000, 0x0000000100000000)
  region size 1024K, 24 young (24576K), 3 survivors (3072K)
 Metaspace       used 66182K, committed 66688K, reserved 1114112K
  class space    used 9225K, committed 9472K, reserved 1048576K
}
Event: 40.018 GC heap after
{Heap after GC invocations=26 (full 0):
 garbage-first heap   total 73728K, used 37377K [0x00000000c5800000, 0x0000000100000000)
  region size 1024K, 1 young (1024K), 1 survivors (1024K)
 Metaspace       used 66182K, committed 66688K, reserved 1114112K
  class space    used 9225K, committed 9472K, reserved 1048576K
}
Event: 40.333 GC heap before
{Heap before GC invocations=26 (full 0):
 garbage-first heap   total 73728K, used 59905K [0x00000000c5800000, 0x0000000100000000)
  region size 1024K, 23 young (23552K), 1 survivors (1024K)
 Metaspace       used 66305K, committed 66816K, reserved 1114112K
  class space    used 9229K, committed 9472K, reserved 1048576K
}
Event: 40.339 GC heap after
{Heap after GC invocations=27 (full 0):
 garbage-first heap   total 73728K, used 37687K [0x00000000c5800000, 0x0000000100000000)
  region size 1024K, 2 young (2048K), 2 survivors (2048K)
 Metaspace       used 66305K, committed 66816K, reserved 1114112K
  class space    used 9229K, committed 9472K, reserved 1048576K
}
Event: 41.018 GC heap before
{Heap before GC invocations=28 (full 0):
 garbage-first heap   total 73728K, used 60215K [0x00000000c5800000, 0x0000000100000000)
  region size 1024K, 24 young (24576K), 2 survivors (2048K)
 Metaspace       used 66452K, committed 66944K, reserved 1114112K
  class space    used 9241K, committed 9472K, reserved 1048576K
}
Event: 41.025 GC heap after
{Heap after GC invocations=29 (full 0):
 garbage-first heap   total 73728K, used 38161K [0x00000000c5800000, 0x0000000100000000)
  region size 1024K, 2 young (2048K), 2 survivors (2048K)
 Metaspace       used 66452K, committed 66944K, reserved 1114112K
  class space    used 9241K, committed 9472K, reserved 1048576K
}
Event: 41.761 GC heap before
{Heap before GC invocations=29 (full 0):
 garbage-first heap   total 73728K, used 60689K [0x00000000c5800000, 0x0000000100000000)
  region size 1024K, 24 young (24576K), 2 survivors (2048K)
 Metaspace       used 66920K, committed 67456K, reserved 1114112K
  class space    used 9275K, committed 9536K, reserved 1048576K
}
Event: 41.769 GC heap after
{Heap after GC invocations=30 (full 0):
 garbage-first heap   total 73728K, used 38903K [0x00000000c5800000, 0x0000000100000000)
  region size 1024K, 2 young (2048K), 2 survivors (2048K)
 Metaspace       used 66920K, committed 67456K, reserved 1114112K
  class space    used 9275K, committed 9536K, reserved 1048576K
}
Event: 43.897 GC heap before
{Heap before GC invocations=31 (full 0):
 garbage-first heap   total 75776K, used 61431K [0x00000000c5800000, 0x0000000100000000)
  region size 1024K, 24 young (24576K), 2 survivors (2048K)
 Metaspace       used 69508K, committed 70080K, reserved 1114112K
  class space    used 9617K, committed 9856K, reserved 1048576K
}
Event: 43.909 GC heap after
{Heap after GC invocations=32 (full 0):
 garbage-first heap   total 75776K, used 40310K [0x00000000c5800000, 0x0000000100000000)
  region size 1024K, 3 young (3072K), 3 survivors (3072K)
 Metaspace       used 69508K, committed 70080K, reserved 1114112K
  class space    used 9617K, committed 9856K, reserved 1048576K
}
Event: 46.582 GC heap before
{Heap before GC invocations=32 (full 0):
 garbage-first heap   total 75776K, used 62838K [0x00000000c5800000, 0x0000000100000000)
  region size 1024K, 25 young (25600K), 3 survivors (3072K)
 Metaspace       used 71706K, committed 72256K, reserved 1114112K
  class space    used 9922K, committed 10176K, reserved 1048576K
}
Event: 46.597 GC heap after
{Heap after GC invocations=33 (full 0):
 garbage-first heap   total 75776K, used 42645K [0x00000000c5800000, 0x0000000100000000)
  region size 1024K, 4 young (4096K), 4 survivors (4096K)
 Metaspace       used 71706K, committed 72256K, reserved 1114112K
  class space    used 9922K, committed 10176K, reserved 1048576K
}
Event: 48.699 GC heap before
{Heap before GC invocations=34 (full 0):
 garbage-first heap   total 75776K, used 61077K [0x00000000c5800000, 0x0000000100000000)
  region size 1024K, 23 young (23552K), 4 survivors (4096K)
 Metaspace       used 73868K, committed 74496K, reserved 1114112K
  class space    used 10195K, committed 10496K, reserved 1048576K
}
Event: 48.714 GC heap after
{Heap after GC invocations=35 (full 0):
 garbage-first heap   total 75776K, used 43888K [0x00000000c5800000, 0x0000000100000000)
  region size 1024K, 2 young (2048K), 2 survivors (2048K)
 Metaspace       used 73868K, committed 74496K, reserved 1114112K
  class space    used 10195K, committed 10496K, reserved 1048576K
}

Dll operation events (14 events):
Event: 0.163 Loaded shared library C:\Users\Sniffer\.jdks\ms-17.0.17\bin\java.dll
Event: 0.320 Loaded shared library C:\Users\Sniffer\.jdks\ms-17.0.17\bin\jsvml.dll
Event: 0.840 Loaded shared library C:\Users\Sniffer\.jdks\ms-17.0.17\bin\zip.dll
Event: 0.848 Loaded shared library C:\Users\Sniffer\.jdks\ms-17.0.17\bin\instrument.dll
Event: 0.873 Loaded shared library C:\Users\Sniffer\.jdks\ms-17.0.17\bin\net.dll
Event: 0.878 Loaded shared library C:\Users\Sniffer\.jdks\ms-17.0.17\bin\nio.dll
Event: 0.888 Loaded shared library C:\Users\Sniffer\.jdks\ms-17.0.17\bin\zip.dll
Event: 1.414 Loaded shared library C:\Program Files\JetBrains\IntelliJ IDEA Community Edition 2024.2.3\bin\breakgen64.dll
Event: 1.459 Loaded shared library C:\Users\Sniffer\.jdks\ms-17.0.17\bin\extnet.dll
Event: 1.575 Loaded shared library C:\Users\Sniffer\.jdks\ms-17.0.17\bin\jimage.dll
Event: 7.721 Loaded shared library C:\Users\Sniffer\.jdks\ms-17.0.17\bin\sunmscapi.dll
Event: 15.301 Loaded shared library C:\Users\Sniffer\.jdks\ms-17.0.17\bin\management.dll
Event: 15.318 Loaded shared library C:\Users\Sniffer\.jdks\ms-17.0.17\bin\management_ext.dll
Event: 18.718 Loaded shared library C:\Users\Sniffer\.jdks\ms-17.0.17\bin\verify.dll

Deoptimization events (20 events):
Event: 58.513 Thread 0x0000027c7665ded0 DEOPT PACKING pc=0x0000027c666a86a0 sp=0x000000e8db8fe7a0
Event: 58.513 Thread 0x0000027c7665ded0 DEOPT UNPACKING pc=0x0000027c65cc699d sp=0x000000e8db8fe748 mode 2
Event: 58.513 Thread 0x0000027c7665ca90 DEOPT PACKING pc=0x0000027c666a86a0 sp=0x000000e8db5fe240
Event: 58.513 Thread 0x0000027c7665ca90 DEOPT UNPACKING pc=0x0000027c65cc699d sp=0x000000e8db5fe1e8 mode 2
Event: 58.513 Thread 0x0000027c7665ded0 Uncommon trap: trap_request=0xffffff45 fr.pc=0x0000027c6648c518 relative=0x0000000000000258
Event: 58.513 Thread 0x0000027c7665ca90 Uncommon trap: trap_request=0xffffff45 fr.pc=0x0000027c6648c518 relative=0x0000000000000258
Event: 58.513 Thread 0x0000027c7665ded0 Uncommon trap: reason=unstable_if action=reinterpret pc=0x0000027c6648c518 method=java.lang.invoke.MethodType.equals(Ljava/lang/Object;)Z @ 11 c2
Event: 58.514 Thread 0x0000027c7665ca90 Uncommon trap: reason=unstable_if action=reinterpret pc=0x0000027c6648c518 method=java.lang.invoke.MethodType.equals(Ljava/lang/Object;)Z @ 11 c2
Event: 58.514 Thread 0x0000027c7665ded0 DEOPT PACKING pc=0x0000027c6648c518 sp=0x000000e8db8fe690
Event: 58.514 Thread 0x0000027c7665ded0 DEOPT UNPACKING pc=0x0000027c65cc699d sp=0x000000e8db8fe658 mode 2
Event: 58.514 Thread 0x0000027c7665ca90 DEOPT PACKING pc=0x0000027c6648c518 sp=0x000000e8db5fe130
Event: 58.514 Thread 0x0000027c7665ca90 DEOPT UNPACKING pc=0x0000027c65cc699d sp=0x000000e8db5fe0f8 mode 2
Event: 58.514 Thread 0x0000027c7665ded0 Uncommon trap: trap_request=0xffffff54 fr.pc=0x0000027c665170c4 relative=0x0000000000002984
Event: 58.514 Thread 0x0000027c7665ca90 Uncommon trap: trap_request=0xffffff54 fr.pc=0x0000027c665170c4 relative=0x0000000000002984
Event: 58.514 Thread 0x0000027c7665ded0 Uncommon trap: reason=speculate_null_assert action=make_not_entrant pc=0x0000027c665170c4 method=java.lang.invoke.MethodType$ConcurrentWeakInternSet.add(Ljava/lang/Object;)Ljava/lang/Object; @ 47 c2
Event: 58.514 Thread 0x0000027c7665ca90 Uncommon trap: reason=speculate_null_assert action=make_not_entrant pc=0x0000027c665170c4 method=java.lang.invoke.MethodType$ConcurrentWeakInternSet.add(Ljava/lang/Object;)Ljava/lang/Object; @ 47 c2
Event: 58.514 Thread 0x0000027c7665ded0 DEOPT PACKING pc=0x0000027c665170c4 sp=0x000000e8db8fe870
Event: 58.514 Thread 0x0000027c7665ded0 DEOPT UNPACKING pc=0x0000027c65cc699d sp=0x000000e8db8fe808 mode 2
Event: 58.514 Thread 0x0000027c7665ca90 DEOPT PACKING pc=0x0000027c665170c4 sp=0x000000e8db5fe310
Event: 58.514 Thread 0x0000027c7665ca90 DEOPT UNPACKING pc=0x0000027c65cc699d sp=0x000000e8db5fe2a8 mode 2

Classes loaded (20 events):
Event: 58.495 Loading class java/util/concurrent/BlockingDeque done
Event: 58.496 Loading class java/util/concurrent/LinkedBlockingDeque done
Event: 58.497 Loading class java/util/concurrent/Semaphore
Event: 58.497 Loading class java/util/concurrent/Semaphore done
Event: 58.497 Loading class java/util/concurrent/Semaphore$NonfairSync
Event: 58.498 Loading class java/util/concurrent/Semaphore$Sync
Event: 58.498 Loading class java/util/concurrent/Semaphore$Sync done
Event: 58.498 Loading class java/util/concurrent/Semaphore$NonfairSync done
Event: 58.498 Loading class sun/nio/ch/SocketAdaptor
Event: 58.499 Loading class sun/nio/ch/SocketAdaptor done
Event: 58.501 Loading class sun/nio/ch/SocketChannelImpl$DefaultOptionsHolder
Event: 58.501 Loading class sun/nio/ch/SocketChannelImpl$DefaultOptionsHolder done
Event: 58.503 Loading class sun/nio/ch/SelectionKeyImpl
Event: 58.504 Loading class java/nio/channels/spi/AbstractSelectionKey
Event: 58.505 Loading class java/nio/channels/SelectionKey
Event: 58.505 Loading class java/nio/channels/SelectionKey done
Event: 58.505 Loading class java/nio/channels/spi/AbstractSelectionKey done
Event: 58.505 Loading class sun/nio/ch/SelectionKeyImpl done
Event: 58.506 Loading class java/lang/invoke/ConstantBootstraps
Event: 58.506 Loading class java/lang/invoke/ConstantBootstraps done

Classes unloaded (0 events):
No events

Classes redefined (0 events):
No events

Internal exceptions (20 events):
Event: 36.443 Thread 0x0000027c56bce770 Exception <a 'java/lang/reflect/InvocationTargetException'{0x00000000c94aa2d8}> (0x00000000c94aa2d8) 
thrown [s\src\hotspot\share\runtime\reflection.cpp, line 1128]
Event: 36.511 Thread 0x0000027c56bce770 Exception <a 'java/lang/reflect/InvocationTargetException'{0x00000000c9367198}> (0x00000000c9367198) 
thrown [s\src\hotspot\share\runtime\reflection.cpp, line 1128]
Event: 36.751 Thread 0x0000027c56bce770 Exception <a 'java/lang/reflect/InvocationTargetException'{0x00000000c8b41990}> (0x00000000c8b41990) 
thrown [s\src\hotspot\share\runtime\reflection.cpp, line 1128]
Event: 36.789 Thread 0x0000027c56bce770 Exception <a 'java/lang/reflect/InvocationTargetException'{0x00000000c8be4c30}> (0x00000000c8be4c30) 
thrown [s\src\hotspot\share\runtime\reflection.cpp, line 1128]
Event: 36.916 Thread 0x0000027c56bce770 Exception <a 'java/lang/reflect/InvocationTargetException'{0x00000000c9e30810}> (0x00000000c9e30810) 
thrown [s\src\hotspot\share\runtime\reflection.cpp, line 1128]
Event: 42.364 Thread 0x0000027c56bce770 Exception <a 'sun/nio/fs/WindowsException'{0x00000000c9a3d8d8}> (0x00000000c9a3d8d8) 
thrown [s\src\hotspot\share\prims\jni.cpp, line 516]
Event: 42.481 Thread 0x0000027c56bce770 Implicit null exception at 0x0000027c662f2c41 to 0x0000027c662f2fe3
Event: 45.484 Thread 0x0000027c56bce770 Exception <a 'java/lang/IncompatibleClassChangeError'{0x00000000c95bc2c8}: Found class java.lang.Object, but interface was expected> (0x00000000c95bc2c8) 
thrown [s\src\hotspot\share\interpreter\linkResolver.cpp, line 826]
Event: 46.087 Thread 0x0000027c56bce770 Exception <a 'java/lang/NoSuchMethodError'{0x00000000c91b7928}: 'java.lang.Object java.lang.invoke.DirectMethodHandle$Holder.invokeInterface(java.lang.Object, java.lang.Object, java.lang.Object, java.lang.Object)'> (0x00000000c91b7928) 
thrown [s\src\hotspot\share\interpreter\linkResolver.cpp, line 759]
Event: 46.327 Thread 0x0000027c56bce770 Exception <a 'java/lang/NoSuchMethodError'{0x00000000c8fa8880}: 'void java.lang.invoke.DirectMethodHandle$Holder.invokeVirtual(java.lang.Object, java.lang.Object, long)'> (0x00000000c8fa8880) 
thrown [s\src\hotspot\share\interpreter\linkResolver.cpp, line 759]
Event: 46.401 Thread 0x0000027c56bce770 Exception <a 'java/lang/NoSuchMethodError'{0x00000000c8ed5550}: 'java.lang.Object java.lang.invoke.DirectMethodHandle$Holder.invokeSpecial(java.lang.Object, java.lang.Object, int, int, int, int)'> (0x00000000c8ed5550) 
thrown [s\src\hotspot\share\interpreter\linkResolver.cpp, line 759]
Event: 46.743 Thread 0x0000027c56bce770 Exception <a 'java/lang/NoSuchMethodError'{0x00000000ca174f18}: 'int java.lang.invoke.DirectMethodHandle$Holder.invokeStaticInit(java.lang.Object, java.lang.Object, java.lang.Object, java.lang.Object)'> (0x00000000ca174f18) 
thrown [s\src\hotspot\share\interpreter\linkResolver.cpp, line 759]
Event: 46.830 Thread 0x0000027c56bce770 Implicit null exception at 0x0000027c663f20a3 to 0x0000027c663f257e
Event: 47.445 Thread 0x0000027c56bce770 Exception <a 'java/lang/IncompatibleClassChangeError'{0x00000000c9ec76c8}: Found class java.lang.Object, but interface was expected> (0x00000000c9ec76c8) 
thrown [s\src\hotspot\share\interpreter\linkResolver.cpp, line 826]
Event: 47.504 Thread 0x0000027c56bce770 Implicit null exception at 0x0000027c6656be39 to 0x0000027c6656c06c
Event: 48.003 Thread 0x0000027c56bce770 Exception <a 'java/lang/NoSuchMethodError'{0x00000000c9486b18}: 'java.lang.Object java.lang.invoke.DirectMethodHandle$Holder.newInvokeSpecial(java.lang.Object, java.lang.Object, int, java.lang.Object, java.lang.Object)'> (0x00000000c9486b18) 
thrown [s\src\hotspot\share\interpreter\linkResolver.cpp, line 759]
Event: 48.006 Thread 0x0000027c56bce770 Exception <a 'java/lang/NoSuchMethodError'{0x00000000c9491db0}: 'java.lang.Object java.lang.invoke.DirectMethodHandle$Holder.invokeSpecial(java.lang.Object, java.lang.Object, int, java.lang.Object, int, java.lang.Object)'> (0x00000000c9491db0) 
thrown [s\src\hotspot\share\interpreter\linkResolver.cpp, line 759]
Event: 48.009 Thread 0x0000027c56bce770 Exception <a 'java/lang/NoSuchMethodError'{0x00000000c9499b28}: 'java.lang.Object java.lang.invoke.DirectMethodHandle$Holder.newInvokeSpecial(java.lang.Object, java.lang.Object, int, java.lang.Object, int)'> (0x00000000c9499b28) 
thrown [s\src\hotspot\share\interpreter\linkResolver.cpp, line 759]
Event: 48.010 Thread 0x0000027c56bce770 Exception <a 'java/lang/NoSuchMethodError'{0x00000000c949dc28}: 'java.lang.Object java.lang.invoke.DirectMethodHandle$Holder.invokeSpecial(java.lang.Object, java.lang.Object, java.lang.Object, int, java.lang.Object, int)'> (0x00000000c949dc28) 
thrown [s\src\hotspot\share\interpreter\linkResolver.cpp, line 759]
Event: 48.872 Thread 0x0000027c56bce770 Implicit null exception at 0x0000027c667337bd to 0x0000027c66734384

VM Operations (20 events):
Event: 46.222 Executing VM operation: HandshakeAllThreads
Event: 46.222 Executing VM operation: HandshakeAllThreads done
Event: 46.442 Executing VM operation: HandshakeAllThreads
Event: 46.442 Executing VM operation: HandshakeAllThreads done
Event: 46.442 Executing VM operation: Cleanup
Event: 46.442 Executing VM operation: Cleanup done
Event: 46.582 Executing VM operation: G1CollectForAllocation
Event: 46.597 Executing VM operation: G1CollectForAllocation done
Event: 46.804 Executing VM operation: G1PauseRemark
Event: 46.825 Executing VM operation: G1PauseRemark done
Event: 46.920 Executing VM operation: G1PauseCleanup
Event: 46.921 Executing VM operation: G1PauseCleanup done
Event: 47.928 Executing VM operation: Cleanup
Event: 47.944 Executing VM operation: Cleanup done
Event: 48.568 Executing VM operation: HandshakeAllThreads
Event: 48.568 Executing VM operation: HandshakeAllThreads done
Event: 48.699 Executing VM operation: G1CollectForAllocation
Event: 48.715 Executing VM operation: G1CollectForAllocation done
Event: 49.720 Executing VM operation: Cleanup
Event: 49.720 Executing VM operation: Cleanup done

Memory protections (0 events):
No events

Nmethod flushes (20 events):
Event: 26.777 Thread 0x0000027c71e87c30 flushing  nmethod 0x0000027c5f04ce10
Event: 26.777 Thread 0x0000027c71e87c30 flushing  nmethod 0x0000027c5f05e910
Event: 26.778 Thread 0x0000027c71e87c30 flushing  nmethod 0x0000027c5f082410
Event: 26.778 Thread 0x0000027c71e87c30 flushing  nmethod 0x0000027c5f0c2810
Event: 26.778 Thread 0x0000027c71e87c30 flushing  nmethod 0x0000027c5f0c5c90
Event: 26.778 Thread 0x0000027c71e87c30 flushing  nmethod 0x0000027c5f0c6290
Event: 26.778 Thread 0x0000027c71e87c30 flushing  nmethod 0x0000027c5f0cc090
Event: 26.778 Thread 0x0000027c71e87c30 flushing  nmethod 0x0000027c5f0cc710
Event: 26.778 Thread 0x0000027c71e87c30 flushing  nmethod 0x0000027c5f0d1d90
Event: 26.778 Thread 0x0000027c71e87c30 flushing  nmethod 0x0000027c5f0d3710
Event: 26.778 Thread 0x0000027c71e87c30 flushing  nmethod 0x0000027c5f12cc90
Event: 26.778 Thread 0x0000027c71e87c30 flushing  nmethod 0x0000027c5f131290
Event: 26.778 Thread 0x0000027c71e87c30 flushing  nmethod 0x0000027c5f136810
Event: 26.778 Thread 0x0000027c71e87c30 flushing  nmethod 0x0000027c5f139690
Event: 26.778 Thread 0x0000027c71e87c30 flushing  nmethod 0x0000027c5f13a910
Event: 37.610 Thread 0x0000027c71e87c30 flushing  nmethod 0x0000027c66370d90
Event: 37.615 Thread 0x0000027c71e87c30 flushing  nmethod 0x0000027c5e91b710
Event: 37.616 Thread 0x0000027c71e87c30 flushing  nmethod 0x0000027c5ea2db10
Event: 37.627 Thread 0x0000027c71e87c30 flushing  nmethod 0x0000027c5f1e0590
Event: 37.627 Thread 0x0000027c71e87c30 flushing  nmethod 0x0000027c5f1e0910

Events (20 events):
Event: 31.528 Thread 0x0000027c56bce770 Thread added: 0x0000027c7665c070
Event: 31.535 Thread 0x0000027c56bce770 Thread added: 0x0000027c7665ee00
Event: 31.560 Thread 0x0000027c56bce770 Thread added: 0x0000027c7665f310
Event: 32.840 Thread 0x0000027c77606420 Thread exited: 0x0000027c77606420
Event: 32.942 Thread 0x0000027c71e80640 Thread added: 0x0000027c77606420
Event: 48.053 Thread 0x0000027c56bce770 Thread added: 0x0000027c7665ca90
Event: 48.053 Thread 0x0000027c56bce770 Thread added: 0x0000027c7665e8f0
Event: 48.053 Thread 0x0000027c56bce770 Thread added: 0x0000027c7665f820
Event: 48.054 Thread 0x0000027c56bce770 Thread added: 0x0000027c7665ded0
Event: 48.054 Thread 0x0000027c56bce770 Thread added: 0x0000027c7665c580
Event: 48.054 Thread 0x0000027c56bce770 Thread added: 0x0000027c7665cfa0
Event: 48.054 Thread 0x0000027c56bce770 Thread added: 0x0000027c7665d4b0
Event: 48.055 Thread 0x0000027c56bce770 Thread added: 0x0000027c77e999b0
Event: 48.055 Thread 0x0000027c56bce770 Thread added: 0x0000027c77e9e090
Event: 48.055 Thread 0x0000027c56bce770 Thread added: 0x0000027c77e97b50
Event: 48.130 Thread 0x0000027c56bce770 Thread added: 0x0000027c77e9e5a0
Event: 48.143 Thread 0x0000027c56bce770 Thread added: 0x0000027c77e9eab0
Event: 48.931 Thread 0x0000027c56bce770 Thread exited: 0x0000027c56bce770
Event: 48.931 Thread 0x0000027c77e9f4d0 Thread added: 0x0000027c77e9f4d0
Event: 54.045 Thread 0x0000027c77606420 Thread exited: 0x0000027c77606420


Dynamic libraries:
0x00007ff7e60a0000 - 0x00007ff7e60ae000 	C:\Users\Sniffer\.jdks\ms-17.0.17\bin\java.exe
0x00007ffc89270000 - 0x00007ffc89468000 	C:\Windows\SYSTEM32\ntdll.dll
0x00007ffc88680000 - 0x00007ffc88742000 	C:\Windows\System32\KERNEL32.DLL
0x00007ffc86980000 - 0x00007ffc86c76000 	C:\Windows\System32\KERNELBASE.dll
0x00007ffc86cb0000 - 0x00007ffc86db0000 	C:\Windows\System32\ucrtbase.dll
0x00007ffc7f7f0000 - 0x00007ffc7f80e000 	C:\Users\Sniffer\.jdks\ms-17.0.17\bin\VCRUNTIME140.dll
0x00007ffc7f7d0000 - 0x00007ffc7f7e8000 	C:\Users\Sniffer\.jdks\ms-17.0.17\bin\jli.dll
0x00007ffc883f0000 - 0x00007ffc88591000 	C:\Windows\System32\USER32.dll
0x00007ffc87030000 - 0x00007ffc87052000 	C:\Windows\System32\win32u.dll
0x00007ffc87290000 - 0x00007ffc872bb000 	C:\Windows\System32\GDI32.dll
0x00007ffc86db0000 - 0x00007ffc86ec9000 	C:\Windows\System32\gdi32full.dll
0x00007ffc870f0000 - 0x00007ffc8718d000 	C:\Windows\System32\msvcp_win.dll
0x00007ffc6aeb0000 - 0x00007ffc6b14b000 	C:\Windows\WinSxS\amd64_microsoft.windows.common-controls_6595b64144ccf1df_6.0.19041.6456_none_60b8a6cb71f64256\COMCTL32.dll
0x00007ffc87c90000 - 0x00007ffc87d2e000 	C:\Windows\System32\msvcrt.dll
0x00007ffc87c60000 - 0x00007ffc87c8f000 	C:\Windows\System32\IMM32.DLL
0x00007ffc81800000 - 0x00007ffc8180c000 	C:\Users\Sniffer\.jdks\ms-17.0.17\bin\vcruntime140_1.dll
0x00007ffc6c9d0000 - 0x00007ffc6ca59000 	C:\Users\Sniffer\.jdks\ms-17.0.17\bin\msvcp140.dll
0x00007ffc06670000 - 0x00007ffc072ea000 	C:\Users\Sniffer\.jdks\ms-17.0.17\bin\server\jvm.dll
0x00007ffc88180000 - 0x00007ffc88231000 	C:\Windows\System32\ADVAPI32.dll
0x00007ffc872c0000 - 0x00007ffc8735f000 	C:\Windows\System32\sechost.dll
0x00007ffc88060000 - 0x00007ffc88180000 	C:\Windows\System32\RPCRT4.dll
0x00007ffc86c80000 - 0x00007ffc86ca7000 	C:\Windows\System32\bcrypt.dll
0x00007ffc87ff0000 - 0x00007ffc8805b000 	C:\Windows\System32\WS2_32.dll
0x00007ffc6b700000 - 0x00007ffc6b727000 	C:\Windows\SYSTEM32\WINMM.dll
0x00007ffc866b0000 - 0x00007ffc866fb000 	C:\Windows\SYSTEM32\POWRPROF.dll
0x00007ffc77840000 - 0x00007ffc7784a000 	C:\Windows\SYSTEM32\VERSION.dll
0x00007ffc86690000 - 0x00007ffc866a2000 	C:\Windows\SYSTEM32\UMPDC.dll
0x00007ffc85110000 - 0x00007ffc85122000 	C:\Windows\SYSTEM32\kernel.appcore.dll
0x00007ffc7f7c0000 - 0x00007ffc7f7ca000 	C:\Users\Sniffer\.jdks\ms-17.0.17\bin\jimage.dll
0x00007ffc84e10000 - 0x00007ffc85011000 	C:\Windows\SYSTEM32\DBGHELP.DLL
0x00007ffc6a960000 - 0x00007ffc6a994000 	C:\Windows\SYSTEM32\dbgcore.DLL
0x00007ffc87060000 - 0x00007ffc870e2000 	C:\Windows\System32\bcryptPrimitives.dll
0x00007ffc7f7a0000 - 0x00007ffc7f7af000 	C:\Users\Sniffer\.jdks\ms-17.0.17\bin\instrument.dll
0x00007ffc6efd0000 - 0x00007ffc6eff6000 	C:\Users\Sniffer\.jdks\ms-17.0.17\bin\java.dll
0x00007ffc517f0000 - 0x00007ffc518c6000 	C:\Users\Sniffer\.jdks\ms-17.0.17\bin\jsvml.dll
0x00007ffc87430000 - 0x00007ffc87ba0000 	C:\Windows\System32\SHELL32.dll
0x00007ffc84650000 - 0x00007ffc84df5000 	C:\Windows\SYSTEM32\windows.storage.dll
0x00007ffc88ed0000 - 0x00007ffc89224000 	C:\Windows\System32\combase.dll
0x00007ffc862c0000 - 0x00007ffc862eb000 	C:\Windows\SYSTEM32\Wldp.dll
0x00007ffc87f10000 - 0x00007ffc87fdd000 	C:\Windows\System32\OLEAUT32.dll
0x00007ffc87e60000 - 0x00007ffc87f0d000 	C:\Windows\System32\SHCORE.dll
0x00007ffc87ba0000 - 0x00007ffc87bfb000 	C:\Windows\System32\shlwapi.dll
0x00007ffc86830000 - 0x00007ffc86854000 	C:\Windows\SYSTEM32\profapi.dll
0x00007ffc7ee60000 - 0x00007ffc7ee78000 	C:\Users\Sniffer\.jdks\ms-17.0.17\bin\zip.dll
0x00007ffc7f1e0000 - 0x00007ffc7f1fb000 	C:\Users\Sniffer\.jdks\ms-17.0.17\bin\net.dll
0x00007ffc77590000 - 0x00007ffc7769a000 	C:\Windows\SYSTEM32\WINHTTP.dll
0x00007ffc85fb0000 - 0x00007ffc8601a000 	C:\Windows\system32\mswsock.dll
0x00007ffc6efb0000 - 0x00007ffc6efc6000 	C:\Users\Sniffer\.jdks\ms-17.0.17\bin\nio.dll
0x00007ffc6c510000 - 0x00007ffc6c52a000 	C:\Program Files\JetBrains\IntelliJ IDEA Community Edition 2024.2.3\bin\breakgen64.dll
0x00007ffc7f2e0000 - 0x00007ffc7f2e9000 	C:\Users\Sniffer\.jdks\ms-17.0.17\bin\extnet.dll
0x00007ffc6efa0000 - 0x00007ffc6efae000 	C:\Users\Sniffer\.jdks\ms-17.0.17\bin\sunmscapi.dll
0x00007ffc86ed0000 - 0x00007ffc8702d000 	C:\Windows\System32\CRYPT32.dll
0x00007ffc86330000 - 0x00007ffc86357000 	C:\Windows\SYSTEM32\ncrypt.dll
0x00007ffc862f0000 - 0x00007ffc8632b000 	C:\Windows\SYSTEM32\NTASN1.dll
0x00007ffc861a0000 - 0x00007ffc861b8000 	C:\Windows\SYSTEM32\CRYPTSP.dll
0x00007ffc858d0000 - 0x00007ffc85908000 	C:\Windows\system32\rsaenh.dll
0x00007ffc867b0000 - 0x00007ffc867de000 	C:\Windows\SYSTEM32\USERENV.dll
0x00007ffc861c0000 - 0x00007ffc861cc000 	C:\Windows\SYSTEM32\CRYPTBASE.dll
0x00007ffc85c90000 - 0x00007ffc85ccb000 	C:\Windows\SYSTEM32\IPHLPAPI.DLL
0x00007ffc87360000 - 0x00007ffc87368000 	C:\Windows\System32\NSI.dll
0x00007ffc77820000 - 0x00007ffc77837000 	C:\Windows\SYSTEM32\dhcpcsvc6.DLL
0x00007ffc77920000 - 0x00007ffc7793d000 	C:\Windows\SYSTEM32\dhcpcsvc.DLL
0x00007ffc85cd0000 - 0x00007ffc85d9a000 	C:\Windows\SYSTEM32\DNSAPI.dll
0x00007ffc7d610000 - 0x00007ffc7d61a000 	C:\Users\Sniffer\.jdks\ms-17.0.17\bin\management.dll
0x00007ffc704f0000 - 0x00007ffc704fc000 	C:\Users\Sniffer\.jdks\ms-17.0.17\bin\management_ext.dll
0x00007ffc885a0000 - 0x00007ffc885a8000 	C:\Windows\System32\PSAPI.DLL
0x00007ffc6c9a0000 - 0x00007ffc6c9b0000 	C:\Users\Sniffer\.jdks\ms-17.0.17\bin\verify.dll
0x0000000052480000 - 0x00000000524a6000 	C:\Program Files\Bonjour\mdnsNSP.dll
0x00007ffc6f440000 - 0x00007ffc6f44a000 	C:\Windows\System32\rasadhlp.dll
0x00007ffc6f9b0000 - 0x00007ffc6fa30000 	C:\Windows\System32\fwpuclnt.dll
0x00007ffc80020000 - 0x00007ffc80027000 	C:\Windows\system32\wshunix.dll

dbghelp: loaded successfully - version: 4.0.5 - missing functions: none
symbol engine: initialized successfully - sym options: 0x614 - pdb path: .;C:\Users\Sniffer\.jdks\ms-17.0.17\bin;C:\Windows\SYSTEM32;C:\Windows\WinSxS\amd64_microsoft.windows.common-controls_6595b64144ccf1df_6.0.19041.6456_none_60b8a6cb71f64256;C:\Users\Sniffer\.jdks\ms-17.0.17\bin\server;C:\Program Files\JetBrains\IntelliJ IDEA Community Edition 2024.2.3\bin;C:\Program Files\Bonjour

VM Arguments:
jvm_args: -javaagent:C:\Program Files\JetBrains\IntelliJ IDEA Community Edition 2024.2.3\lib\idea_rt.jar=61650:C:\Program Files\JetBrains\IntelliJ IDEA Community Edition 2024.2.3\bin -Dfile.encoding=UTF-8 
java_command: com.ges.boutique.BoutiqueApplication
java_class_path (initial): C:\Users\Sniffer\Desktop\alimentation-boutique-back\boutique\target\classes;C:\Users\Sniffer\.m2\repository\org\springframework\boot\spring-boot-starter-web\3.2.0\spring-boot-starter-web-3.2.0.jar;C:\Users\Sniffer\.m2\repository\org\springframework\boot\spring-boot-starter\3.2.0\spring-boot-starter-3.2.0.jar;C:\Users\Sniffer\.m2\repository\org\springframework\boot\spring-boot\3.2.0\spring-boot-3.2.0.jar;C:\Users\Sniffer\.m2\repository\org\springframework\boot\spring-boot-autoconfigure\3.2.0\spring-boot-autoconfigure-3.2.0.jar;C:\Users\Sniffer\.m2\repository\org\springframework\boot\spring-boot-starter-logging\3.2.0\spring-boot-starter-logging-3.2.0.jar;C:\Users\Sniffer\.m2\repository\ch\qos\logback\logback-classic\1.4.11\logback-classic-1.4.11.jar;C:\Users\Sniffer\.m2\repository\ch\qos\logback\logback-core\1.4.11\logback-core-1.4.11.jar;C:\Users\Sniffer\.m2\repository\org\apache\logging\log4j\log4j-to-slf4j\2.21.1\log4j-to-slf4j-2.21.1.jar;C:\Users\Sniffer\.m2\repository\org\slf4j\jul-to-slf4j\2.0.9\jul-to-slf4j-2.0.9.jar;C:\Users\Sniffer\.m2\repository\jakarta\annotation\jakarta.annotation-api\2.1.1\jakarta.annotation-api-2.1.1.jar;C:\Users\Sniffer\.m2\repository\org\yaml\snakeyaml\2.2\snakeyaml-2.2.jar;C:\Users\Sniffer\.m2\repository\org\springframework\boot\spring-boot-starter-json\3.2.0\spring-boot-starter-json-3.2.0.jar;C:\Users\Sniffer\.m2\repository\com\fasterxml\jackson\datatype\jackson-datatype-jdk8\2.15.3\jackson-datatype-jdk8-2.15.3.jar;C:\Users\Sniffer\.m2\repository\com\fasterxml\jackson\datatype\jackson-datatype-jsr310\2.15.3\jackson-datatype-jsr310-2.15.3.jar;C:\Users\Sniffer\.m2\repository\com\fasterxml\jackson\module\jackson-module-parameter-names\2.15.3\jackson-module-parameter-names-2.15.3.jar;C:\Users\Sniffer\.m2\repository\org\springframework\boot\spring-boot-starter-tomcat\3.2.0\spring-boot-starter-tomcat-3.2.0.jar;C:\Users\Sniffer\.m2\repository\org\apache\tomcat\embed\tomcat-embed-core\10.1.16\tomcat-embed-core-10
Launcher Type: SUN_STANDARD

[Global flags]
     intx CICompilerCount                          = 3                                         {product} {ergonomic}
     uint ConcGCThreads                            = 1                                         {product} {ergonomic}
     uint G1ConcRefinementThreads                  = 4                                         {product} {ergonomic}
   size_t G1HeapRegionSize                         = 1048576                                   {product} {ergonomic}
    uintx GCDrainStackTargetSize                   = 64                                        {product} {ergonomic}
   size_t InitialHeapSize                          = 62914560                                  {product} {ergonomic}
   size_t MarkStackSize                            = 4194304                                   {product} {ergonomic}
   size_t MaxHeapSize                              = 981467136                                 {product} {ergonomic}
   size_t MaxNewSize                               = 588251136                                 {product} {ergonomic}
   size_t MinHeapDeltaBytes                        = 1048576                                   {product} {ergonomic}
   size_t MinHeapSize                              = 8388608                                   {product} {ergonomic}
    uintx NonNMethodCodeHeapSize                   = 5832780                                {pd product} {ergonomic}
    uintx NonProfiledCodeHeapSize                  = 122912730                              {pd product} {ergonomic}
    uintx ProfiledCodeHeapSize                     = 122912730                              {pd product} {ergonomic}
    uintx ReservedCodeCacheSize                    = 251658240                              {pd product} {ergonomic}
     bool SegmentedCodeCache                       = true                                      {product} {ergonomic}
   size_t SoftMaxHeapSize                          = 981467136                              {manageable} {ergonomic}
     bool UseCompressedClassPointers               = true                           {product lp64_product} {ergonomic}
     bool UseCompressedOops                        = true                           {product lp64_product} {ergonomic}
     bool UseG1GC                                  = true                                      {product} {ergonomic}
     bool UseLargePagesIndividualAllocation        = false                                  {pd product} {ergonomic}

Logging:
Log output configuration:
 #0: stdout all=warning uptime,level,tags
 #1: stderr all=off uptime,level,tags

Environment Variables:
PATH=C:\Python314\Scripts\;C:\Python314\;C:\Program Files\Common Files\Oracle\Java\javapath;C:\Windows\system32;C:\Windows;C:\Windows\System32\Wbem;C:\Windows\System32\WindowsPowerShell\v1.0\;C:\Windows\System32\OpenSSH\;C:\Program Files\Git\cmd;C:\ProgramData\chocolatey\bin;C:\ProgramData\chocolatey\lib\maven\apache-maven-3.9.12\bin;C:\Program Files\nodejs\;C:\Program Files\cursor\resources\app\bin;C:\Users\Sniffer\AppData\Local\Microsoft\WindowsApps;C:\Program Files\JetBrains\IntelliJ IDEA Community Edition 2024.2.3\bin;;C:\Users\Sniffer\AppData\Local\Programs\Microsoft VS Code\bin;C:\Users\Sniffer\AppData\Local\GitHubDesktop\bin;C:\Users\Sniffer\AppData\Roaming\npm;C:\Users\Sniffer\AppData\Local\PowerToys\DSCModules\
USERNAME=Sniffer
OS=Windows_NT
PROCESSOR_IDENTIFIER=Intel64 Family 6 Model 122 Stepping 8, GenuineIntel
TMP=C:\Users\Sniffer\AppData\Local\Temp
TEMP=C:\Users\Sniffer\AppData\Local\Temp



Periodic native trim disabled


---------------  S Y S T E M  ---------------

OS:
 Windows 10 , 64 bit Build 19041 (10.0.19041.5915)
OS uptime: 1 days 14:59 hours

CPU: total 4 (initial active 4) (4 cores per cpu, 1 threads per core) family 6 model 122 stepping 8 microcode 0x22, cx8, cmov, fxsr, mmx, 3dnowpref, sse, sse2, sse3, ssse3, sse4.1, sse4.2, popcnt, tsc, tscinvbit, aes, erms, clmul, sha, clflush, clflushopt
Processor Information for the first 4 processors :
  Max Mhz: 1101, Current Mhz: 1101, Mhz Limit: 1101

Memory: 4k page, system-wide physical 3743M (313M free)
TotalPageFile size 15007M (AvailPageFile size 7M)
current process WorkingSet (physical memory assigned to process): 246M, peak: 289M
current process commit charge ("private bytes"): 283M, peak: 323M

vm_info: OpenJDK 64-Bit Server VM (17.0.17+10-LTS) for windows-amd64 JRE (17.0.17+10-LTS), built on Oct 13 2025 22:19:56 by "MicrosoftCorporation" with unknown MS VC++:1944

END.
