#
# There is insufficient memory for the Java Runtime Environment to continue.
# Native memory allocation (malloc) failed to allocate 724096 bytes. Error detail: Chunk::new
# Possible reasons:
#   The system is out of physical RAM or swap space
#   This process is running with CompressedOops enabled, and the Java Heap may be blocking the growth of the native heap
# Possible solutions:
#   Reduce memory load on the system
#   Increase physical memory or swap space
#   Check if swap backing store is full
#   Decrease Java heap size (-Xmx/-Xms)
#   Decrease number of Java threads
#   Decrease Java thread stack sizes (-Xss)
#   Set larger code cache with -XX:ReservedCodeCacheSize=
#   JVM is running with Unscaled Compressed Oops mode in which the Java heap is
#     placed in the first 4GB address space. The Java Heap base address is the
#     maximum limit for the native heap growth. Please use -XX:HeapBaseMinAddress
#     to set the Java Heap base and to place the Java Heap above 4GB virtual address.
# This output file may be truncated or incomplete.
#
#  Out of Memory Error (arena.cpp:191), pid=4552, tid=7648
#
# JRE version: OpenJDK Runtime Environment Microsoft-12574423 (17.0.17+10) (build 17.0.17+10-LTS)
# Java VM: OpenJDK 64-Bit Server VM Microsoft-12574423 (17.0.17+10-LTS, mixed mode, sharing, tiered, compressed oops, compressed class ptrs, g1 gc, windows-amd64)
# No core dump will be written. Minidumps are not enabled by default on client versions of Windows
#

---------------  S U M M A R Y ------------

Command Line: -javaagent:C:\Program Files\JetBrains\IntelliJ IDEA Community Edition 2024.2.3\lib\idea_rt.jar=54743:C:\Program Files\JetBrains\IntelliJ IDEA Community Edition 2024.2.3\bin -Dfile.encoding=UTF-8 com.ges.boutique.BoutiqueApplication

Host: Intel(R) Celeron(R) N4120 CPU @ 1.10GHz, 4 cores, 3G,  Windows 10 , 64 bit Build 19041 (10.0.19041.5915)
Time: Thu Feb 26 20:39:49 2026 Paris, Madrid elapsed time: 68943.709687 seconds (0d 19h 9m 3s)

---------------  T H R E A D  ---------------

Current thread (0x000002a4fa082280):  JavaThread "C2 CompilerThread0" daemon [_thread_in_native, id=7648, stack(0x000000e98c400000,0x000000e98c500000)]


Current CompileTask:
C2:68943710 15094 % !   4       io.jsonwebtoken.impl.DefaultJwtParser::parse @ 84 (1310 bytes)

Stack: [0x000000e98c400000,0x000000e98c500000]
Native frames: (J=compiled Java code, j=interpreted, Vv=VM code, C=native code)
V  [jvm.dll+0x68c459]  (no source info available)
V  [jvm.dll+0x845e09]  (no source info available)
V  [jvm.dll+0x847b78]  (no source info available)
V  [jvm.dll+0x848203]  (no source info available)
V  [jvm.dll+0x24cf6f]  (no source info available)
V  [jvm.dll+0xaecb6]  (no source info available)
V  [jvm.dll+0xaf35c]  (no source info available)
V  [jvm.dll+0x2b4b8f]  (no source info available)
V  [jvm.dll+0x594484]  (no source info available)
V  [jvm.dll+0x226d84]  (no source info available)
V  [jvm.dll+0x22718d]  (no source info available)
V  [jvm.dll+0x220193]  (no source info available)
V  [jvm.dll+0x21d260]  (no source info available)
V  [jvm.dll+0x1a8ce6]  (no source info available)
V  [jvm.dll+0x22db1b]  (no source info available)
V  [jvm.dll+0x22bca6]  (no source info available)
V  [jvm.dll+0x7fb65b]  (no source info available)
V  [jvm.dll+0x7f5a5c]  (no source info available)
V  [jvm.dll+0x68d9f7]  (no source info available)
C  [ucrtbase.dll+0x21bb2]  (no source info available)
C  [KERNEL32.DLL+0x17374]  (no source info available)
C  [ntdll.dll+0x4cc91]  (no source info available)


---------------  P R O C E S S  ---------------

Threads class SMR info:
_java_thread_list=0x000002a4d059be00, length=31, elements={
0x000002a4ede77670, 0x000002a4ede78c90, 0x000002a4fa07c730, 0x000002a4fa080210,
0x000002a4fa080bd0, 0x000002a4fa081590, 0x000002a4fa082280, 0x000002a4fa082d30,
0x000002a4fa103920, 0x000002a4fa1610f0, 0x000002a4fa457b80, 0x000002a4fa3eaee0,
0x000002a4ff8765c0, 0x000002a4d076f3e0, 0x000002a4d076c650, 0x000002a4d076fe00,
0x000002a4d076e9c0, 0x000002a4d076d580, 0x000002a4d076d070, 0x000002a4facca0a0,
0x000002a4facce270, 0x000002a4faccfbc0, 0x000002a4faccc410, 0x000002a4faccaac0,
0x000002a4facce780, 0x000002a4faccec90, 0x000002a4faccf6b0, 0x000002a4facd1000,
0x000002a4faccf1a0, 0x000002a4facd05e0, 0x000002a4faccafd0
}

Java Threads: ( => current thread )
  0x000002a4ede77670 JavaThread "Reference Handler" daemon [_thread_blocked, id=132, stack(0x000000e98be00000,0x000000e98bf00000)]
  0x000002a4ede78c90 JavaThread "Finalizer" daemon [_thread_blocked, id=14328, stack(0x000000e98bf00000,0x000000e98c000000)]
  0x000002a4fa07c730 JavaThread "Signal Dispatcher" daemon [_thread_blocked, id=12256, stack(0x000000e98c000000,0x000000e98c100000)]
  0x000002a4fa080210 JavaThread "Attach Listener" daemon [_thread_blocked, id=2584, stack(0x000000e98c100000,0x000000e98c200000)]
  0x000002a4fa080bd0 JavaThread "Service Thread" daemon [_thread_blocked, id=15600, stack(0x000000e98c200000,0x000000e98c300000)]
  0x000002a4fa081590 JavaThread "Monitor Deflation Thread" daemon [_thread_blocked, id=15832, stack(0x000000e98c300000,0x000000e98c400000)]
=>0x000002a4fa082280 JavaThread "C2 CompilerThread0" daemon [_thread_in_native, id=7648, stack(0x000000e98c400000,0x000000e98c500000)]
  0x000002a4fa082d30 JavaThread "C1 CompilerThread0" daemon [_thread_blocked, id=7192, stack(0x000000e98c500000,0x000000e98c600000)]
  0x000002a4fa103920 JavaThread "Sweeper thread" daemon [_thread_blocked, id=10728, stack(0x000000e98c600000,0x000000e98c700000)]
  0x000002a4fa1610f0 JavaThread "Common-Cleaner" daemon [_thread_blocked, id=11884, stack(0x000000e98c700000,0x000000e98c800000)]
  0x000002a4fa457b80 JavaThread "Monitor Ctrl-Break" daemon [_thread_in_native, id=3936, stack(0x000000e98c800000,0x000000e98c900000)]
  0x000002a4fa3eaee0 JavaThread "Notification Thread" daemon [_thread_blocked, id=2300, stack(0x000000e98c900000,0x000000e98ca00000)]
  0x000002a4ff8765c0 JavaThread "mysql-cj-abandoned-connection-cleanup" daemon [_thread_blocked, id=15100, stack(0x000000e98ce00000,0x000000e98cf00000)]
  0x000002a4d076f3e0 JavaThread "HikariPool-1 housekeeper" daemon [_thread_blocked, id=4700, stack(0x000000e98d000000,0x000000e98d100000)]
  0x000002a4d076c650 JavaThread "Catalina-utility-1" [_thread_blocked, id=11500, stack(0x000000e98d100000,0x000000e98d200000)]
  0x000002a4d076fe00 JavaThread "Catalina-utility-2" [_thread_in_vm, id=8068, stack(0x000000e98d200000,0x000000e98d300000)] _threads_hazard_ptr=0x000002a4d059be00
  0x000002a4d076e9c0 JavaThread "container-0" [_thread_blocked, id=14548, stack(0x000000e98d300000,0x000000e98d400000)]
  0x000002a4d076d580 JavaThread "http-nio-8080-exec-1" daemon [_thread_blocked, id=15492, stack(0x000000e98d700000,0x000000e98d800000)]
  0x000002a4d076d070 JavaThread "http-nio-8080-exec-2" daemon [_thread_blocked, id=13688, stack(0x000000e98d800000,0x000000e98d900000)]
  0x000002a4facca0a0 JavaThread "http-nio-8080-exec-3" daemon [_thread_blocked, id=9548, stack(0x000000e98d900000,0x000000e98da00000)]
  0x000002a4facce270 JavaThread "http-nio-8080-exec-4" daemon [_thread_blocked, id=16096, stack(0x000000e98da00000,0x000000e98db00000)]
  0x000002a4faccfbc0 JavaThread "http-nio-8080-exec-5" daemon [_thread_blocked, id=16188, stack(0x000000e98db00000,0x000000e98dc00000)]
  0x000002a4faccc410 JavaThread "http-nio-8080-exec-6" daemon [_thread_blocked, id=16348, stack(0x000000e98dc00000,0x000000e98dd00000)]
  0x000002a4faccaac0 JavaThread "http-nio-8080-exec-7" daemon [_thread_blocked, id=5884, stack(0x000000e98dd00000,0x000000e98de00000)]
  0x000002a4facce780 JavaThread "http-nio-8080-exec-8" daemon [_thread_in_Java, id=12464, stack(0x000000e98de00000,0x000000e98df00000)]
  0x000002a4faccec90 JavaThread "http-nio-8080-exec-9" daemon [_thread_in_Java, id=8544, stack(0x000000e98df00000,0x000000e98e000000)]
  0x000002a4faccf6b0 JavaThread "http-nio-8080-exec-10" daemon [_thread_in_native, id=12424, stack(0x000000e98e000000,0x000000e98e100000)]
  0x000002a4facd1000 JavaThread "http-nio-8080-Poller" daemon [_thread_in_native, id=9848, stack(0x000000e98e100000,0x000000e98e200000)]
  0x000002a4faccf1a0 JavaThread "http-nio-8080-Acceptor" daemon [_thread_in_native, id=16352, stack(0x000000e98e200000,0x000000e98e300000)]
  0x000002a4facd05e0 JavaThread "DestroyJavaVM" [_thread_blocked, id=15744, stack(0x000000e98b700000,0x000000e98b800000)]
  0x000002a4faccafd0 JavaThread "Java2D Disposer" daemon [_thread_blocked, id=4760, stack(0x000000e98b400000,0x000000e98b500000)]

Other Threads:
  0x000002a4ede72050 VMThread "VM Thread" [stack: 0x000000e98bd00000,0x000000e98be00000] [id=11012]
  0x000002a4eddcebd0 WatcherThread [stack: 0x000000e98ca00000,0x000000e98cb00000] [id=15952]
  0x000002a4ede09490 GCTaskThread "GC Thread#0" [stack: 0x000000e98b800000,0x000000e98b900000] [id=10832]
  0x000002a4fa863a10 GCTaskThread "GC Thread#1" [stack: 0x000000e98cb00000,0x000000e98cc00000] [id=14404]
  0x000002a4fa8f0b50 GCTaskThread "GC Thread#2" [stack: 0x000000e98cc00000,0x000000e98cd00000] [id=13764]
  0x000002a4fa84f1e0 GCTaskThread "GC Thread#3" [stack: 0x000000e98cd00000,0x000000e98ce00000] [id=7884]
  0x000002a4ede118f0 ConcurrentGCThread "G1 Main Marker" [stack: 0x000000e98b900000,0x000000e98ba00000] [id=14564]
  0x000002a4ede12310 ConcurrentGCThread "G1 Conc#0" [stack: 0x000000e98ba00000,0x000000e98bb00000] [id=14248]
  0x000002a4ede54540 ConcurrentGCThread "G1 Refine#0" [stack: 0x000000e98bb00000,0x000000e98bc00000] [id=13624]
  0x000002a4ede54f80 ConcurrentGCThread "G1 Service" [stack: 0x000000e98bc00000,0x000000e98bd00000] [id=11100]

Threads with active compile tasks:
C2 CompilerThread0  68943822 15094 % !   4       io.jsonwebtoken.impl.DefaultJwtParser::parse @ 84 (1310 bytes)
C1 CompilerThread0  68943823 15144       3       org.springframework.web.context.request.ServletWebRequest::validateIfUnmodifiedSince (50 bytes)

VM state: not at safepoint (normal execution)

VM Mutex/Monitor currently owned by a thread: None

Heap address: 0x00000000c5800000, size: 936 MB, Compressed Oops mode: 32-bit

CDS archive(s) mapped at: [0x000002a48f000000-0x000002a48fbb0000-0x000002a48fbb0000), size 12255232, SharedBaseAddress: 0x000002a48f000000, ArchiveRelocationMode: 1.
Compressed class space mapped at: 0x000002a490000000-0x000002a4d0000000, reserved size: 1073741824
Narrow klass base: 0x000002a48f000000, Narrow klass shift: 0, Narrow klass range: 0x100000000

GC Precious Log:
 CPUs: 4 total, 4 available
 Memory: 3743M
 Large Page Support: Disabled
 NUMA Support: Disabled
 Compressed Oops: Enabled (32-bit)
 Heap Region Size: 1M
 Heap Min Capacity: 8M
 Heap Initial Capacity: 60M
 Heap Max Capacity: 936M
 Pre-touch: Disabled
 Parallel Workers: 4
 Concurrent Workers: 1
 Concurrent Refinement Workers: 4
 Periodic GC: Disabled

Heap:
 garbage-first heap   total 178176K, used 93570K [0x00000000c5800000, 0x0000000100000000)
  region size 1024K, 45 young (46080K), 1 survivors (1024K)
 Metaspace       used 94106K, committed 94784K, reserved 1179648K
  class space    used 12391K, committed 12672K, reserved 1048576K

Heap Regions: E=young(eden), S=young(survivor), O=old, HS=humongous(starts), HC=humongous(continues), CS=collection set, F=free, OA=open archive, CA=closed archive, TAMS=top-at-mark-start (previous, next)
|   0|0x00000000c5800000, 0x00000000c5900000, 0x00000000c5900000|100%|HS|  |TAMS 0x00000000c5900000, 0x00000000c5800000| Complete 
|   1|0x00000000c5900000, 0x00000000c5a00000, 0x00000000c5a00000|100%| O|  |TAMS 0x00000000c5a00000, 0x00000000c5900000| Untracked 
|   2|0x00000000c5a00000, 0x00000000c5b00000, 0x00000000c5b00000|100%| O|  |TAMS 0x00000000c5b00000, 0x00000000c5a00000| Untracked 
|   3|0x00000000c5b00000, 0x00000000c5c00000, 0x00000000c5c00000|100%| O|  |TAMS 0x00000000c5c00000, 0x00000000c5b00000| Untracked 
|   4|0x00000000c5c00000, 0x00000000c5d00000, 0x00000000c5d00000|100%| O|  |TAMS 0x00000000c5d00000, 0x00000000c5c00000| Untracked 
|   5|0x00000000c5d00000, 0x00000000c5e00000, 0x00000000c5e00000|100%| O|  |TAMS 0x00000000c5e00000, 0x00000000c5d00000| Untracked 
|   6|0x00000000c5e00000, 0x00000000c5f00000, 0x00000000c5f00000|100%| O|  |TAMS 0x00000000c5f00000, 0x00000000c5e00000| Untracked 
|   7|0x00000000c5f00000, 0x00000000c6000000, 0x00000000c6000000|100%| O|  |TAMS 0x00000000c6000000, 0x00000000c5f00000| Untracked 
|   8|0x00000000c6000000, 0x00000000c6100000, 0x00000000c6100000|100%| O|  |TAMS 0x00000000c6100000, 0x00000000c6000000| Untracked 
|   9|0x00000000c6100000, 0x00000000c6200000, 0x00000000c6200000|100%| O|  |TAMS 0x00000000c6200000, 0x00000000c6100000| Untracked 
|  10|0x00000000c6200000, 0x00000000c6300000, 0x00000000c6300000|100%| O|  |TAMS 0x00000000c6200000, 0x00000000c6200000| Untracked 
|  11|0x00000000c6300000, 0x00000000c6400000, 0x00000000c6400000|100%| O|  |TAMS 0x00000000c6400000, 0x00000000c6300000| Untracked 
|  12|0x00000000c6400000, 0x00000000c6500000, 0x00000000c6500000|100%| O|  |TAMS 0x00000000c6500000, 0x00000000c6400000| Untracked 
|  13|0x00000000c6500000, 0x00000000c6600000, 0x00000000c6600000|100%| O|  |TAMS 0x00000000c6600000, 0x00000000c6500000| Untracked 
|  14|0x00000000c6600000, 0x00000000c6700000, 0x00000000c6700000|100%| O|  |TAMS 0x00000000c6700000, 0x00000000c6600000| Untracked 
|  15|0x00000000c6700000, 0x00000000c6800000, 0x00000000c6800000|100%| O|  |TAMS 0x00000000c6800000, 0x00000000c6700000| Untracked 
|  16|0x00000000c6800000, 0x00000000c6900000, 0x00000000c6900000|100%| O|  |TAMS 0x00000000c6900000, 0x00000000c6800000| Untracked 
|  17|0x00000000c6900000, 0x00000000c6a00000, 0x00000000c6a00000|100%| O|  |TAMS 0x00000000c6a00000, 0x00000000c6900000| Untracked 
|  18|0x00000000c6a00000, 0x00000000c6b00000, 0x00000000c6b00000|100%| O|  |TAMS 0x00000000c6b00000, 0x00000000c6a00000| Untracked 
|  19|0x00000000c6b00000, 0x00000000c6c00000, 0x00000000c6c00000|100%| O|  |TAMS 0x00000000c6c00000, 0x00000000c6b00000| Untracked 
|  20|0x00000000c6c00000, 0x00000000c6d00000, 0x00000000c6d00000|100%| O|  |TAMS 0x00000000c6d00000, 0x00000000c6c00000| Untracked 
|  21|0x00000000c6d00000, 0x00000000c6e00000, 0x00000000c6e00000|100%| O|  |TAMS 0x00000000c6e00000, 0x00000000c6d00000| Untracked 
|  22|0x00000000c6e00000, 0x00000000c6e00000, 0x00000000c6f00000|  0%| F|  |TAMS 0x00000000c6e00000, 0x00000000c6e00000| Untracked 
|  23|0x00000000c6f00000, 0x00000000c7000000, 0x00000000c7000000|100%| O|  |TAMS 0x00000000c7000000, 0x00000000c6f00000| Untracked 
|  24|0x00000000c7000000, 0x00000000c7100000, 0x00000000c7100000|100%| O|  |TAMS 0x00000000c7100000, 0x00000000c7000000| Untracked 
|  25|0x00000000c7100000, 0x00000000c7200000, 0x00000000c7200000|100%| O|  |TAMS 0x00000000c7200000, 0x00000000c7100000| Untracked 
|  26|0x00000000c7200000, 0x00000000c7300000, 0x00000000c7300000|100%| O|  |TAMS 0x00000000c7300000, 0x00000000c7200000| Untracked 
|  27|0x00000000c7300000, 0x00000000c7400000, 0x00000000c7400000|100%| O|  |TAMS 0x00000000c7400000, 0x00000000c7300000| Untracked 
|  28|0x00000000c7400000, 0x00000000c7500000, 0x00000000c7500000|100%| O|  |TAMS 0x00000000c7500000, 0x00000000c7400000| Untracked 
|  29|0x00000000c7500000, 0x00000000c7600000, 0x00000000c7600000|100%| O|  |TAMS 0x00000000c7500000, 0x00000000c7500000| Untracked 
|  30|0x00000000c7600000, 0x00000000c7700000, 0x00000000c7700000|100%| O|  |TAMS 0x00000000c7700000, 0x00000000c7600000| Untracked 
|  31|0x00000000c7700000, 0x00000000c7800000, 0x00000000c7800000|100%| O|  |TAMS 0x00000000c7800000, 0x00000000c7700000| Untracked 
|  32|0x00000000c7800000, 0x00000000c7900000, 0x00000000c7900000|100%| O|  |TAMS 0x00000000c7900000, 0x00000000c7800000| Untracked 
|  33|0x00000000c7900000, 0x00000000c7a00000, 0x00000000c7a00000|100%| O|  |TAMS 0x00000000c7a00000, 0x00000000c7900000| Untracked 
|  34|0x00000000c7a00000, 0x00000000c7b00000, 0x00000000c7b00000|100%| O|  |TAMS 0x00000000c7b00000, 0x00000000c7a00000| Untracked 
|  35|0x00000000c7b00000, 0x00000000c7c00000, 0x00000000c7c00000|100%| O|  |TAMS 0x00000000c7c00000, 0x00000000c7b00000| Untracked 
|  36|0x00000000c7c00000, 0x00000000c7d00000, 0x00000000c7d00000|100%| O|  |TAMS 0x00000000c7d00000, 0x00000000c7c00000| Untracked 
|  37|0x00000000c7d00000, 0x00000000c7e00000, 0x00000000c7e00000|100%| O|  |TAMS 0x00000000c7e00000, 0x00000000c7d00000| Untracked 
|  38|0x00000000c7e00000, 0x00000000c7f00000, 0x00000000c7f00000|100%| O|  |TAMS 0x00000000c7f00000, 0x00000000c7e00000| Untracked 
|  39|0x00000000c7f00000, 0x00000000c8000000, 0x00000000c8000000|100%| O|  |TAMS 0x00000000c8000000, 0x00000000c7f00000| Untracked 
|  40|0x00000000c8000000, 0x00000000c8100000, 0x00000000c8100000|100%| O|  |TAMS 0x00000000c8100000, 0x00000000c8000000| Untracked 
|  41|0x00000000c8100000, 0x00000000c8200000, 0x00000000c8200000|100%| O|  |TAMS 0x00000000c8200000, 0x00000000c8100000| Untracked 
|  42|0x00000000c8200000, 0x00000000c8300000, 0x00000000c8300000|100%| O|  |TAMS 0x00000000c8300000, 0x00000000c8200000| Untracked 
|  43|0x00000000c8300000, 0x00000000c8400000, 0x00000000c8400000|100%| O|  |TAMS 0x00000000c8400000, 0x00000000c8300000| Untracked 
|  44|0x00000000c8400000, 0x00000000c8500000, 0x00000000c8500000|100%| O|  |TAMS 0x00000000c8500000, 0x00000000c8400000| Untracked 
|  45|0x00000000c8500000, 0x00000000c8600000, 0x00000000c8600000|100%| O|  |TAMS 0x00000000c8600000, 0x00000000c8500000| Untracked 
|  46|0x00000000c8600000, 0x00000000c8600000, 0x00000000c8700000|  0%| F|  |TAMS 0x00000000c8600000, 0x00000000c8600000| Untracked 
|  47|0x00000000c8700000, 0x00000000c8700000, 0x00000000c8800000|  0%| F|  |TAMS 0x00000000c8700000, 0x00000000c8700000| Untracked 
|  48|0x00000000c8800000, 0x00000000c8900000, 0x00000000c8900000|100%| O|  |TAMS 0x00000000c8800000, 0x00000000c8800000| Untracked 
|  49|0x00000000c8900000, 0x00000000c8a00000, 0x00000000c8a00000|100%| O|  |TAMS 0x00000000c8a00000, 0x00000000c8900000| Untracked 
|  50|0x00000000c8a00000, 0x00000000c8b00000, 0x00000000c8b00000|100%| O|  |TAMS 0x00000000c8b00000, 0x00000000c8a00000| Untracked 
|  51|0x00000000c8b00000, 0x00000000c8b00000, 0x00000000c8c00000|  0%| F|  |TAMS 0x00000000c8b00000, 0x00000000c8b00000| Untracked 
|  52|0x00000000c8c00000, 0x00000000c8c0b600, 0x00000000c8d00000|  4%| O|  |TAMS 0x00000000c8c00000, 0x00000000c8c00000| Untracked 
|  53|0x00000000c8d00000, 0x00000000c8d00000, 0x00000000c8e00000|  0%| F|  |TAMS 0x00000000c8d00000, 0x00000000c8d00000| Untracked 
|  54|0x00000000c8e00000, 0x00000000c8e00000, 0x00000000c8f00000|  0%| F|  |TAMS 0x00000000c8e00000, 0x00000000c8e00000| Untracked 
|  55|0x00000000c8f00000, 0x00000000c8f00000, 0x00000000c9000000|  0%| F|  |TAMS 0x00000000c8f00000, 0x00000000c8f00000| Untracked 
|  56|0x00000000c9000000, 0x00000000c9000000, 0x00000000c9100000|  0%| F|  |TAMS 0x00000000c9000000, 0x00000000c9000000| Untracked 
|  57|0x00000000c9100000, 0x00000000c9100000, 0x00000000c9200000|  0%| F|  |TAMS 0x00000000c9100000, 0x00000000c9100000| Untracked 
|  58|0x00000000c9200000, 0x00000000c9200000, 0x00000000c9300000|  0%| F|  |TAMS 0x00000000c9200000, 0x00000000c9200000| Untracked 
|  59|0x00000000c9300000, 0x00000000c9300000, 0x00000000c9400000|  0%| F|  |TAMS 0x00000000c9300000, 0x00000000c9300000| Untracked 
|  60|0x00000000c9400000, 0x00000000c9400000, 0x00000000c9500000|  0%| F|  |TAMS 0x00000000c9400000, 0x00000000c9400000| Untracked 
|  61|0x00000000c9500000, 0x00000000c9500000, 0x00000000c9600000|  0%| F|  |TAMS 0x00000000c9500000, 0x00000000c9500000| Untracked 
|  62|0x00000000c9600000, 0x00000000c9600000, 0x00000000c9700000|  0%| F|  |TAMS 0x00000000c9600000, 0x00000000c9600000| Untracked 
|  63|0x00000000c9700000, 0x00000000c9700000, 0x00000000c9800000|  0%| F|  |TAMS 0x00000000c9700000, 0x00000000c9700000| Untracked 
|  64|0x00000000c9800000, 0x00000000c9800000, 0x00000000c9900000|  0%| F|  |TAMS 0x00000000c9800000, 0x00000000c9800000| Untracked 
|  65|0x00000000c9900000, 0x00000000c9900000, 0x00000000c9a00000|  0%| F|  |TAMS 0x00000000c9900000, 0x00000000c9900000| Untracked 
|  66|0x00000000c9a00000, 0x00000000c9a00000, 0x00000000c9b00000|  0%| F|  |TAMS 0x00000000c9a00000, 0x00000000c9a00000| Untracked 
|  67|0x00000000c9b00000, 0x00000000c9b00000, 0x00000000c9c00000|  0%| F|  |TAMS 0x00000000c9b00000, 0x00000000c9b00000| Untracked 
|  68|0x00000000c9c00000, 0x00000000c9c00000, 0x00000000c9d00000|  0%| F|  |TAMS 0x00000000c9c00000, 0x00000000c9c00000| Untracked 
|  69|0x00000000c9d00000, 0x00000000c9d00000, 0x00000000c9e00000|  0%| F|  |TAMS 0x00000000c9d00000, 0x00000000c9d00000| Untracked 
|  70|0x00000000c9e00000, 0x00000000c9e00000, 0x00000000c9f00000|  0%| F|  |TAMS 0x00000000c9e00000, 0x00000000c9e00000| Untracked 
|  71|0x00000000c9f00000, 0x00000000c9f00000, 0x00000000ca000000|  0%| F|  |TAMS 0x00000000c9f00000, 0x00000000c9f00000| Untracked 
|  72|0x00000000ca000000, 0x00000000ca000000, 0x00000000ca100000|  0%| F|  |TAMS 0x00000000ca000000, 0x00000000ca000000| Untracked 
|  73|0x00000000ca100000, 0x00000000ca100000, 0x00000000ca200000|  0%| F|  |TAMS 0x00000000ca100000, 0x00000000ca100000| Untracked 
|  74|0x00000000ca200000, 0x00000000ca200000, 0x00000000ca300000|  0%| F|  |TAMS 0x00000000ca200000, 0x00000000ca200000| Untracked 
|  75|0x00000000ca300000, 0x00000000ca300000, 0x00000000ca400000|  0%| F|  |TAMS 0x00000000ca300000, 0x00000000ca300000| Untracked 
|  76|0x00000000ca400000, 0x00000000ca400000, 0x00000000ca500000|  0%| F|  |TAMS 0x00000000ca400000, 0x00000000ca400000| Untracked 
|  77|0x00000000ca500000, 0x00000000ca500000, 0x00000000ca600000|  0%| F|  |TAMS 0x00000000ca500000, 0x00000000ca500000| Untracked 
|  78|0x00000000ca600000, 0x00000000ca600000, 0x00000000ca700000|  0%| F|  |TAMS 0x00000000ca600000, 0x00000000ca600000| Untracked 
|  79|0x00000000ca700000, 0x00000000ca700000, 0x00000000ca800000|  0%| F|  |TAMS 0x00000000ca700000, 0x00000000ca700000| Untracked 
|  80|0x00000000ca800000, 0x00000000ca800000, 0x00000000ca900000|  0%| F|  |TAMS 0x00000000ca800000, 0x00000000ca800000| Untracked 
|  81|0x00000000ca900000, 0x00000000ca900000, 0x00000000caa00000|  0%| F|  |TAMS 0x00000000ca900000, 0x00000000ca900000| Untracked 
|  82|0x00000000caa00000, 0x00000000caa00000, 0x00000000cab00000|  0%| F|  |TAMS 0x00000000caa00000, 0x00000000caa00000| Untracked 
|  83|0x00000000cab00000, 0x00000000cab00000, 0x00000000cac00000|  0%| F|  |TAMS 0x00000000cab00000, 0x00000000cab00000| Untracked 
|  84|0x00000000cac00000, 0x00000000cac00000, 0x00000000cad00000|  0%| F|  |TAMS 0x00000000cac00000, 0x00000000cac00000| Untracked 
|  85|0x00000000cad00000, 0x00000000cad00000, 0x00000000cae00000|  0%| F|  |TAMS 0x00000000cad00000, 0x00000000cad00000| Untracked 
|  86|0x00000000cae00000, 0x00000000cae00000, 0x00000000caf00000|  0%| F|  |TAMS 0x00000000cae00000, 0x00000000cae00000| Untracked 
|  87|0x00000000caf00000, 0x00000000caf00000, 0x00000000cb000000|  0%| F|  |TAMS 0x00000000caf00000, 0x00000000caf00000| Untracked 
|  88|0x00000000cb000000, 0x00000000cb000000, 0x00000000cb100000|  0%| F|  |TAMS 0x00000000cb000000, 0x00000000cb000000| Untracked 
|  89|0x00000000cb100000, 0x00000000cb100000, 0x00000000cb200000|  0%| F|  |TAMS 0x00000000cb100000, 0x00000000cb100000| Untracked 
|  90|0x00000000cb200000, 0x00000000cb200000, 0x00000000cb300000|  0%| F|  |TAMS 0x00000000cb200000, 0x00000000cb200000| Untracked 
|  91|0x00000000cb300000, 0x00000000cb300000, 0x00000000cb400000|  0%| F|  |TAMS 0x00000000cb300000, 0x00000000cb300000| Untracked 
|  92|0x00000000cb400000, 0x00000000cb400000, 0x00000000cb500000|  0%| F|  |TAMS 0x00000000cb400000, 0x00000000cb400000| Untracked 
|  93|0x00000000cb500000, 0x00000000cb500000, 0x00000000cb600000|  0%| F|  |TAMS 0x00000000cb500000, 0x00000000cb500000| Untracked 
|  94|0x00000000cb600000, 0x00000000cb600000, 0x00000000cb700000|  0%| F|  |TAMS 0x00000000cb600000, 0x00000000cb600000| Untracked 
|  95|0x00000000cb700000, 0x00000000cb700000, 0x00000000cb800000|  0%| F|  |TAMS 0x00000000cb700000, 0x00000000cb700000| Untracked 
|  96|0x00000000cb800000, 0x00000000cb800000, 0x00000000cb900000|  0%| F|  |TAMS 0x00000000cb800000, 0x00000000cb800000| Untracked 
|  97|0x00000000cb900000, 0x00000000cb900000, 0x00000000cba00000|  0%| F|  |TAMS 0x00000000cb900000, 0x00000000cb900000| Untracked 
|  98|0x00000000cba00000, 0x00000000cba00000, 0x00000000cbb00000|  0%| F|  |TAMS 0x00000000cba00000, 0x00000000cba00000| Untracked 
|  99|0x00000000cbb00000, 0x00000000cbb00000, 0x00000000cbc00000|  0%| F|  |TAMS 0x00000000cbb00000, 0x00000000cbb00000| Untracked 
| 100|0x00000000cbc00000, 0x00000000cbc00000, 0x00000000cbd00000|  0%| F|  |TAMS 0x00000000cbc00000, 0x00000000cbc00000| Untracked 
| 101|0x00000000cbd00000, 0x00000000cbd00000, 0x00000000cbe00000|  0%| F|  |TAMS 0x00000000cbd00000, 0x00000000cbd00000| Untracked 
| 102|0x00000000cbe00000, 0x00000000cbe00000, 0x00000000cbf00000|  0%| F|  |TAMS 0x00000000cbe00000, 0x00000000cbe00000| Untracked 
| 103|0x00000000cbf00000, 0x00000000cbf00000, 0x00000000cc000000|  0%| F|  |TAMS 0x00000000cbf00000, 0x00000000cbf00000| Untracked 
| 104|0x00000000cc000000, 0x00000000cc000000, 0x00000000cc100000|  0%| F|  |TAMS 0x00000000cc000000, 0x00000000cc000000| Untracked 
| 105|0x00000000cc100000, 0x00000000cc100000, 0x00000000cc200000|  0%| F|  |TAMS 0x00000000cc100000, 0x00000000cc100000| Untracked 
| 106|0x00000000cc200000, 0x00000000cc200000, 0x00000000cc300000|  0%| F|  |TAMS 0x00000000cc200000, 0x00000000cc200000| Untracked 
| 107|0x00000000cc300000, 0x00000000cc300000, 0x00000000cc400000|  0%| F|  |TAMS 0x00000000cc300000, 0x00000000cc300000| Untracked 
| 108|0x00000000cc400000, 0x00000000cc400000, 0x00000000cc500000|  0%| F|  |TAMS 0x00000000cc400000, 0x00000000cc400000| Untracked 
| 109|0x00000000cc500000, 0x00000000cc500000, 0x00000000cc600000|  0%| F|  |TAMS 0x00000000cc500000, 0x00000000cc500000| Untracked 
| 110|0x00000000cc600000, 0x00000000cc600000, 0x00000000cc700000|  0%| F|  |TAMS 0x00000000cc600000, 0x00000000cc600000| Untracked 
| 111|0x00000000cc700000, 0x00000000cc700000, 0x00000000cc800000|  0%| F|  |TAMS 0x00000000cc700000, 0x00000000cc700000| Untracked 
| 112|0x00000000cc800000, 0x00000000cc800000, 0x00000000cc900000|  0%| F|  |TAMS 0x00000000cc800000, 0x00000000cc800000| Untracked 
| 113|0x00000000cc900000, 0x00000000cc900000, 0x00000000cca00000|  0%| F|  |TAMS 0x00000000cc900000, 0x00000000cc900000| Untracked 
| 114|0x00000000cca00000, 0x00000000cca00000, 0x00000000ccb00000|  0%| F|  |TAMS 0x00000000cca00000, 0x00000000cca00000| Untracked 
| 115|0x00000000ccb00000, 0x00000000ccb00000, 0x00000000ccc00000|  0%| F|  |TAMS 0x00000000ccb00000, 0x00000000ccb00000| Untracked 
| 116|0x00000000ccc00000, 0x00000000ccc00000, 0x00000000ccd00000|  0%| F|  |TAMS 0x00000000ccc00000, 0x00000000ccc00000| Untracked 
| 117|0x00000000ccd00000, 0x00000000ccd00000, 0x00000000cce00000|  0%| F|  |TAMS 0x00000000ccd00000, 0x00000000ccd00000| Untracked 
| 118|0x00000000cce00000, 0x00000000cce00000, 0x00000000ccf00000|  0%| F|  |TAMS 0x00000000cce00000, 0x00000000cce00000| Untracked 
| 119|0x00000000ccf00000, 0x00000000ccf00000, 0x00000000cd000000|  0%| F|  |TAMS 0x00000000ccf00000, 0x00000000ccf00000| Untracked 
| 120|0x00000000cd000000, 0x00000000cd000000, 0x00000000cd100000|  0%| F|  |TAMS 0x00000000cd000000, 0x00000000cd000000| Untracked 
| 121|0x00000000cd100000, 0x00000000cd100000, 0x00000000cd200000|  0%| F|  |TAMS 0x00000000cd100000, 0x00000000cd100000| Untracked 
| 122|0x00000000cd200000, 0x00000000cd200000, 0x00000000cd300000|  0%| F|  |TAMS 0x00000000cd200000, 0x00000000cd200000| Untracked 
| 123|0x00000000cd300000, 0x00000000cd300000, 0x00000000cd400000|  0%| F|  |TAMS 0x00000000cd300000, 0x00000000cd300000| Untracked 
| 124|0x00000000cd400000, 0x00000000cd400000, 0x00000000cd500000|  0%| F|  |TAMS 0x00000000cd400000, 0x00000000cd400000| Untracked 
| 125|0x00000000cd500000, 0x00000000cd500000, 0x00000000cd600000|  0%| F|  |TAMS 0x00000000cd500000, 0x00000000cd500000| Untracked 
| 126|0x00000000cd600000, 0x00000000cd600000, 0x00000000cd700000|  0%| F|  |TAMS 0x00000000cd600000, 0x00000000cd600000| Untracked 
| 127|0x00000000cd700000, 0x00000000cd700000, 0x00000000cd800000|  0%| F|  |TAMS 0x00000000cd700000, 0x00000000cd700000| Untracked 
| 128|0x00000000cd800000, 0x00000000cd800000, 0x00000000cd900000|  0%| F|  |TAMS 0x00000000cd800000, 0x00000000cd800000| Untracked 
| 129|0x00000000cd900000, 0x00000000cd9529d8, 0x00000000cda00000| 32%| E|  |TAMS 0x00000000cd900000, 0x00000000cd900000| Complete 
| 130|0x00000000cda00000, 0x00000000cdb00000, 0x00000000cdb00000|100%| E|CS|TAMS 0x00000000cda00000, 0x00000000cda00000| Complete 
| 131|0x00000000cdb00000, 0x00000000cdc00000, 0x00000000cdc00000|100%| E|CS|TAMS 0x00000000cdb00000, 0x00000000cdb00000| Complete 
| 132|0x00000000cdc00000, 0x00000000cdd00000, 0x00000000cdd00000|100%| E|CS|TAMS 0x00000000cdc00000, 0x00000000cdc00000| Complete 
| 133|0x00000000cdd00000, 0x00000000cde00000, 0x00000000cde00000|100%| E|CS|TAMS 0x00000000cdd00000, 0x00000000cdd00000| Complete 
| 134|0x00000000cde00000, 0x00000000cdf00000, 0x00000000cdf00000|100%| E|CS|TAMS 0x00000000cde00000, 0x00000000cde00000| Complete 
| 135|0x00000000cdf00000, 0x00000000ce000000, 0x00000000ce000000|100%| E|CS|TAMS 0x00000000cdf00000, 0x00000000cdf00000| Complete 
| 136|0x00000000ce000000, 0x00000000ce100000, 0x00000000ce100000|100%| E|CS|TAMS 0x00000000ce000000, 0x00000000ce000000| Complete 
| 137|0x00000000ce100000, 0x00000000ce200000, 0x00000000ce200000|100%| E|CS|TAMS 0x00000000ce100000, 0x00000000ce100000| Complete 
| 138|0x00000000ce200000, 0x00000000ce300000, 0x00000000ce300000|100%| E|CS|TAMS 0x00000000ce200000, 0x00000000ce200000| Complete 
| 139|0x00000000ce300000, 0x00000000ce400000, 0x00000000ce400000|100%| E|CS|TAMS 0x00000000ce300000, 0x00000000ce300000| Complete 
| 140|0x00000000ce400000, 0x00000000ce500000, 0x00000000ce500000|100%| E|CS|TAMS 0x00000000ce400000, 0x00000000ce400000| Complete 
| 141|0x00000000ce500000, 0x00000000ce600000, 0x00000000ce600000|100%| E|CS|TAMS 0x00000000ce500000, 0x00000000ce500000| Complete 
| 142|0x00000000ce600000, 0x00000000ce700000, 0x00000000ce700000|100%| E|CS|TAMS 0x00000000ce600000, 0x00000000ce600000| Complete 
| 143|0x00000000ce700000, 0x00000000ce800000, 0x00000000ce800000|100%| E|CS|TAMS 0x00000000ce700000, 0x00000000ce700000| Complete 
| 144|0x00000000ce800000, 0x00000000ce900000, 0x00000000ce900000|100%| E|CS|TAMS 0x00000000ce800000, 0x00000000ce800000| Complete 
| 145|0x00000000ce900000, 0x00000000cea00000, 0x00000000cea00000|100%| E|CS|TAMS 0x00000000ce900000, 0x00000000ce900000| Complete 
| 146|0x00000000cea00000, 0x00000000ceb00000, 0x00000000ceb00000|100%| E|CS|TAMS 0x00000000cea00000, 0x00000000cea00000| Complete 
| 147|0x00000000ceb00000, 0x00000000cec00000, 0x00000000cec00000|100%| E|CS|TAMS 0x00000000ceb00000, 0x00000000ceb00000| Complete 
| 148|0x00000000cec00000, 0x00000000ced00000, 0x00000000ced00000|100%| E|CS|TAMS 0x00000000cec00000, 0x00000000cec00000| Complete 
| 149|0x00000000ced00000, 0x00000000cee00000, 0x00000000cee00000|100%| E|CS|TAMS 0x00000000ced00000, 0x00000000ced00000| Complete 
| 150|0x00000000cee00000, 0x00000000cef00000, 0x00000000cef00000|100%| E|CS|TAMS 0x00000000cee00000, 0x00000000cee00000| Complete 
| 151|0x00000000cef00000, 0x00000000cf000000, 0x00000000cf000000|100%| E|CS|TAMS 0x00000000cef00000, 0x00000000cef00000| Complete 
| 152|0x00000000cf000000, 0x00000000cf100000, 0x00000000cf100000|100%| E|CS|TAMS 0x00000000cf000000, 0x00000000cf000000| Complete 
| 153|0x00000000cf100000, 0x00000000cf200000, 0x00000000cf200000|100%| E|CS|TAMS 0x00000000cf100000, 0x00000000cf100000| Complete 
| 154|0x00000000cf200000, 0x00000000cf300000, 0x00000000cf300000|100%| E|CS|TAMS 0x00000000cf200000, 0x00000000cf200000| Complete 
| 155|0x00000000cf300000, 0x00000000cf400000, 0x00000000cf400000|100%| E|CS|TAMS 0x00000000cf300000, 0x00000000cf300000| Complete 
| 156|0x00000000cf400000, 0x00000000cf500000, 0x00000000cf500000|100%| E|CS|TAMS 0x00000000cf400000, 0x00000000cf400000| Complete 
| 157|0x00000000cf500000, 0x00000000cf600000, 0x00000000cf600000|100%| E|CS|TAMS 0x00000000cf500000, 0x00000000cf500000| Complete 
| 158|0x00000000cf600000, 0x00000000cf700000, 0x00000000cf700000|100%| E|CS|TAMS 0x00000000cf600000, 0x00000000cf600000| Complete 
| 159|0x00000000cf700000, 0x00000000cf800000, 0x00000000cf800000|100%| E|CS|TAMS 0x00000000cf700000, 0x00000000cf700000| Complete 
| 160|0x00000000cf800000, 0x00000000cf900000, 0x00000000cf900000|100%| E|CS|TAMS 0x00000000cf800000, 0x00000000cf800000| Complete 
| 161|0x00000000cf900000, 0x00000000cfa00000, 0x00000000cfa00000|100%| E|CS|TAMS 0x00000000cf900000, 0x00000000cf900000| Complete 
| 162|0x00000000cfa00000, 0x00000000cfb00000, 0x00000000cfb00000|100%| E|CS|TAMS 0x00000000cfa00000, 0x00000000cfa00000| Complete 
| 163|0x00000000cfb00000, 0x00000000cfc00000, 0x00000000cfc00000|100%| E|CS|TAMS 0x00000000cfb00000, 0x00000000cfb00000| Complete 
| 164|0x00000000cfc00000, 0x00000000cfd00000, 0x00000000cfd00000|100%| E|CS|TAMS 0x00000000cfc00000, 0x00000000cfc00000| Complete 
| 165|0x00000000cfd00000, 0x00000000cfe00000, 0x00000000cfe00000|100%| E|CS|TAMS 0x00000000cfd00000, 0x00000000cfd00000| Complete 
| 166|0x00000000cfe00000, 0x00000000cff00000, 0x00000000cff00000|100%| E|CS|TAMS 0x00000000cfe00000, 0x00000000cfe00000| Complete 
| 167|0x00000000cff00000, 0x00000000d0000000, 0x00000000d0000000|100%| E|CS|TAMS 0x00000000cff00000, 0x00000000cff00000| Complete 
| 168|0x00000000d0000000, 0x00000000d0100000, 0x00000000d0100000|100%| E|CS|TAMS 0x00000000d0000000, 0x00000000d0000000| Complete 
| 247|0x00000000d4f00000, 0x00000000d4f55240, 0x00000000d5000000| 33%| S|CS|TAMS 0x00000000d4f00000, 0x00000000d4f00000| Complete 
| 248|0x00000000d5000000, 0x00000000d5100000, 0x00000000d5100000|100%| E|CS|TAMS 0x00000000d5000000, 0x00000000d5000000| Complete 
| 249|0x00000000d5100000, 0x00000000d5200000, 0x00000000d5200000|100%| E|CS|TAMS 0x00000000d5100000, 0x00000000d5100000| Complete 
| 250|0x00000000d5200000, 0x00000000d5300000, 0x00000000d5300000|100%| E|CS|TAMS 0x00000000d5200000, 0x00000000d5200000| Complete 
| 251|0x00000000d5300000, 0x00000000d5400000, 0x00000000d5400000|100%| E|CS|TAMS 0x00000000d5300000, 0x00000000d5300000| Complete 

Card table byte_map: [0x000002a4f5b20000,0x000002a4f5d00000] _byte_map_base: 0x000002a4f54f4000

Marking Bits (Prev, Next): (CMBitMap*) 0x000002a4ede09ac0, (CMBitMap*) 0x000002a4ede09b00
 Prev Bits: [0x000002a4f5ee0000, 0x000002a4f6d80000)
 Next Bits: [0x000002a4f6d80000, 0x000002a4f7c20000)

Polling page: 0x000002a4ebe20000

Metaspace:

Usage:
  Non-class:     79.80 MB used.
      Class:     12.10 MB used.
       Both:     91.90 MB used.

Virtual space:
  Non-class space:      128.00 MB reserved,      80.19 MB ( 63%) committed,  2 nodes.
      Class space:        1.00 GB reserved,      12.38 MB (  1%) committed,  1 nodes.
             Both:        1.12 GB reserved,      92.56 MB (  8%) committed. 

Chunk freelists:
   Non-Class:  15.54 MB
       Class:  3.64 MB
        Both:  19.19 MB

MaxMetaspaceSize: unlimited
CompressedClassSpaceSize: 1.00 GB
Initial GC threshold: 21.00 MB
Current GC threshold: 152.94 MB
CDS: on
MetaspaceReclaimPolicy: balanced
 - commit_granule_bytes: 65536.
 - commit_granule_words: 8192.
 - virtual_space_node_default_size: 8388608.
 - enlarge_chunks_in_place: 1.
 - new_chunks_are_fully_committed: 0.
 - uncommit_free_chunks: 1.
 - use_allocation_guard: 0.
 - handle_deallocations: 1.


Internal statistics:

num_allocs_failed_limit: 9.
num_arena_births: 1402.
num_arena_deaths: 376.
num_vsnodes_births: 3.
num_vsnodes_deaths: 0.
num_space_committed: 1481.
num_space_uncommitted: 0.
num_chunks_returned_to_freelist: 445.
num_chunks_taken_from_freelist: 5142.
num_chunk_merges: 142.
num_chunk_splits: 3468.
num_chunks_enlarged: 2573.
num_inconsistent_stats: 0.

CodeHeap 'non-profiled nmethods': size=120000Kb used=7620Kb max_used=7620Kb free=112379Kb
 bounds [0x000002a487ad0000, 0x000002a488250000, 0x000002a48f000000]
CodeHeap 'profiled nmethods': size=120000Kb used=22119Kb max_used=22119Kb free=97881Kb
 bounds [0x000002a480000000, 0x000002a4815a0000, 0x000002a487530000]
CodeHeap 'non-nmethods': size=5760Kb used=1416Kb max_used=1459Kb free=4343Kb
 bounds [0x000002a487530000, 0x000002a4877a0000, 0x000002a487ad0000]
 total_blobs=13108 nmethods=12338 adapters=682
 compilation: enabled
              stopped_count=0, restarted_count=0
 full_count=0

Compilation events (20 events):
Event: 68943.541 Thread 0x000002a4fa082d30 15126       3       com.fasterxml.jackson.databind.SerializerProvider::isUnknownTypeSerializer (37 bytes)
Event: 68943.541 Thread 0x000002a4fa082d30 nmethod 15126 0x000002a481593f90 code [0x000002a481594160, 0x000002a481594538]
Event: 68943.546 Thread 0x000002a4fa082d30 15127       1       org.springframework.http.converter.AbstractHttpMessageConverter::getContentLength (2 bytes)
Event: 68943.546 Thread 0x000002a4fa082d30 nmethod 15127 0x000002a48823f590 code [0x000002a48823f720, 0x000002a48823f7f8]
Event: 68943.547 Thread 0x000002a4fa082d30 15128       3       com.fasterxml.jackson.databind.SerializationFeature::enabledIn (15 bytes)
Event: 68943.547 Thread 0x000002a4fa082d30 nmethod 15128 0x000002a481594690 code [0x000002a481594820, 0x000002a481594998]
Event: 68943.553 Thread 0x000002a4fa082d30 15129       3       java.lang.invoke.VarHandleGuards::guard_LJJ_Z (88 bytes)
Event: 68943.565 Thread 0x000002a4fa082d30 nmethod 15129 0x000002a481594a10 code [0x000002a481594d60, 0x000002a481596ba8]
Event: 68943.566 Thread 0x000002a4fa082d30 15132       3       java.lang.Class::getProtectionDomain (20 bytes)
Event: 68943.567 Thread 0x000002a4fa082d30 nmethod 15132 0x000002a481597410 code [0x000002a481597600, 0x000002a4815979d8]
Event: 68943.567 Thread 0x000002a4fa082d30 15130       3       java.lang.invoke.VarHandleLongs$FieldInstanceReadWrite::weakCompareAndSetRelease (33 bytes)
Event: 68943.569 Thread 0x000002a4fa082d30 nmethod 15130 0x000002a481597b10 code [0x000002a481597d20, 0x000002a4815982f8]
Event: 68943.569 Thread 0x000002a4fa082d30 15134   !   3       jdk.internal.reflect.GeneratedConstructorAccessor57::newInstance (49 bytes)
Event: 68943.570 Thread 0x000002a4fa082d30 nmethod 15134 0x000002a481598510 code [0x000002a481598720, 0x000002a481598c68]
Event: 68943.573 Thread 0x000002a4fa082d30 15135       3       org.hibernate.sql.ast.tree.from.AbstractTableGroup::visitTableGroupJoins (18 bytes)
Event: 68943.574 Thread 0x000002a4fa082d30 nmethod 15135 0x000002a481598f10 code [0x000002a4815990c0, 0x000002a4815992c8]
Event: 68943.595 Thread 0x000002a4fa082d30 15136   !   3       com.fasterxml.jackson.databind.ser.DefaultSerializerProvider::hasSerializerFor (64 bytes)
Event: 68943.597 Thread 0x000002a4fa082d30 nmethod 15136 0x000002a481599390 code [0x000002a481599580, 0x000002a481599b28]
Event: 68943.628 Thread 0x000002a4fa082d30 15138   !   3       jdk.internal.reflect.GeneratedConstructorAccessor62::newInstance (49 bytes)
Event: 68943.631 Thread 0x000002a4fa082d30 nmethod 15138 0x000002a481599d10 code [0x000002a481599f60, 0x000002a48159a9d8]

GC Heap History (20 events):
Event: 51.965 GC heap before
{Heap before GC invocations=33 (full 0):
 garbage-first heap   total 86016K, used 44787K [0x00000000c5800000, 0x0000000100000000)
  region size 1024K, 4 young (4096K), 3 survivors (3072K)
 Metaspace       used 70688K, committed 71232K, reserved 1114112K
  class space    used 9776K, committed 10048K, reserved 1048576K
}
Event: 51.982 GC heap after
{Heap after GC invocations=34 (full 0):
 garbage-first heap   total 86016K, used 43519K [0x00000000c5800000, 0x0000000100000000)
  region size 1024K, 1 young (1024K), 1 survivors (1024K)
 Metaspace       used 70688K, committed 71232K, reserved 1114112K
  class space    used 9776K, committed 10048K, reserved 1048576K
}
Event: 54.011 GC heap before
{Heap before GC invocations=34 (full 0):
 garbage-first heap   total 86016K, used 68095K [0x00000000c5800000, 0x0000000100000000)
  region size 1024K, 26 young (26624K), 1 survivors (1024K)
 Metaspace       used 73135K, committed 73728K, reserved 1114112K
  class space    used 10109K, committed 10368K, reserved 1048576K
}
Event: 54.022 GC heap after
{Heap after GC invocations=35 (full 0):
 garbage-first heap   total 86016K, used 45465K [0x00000000c5800000, 0x0000000100000000)
  region size 1024K, 3 young (3072K), 3 survivors (3072K)
 Metaspace       used 73135K, committed 73728K, reserved 1114112K
  class space    used 10109K, committed 10368K, reserved 1048576K
}
Event: 22010.369 GC heap before
{Heap before GC invocations=36 (full 0):
 garbage-first heap   total 86016K, used 69017K [0x00000000c5800000, 0x0000000100000000)
  region size 1024K, 26 young (26624K), 3 survivors (3072K)
 Metaspace       used 76711K, committed 77312K, reserved 1179648K
  class space    used 10543K, committed 10816K, reserved 1048576K
}
Event: 22010.502 GC heap after
{Heap after GC invocations=37 (full 0):
 garbage-first heap   total 86016K, used 48406K [0x00000000c5800000, 0x0000000100000000)
  region size 1024K, 4 young (4096K), 4 survivors (4096K)
 Metaspace       used 76711K, committed 77312K, reserved 1179648K
  class space    used 10543K, committed 10816K, reserved 1048576K
}
Event: 22010.589 GC heap before
{Heap before GC invocations=37 (full 0):
 garbage-first heap   total 86016K, used 48406K [0x00000000c5800000, 0x0000000100000000)
  region size 1024K, 5 young (5120K), 4 survivors (4096K)
 Metaspace       used 76711K, committed 77312K, reserved 1179648K
  class space    used 10543K, committed 10816K, reserved 1048576K
}
Event: 22010.641 GC heap after
{Heap after GC invocations=38 (full 0):
 garbage-first heap   total 86016K, used 46142K [0x00000000c5800000, 0x0000000100000000)
  region size 1024K, 1 young (1024K), 1 survivors (1024K)
 Metaspace       used 76711K, committed 77312K, reserved 1179648K
  class space    used 10543K, committed 10816K, reserved 1048576K
}
Event: 22013.919 GC heap before
{Heap before GC invocations=38 (full 0):
 garbage-first heap   total 86016K, used 68670K [0x00000000c5800000, 0x0000000100000000)
  region size 1024K, 23 young (23552K), 1 survivors (1024K)
 Metaspace       used 79431K, committed 80064K, reserved 1179648K
  class space    used 10884K, committed 11200K, reserved 1048576K
}
Event: 22013.972 GC heap after
{Heap after GC invocations=39 (full 0):
 garbage-first heap   total 258048K, used 46795K [0x00000000c5800000, 0x0000000100000000)
  region size 1024K, 2 young (2048K), 2 survivors (2048K)
 Metaspace       used 79431K, committed 80064K, reserved 1179648K
  class space    used 10884K, committed 11200K, reserved 1048576K
}
Event: 22117.564 GC heap before
{Heap before GC invocations=40 (full 0):
 garbage-first heap   total 178176K, used 150219K [0x00000000c5800000, 0x0000000100000000)
  region size 1024K, 104 young (106496K), 2 survivors (2048K)
 Metaspace       used 90448K, committed 91136K, reserved 1179648K
  class space    used 12111K, committed 12416K, reserved 1048576K
}
Event: 22117.805 GC heap after
{Heap after GC invocations=41 (full 0):
 garbage-first heap   total 178176K, used 50591K [0x00000000c5800000, 0x0000000100000000)
  region size 1024K, 6 young (6144K), 6 survivors (6144K)
 Metaspace       used 90448K, committed 91136K, reserved 1179648K
  class space    used 12111K, committed 12416K, reserved 1048576K
}
Event: 22119.446 GC heap before
{Heap before GC invocations=41 (full 0):
 garbage-first heap   total 178176K, used 51615K [0x00000000c5800000, 0x0000000100000000)
  region size 1024K, 8 young (8192K), 6 survivors (6144K)
 Metaspace       used 90461K, committed 91136K, reserved 1179648K
  class space    used 12111K, committed 12416K, reserved 1048576K
}
Event: 22119.515 GC heap after
{Heap after GC invocations=42 (full 0):
 garbage-first heap   total 178176K, used 50155K [0x00000000c5800000, 0x0000000100000000)
  region size 1024K, 1 young (1024K), 1 survivors (1024K)
 Metaspace       used 90461K, committed 91136K, reserved 1179648K
  class space    used 12111K, committed 12416K, reserved 1048576K
}
Event: 23734.165 GC heap before
{Heap before GC invocations=42 (full 0):
 garbage-first heap   total 178176K, used 140267K [0x00000000c5800000, 0x0000000100000000)
  region size 1024K, 90 young (92160K), 1 survivors (1024K)
 Metaspace       used 93213K, committed 93952K, reserved 1179648K
  class space    used 12378K, committed 12672K, reserved 1048576K
}
Event: 23734.284 GC heap after
{Heap after GC invocations=43 (full 0):
 garbage-first heap   total 178176K, used 50869K [0x00000000c5800000, 0x0000000100000000)
  region size 1024K, 2 young (2048K), 2 survivors (2048K)
 Metaspace       used 93213K, committed 93952K, reserved 1179648K
  class space    used 12378K, committed 12672K, reserved 1048576K
}
Event: 68922.140 GC heap before
{Heap before GC invocations=44 (full 0):
 garbage-first heap   total 178176K, used 144053K [0x00000000c5800000, 0x0000000100000000)
  region size 1024K, 94 young (96256K), 2 survivors (2048K)
 Metaspace       used 93723K, committed 94336K, reserved 1179648K
  class space    used 12357K, committed 12672K, reserved 1048576K
}
Event: 68922.551 GC heap after
{Heap after GC invocations=45 (full 0):
 garbage-first heap   total 178176K, used 53108K [0x00000000c5800000, 0x0000000100000000)
  region size 1024K, 4 young (4096K), 4 survivors (4096K)
 Metaspace       used 93723K, committed 94336K, reserved 1179648K
  class space    used 12357K, committed 12672K, reserved 1048576K
}
Event: 68923.433 GC heap before
{Heap before GC invocations=45 (full 0):
 garbage-first heap   total 178176K, used 57204K [0x00000000c5800000, 0x0000000100000000)
  region size 1024K, 8 young (8192K), 4 survivors (4096K)
 Metaspace       used 93728K, committed 94400K, reserved 1179648K
  class space    used 12357K, committed 12672K, reserved 1048576K
}
Event: 68923.804 GC heap after
{Heap after GC invocations=46 (full 0):
 garbage-first heap   total 178176K, used 49538K [0x00000000c5800000, 0x0000000100000000)
  region size 1024K, 1 young (1024K), 1 survivors (1024K)
 Metaspace       used 93728K, committed 94400K, reserved 1179648K
  class space    used 12357K, committed 12672K, reserved 1048576K
}

Dll operation events (17 events):
Event: 0.061 Loaded shared library C:\Users\Sniffer\.jdks\ms-17.0.17\bin\java.dll
Event: 0.174 Loaded shared library C:\Users\Sniffer\.jdks\ms-17.0.17\bin\jsvml.dll
Event: 0.660 Loaded shared library C:\Users\Sniffer\.jdks\ms-17.0.17\bin\zip.dll
Event: 0.669 Loaded shared library C:\Users\Sniffer\.jdks\ms-17.0.17\bin\instrument.dll
Event: 0.691 Loaded shared library C:\Users\Sniffer\.jdks\ms-17.0.17\bin\net.dll
Event: 0.696 Loaded shared library C:\Users\Sniffer\.jdks\ms-17.0.17\bin\nio.dll
Event: 0.704 Loaded shared library C:\Users\Sniffer\.jdks\ms-17.0.17\bin\zip.dll
Event: 1.024 Loaded shared library C:\Program Files\JetBrains\IntelliJ IDEA Community Edition 2024.2.3\bin\breakgen64.dll
Event: 1.066 Loaded shared library C:\Users\Sniffer\.jdks\ms-17.0.17\bin\extnet.dll
Event: 1.155 Loaded shared library C:\Users\Sniffer\.jdks\ms-17.0.17\bin\jimage.dll
Event: 6.783 Loaded shared library C:\Users\Sniffer\.jdks\ms-17.0.17\bin\sunmscapi.dll
Event: 14.836 Loaded shared library C:\Users\Sniffer\.jdks\ms-17.0.17\bin\management.dll
Event: 14.844 Loaded shared library C:\Users\Sniffer\.jdks\ms-17.0.17\bin\management_ext.dll
Event: 16.775 Loaded shared library C:\Users\Sniffer\.jdks\ms-17.0.17\bin\verify.dll
Event: 22053.703 Loaded shared library C:\Users\Sniffer\.jdks\ms-17.0.17\bin\awt.dll
Event: 22053.751 Loaded shared library C:\Users\Sniffer\.jdks\ms-17.0.17\bin\freetype.dll
Event: 22053.765 Loaded shared library C:\Users\Sniffer\.jdks\ms-17.0.17\bin\fontmanager.dll

Deoptimization events (20 events):
Event: 68937.865 Thread 0x000002a4faccf6b0 DEOPT PACKING pc=0x000002a48820e848 sp=0x000000e98e0fa040
Event: 68937.865 Thread 0x000002a4faccf6b0 DEOPT UNPACKING pc=0x000002a48758699d sp=0x000000e98e0f9f10 mode 2
Event: 68937.865 Thread 0x000002a4faccf6b0 Uncommon trap: trap_request=0xffffffec fr.pc=0x000002a487e5ea28 relative=0x0000000000000088
Event: 68937.865 Thread 0x000002a4faccf6b0 Uncommon trap: reason=null_assert_or_unreached0 action=make_not_entrant pc=0x000002a487e5ea28 method=ch.qos.logback.classic.spi.LoggingEvent.getThrowableProxy()Lch/qos/logback/classic/spi/IThrowableProxy; @ 4 c2
Event: 68937.865 Thread 0x000002a4faccf6b0 DEOPT PACKING pc=0x000002a487e5ea28 sp=0x000000e98e0fa060
Event: 68937.866 Thread 0x000002a4facca0a0 Uncommon trap: trap_request=0xffffff45 fr.pc=0x000002a48820c788 relative=0x0000000000000328
Event: 68937.866 Thread 0x000002a4facca0a0 Uncommon trap: reason=unstable_if action=reinterpret pc=0x000002a48820c788 method=ch.qos.logback.classic.Level.toInteger()Ljava/lang/Integer; @ 4 c2
Event: 68937.866 Thread 0x000002a4facca0a0 DEOPT PACKING pc=0x000002a48820c788 sp=0x000000e98d9fa0e0
Event: 68937.866 Thread 0x000002a4facca0a0 DEOPT UNPACKING pc=0x000002a48758699d sp=0x000000e98d9fa020 mode 2
Event: 68937.867 Thread 0x000002a4faccf6b0 DEOPT UNPACKING pc=0x000002a48758699d sp=0x000000e98e0f9f70 mode 2
Event: 68937.986 Thread 0x000002a4d076d580 DEOPT PACKING pc=0x000002a480503e82 sp=0x000000e98d7fb050
Event: 68937.988 Thread 0x000002a4d076d580 DEOPT UNPACKING pc=0x000002a487587124 sp=0x000000e98d7fa510 mode 0
Event: 68940.841 Thread 0x000002a4d076c650 Uncommon trap: trap_request=0xffffff45 fr.pc=0x000002a4881f2ef4 relative=0x00000000000000d4
Event: 68940.843 Thread 0x000002a4d076c650 Uncommon trap: reason=unstable_if action=reinterpret pc=0x000002a4881f2ef4 method=java.lang.Long.compare(JJ)I @ 3 c2
Event: 68940.843 Thread 0x000002a4d076c650 DEOPT PACKING pc=0x000002a4881f2ef4 sp=0x000000e98d1fe8a0
Event: 68940.843 Thread 0x000002a4d076c650 DEOPT UNPACKING pc=0x000002a48758699d sp=0x000000e98d1fe750 mode 2
Event: 68940.845 Thread 0x000002a4d076c650 Uncommon trap: trap_request=0xffffff45 fr.pc=0x000002a4882090b4 relative=0x0000000000000094
Event: 68940.846 Thread 0x000002a4d076c650 Uncommon trap: reason=unstable_if action=reinterpret pc=0x000002a4882090b4 method=java.util.TreeSet.add(Ljava/lang/Object;)Z @ 13 c2
Event: 68940.846 Thread 0x000002a4d076c650 DEOPT PACKING pc=0x000002a4882090b4 sp=0x000000e98d1fe980
Event: 68940.846 Thread 0x000002a4d076c650 DEOPT UNPACKING pc=0x000002a48758699d sp=0x000000e98d1fe910 mode 2

Classes loaded (20 events):
Event: 22124.425 Loading class java/util/function/LongBinaryOperator
Event: 22124.431 Loading class java/util/function/LongBinaryOperator done
Event: 22124.434 Loading class java/util/stream/ReduceOps$10
Event: 22124.448 Loading class java/util/stream/ReduceOps$10 done
Event: 22124.449 Loading class java/util/stream/ReduceOps$8ReducingSink
Event: 22124.456 Loading class java/util/stream/Sink$OfLong
Event: 22124.462 Loading class java/util/stream/Sink$OfLong done
Event: 22124.462 Loading class java/util/stream/ReduceOps$8ReducingSink done
Event: 22124.463 Loading class java/util/stream/ReferencePipeline$5$1
Event: 22124.465 Loading class java/util/stream/ReferencePipeline$5$1 done
Event: 22125.249 Loading class java/text/ParsePosition
Event: 22125.251 Loading class java/text/ParsePosition done
Event: 22125.251 Loading class java/time/format/DateTimeParseContext
Event: 22125.254 Loading class java/time/format/DateTimeParseContext done
Event: 22125.254 Loading class java/time/format/Parsed
Event: 22125.265 Loading class java/time/format/Parsed done
Event: 22125.285 Loading class sun/reflect/annotation/AnnotationInvocationHandler$1
Event: 22125.288 Loading class sun/reflect/annotation/AnnotationInvocationHandler$1 done
Event: 23477.156 Loading class java/io/PushbackInputStream
Event: 23477.170 Loading class java/io/PushbackInputStream done

Classes unloaded (20 events):
Event: 23735.110 Thread 0x000002a4ede72050 Unloading class 0x000002a490418000 'java/lang/invoke/LambdaForm$MH+0x000002a490418000'
Event: 23735.111 Thread 0x000002a4ede72050 Unloading class 0x000002a490360c00 'java/lang/invoke/LambdaForm$MH+0x000002a490360c00'
Event: 23735.111 Thread 0x000002a4ede72050 Unloading class 0x000002a490109c00 'java/lang/invoke/LambdaForm$MH+0x000002a490109c00'
Event: 23735.111 Thread 0x000002a4ede72050 Unloading class 0x000002a490109800 'java/lang/invoke/LambdaForm$MH+0x000002a490109800'
Event: 23735.111 Thread 0x000002a4ede72050 Unloading class 0x000002a490109400 'java/lang/invoke/LambdaForm$MH+0x000002a490109400'
Event: 23735.111 Thread 0x000002a4ede72050 Unloading class 0x000002a490109000 'java/lang/invoke/LambdaForm$MH+0x000002a490109000'
Event: 23735.111 Thread 0x000002a4ede72050 Unloading class 0x000002a490108c00 'java/lang/invoke/LambdaForm$MH+0x000002a490108c00'
Event: 23735.111 Thread 0x000002a4ede72050 Unloading class 0x000002a490108800 'java/lang/invoke/LambdaForm$MH+0x000002a490108800'
Event: 23735.111 Thread 0x000002a4ede72050 Unloading class 0x000002a490108400 'java/lang/invoke/LambdaForm$MH+0x000002a490108400'
Event: 23735.111 Thread 0x000002a4ede72050 Unloading class 0x000002a490108000 'java/lang/invoke/LambdaForm$MH+0x000002a490108000'
Event: 23735.112 Thread 0x000002a4ede72050 Unloading class 0x000002a490085400 'java/lang/invoke/LambdaForm$MH+0x000002a490085400'
Event: 23735.112 Thread 0x000002a4ede72050 Unloading class 0x000002a490085000 'java/lang/invoke/LambdaForm$MH+0x000002a490085000'
Event: 23735.112 Thread 0x000002a4ede72050 Unloading class 0x000002a490084c00 'java/lang/invoke/LambdaForm$MH+0x000002a490084c00'
Event: 23735.112 Thread 0x000002a4ede72050 Unloading class 0x000002a490084800 'java/lang/invoke/LambdaForm$MH+0x000002a490084800'
Event: 23735.112 Thread 0x000002a4ede72050 Unloading class 0x000002a490084400 'java/lang/invoke/LambdaForm$MH+0x000002a490084400'
Event: 23735.112 Thread 0x000002a4ede72050 Unloading class 0x000002a490084000 'java/lang/invoke/LambdaForm$MH+0x000002a490084000'
Event: 23735.112 Thread 0x000002a4ede72050 Unloading class 0x000002a490018c00 'java/lang/invoke/LambdaForm$MH+0x000002a490018c00'
Event: 23735.112 Thread 0x000002a4ede72050 Unloading class 0x000002a490018800 'java/lang/invoke/LambdaForm$MH+0x000002a490018800'
Event: 23735.112 Thread 0x000002a4ede72050 Unloading class 0x000002a490018000 'java/lang/invoke/LambdaForm$MH+0x000002a490018000'
Event: 23735.112 Thread 0x000002a4ede72050 Unloading class 0x000002a490013c00 'java/lang/invoke/LambdaForm$MH+0x000002a490013c00'

Classes redefined (0 events):
No events

Internal exceptions (20 events):
Event: 23478.732 Thread 0x000002a4faccc410 Exception <a 'java/lang/NoSuchMethodError'{0x00000000cd31f328}: 'java.lang.Object java.lang.invoke.Invokers$Holder.linkToTargetMethod(java.lang.Object, int, java.lang.Object, java.lang.Object, java.lang.Object, java.lang.Object)'> (0x00000000cd31f328) 
thrown [s\src\hotspot\share\interpreter\linkResolver.cpp, line 759]
Event: 23478.744 Thread 0x000002a4faccc410 Exception <a 'java/lang/NoSuchMethodError'{0x00000000cd345f68}: 'void java.lang.invoke.DirectMethodHandle$Holder.invokeStatic(java.lang.Object, int, java.lang.Object, java.lang.Object, java.lang.Object, java.lang.Object)'> (0x00000000cd345f68) 
thrown [s\src\hotspot\share\interpreter\linkResolver.cpp, line 759]
Event: 23478.785 Thread 0x000002a4faccc410 Exception <a 'java/lang/IncompatibleClassChangeError'{0x00000000cd3a6d28}: Found class java.lang.Object, but interface was expected> (0x00000000cd3a6d28) 
thrown [s\src\hotspot\share\interpreter\linkResolver.cpp, line 826]
Event: 23543.542 Thread 0x000002a4d076d070 Implicit null exception at 0x000002a4881603df to 0x000002a488160ba8
Event: 23735.820 Thread 0x000002a4ff8765c0 Implicit null exception at 0x000002a487f51d28 to 0x000002a487f53390
Event: 24080.120 Thread 0x000002a4faccc410 Implicit null exception at 0x000002a487da3c1a to 0x000002a487da4484
Event: 24080.120 Thread 0x000002a4faccec90 Implicit null exception at 0x000002a487da3c1a to 0x000002a487da4484
Event: 24080.120 Thread 0x000002a4facce780 Implicit null exception at 0x000002a487da3c1a to 0x000002a487da4484
Event: 24080.120 Thread 0x000002a4d076d580 Implicit null exception at 0x000002a487da3c1a to 0x000002a487da4484
Event: 24080.235 Thread 0x000002a4facce780 Implicit null exception at 0x000002a487b76296 to 0x000002a487b769e8
Event: 24080.235 Thread 0x000002a4facca0a0 Implicit null exception at 0x000002a487b76296 to 0x000002a487b769e8
Event: 24080.242 Thread 0x000002a4facca0a0 Implicit null exception at 0x000002a487e59913 to 0x000002a487e5b76c
Event: 24080.243 Thread 0x000002a4faccc410 Implicit null exception at 0x000002a487b1891b to 0x000002a487b18f18
Event: 24080.243 Thread 0x000002a4faccec90 Implicit null exception at 0x000002a487dca0d9 to 0x000002a487dca15c
Event: 24080.244 Thread 0x000002a4d076d580 Implicit null exception at 0x000002a487e5dc59 to 0x000002a487e64250
Event: 24080.244 Thread 0x000002a4facca0a0 Implicit null exception at 0x000002a487e5dc59 to 0x000002a487e64250
Event: 24080.244 Thread 0x000002a4faccc410 Implicit null exception at 0x000002a487e5dc59 to 0x000002a487e64250
Event: 24080.288 Thread 0x000002a4faccc410 Implicit null exception at 0x000002a487b19930 to 0x000002a487b19ea0
Event: 68933.657 Thread 0x000002a4faccf6b0 Implicit null exception at 0x000002a4880ac0c4 to 0x000002a4880b0628
Event: 68933.658 Thread 0x000002a4facce780 Implicit null exception at 0x000002a4880ac0c4 to 0x000002a4880b0628

VM Operations (20 events):
Event: 68923.395 Executing VM operation: G1CollectForAllocation
Event: 68923.804 Executing VM operation: G1CollectForAllocation done
Event: 68924.806 Executing VM operation: Cleanup
Event: 68924.829 Executing VM operation: Cleanup done
Event: 68925.831 Executing VM operation: Cleanup
Event: 68925.831 Executing VM operation: Cleanup done
Event: 68932.876 Executing VM operation: Cleanup
Event: 68932.923 Executing VM operation: Cleanup done
Event: 68933.926 Executing VM operation: Cleanup
Event: 68933.928 Executing VM operation: Cleanup done
Event: 68934.932 Executing VM operation: Cleanup
Event: 68934.932 Executing VM operation: Cleanup done
Event: 68935.935 Executing VM operation: Cleanup
Event: 68935.951 Executing VM operation: Cleanup done
Event: 68936.958 Executing VM operation: Cleanup
Event: 68936.969 Executing VM operation: Cleanup done
Event: 68937.976 Executing VM operation: Cleanup
Event: 68937.985 Executing VM operation: Cleanup done
Event: 68939.003 Executing VM operation: Cleanup
Event: 68939.004 Executing VM operation: Cleanup done

Memory protections (0 events):
No events

Nmethod flushes (20 events):
Event: 24120.249 Thread 0x000002a4fa103920 flushing  nmethod 0x000002a480e76310
Event: 24120.249 Thread 0x000002a4fa103920 flushing  nmethod 0x000002a480e7bb10
Event: 24120.249 Thread 0x000002a4fa103920 flushing  nmethod 0x000002a480e7c390
Event: 24120.249 Thread 0x000002a4fa103920 flushing  nmethod 0x000002a480e7f910
Event: 24120.249 Thread 0x000002a4fa103920 flushing  nmethod 0x000002a480e82110
Event: 24120.249 Thread 0x000002a4fa103920 flushing osr nmethod 0x000002a480e86d90
Event: 24120.249 Thread 0x000002a4fa103920 flushing  nmethod 0x000002a480ea6d90
Event: 24120.249 Thread 0x000002a4fa103920 flushing  nmethod 0x000002a480eade90
Event: 24120.250 Thread 0x000002a4fa103920 flushing  nmethod 0x000002a480f27010
Event: 24120.250 Thread 0x000002a4fa103920 flushing  nmethod 0x000002a480f36610
Event: 24120.251 Thread 0x000002a4fa103920 flushing  nmethod 0x000002a480ff4c10
Event: 24120.251 Thread 0x000002a4fa103920 flushing  nmethod 0x000002a48106e710
Event: 24120.252 Thread 0x000002a4fa103920 flushing  nmethod 0x000002a48108b490
Event: 24120.252 Thread 0x000002a4fa103920 flushing  nmethod 0x000002a48108f310
Event: 24120.252 Thread 0x000002a4fa103920 flushing  nmethod 0x000002a4810aa790
Event: 24120.252 Thread 0x000002a4fa103920 flushing  nmethod 0x000002a4810aba90
Event: 24120.252 Thread 0x000002a4fa103920 flushing  nmethod 0x000002a4810d1a10
Event: 24120.254 Thread 0x000002a4fa103920 flushing  nmethod 0x000002a481294010
Event: 24120.254 Thread 0x000002a4fa103920 flushing  nmethod 0x000002a4812c8810
Event: 24120.255 Thread 0x000002a4fa103920 flushing  nmethod 0x000002a4813ba610

Events (20 events):
Event: 66808.316 Thread 0x000002a4faccb9f0 Thread exited: 0x000002a4faccb9f0
Event: 66808.962 Thread 0x000002a4faccce30 Thread exited: 0x000002a4faccce30
Event: 68566.836 Thread 0x000002a4d076f3e0 Thread added: 0x000002a4faccdd60
Event: 68566.842 Thread 0x000002a4d076f3e0 Thread added: 0x000002a4faccb9f0
Event: 68575.513 Thread 0x000002a4faccdd60 Thread exited: 0x000002a4faccdd60
Event: 68575.540 Thread 0x000002a4faccb9f0 Thread exited: 0x000002a4faccb9f0
Event: 68580.522 Thread 0x000002a4d076f3e0 Thread added: 0x000002a4faccb9f0
Event: 68580.523 Thread 0x000002a4d076f3e0 Thread added: 0x000002a4faccce30
Event: 68587.027 Thread 0x000002a4faccb9f0 Thread exited: 0x000002a4faccb9f0
Event: 68587.042 Thread 0x000002a4faccce30 Thread exited: 0x000002a4faccce30
Event: 68591.642 Thread 0x000002a4d076f3e0 Thread added: 0x000002a4faccce30
Event: 68591.642 Thread 0x000002a4d076f3e0 Thread added: 0x000002a4faccd340
Event: 68598.141 Thread 0x000002a4faccce30 Thread exited: 0x000002a4faccce30
Event: 68598.159 Thread 0x000002a4faccd340 Thread exited: 0x000002a4faccd340
Event: 68602.410 Thread 0x000002a4d076f3e0 Thread added: 0x000002a4faccb9f0
Event: 68602.410 Thread 0x000002a4d076f3e0 Thread added: 0x000002a4faccce30
Event: 68607.425 Thread 0x000002a4faccb9f0 Thread exited: 0x000002a4faccb9f0
Event: 68607.444 Thread 0x000002a4faccce30 Thread exited: 0x000002a4faccce30
Event: 68921.687 Thread 0x000002a4faccf6b0 Thread added: 0x000002a4faccb9f0
Event: 68926.794 Thread 0x000002a4faccb9f0 Thread exited: 0x000002a4faccb9f0


Dynamic libraries:
0x00007ff7221d0000 - 0x00007ff7221de000 	C:\Users\Sniffer\.jdks\ms-17.0.17\bin\java.exe
0x00007ff9729d0000 - 0x00007ff972bc8000 	C:\Windows\SYSTEM32\ntdll.dll
0x00007ff971550000 - 0x00007ff971612000 	C:\Windows\System32\KERNEL32.DLL
0x00007ff9703f0000 - 0x00007ff9706e6000 	C:\Windows\System32\KERNELBASE.dll
0x00007ff970860000 - 0x00007ff970960000 	C:\Windows\System32\ucrtbase.dll
0x00007ff969ff0000 - 0x00007ff96a008000 	C:\Users\Sniffer\.jdks\ms-17.0.17\bin\jli.dll
0x00007ff972650000 - 0x00007ff9727f1000 	C:\Windows\System32\USER32.dll
0x00007ff970310000 - 0x00007ff970332000 	C:\Windows\System32\win32u.dll
0x00007ff968980000 - 0x00007ff96899e000 	C:\Users\Sniffer\.jdks\ms-17.0.17\bin\VCRUNTIME140.dll
0x00007ff971620000 - 0x00007ff97164b000 	C:\Windows\System32\GDI32.dll
0x00007ff970060000 - 0x00007ff970179000 	C:\Windows\System32\gdi32full.dll
0x00007ff9707c0000 - 0x00007ff97085d000 	C:\Windows\System32\msvcp_win.dll
0x00007ff955710000 - 0x00007ff9559ab000 	C:\Windows\WinSxS\amd64_microsoft.windows.common-controls_6595b64144ccf1df_6.0.19041.6456_none_60b8a6cb71f64256\COMCTL32.dll
0x00007ff971770000 - 0x00007ff97180e000 	C:\Windows\System32\msvcrt.dll
0x00007ff9714c0000 - 0x00007ff9714ef000 	C:\Windows\System32\IMM32.DLL
0x00007ff96a890000 - 0x00007ff96a89c000 	C:\Users\Sniffer\.jdks\ms-17.0.17\bin\vcruntime140_1.dll
0x00007ff94d590000 - 0x00007ff94d619000 	C:\Users\Sniffer\.jdks\ms-17.0.17\bin\msvcp140.dll
0x00007ff923680000 - 0x00007ff9242fa000 	C:\Users\Sniffer\.jdks\ms-17.0.17\bin\server\jvm.dll
0x00007ff9709f0000 - 0x00007ff970aa1000 	C:\Windows\System32\ADVAPI32.dll
0x00007ff970ab0000 - 0x00007ff970b4f000 	C:\Windows\System32\sechost.dll
0x00007ff970ec0000 - 0x00007ff970fe0000 	C:\Windows\System32\RPCRT4.dll
0x00007ff970180000 - 0x00007ff9701a7000 	C:\Windows\System32\bcrypt.dll
0x00007ff972010000 - 0x00007ff97207b000 	C:\Windows\System32\WS2_32.dll
0x00007ff96fec0000 - 0x00007ff96ff0b000 	C:\Windows\SYSTEM32\POWRPROF.dll
0x00007ff9559c0000 - 0x00007ff9559e7000 	C:\Windows\SYSTEM32\WINMM.dll
0x00007ff960e30000 - 0x00007ff960e3a000 	C:\Windows\SYSTEM32\VERSION.dll
0x00007ff96fdf0000 - 0x00007ff96fe02000 	C:\Windows\SYSTEM32\UMPDC.dll
0x00007ff96e870000 - 0x00007ff96e882000 	C:\Windows\SYSTEM32\kernel.appcore.dll
0x00007ff96a7a0000 - 0x00007ff96a7aa000 	C:\Users\Sniffer\.jdks\ms-17.0.17\bin\jimage.dll
0x00007ff96e560000 - 0x00007ff96e761000 	C:\Windows\SYSTEM32\DBGHELP.DLL
0x00007ff9548b0000 - 0x00007ff9548e4000 	C:\Windows\SYSTEM32\dbgcore.DLL
0x00007ff970960000 - 0x00007ff9709e2000 	C:\Windows\System32\bcryptPrimitives.dll
0x00007ff96a050000 - 0x00007ff96a05f000 	C:\Users\Sniffer\.jdks\ms-17.0.17\bin\instrument.dll
0x00007ff959680000 - 0x00007ff9596a6000 	C:\Users\Sniffer\.jdks\ms-17.0.17\bin\java.dll
0x00007ff93df10000 - 0x00007ff93dfe6000 	C:\Users\Sniffer\.jdks\ms-17.0.17\bin\jsvml.dll
0x00007ff9718a0000 - 0x00007ff972010000 	C:\Windows\System32\SHELL32.dll
0x00007ff96ddb0000 - 0x00007ff96e555000 	C:\Windows\SYSTEM32\windows.storage.dll
0x00007ff970b60000 - 0x00007ff970eb4000 	C:\Windows\System32\combase.dll
0x00007ff96f9b0000 - 0x00007ff96f9db000 	C:\Windows\SYSTEM32\Wldp.dll
0x00007ff972800000 - 0x00007ff9728cd000 	C:\Windows\System32\OLEAUT32.dll
0x00007ff972080000 - 0x00007ff97212d000 	C:\Windows\System32\SHCORE.dll
0x00007ff970fe0000 - 0x00007ff97103b000 	C:\Windows\System32\shlwapi.dll
0x00007ff96ff90000 - 0x00007ff96ffb4000 	C:\Windows\SYSTEM32\profapi.dll
0x00007ff959660000 - 0x00007ff959678000 	C:\Users\Sniffer\.jdks\ms-17.0.17\bin\zip.dll
0x00007ff968940000 - 0x00007ff96895b000 	C:\Users\Sniffer\.jdks\ms-17.0.17\bin\net.dll
0x00007ff966c30000 - 0x00007ff966d3a000 	C:\Windows\SYSTEM32\WINHTTP.dll
0x00007ff96f710000 - 0x00007ff96f77a000 	C:\Windows\system32\mswsock.dll
0x00007ff959600000 - 0x00007ff959616000 	C:\Users\Sniffer\.jdks\ms-17.0.17\bin\nio.dll
0x00007ff9595e0000 - 0x00007ff9595fa000 	C:\Program Files\JetBrains\IntelliJ IDEA Community Edition 2024.2.3\bin\breakgen64.dll
0x00007ff959650000 - 0x00007ff959659000 	C:\Users\Sniffer\.jdks\ms-17.0.17\bin\extnet.dll
0x00007ff959550000 - 0x00007ff95955e000 	C:\Users\Sniffer\.jdks\ms-17.0.17\bin\sunmscapi.dll
0x00007ff9701b0000 - 0x00007ff97030d000 	C:\Windows\System32\CRYPT32.dll
0x00007ff96fa20000 - 0x00007ff96fa47000 	C:\Windows\SYSTEM32\ncrypt.dll
0x00007ff96f9e0000 - 0x00007ff96fa1b000 	C:\Windows\SYSTEM32\NTASN1.dll
0x00007ff96f910000 - 0x00007ff96f928000 	C:\Windows\SYSTEM32\CRYPTSP.dll
0x00007ff96f030000 - 0x00007ff96f068000 	C:\Windows\system32\rsaenh.dll
0x00007ff96ff50000 - 0x00007ff96ff7e000 	C:\Windows\SYSTEM32\USERENV.dll
0x00007ff96f900000 - 0x00007ff96f90c000 	C:\Windows\SYSTEM32\CRYPTBASE.dll
0x00007ff96f3f0000 - 0x00007ff96f42b000 	C:\Windows\SYSTEM32\IPHLPAPI.DLL
0x00007ff9714b0000 - 0x00007ff9714b8000 	C:\Windows\System32\NSI.dll
0x00007ff960df0000 - 0x00007ff960e07000 	C:\Windows\SYSTEM32\dhcpcsvc6.DLL
0x00007ff960ed0000 - 0x00007ff960eed000 	C:\Windows\SYSTEM32\dhcpcsvc.DLL
0x00007ff96f430000 - 0x00007ff96f4fa000 	C:\Windows\SYSTEM32\DNSAPI.dll
0x00007ff9595d0000 - 0x00007ff9595da000 	C:\Users\Sniffer\.jdks\ms-17.0.17\bin\management.dll
0x00007ff9595c0000 - 0x00007ff9595cc000 	C:\Users\Sniffer\.jdks\ms-17.0.17\bin\management_ext.dll
0x00007ff9728d0000 - 0x00007ff9728d8000 	C:\Windows\System32\PSAPI.DLL
0x00007ff959540000 - 0x00007ff959550000 	C:\Users\Sniffer\.jdks\ms-17.0.17\bin\verify.dll
0x0000000073e10000 - 0x0000000073e36000 	C:\Program Files\Bonjour\mdnsNSP.dll
0x00007ff958a30000 - 0x00007ff958a3a000 	C:\Windows\System32\rasadhlp.dll
0x00007ff959020000 - 0x00007ff9590a0000 	C:\Windows\System32\fwpuclnt.dll
0x00007ff926950000 - 0x00007ff926957000 	C:\Windows\system32\wshunix.dll
0x00007ff918db0000 - 0x00007ff918f46000 	C:\Users\Sniffer\.jdks\ms-17.0.17\bin\awt.dll
0x00007ff96c660000 - 0x00007ff96c6f4000 	C:\Windows\SYSTEM32\apphelp.dll
0x00007ff91a2e0000 - 0x00007ff91a367000 	C:\Users\Sniffer\.jdks\ms-17.0.17\bin\freetype.dll
0x00007ff918cb0000 - 0x00007ff918da1000 	C:\Users\Sniffer\.jdks\ms-17.0.17\bin\fontmanager.dll

dbghelp: loaded successfully - version: 4.0.5 - missing functions: none
symbol engine: initialized successfully - sym options: 0x614 - pdb path: .;C:\Users\Sniffer\.jdks\ms-17.0.17\bin;C:\Windows\SYSTEM32;C:\Windows\WinSxS\amd64_microsoft.windows.common-controls_6595b64144ccf1df_6.0.19041.6456_none_60b8a6cb71f64256;C:\Users\Sniffer\.jdks\ms-17.0.17\bin\server;C:\Program Files\JetBrains\IntelliJ IDEA Community Edition 2024.2.3\bin;C:\Program Files\Bonjour

VM Arguments:
jvm_args: -javaagent:C:\Program Files\JetBrains\IntelliJ IDEA Community Edition 2024.2.3\lib\idea_rt.jar=54743:C:\Program Files\JetBrains\IntelliJ IDEA Community Edition 2024.2.3\bin -Dfile.encoding=UTF-8 
java_command: com.ges.boutique.BoutiqueApplication
java_class_path (initial): C:\Users\Sniffer\Desktop\alimentation-boutique-back\boutique\target\classes;C:\Users\Sniffer\.m2\repository\org\springframework\boot\spring-boot-starter-web\3.2.0\spring-boot-starter-web-3.2.0.jar;C:\Users\Sniffer\.m2\repository\org\springframework\boot\spring-boot-starter\3.2.0\spring-boot-starter-3.2.0.jar;C:\Users\Sniffer\.m2\repository\org\springframework\boot\spring-boot\3.2.0\spring-boot-3.2.0.jar;C:\Users\Sniffer\.m2\repository\org\springframework\boot\spring-boot-autoconfigure\3.2.0\spring-boot-autoconfigure-3.2.0.jar;C:\Users\Sniffer\.m2\repository\org\springframework\boot\spring-boot-starter-logging\3.2.0\spring-boot-starter-logging-3.2.0.jar;C:\Users\Sniffer\.m2\repository\ch\qos\logback\logback-classic\1.4.11\logback-classic-1.4.11.jar;C:\Users\Sniffer\.m2\repository\ch\qos\logback\logback-core\1.4.11\logback-core-1.4.11.jar;C:\Users\Sniffer\.m2\repository\org\apache\logging\log4j\log4j-to-slf4j\2.21.1\log4j-to-slf4j-2.21.1.jar;C:\Users\Sniffer\.m2\repository\org\slf4j\jul-to-slf4j\2.0.9\jul-to-slf4j-2.0.9.jar;C:\Users\Sniffer\.m2\repository\jakarta\annotation\jakarta.annotation-api\2.1.1\jakarta.annotation-api-2.1.1.jar;C:\Users\Sniffer\.m2\repository\org\yaml\snakeyaml\2.2\snakeyaml-2.2.jar;C:\Users\Sniffer\.m2\repository\org\springframework\boot\spring-boot-starter-json\3.2.0\spring-boot-starter-json-3.2.0.jar;C:\Users\Sniffer\.m2\repository\com\fasterxml\jackson\datatype\jackson-datatype-jdk8\2.15.3\jackson-datatype-jdk8-2.15.3.jar;C:\Users\Sniffer\.m2\repository\com\fasterxml\jackson\datatype\jackson-datatype-jsr310\2.15.3\jackson-datatype-jsr310-2.15.3.jar;C:\Users\Sniffer\.m2\repository\com\fasterxml\jackson\module\jackson-module-parameter-names\2.15.3\jackson-module-parameter-names-2.15.3.jar;C:\Users\Sniffer\.m2\repository\org\springframework\boot\spring-boot-starter-tomcat\3.2.0\spring-boot-starter-tomcat-3.2.0.jar;C:\Users\Sniffer\.m2\repository\org\apache\tomcat\embed\tomcat-embed-core\10.1.16\tomcat-embed-core-10
Launcher Type: SUN_STANDARD

[Global flags]
     intx CICompilerCount                          = 3                                         {product} {ergonomic}
     uint ConcGCThreads                            = 1                                         {product} {ergonomic}
     uint G1ConcRefinementThreads                  = 4                                         {product} {ergonomic}
   size_t G1HeapRegionSize                         = 1048576                                   {product} {ergonomic}
    uintx GCDrainStackTargetSize                   = 64                                        {product} {ergonomic}
   size_t InitialHeapSize                          = 62914560                                  {product} {ergonomic}
   size_t MarkStackSize                            = 4194304                                   {product} {ergonomic}
   size_t MaxHeapSize                              = 981467136                                 {product} {ergonomic}
   size_t MaxNewSize                               = 588251136                                 {product} {ergonomic}
   size_t MinHeapDeltaBytes                        = 1048576                                   {product} {ergonomic}
   size_t MinHeapSize                              = 8388608                                   {product} {ergonomic}
    uintx NonNMethodCodeHeapSize                   = 5832780                                {pd product} {ergonomic}
    uintx NonProfiledCodeHeapSize                  = 122912730                              {pd product} {ergonomic}
    uintx ProfiledCodeHeapSize                     = 122912730                              {pd product} {ergonomic}
    uintx ReservedCodeCacheSize                    = 251658240                              {pd product} {ergonomic}
     bool SegmentedCodeCache                       = true                                      {product} {ergonomic}
   size_t SoftMaxHeapSize                          = 981467136                              {manageable} {ergonomic}
     bool UseCompressedClassPointers               = true                           {product lp64_product} {ergonomic}
     bool UseCompressedOops                        = true                           {product lp64_product} {ergonomic}
     bool UseG1GC                                  = true                                      {product} {ergonomic}
     bool UseLargePagesIndividualAllocation        = false                                  {pd product} {ergonomic}

Logging:
Log output configuration:
 #0: stdout all=warning uptime,level,tags
 #1: stderr all=off uptime,level,tags

Environment Variables:
PATH=C:\Python314\Scripts\;C:\Python314\;C:\Program Files\Common Files\Oracle\Java\javapath;C:\Windows\system32;C:\Windows;C:\Windows\System32\Wbem;C:\Windows\System32\WindowsPowerShell\v1.0\;C:\Windows\System32\OpenSSH\;C:\Program Files\Git\cmd;C:\ProgramData\chocolatey\bin;C:\ProgramData\chocolatey\lib\maven\apache-maven-3.9.12\bin;C:\Program Files\nodejs\;C:\Program Files\cursor\resources\app\bin;C:\Users\Sniffer\AppData\Local\Microsoft\WindowsApps;C:\Program Files\JetBrains\IntelliJ IDEA Community Edition 2024.2.3\bin;;C:\Users\Sniffer\AppData\Local\Programs\Microsoft VS Code\bin;C:\Users\Sniffer\AppData\Local\GitHubDesktop\bin;C:\Users\Sniffer\AppData\Roaming\npm;C:\Users\Sniffer\AppData\Local\PowerToys\DSCModules\
USERNAME=Sniffer
OS=Windows_NT
PROCESSOR_IDENTIFIER=Intel64 Family 6 Model 122 Stepping 8, GenuineIntel
TMP=C:\Users\Sniffer\AppData\Local\Temp
TEMP=C:\Users\Sniffer\AppData\Local\Temp



Periodic native trim disabled


---------------  S Y S T E M  ---------------

OS:
 Windows 10 , 64 bit Build 19041 (10.0.19041.5915)
OS uptime: 0 days 22:34 hours

CPU: total 4 (initial active 4) (4 cores per cpu, 1 threads per core) family 6 model 122 stepping 8 microcode 0x22, cx8, cmov, fxsr, mmx, 3dnowpref, sse, sse2, sse3, ssse3, sse4.1, sse4.2, popcnt, tsc, tscinvbit, aes, erms, clmul, sha, clflush, clflushopt
Processor Information for the first 4 processors :
  Max Mhz: 1101, Current Mhz: 1101, Mhz Limit: 1101

Memory: 4k page, system-wide physical 3743M (214M free)
TotalPageFile size 15007M (AvailPageFile size 5M)
current process WorkingSet (physical memory assigned to process): 182M, peak: 255M
current process commit charge ("private bytes"): 431M, peak: 490M

vm_info: OpenJDK 64-Bit Server VM (17.0.17+10-LTS) for windows-amd64 JRE (17.0.17+10-LTS), built on Oct 13 2025 22:19:56 by "MicrosoftCorporation" with unknown MS VC++:1944

END.
