#
# There is insufficient memory for the Java Runtime Environment to continue.
# Native memory allocation (malloc) failed to allocate 854096 bytes. Error detail: Chunk::new
# Possible reasons:
#   The system is out of physical RAM or swap space
#   This process is running with CompressedOops enabled, and the Java Heap may be blocking the growth of the native heap
# Possible solutions:
#   Reduce memory load on the system
#   Increase physical memory or swap space
#   Check if swap backing store is full
#   Decrease Java heap size (-Xmx/-Xms)
#   Decrease number of Java threads
#   Decrease Java thread stack sizes (-Xss)
#   Set larger code cache with -XX:ReservedCodeCacheSize=
#   JVM is running with Unscaled Compressed Oops mode in which the Java heap is
#     placed in the first 4GB address space. The Java Heap base address is the
#     maximum limit for the native heap growth. Please use -XX:HeapBaseMinAddress
#     to set the Java Heap base and to place the Java Heap above 4GB virtual address.
# This output file may be truncated or incomplete.
#
#  Out of Memory Error (arena.cpp:191), pid=16324, tid=7608
#
# JRE version: OpenJDK Runtime Environment Microsoft-12574423 (17.0.17+10) (build 17.0.17+10-LTS)
# Java VM: OpenJDK 64-Bit Server VM Microsoft-12574423 (17.0.17+10-LTS, mixed mode, sharing, tiered, compressed oops, compressed class ptrs, g1 gc, windows-amd64)
# No core dump will be written. Minidumps are not enabled by default on client versions of Windows
#

---------------  S U M M A R Y ------------

Command Line: -javaagent:C:\Program Files\JetBrains\IntelliJ IDEA Community Edition 2024.2.3\lib\idea_rt.jar=63473:C:\Program Files\JetBrains\IntelliJ IDEA Community Edition 2024.2.3\bin -Dfile.encoding=UTF-8 com.ges.boutique.BoutiqueApplication

Host: Intel(R) Celeron(R) N4120 CPU @ 1.10GHz, 4 cores, 3G,  Windows 10 , 64 bit Build 19041 (10.0.19041.5915)
Time: Wed Feb 25 19:19:20 2026 Paris, Madrid elapsed time: 37.599189 seconds (0d 0h 0m 37s)

---------------  T H R E A D  ---------------

Current thread (0x000001903eec2ef0):  JavaThread "C2 CompilerThread0" daemon [_thread_in_native, id=7608, stack(0x00000007a5700000,0x00000007a5800000)]


Current CompileTask:
C2:37599 4535   !   4       java.lang.reflect.Field::declaredAnnotations (82 bytes)

Stack: [0x00000007a5700000,0x00000007a5800000]
Native frames: (J=compiled Java code, j=interpreted, Vv=VM code, C=native code)
V  [jvm.dll+0x68c459]  (no source info available)
V  [jvm.dll+0x845e09]  (no source info available)
V  [jvm.dll+0x847b78]  (no source info available)
V  [jvm.dll+0x848203]  (no source info available)
V  [jvm.dll+0x24cf6f]  (no source info available)
V  [jvm.dll+0xaecb6]  (no source info available)
V  [jvm.dll+0xaf35c]  (no source info available)
V  [jvm.dll+0x2b4b8f]  (no source info available)
V  [jvm.dll+0x594484]  (no source info available)
V  [jvm.dll+0x226d84]  (no source info available)
V  [jvm.dll+0x22718d]  (no source info available)
V  [jvm.dll+0x220193]  (no source info available)
V  [jvm.dll+0x21d260]  (no source info available)
V  [jvm.dll+0x1a8ce6]  (no source info available)
V  [jvm.dll+0x22db1b]  (no source info available)
V  [jvm.dll+0x22bca6]  (no source info available)
V  [jvm.dll+0x7fb65b]  (no source info available)
V  [jvm.dll+0x7f5a5c]  (no source info available)
V  [jvm.dll+0x68d9f7]  (no source info available)
C  [ucrtbase.dll+0x21bb2]  (no source info available)
C  [KERNEL32.DLL+0x17374]  (no source info available)
C  [ntdll.dll+0x4cc91]  (no source info available)


---------------  P R O C E S S  ---------------

Threads class SMR info:
_java_thread_list=0x0000019085973e00, length=14, elements={
0x0000019023cbeb40, 0x0000019023d676d0, 0x0000019023d68550, 0x000001903ee9d190,
0x000001903ee9dd50, 0x000001903eea1830, 0x000001903eec2200, 0x000001903eec2ef0,
0x000001903eecee00, 0x000001903eeeb2e0, 0x0000019023d566c0, 0x000001908411de30,
0x000001908453d560, 0x0000019085cfe770
}

Java Threads: ( => current thread )
  0x0000019023cbeb40 JavaThread "main" [_thread_in_vm, id=16780, stack(0x00000007a4a00000,0x00000007a4b00000)]
  0x0000019023d676d0 JavaThread "Reference Handler" daemon [_thread_blocked, id=1676, stack(0x00000007a5100000,0x00000007a5200000)]
  0x0000019023d68550 JavaThread "Finalizer" daemon [_thread_blocked, id=8408, stack(0x00000007a5200000,0x00000007a5300000)]
  0x000001903ee9d190 JavaThread "Signal Dispatcher" daemon [_thread_blocked, id=1264, stack(0x00000007a5300000,0x00000007a5400000)]
  0x000001903ee9dd50 JavaThread "Attach Listener" daemon [_thread_blocked, id=12356, stack(0x00000007a5400000,0x00000007a5500000)]
  0x000001903eea1830 JavaThread "Service Thread" daemon [_thread_blocked, id=15464, stack(0x00000007a5500000,0x00000007a5600000)]
  0x000001903eec2200 JavaThread "Monitor Deflation Thread" daemon [_thread_blocked, id=7212, stack(0x00000007a5600000,0x00000007a5700000)]
=>0x000001903eec2ef0 JavaThread "C2 CompilerThread0" daemon [_thread_in_native, id=7608, stack(0x00000007a5700000,0x00000007a5800000)]
  0x000001903eecee00 JavaThread "C1 CompilerThread0" daemon [_thread_blocked, id=14544, stack(0x00000007a5800000,0x00000007a5900000)]
  0x000001903eeeb2e0 JavaThread "Sweeper thread" daemon [_thread_blocked, id=13568, stack(0x00000007a5900000,0x00000007a5a00000)]
  0x0000019023d566c0 JavaThread "Common-Cleaner" daemon [_thread_blocked, id=12060, stack(0x00000007a5a00000,0x00000007a5b00000)]
  0x000001908411de30 JavaThread "Monitor Ctrl-Break" daemon [_thread_in_native, id=17164, stack(0x00000007a5b00000,0x00000007a5c00000)]
  0x000001908453d560 JavaThread "Notification Thread" daemon [_thread_blocked, id=13052, stack(0x00000007a5c00000,0x00000007a5d00000)]
  0x0000019085cfe770 JavaThread "mysql-cj-abandoned-connection-cleanup" daemon [_thread_blocked, id=17984, stack(0x00000007a6200000,0x00000007a6300000)]

Other Threads:
  0x0000019023d63020 VMThread "VM Thread" [stack: 0x00000007a5000000,0x00000007a5100000] [id=16540]
  0x00000190843f7ba0 WatcherThread [stack: 0x00000007a5d00000,0x00000007a5e00000] [id=15732]
  0x0000019023cf93d0 GCTaskThread "GC Thread#0" [stack: 0x00000007a4b00000,0x00000007a4c00000] [id=4032]
  0x0000019084626520 GCTaskThread "GC Thread#1" [stack: 0x00000007a5e00000,0x00000007a5f00000] [id=15028]
  0x0000019084732540 GCTaskThread "GC Thread#2" [stack: 0x00000007a5f00000,0x00000007a6000000] [id=5032]
  0x000001908471a4b0 GCTaskThread "GC Thread#3" [stack: 0x00000007a6000000,0x00000007a6100000] [id=548]
  0x0000019023d01830 ConcurrentGCThread "G1 Main Marker" [stack: 0x00000007a4c00000,0x00000007a4d00000] [id=7716]
  0x0000019023d03260 ConcurrentGCThread "G1 Conc#0" [stack: 0x00000007a4d00000,0x00000007a4e00000] [id=17356]
  0x0000019023d43b80 ConcurrentGCThread "G1 Refine#0" [stack: 0x00000007a4e00000,0x00000007a4f00000] [id=12452]
  0x00000190851230d0 ConcurrentGCThread "G1 Refine#1" [stack: 0x00000007a6100000,0x00000007a6200000] [id=18800]
  0x0000019023d445c0 ConcurrentGCThread "G1 Service" [stack: 0x00000007a4f00000,0x00000007a5000000] [id=1652]

Threads with active compile tasks:
C2 CompilerThread0  37827 4535   !   4       java.lang.reflect.Field::declaredAnnotations (82 bytes)

VM state: not at safepoint (normal execution)

VM Mutex/Monitor currently owned by a thread:  ([mutex/lock_event])
[0x0000019023cb82f0] MultiArray_lock - owner thread: 0x0000019023cbeb40

Heap address: 0x00000000c5800000, size: 936 MB, Compressed Oops mode: 32-bit

CDS archive(s) mapped at: [0x000001903f000000-0x000001903fbb0000-0x000001903fbb0000), size 12255232, SharedBaseAddress: 0x000001903f000000, ArchiveRelocationMode: 1.
Compressed class space mapped at: 0x0000019040000000-0x0000019080000000, reserved size: 1073741824
Narrow klass base: 0x000001903f000000, Narrow klass shift: 0, Narrow klass range: 0x100000000

GC Precious Log:
 CPUs: 4 total, 4 available
 Memory: 3743M
 Large Page Support: Disabled
 NUMA Support: Disabled
 Compressed Oops: Enabled (32-bit)
 Heap Region Size: 1M
 Heap Min Capacity: 8M
 Heap Initial Capacity: 60M
 Heap Max Capacity: 936M
 Pre-touch: Disabled
 Parallel Workers: 4
 Concurrent Workers: 1
 Concurrent Refinement Workers: 4
 Periodic GC: Disabled

Heap:
 garbage-first heap   total 61440K, used 32562K [0x00000000c5800000, 0x0000000100000000)
  region size 1024K, 11 young (11264K), 2 survivors (2048K)
 Metaspace       used 42711K, committed 43136K, reserved 1114112K
  class space    used 5695K, committed 5888K, reserved 1048576K

Heap Regions: E=young(eden), S=young(survivor), O=old, HS=humongous(starts), HC=humongous(continues), CS=collection set, F=free, OA=open archive, CA=closed archive, TAMS=top-at-mark-start (previous, next)
|   0|0x00000000c5800000, 0x00000000c5900000, 0x00000000c5900000|100%|HS|  |TAMS 0x00000000c5900000, 0x00000000c5800000| Complete 
|   1|0x00000000c5900000, 0x00000000c5a00000, 0x00000000c5a00000|100%| O|  |TAMS 0x00000000c5a00000, 0x00000000c5900000| Untracked 
|   2|0x00000000c5a00000, 0x00000000c5b00000, 0x00000000c5b00000|100%| O|  |TAMS 0x00000000c5b00000, 0x00000000c5a00000| Untracked 
|   3|0x00000000c5b00000, 0x00000000c5c00000, 0x00000000c5c00000|100%| O|  |TAMS 0x00000000c5c00000, 0x00000000c5b00000| Untracked 
|   4|0x00000000c5c00000, 0x00000000c5d00000, 0x00000000c5d00000|100%| O|  |TAMS 0x00000000c5d00000, 0x00000000c5c00000| Untracked 
|   5|0x00000000c5d00000, 0x00000000c5e00000, 0x00000000c5e00000|100%| O|  |TAMS 0x00000000c5e00000, 0x00000000c5d00000| Untracked 
|   6|0x00000000c5e00000, 0x00000000c5f00000, 0x00000000c5f00000|100%| O|  |TAMS 0x00000000c5f00000, 0x00000000c5e00000| Untracked 
|   7|0x00000000c5f00000, 0x00000000c6000000, 0x00000000c6000000|100%| O|  |TAMS 0x00000000c6000000, 0x00000000c5f00000| Untracked 
|   8|0x00000000c6000000, 0x00000000c6100000, 0x00000000c6100000|100%| O|  |TAMS 0x00000000c6100000, 0x00000000c6000000| Untracked 
|   9|0x00000000c6100000, 0x00000000c6200000, 0x00000000c6200000|100%| O|  |TAMS 0x00000000c6200000, 0x00000000c6100000| Untracked 
|  10|0x00000000c6200000, 0x00000000c6300000, 0x00000000c6300000|100%| O|  |TAMS 0x00000000c6300000, 0x00000000c6200000| Untracked 
|  11|0x00000000c6300000, 0x00000000c6400000, 0x00000000c6400000|100%| O|  |TAMS 0x00000000c6400000, 0x00000000c6300000| Untracked 
|  12|0x00000000c6400000, 0x00000000c6500000, 0x00000000c6500000|100%| O|  |TAMS 0x00000000c6500000, 0x00000000c6400000| Untracked 
|  13|0x00000000c6500000, 0x00000000c6600000, 0x00000000c6600000|100%| O|  |TAMS 0x00000000c6600000, 0x00000000c6500000| Untracked 
|  14|0x00000000c6600000, 0x00000000c6700000, 0x00000000c6700000|100%| O|  |TAMS 0x00000000c6700000, 0x00000000c6600000| Untracked 
|  15|0x00000000c6700000, 0x00000000c6800000, 0x00000000c6800000|100%| O|  |TAMS 0x00000000c6800000, 0x00000000c6700000| Untracked 
|  16|0x00000000c6800000, 0x00000000c6900000, 0x00000000c6900000|100%| O|  |TAMS 0x00000000c6900000, 0x00000000c6800000| Untracked 
|  17|0x00000000c6900000, 0x00000000c6a00000, 0x00000000c6a00000|100%| O|  |TAMS 0x00000000c6a00000, 0x00000000c6900000| Untracked 
|  18|0x00000000c6a00000, 0x00000000c6b00000, 0x00000000c6b00000|100%| O|  |TAMS 0x00000000c6b00000, 0x00000000c6a00000| Untracked 
|  19|0x00000000c6b00000, 0x00000000c6c00000, 0x00000000c6c00000|100%| O|  |TAMS 0x00000000c6c00000, 0x00000000c6b00000| Untracked 
|  20|0x00000000c6c00000, 0x00000000c6d00000, 0x00000000c6d00000|100%| O|  |TAMS 0x00000000c6c00000, 0x00000000c6c00000| Untracked 
|  21|0x00000000c6d00000, 0x00000000c6e00000, 0x00000000c6e00000|100%| O|  |TAMS 0x00000000c6d00000, 0x00000000c6d00000| Untracked 
|  22|0x00000000c6e00000, 0x00000000c6e30c00, 0x00000000c6f00000| 19%| O|  |TAMS 0x00000000c6e00000, 0x00000000c6e00000| Untracked 
|  23|0x00000000c6f00000, 0x00000000c6f00000, 0x00000000c7000000|  0%| F|  |TAMS 0x00000000c6f00000, 0x00000000c6f00000| Untracked 
|  24|0x00000000c7000000, 0x00000000c7000000, 0x00000000c7100000|  0%| F|  |TAMS 0x00000000c7000000, 0x00000000c7000000| Untracked 
|  25|0x00000000c7100000, 0x00000000c7100000, 0x00000000c7200000|  0%| F|  |TAMS 0x00000000c7100000, 0x00000000c7100000| Untracked 
|  26|0x00000000c7200000, 0x00000000c7200000, 0x00000000c7300000|  0%| F|  |TAMS 0x00000000c7200000, 0x00000000c7200000| Untracked 
|  27|0x00000000c7300000, 0x00000000c7300000, 0x00000000c7400000|  0%| F|  |TAMS 0x00000000c7300000, 0x00000000c7300000| Untracked 
|  28|0x00000000c7400000, 0x00000000c7400000, 0x00000000c7500000|  0%| F|  |TAMS 0x00000000c7400000, 0x00000000c7400000| Untracked 
|  29|0x00000000c7500000, 0x00000000c7500000, 0x00000000c7600000|  0%| F|  |TAMS 0x00000000c7500000, 0x00000000c7500000| Untracked 
|  30|0x00000000c7600000, 0x00000000c7600000, 0x00000000c7700000|  0%| F|  |TAMS 0x00000000c7600000, 0x00000000c7600000| Untracked 
|  31|0x00000000c7700000, 0x00000000c7700000, 0x00000000c7800000|  0%| F|  |TAMS 0x00000000c7700000, 0x00000000c7700000| Untracked 
|  32|0x00000000c7800000, 0x00000000c7800000, 0x00000000c7900000|  0%| F|  |TAMS 0x00000000c7800000, 0x00000000c7800000| Untracked 
|  33|0x00000000c7900000, 0x00000000c7900000, 0x00000000c7a00000|  0%| F|  |TAMS 0x00000000c7900000, 0x00000000c7900000| Untracked 
|  34|0x00000000c7a00000, 0x00000000c7a9bc80, 0x00000000c7b00000| 60%| S|CS|TAMS 0x00000000c7a00000, 0x00000000c7a00000| Complete 
|  35|0x00000000c7b00000, 0x00000000c7c00000, 0x00000000c7c00000|100%| S|CS|TAMS 0x00000000c7b00000, 0x00000000c7b00000| Complete 
|  36|0x00000000c7c00000, 0x00000000c7c00000, 0x00000000c7d00000|  0%| F|  |TAMS 0x00000000c7c00000, 0x00000000c7c00000| Untracked 
|  37|0x00000000c7d00000, 0x00000000c7d00000, 0x00000000c7e00000|  0%| F|  |TAMS 0x00000000c7d00000, 0x00000000c7d00000| Untracked 
|  38|0x00000000c7e00000, 0x00000000c7e00000, 0x00000000c7f00000|  0%| F|  |TAMS 0x00000000c7e00000, 0x00000000c7e00000| Untracked 
|  39|0x00000000c7f00000, 0x00000000c7f00000, 0x00000000c8000000|  0%| F|  |TAMS 0x00000000c7f00000, 0x00000000c7f00000| Untracked 
|  40|0x00000000c8000000, 0x00000000c8000000, 0x00000000c8100000|  0%| F|  |TAMS 0x00000000c8000000, 0x00000000c8000000| Untracked 
|  41|0x00000000c8100000, 0x00000000c8100000, 0x00000000c8200000|  0%| F|  |TAMS 0x00000000c8100000, 0x00000000c8100000| Untracked 
|  42|0x00000000c8200000, 0x00000000c8200000, 0x00000000c8300000|  0%| F|  |TAMS 0x00000000c8200000, 0x00000000c8200000| Untracked 
|  43|0x00000000c8300000, 0x00000000c8300000, 0x00000000c8400000|  0%| F|  |TAMS 0x00000000c8300000, 0x00000000c8300000| Untracked 
|  44|0x00000000c8400000, 0x00000000c8400000, 0x00000000c8500000|  0%| F|  |TAMS 0x00000000c8400000, 0x00000000c8400000| Untracked 
|  45|0x00000000c8500000, 0x00000000c8500000, 0x00000000c8600000|  0%| F|  |TAMS 0x00000000c8500000, 0x00000000c8500000| Untracked 
|  46|0x00000000c8600000, 0x00000000c8600000, 0x00000000c8700000|  0%| F|  |TAMS 0x00000000c8600000, 0x00000000c8600000| Untracked 
|  47|0x00000000c8700000, 0x00000000c8700000, 0x00000000c8800000|  0%| F|  |TAMS 0x00000000c8700000, 0x00000000c8700000| Untracked 
|  48|0x00000000c8800000, 0x00000000c8800000, 0x00000000c8900000|  0%| F|  |TAMS 0x00000000c8800000, 0x00000000c8800000| Untracked 
|  49|0x00000000c8900000, 0x00000000c8900000, 0x00000000c8a00000|  0%| F|  |TAMS 0x00000000c8900000, 0x00000000c8900000| Untracked 
|  50|0x00000000c8a00000, 0x00000000c8a00000, 0x00000000c8b00000|  0%| F|  |TAMS 0x00000000c8a00000, 0x00000000c8a00000| Untracked 
|  51|0x00000000c8b00000, 0x00000000c8be03e8, 0x00000000c8c00000| 87%| E|  |TAMS 0x00000000c8b00000, 0x00000000c8b00000| Complete 
|  52|0x00000000c8c00000, 0x00000000c8d00000, 0x00000000c8d00000|100%| E|CS|TAMS 0x00000000c8c00000, 0x00000000c8c00000| Complete 
|  53|0x00000000c8d00000, 0x00000000c8e00000, 0x00000000c8e00000|100%| E|CS|TAMS 0x00000000c8d00000, 0x00000000c8d00000| Complete 
|  54|0x00000000c8e00000, 0x00000000c8f00000, 0x00000000c8f00000|100%| E|CS|TAMS 0x00000000c8e00000, 0x00000000c8e00000| Complete 
|  55|0x00000000c8f00000, 0x00000000c9000000, 0x00000000c9000000|100%| E|CS|TAMS 0x00000000c8f00000, 0x00000000c8f00000| Complete 
|  56|0x00000000c9000000, 0x00000000c9100000, 0x00000000c9100000|100%| E|CS|TAMS 0x00000000c9000000, 0x00000000c9000000| Complete 
|  57|0x00000000c9100000, 0x00000000c9200000, 0x00000000c9200000|100%| E|CS|TAMS 0x00000000c9100000, 0x00000000c9100000| Complete 
|  58|0x00000000c9200000, 0x00000000c9300000, 0x00000000c9300000|100%| E|CS|TAMS 0x00000000c9200000, 0x00000000c9200000| Complete 
|  59|0x00000000c9300000, 0x00000000c9400000, 0x00000000c9400000|100%| E|CS|TAMS 0x00000000c9300000, 0x00000000c9300000| Complete 

Card table byte_map: [0x000001903a830000,0x000001903aa10000] _byte_map_base: 0x000001903a204000

Marking Bits (Prev, Next): (CMBitMap*) 0x0000019023cf9a00, (CMBitMap*) 0x0000019023cf9a40
 Prev Bits: [0x000001903abf0000, 0x000001903ba90000)
 Next Bits: [0x000001903ba90000, 0x000001903c930000)

Polling page: 0x0000019021b00000

Metaspace:

Usage:
  Non-class:     36.16 MB used.
      Class:      5.56 MB used.
       Both:     41.73 MB used.

Virtual space:
  Non-class space:       64.00 MB reserved,      36.38 MB ( 57%) committed,  1 nodes.
      Class space:        1.00 GB reserved,       5.75 MB ( <1%) committed,  1 nodes.
             Both:        1.06 GB reserved,      42.12 MB (  4%) committed. 

Chunk freelists:
   Non-Class:  11.39 MB
       Class:  10.06 MB
        Both:  21.45 MB

MaxMetaspaceSize: unlimited
CompressedClassSpaceSize: 1.00 GB
Initial GC threshold: 21.00 MB
Current GC threshold: 58.69 MB
CDS: on
MetaspaceReclaimPolicy: balanced
 - commit_granule_bytes: 65536.
 - commit_granule_words: 8192.
 - virtual_space_node_default_size: 8388608.
 - enlarge_chunks_in_place: 1.
 - new_chunks_are_fully_committed: 0.
 - uncommit_free_chunks: 1.
 - use_allocation_guard: 0.
 - handle_deallocations: 1.


Internal statistics:

num_allocs_failed_limit: 6.
num_arena_births: 544.
num_arena_deaths: 0.
num_vsnodes_births: 2.
num_vsnodes_deaths: 0.
num_space_committed: 674.
num_space_uncommitted: 0.
num_chunks_returned_to_freelist: 6.
num_chunks_taken_from_freelist: 2074.
num_chunk_merges: 6.
num_chunk_splits: 1493.
num_chunks_enlarged: 1165.
num_inconsistent_stats: 0.

CodeHeap 'non-profiled nmethods': size=120000Kb used=2394Kb max_used=2394Kb free=117605Kb
 bounds [0x0000019033300000, 0x0000019033570000, 0x000001903a830000]
CodeHeap 'profiled nmethods': size=120000Kb used=9837Kb max_used=9837Kb free=110162Kb
 bounds [0x000001902b830000, 0x000001902c1d0000, 0x0000019032d60000]
CodeHeap 'non-nmethods': size=5760Kb used=1245Kb max_used=1287Kb free=4515Kb
 bounds [0x0000019032d60000, 0x0000019032fd0000, 0x0000019033300000]
 total_blobs=5105 nmethods=4548 adapters=470
 compilation: enabled
              stopped_count=0, restarted_count=0
 full_count=0

Compilation events (20 events):
Event: 37.268 Thread 0x000001903eecee00 4549       3       org.hibernate.mapping.SimpleValue::getColumnSpan (10 bytes)
Event: 37.268 Thread 0x000001903eecee00 nmethod 4549 0x000001902c1bf310 code [0x000001902c1bf4c0, 0x000001902c1bf688]
Event: 37.269 Thread 0x000001903eecee00 4550       3       org.hibernate.mapping.BasicValue::getColumn (15 bytes)
Event: 37.270 Thread 0x000001903eecee00 nmethod 4550 0x000001902c1bf790 code [0x000001902c1bf980, 0x000001902c1bff78]
Event: 37.270 Thread 0x000001903eecee00 4551       3       org.hibernate.mapping.SimpleValue::getColumn (14 bytes)
Event: 37.271 Thread 0x000001903eecee00 nmethod 4551 0x000001902c1c0110 code [0x000001902c1c02c0, 0x000001902c1c05a8]
Event: 37.278 Thread 0x000001903eecee00 4552   !   3       java.util.zip.ZipFile$ZipEntryIterator::next (71 bytes)
Event: 37.280 Thread 0x000001903eecee00 nmethod 4552 0x000001902c1c0690 code [0x000001902c1c08a0, 0x000001902c1c0da8]
Event: 37.280 Thread 0x000001903eecee00 4553       3       java.util.ServiceLoader$ModuleServicesLookupIterator::iteratorFor (191 bytes)
Event: 37.289 Thread 0x000001903eecee00 nmethod 4553 0x000001902c1c1190 code [0x000001902c1c17c0, 0x000001902c1c5418]
Event: 37.289 Thread 0x000001903eecee00 4555       3       org.jboss.logging.Logger::tracef (31 bytes)
Event: 37.290 Thread 0x000001903eecee00 nmethod 4555 0x000001902c1c6890 code [0x000001902c1c6a60, 0x000001902c1c6e98]
Event: 37.290 Thread 0x000001903eecee00 4554       1       org.hibernate.mapping.Column::getLength (5 bytes)
Event: 37.290 Thread 0x000001903eecee00 nmethod 4554 0x0000019033555c10 code [0x0000019033555da0, 0x0000019033555e78]
Event: 37.354 Thread 0x000001903eecee00 4556       3       java.lang.invoke.MethodHandles::identity (87 bytes)
Event: 37.356 Thread 0x000001903eecee00 nmethod 4556 0x000001902c1c7010 code [0x000001902c1c7200, 0x000001902c1c7638]
Event: 37.370 Thread 0x000001903eecee00 4557   !   3       java.util.jar.JarFile::getBytes (218 bytes)
Event: 37.375 Thread 0x000001903eecee00 nmethod 4557 0x000001902c1c7810 code [0x000001902c1c7c20, 0x000001902c1c9378]
Event: 37.573 Thread 0x000001903eecee00 4558 %     3       jdk.internal.loader.URLClassPath$1::next @ 9 (59 bytes)
Event: 37.574 Thread 0x000001903eecee00 nmethod 4558% 0x000001902c1c9f90 code [0x000001902c1ca180, 0x000001902c1ca5d8]

GC Heap History (20 events):
Event: 7.087 GC heap before
{Heap before GC invocations=2 (full 0):
 garbage-first heap   total 61440K, used 26713K [0x00000000c5800000, 0x0000000100000000)
  region size 1024K, 18 young (18432K), 1 survivors (1024K)
 Metaspace       used 9975K, committed 10240K, reserved 1114112K
  class space    used 1253K, committed 1408K, reserved 1048576K
}
Event: 7.095 GC heap after
{Heap after GC invocations=3 (full 0):
 garbage-first heap   total 61440K, used 10496K [0x00000000c5800000, 0x0000000100000000)
  region size 1024K, 3 young (3072K), 3 survivors (3072K)
 Metaspace       used 9975K, committed 10240K, reserved 1114112K
  class space    used 1253K, committed 1408K, reserved 1048576K
}
Event: 10.176 GC heap before
{Heap before GC invocations=3 (full 0):
 garbage-first heap   total 61440K, used 34048K [0x00000000c5800000, 0x0000000100000000)
  region size 1024K, 27 young (27648K), 3 survivors (3072K)
 Metaspace       used 15775K, committed 16000K, reserved 1114112K
  class space    used 2003K, committed 2112K, reserved 1048576K
}
Event: 10.188 GC heap after
{Heap after GC invocations=4 (full 0):
 garbage-first heap   total 61440K, used 12422K [0x00000000c5800000, 0x0000000100000000)
  region size 1024K, 4 young (4096K), 4 survivors (4096K)
 Metaspace       used 15775K, committed 16000K, reserved 1114112K
  class space    used 2003K, committed 2112K, reserved 1048576K
}
Event: 18.138 GC heap before
{Heap before GC invocations=4 (full 0):
 garbage-first heap   total 61440K, used 39046K [0x00000000c5800000, 0x0000000100000000)
  region size 1024K, 30 young (30720K), 4 survivors (4096K)
 Metaspace       used 20094K, committed 20352K, reserved 1114112K
  class space    used 2565K, committed 2688K, reserved 1048576K
}
Event: 18.164 GC heap after
{Heap after GC invocations=5 (full 0):
 garbage-first heap   total 61440K, used 15735K [0x00000000c5800000, 0x0000000100000000)
  region size 1024K, 4 young (4096K), 4 survivors (4096K)
 Metaspace       used 20094K, committed 20352K, reserved 1114112K
  class space    used 2565K, committed 2688K, reserved 1048576K
}
Event: 21.305 GC heap before
{Heap before GC invocations=5 (full 0):
 garbage-first heap   total 61440K, used 25975K [0x00000000c5800000, 0x0000000100000000)
  region size 1024K, 15 young (15360K), 4 survivors (4096K)
 Metaspace       used 21291K, committed 21504K, reserved 1114112K
  class space    used 2693K, committed 2816K, reserved 1048576K
}
Event: 21.334 GC heap after
{Heap after GC invocations=6 (full 0):
 garbage-first heap   total 61440K, used 17231K [0x00000000c5800000, 0x0000000100000000)
  region size 1024K, 2 young (2048K), 2 survivors (2048K)
 Metaspace       used 21291K, committed 21504K, reserved 1114112K
  class space    used 2693K, committed 2816K, reserved 1048576K
}
Event: 25.207 GC heap before
{Heap before GC invocations=7 (full 0):
 garbage-first heap   total 61440K, used 40783K [0x00000000c5800000, 0x0000000100000000)
  region size 1024K, 26 young (26624K), 2 survivors (2048K)
 Metaspace       used 24311K, committed 24576K, reserved 1114112K
  class space    used 3082K, committed 3200K, reserved 1048576K
}
Event: 25.230 GC heap after
{Heap after GC invocations=8 (full 0):
 garbage-first heap   total 61440K, used 18703K [0x00000000c5800000, 0x0000000100000000)
  region size 1024K, 3 young (3072K), 3 survivors (3072K)
 Metaspace       used 24311K, committed 24576K, reserved 1114112K
  class space    used 3082K, committed 3200K, reserved 1048576K
}
Event: 25.307 GC heap before
{Heap before GC invocations=8 (full 0):
 garbage-first heap   total 61440K, used 19727K [0x00000000c5800000, 0x0000000100000000)
  region size 1024K, 4 young (4096K), 3 survivors (3072K)
 Metaspace       used 24426K, committed 24704K, reserved 1114112K
  class space    used 3092K, committed 3200K, reserved 1048576K
}
Event: 25.328 GC heap after
{Heap after GC invocations=9 (full 0):
 garbage-first heap   total 61440K, used 18513K [0x00000000c5800000, 0x0000000100000000)
  region size 1024K, 1 young (1024K), 1 survivors (1024K)
 Metaspace       used 24426K, committed 24704K, reserved 1114112K
  class space    used 3092K, committed 3200K, reserved 1048576K
}
Event: 28.570 GC heap before
{Heap before GC invocations=9 (full 0):
 garbage-first heap   total 61440K, used 43089K [0x00000000c5800000, 0x0000000100000000)
  region size 1024K, 26 young (26624K), 1 survivors (1024K)
 Metaspace       used 28632K, committed 28928K, reserved 1114112K
  class space    used 3683K, committed 3840K, reserved 1048576K
}
Event: 28.587 GC heap after
{Heap after GC invocations=10 (full 0):
 garbage-first heap   total 61440K, used 20610K [0x00000000c5800000, 0x0000000100000000)
  region size 1024K, 3 young (3072K), 3 survivors (3072K)
 Metaspace       used 28632K, committed 28928K, reserved 1114112K
  class space    used 3683K, committed 3840K, reserved 1048576K
}
Event: 32.162 GC heap before
{Heap before GC invocations=10 (full 0):
 garbage-first heap   total 61440K, used 45186K [0x00000000c5800000, 0x0000000100000000)
  region size 1024K, 27 young (27648K), 3 survivors (3072K)
 Metaspace       used 32888K, committed 33280K, reserved 1114112K
  class space    used 4259K, committed 4416K, reserved 1048576K
}
Event: 32.189 GC heap after
{Heap after GC invocations=11 (full 0):
 garbage-first heap   total 61440K, used 22784K [0x00000000c5800000, 0x0000000100000000)
  region size 1024K, 3 young (3072K), 3 survivors (3072K)
 Metaspace       used 32888K, committed 33280K, reserved 1114112K
  class space    used 4259K, committed 4416K, reserved 1048576K
}
Event: 33.416 GC heap before
{Heap before GC invocations=11 (full 0):
 garbage-first heap   total 61440K, used 32000K [0x00000000c5800000, 0x0000000100000000)
  region size 1024K, 14 young (14336K), 3 survivors (3072K)
 Metaspace       used 35613K, committed 35968K, reserved 1114112K
  class space    used 4626K, committed 4800K, reserved 1048576K
}
Event: 33.446 GC heap after
{Heap after GC invocations=12 (full 0):
 garbage-first heap   total 61440K, used 23341K [0x00000000c5800000, 0x0000000100000000)
  region size 1024K, 1 young (1024K), 1 survivors (1024K)
 Metaspace       used 35613K, committed 35968K, reserved 1114112K
  class space    used 4626K, committed 4800K, reserved 1048576K
}
Event: 36.891 GC heap before
{Heap before GC invocations=13 (full 0):
 garbage-first heap   total 61440K, used 46893K [0x00000000c5800000, 0x0000000100000000)
  region size 1024K, 24 young (24576K), 1 survivors (1024K)
 Metaspace       used 41014K, committed 41472K, reserved 1114112K
  class space    used 5503K, committed 5760K, reserved 1048576K
}
Event: 36.902 GC heap after
{Heap after GC invocations=14 (full 0):
 garbage-first heap   total 61440K, used 24370K [0x00000000c5800000, 0x0000000100000000)
  region size 1024K, 2 young (2048K), 2 survivors (2048K)
 Metaspace       used 41014K, committed 41472K, reserved 1114112K
  class space    used 5503K, committed 5760K, reserved 1048576K
}

Dll operation events (14 events):
Event: 0.078 Loaded shared library C:\Users\Sniffer\.jdks\ms-17.0.17\bin\java.dll
Event: 0.136 Loaded shared library C:\Users\Sniffer\.jdks\ms-17.0.17\bin\jsvml.dll
Event: 1.175 Loaded shared library C:\Users\Sniffer\.jdks\ms-17.0.17\bin\zip.dll
Event: 1.187 Loaded shared library C:\Users\Sniffer\.jdks\ms-17.0.17\bin\instrument.dll
Event: 1.229 Loaded shared library C:\Users\Sniffer\.jdks\ms-17.0.17\bin\net.dll
Event: 1.260 Loaded shared library C:\Users\Sniffer\.jdks\ms-17.0.17\bin\nio.dll
Event: 1.340 Loaded shared library C:\Users\Sniffer\.jdks\ms-17.0.17\bin\zip.dll
Event: 2.981 Loaded shared library C:\Program Files\JetBrains\IntelliJ IDEA Community Edition 2024.2.3\bin\breakgen64.dll
Event: 3.056 Loaded shared library C:\Users\Sniffer\.jdks\ms-17.0.17\bin\extnet.dll
Event: 3.181 Loaded shared library C:\Users\Sniffer\.jdks\ms-17.0.17\bin\jimage.dll
Event: 12.334 Loaded shared library C:\Users\Sniffer\.jdks\ms-17.0.17\bin\sunmscapi.dll
Event: 30.171 Loaded shared library C:\Users\Sniffer\.jdks\ms-17.0.17\bin\management.dll
Event: 30.200 Loaded shared library C:\Users\Sniffer\.jdks\ms-17.0.17\bin\management_ext.dll
Event: 34.146 Loaded shared library C:\Users\Sniffer\.jdks\ms-17.0.17\bin\verify.dll

Deoptimization events (20 events):
Event: 32.001 Thread 0x0000019023cbeb40 Uncommon trap: trap_request=0xfffffff4 fr.pc=0x000001903349f9c4 relative=0x00000000000006e4
Event: 32.001 Thread 0x0000019023cbeb40 Uncommon trap: reason=null_check action=make_not_entrant pc=0x000001903349f9c4 method=org.springframework.beans.factory.support.DefaultListableBeanFactory.getBeanDefinition(Ljava/lang/String;)Lorg/springframework/beans/factory/config/BeanDefinition; @ 10 
Event: 32.002 Thread 0x0000019023cbeb40 DEOPT PACKING pc=0x000001903349f9c4 sp=0x00000007a4af8f00
Event: 32.002 Thread 0x0000019023cbeb40 DEOPT UNPACKING pc=0x0000019032db699d sp=0x00000007a4af8e38 mode 2
Event: 32.896 Thread 0x0000019023cbeb40 Uncommon trap: trap_request=0xffffff45 fr.pc=0x000001903342f980 relative=0x00000000000000e0
Event: 32.896 Thread 0x0000019023cbeb40 Uncommon trap: reason=unstable_if action=reinterpret pc=0x000001903342f980 method=java.lang.ClassLoader.getClassLoadingLock(Ljava/lang/String;)Ljava/lang/Object; @ 6 c2
Event: 32.896 Thread 0x0000019023cbeb40 DEOPT PACKING pc=0x000001903342f980 sp=0x00000007a4af9750
Event: 32.896 Thread 0x0000019023cbeb40 DEOPT UNPACKING pc=0x0000019032db699d sp=0x00000007a4af96f0 mode 2
Event: 35.179 Thread 0x0000019023cbeb40 Uncommon trap: trap_request=0xffffffde fr.pc=0x00000190334e12c0 relative=0x0000000000001120
Event: 35.179 Thread 0x0000019023cbeb40 Uncommon trap: reason=class_check action=maybe_recompile pc=0x00000190334e12c0 method=java.util.concurrent.ConcurrentHashMap.putVal(Ljava/lang/Object;Ljava/lang/Object;Z)Ljava/lang/Object; @ 159 c2
Event: 35.179 Thread 0x0000019023cbeb40 DEOPT PACKING pc=0x00000190334e12c0 sp=0x00000007a4afa400
Event: 35.179 Thread 0x0000019023cbeb40 DEOPT UNPACKING pc=0x0000019032db699d sp=0x00000007a4afa380 mode 2
Event: 36.592 Thread 0x0000019085cfe770 Uncommon trap: trap_request=0xffffff45 fr.pc=0x00000190335017e8 relative=0x0000000000001d68
Event: 36.592 Thread 0x0000019085cfe770 Uncommon trap: reason=unstable_if action=reinterpret pc=0x00000190335017e8 method=java.net.URL.<init>(Ljava/net/URL;Ljava/lang/String;Ljava/net/URLStreamHandler;)V @ 57 c2
Event: 36.592 Thread 0x0000019085cfe770 DEOPT PACKING pc=0x00000190335017e8 sp=0x00000007a62ff230
Event: 36.592 Thread 0x0000019085cfe770 DEOPT UNPACKING pc=0x0000019032db699d sp=0x00000007a62ff1f0 mode 2
Event: 37.155 Thread 0x0000019023cbeb40 Uncommon trap: trap_request=0xffffffcc fr.pc=0x00000190335480c4 relative=0x00000000000002a4
Event: 37.155 Thread 0x0000019023cbeb40 Uncommon trap: reason=intrinsic_or_type_checked_inlining action=make_not_entrant pc=0x00000190335480c4 method=java.util.Arrays.copyOf([Ljava/lang/Object;ILjava/lang/Class;)[Ljava/lang/Object; @ 35 c2
Event: 37.155 Thread 0x0000019023cbeb40 DEOPT PACKING pc=0x00000190335480c4 sp=0x00000007a4afa000
Event: 37.155 Thread 0x0000019023cbeb40 DEOPT UNPACKING pc=0x0000019032db699d sp=0x00000007a4af9f90 mode 2

Classes loaded (20 events):
Event: 36.282 Loading class java/util/regex/Pattern$SliceS
Event: 36.283 Loading class java/util/regex/Pattern$SliceS done
Event: 36.312 Loading class jdk/internal/ValueBased
Event: 36.316 Loading class jdk/internal/ValueBased done
Event: 37.170 Loading class java/util/stream/ReduceOps$1
Event: 37.171 Loading class java/util/stream/ReduceOps$1 done
Event: 37.171 Loading class java/util/stream/ReduceOps$1ReducingSink
Event: 37.171 Loading class java/util/stream/ReduceOps$1ReducingSink done
Event: 37.194 Loading class sun/security/provider/MD5
Event: 37.195 Loading class sun/security/provider/MD5 done
Event: 37.195 Loading class sun/security/provider/ByteArrayAccess$LE
Event: 37.196 Loading class sun/security/provider/ByteArrayAccess$LE done
Event: 37.199 Loading class java/math/MutableBigInteger
Event: 37.201 Loading class java/math/MutableBigInteger done
Event: 37.385 Loading class java/io/StringWriter
Event: 37.386 Loading class java/io/StringWriter done
Event: 37.508 Loading class javax/naming/RefAddr
Event: 37.510 Loading class javax/naming/RefAddr done
Event: 37.510 Loading class javax/naming/StringRefAddr
Event: 37.511 Loading class javax/naming/StringRefAddr done

Classes unloaded (0 events):
No events

Classes redefined (0 events):
No events

Internal exceptions (20 events):
Event: 27.864 Thread 0x0000019023cbeb40 Exception <a 'java/lang/NoSuchMethodError'{0x00000000c808c768}: 'void java.lang.invoke.DirectMethodHandle$Holder.invokeSpecial(java.lang.Object, java.lang.Object, java.lang.Object, java.lang.Object, java.lang.Object, java.lang.Object)'> (0x00000000c808c768) 
thrown [s\src\hotspot\share\interpreter\linkResolver.cpp, line 759]
Event: 28.095 Thread 0x0000019023cbeb40 Implicit null exception at 0x000001903342d5cc to 0x000001903342d788
Event: 28.776 Thread 0x0000019023cbeb40 Exception <a 'java/lang/NoSuchMethodError'{0x00000000c91059f0}: 'void java.lang.invoke.DirectMethodHandle$Holder.invokeInterface(java.lang.Object, java.lang.Object, int)'> (0x00000000c91059f0) 
thrown [s\src\hotspot\share\interpreter\linkResolver.cpp, line 759]
Event: 28.797 Thread 0x0000019023cbeb40 Exception <a 'java/lang/IncompatibleClassChangeError'{0x00000000c9155af0}: Found class java.lang.Object, but interface was expected> (0x00000000c9155af0) 
thrown [s\src\hotspot\share\interpreter\linkResolver.cpp, line 826]
Event: 28.800 Thread 0x0000019023cbeb40 Exception <a 'java/lang/NoSuchMethodError'{0x00000000c9166618}: 'int java.lang.invoke.DirectMethodHandle$Holder.invokeSpecialIFC(java.lang.Object, java.lang.Object, java.lang.Object)'> (0x00000000c9166618) 
thrown [s\src\hotspot\share\interpreter\linkResolver.cpp, line 759]
Event: 28.804 Thread 0x0000019023cbeb40 Exception <a 'java/lang/NoSuchMethodError'{0x00000000c91747e0}: 'void java.lang.invoke.DirectMethodHandle$Holder.invokeStatic(java.lang.Object, int, java.lang.Object)'> (0x00000000c91747e0) 
thrown [s\src\hotspot\share\interpreter\linkResolver.cpp, line 759]
Event: 28.825 Thread 0x0000019023cbeb40 Exception <a 'java/lang/NoSuchMethodError'{0x00000000c91afd38}: 'void java.lang.invoke.DirectMethodHandle$Holder.invokeVirtual(java.lang.Object, java.lang.Object, int)'> (0x00000000c91afd38) 
thrown [s\src\hotspot\share\interpreter\linkResolver.cpp, line 759]
Event: 28.827 Thread 0x0000019023cbeb40 Exception <a 'java/lang/NoSuchMethodError'{0x00000000c91b5f70}: 'void java.lang.invoke.DirectMethodHandle$Holder.invokeStatic(java.lang.Object, java.lang.Object, java.lang.Object, int, java.lang.Object)'> (0x00000000c91b5f70) 
thrown [s\src\hotspot\share\interpreter\linkResolver.cpp, line 759]
Event: 28.828 Thread 0x0000019023cbeb40 Exception <a 'java/lang/NoSuchMethodError'{0x00000000c91bd478}: 'java.lang.Object java.lang.invoke.DirectMethodHandle$Holder.newInvokeSpecial(java.lang.Object, java.lang.Object, java.lang.Object, int)'> (0x00000000c91bd478) 
thrown [s\src\hotspot\share\interpreter\linkResolver.cpp, line 759]
Event: 28.830 Thread 0x0000019023cbeb40 Exception <a 'java/lang/NoSuchMethodError'{0x00000000c91c1760}: 'java.lang.Object java.lang.invoke.DirectMethodHandle$Holder.invokeSpecial(java.lang.Object, java.lang.Object, java.lang.Object, java.lang.Object, int)'> (0x00000000c91c1760) 
thrown [s\src\hotspot\share\interpreter\linkResolver.cpp, line 759]
Event: 28.830 Thread 0x0000019023cbeb40 Exception <a 'java/lang/NoSuchMethodError'{0x00000000c91c5328}: 'java.lang.Object java.lang.invoke.Invokers$Holder.linkToTargetMethod(java.lang.Object, java.lang.Object, int, java.lang.Object)'> (0x00000000c91c5328) 
thrown [s\src\hotspot\share\interpreter\linkResolver.cpp, line 759]
Event: 28.920 Thread 0x0000019023cbeb40 Exception <a 'java/lang/NoSuchMethodError'{0x00000000c8f35888}: 'void java.lang.invoke.DirectMethodHandle$Holder.invokeStatic(java.lang.Object, java.lang.Object, int)'> (0x00000000c8f35888) 
thrown [s\src\hotspot\share\interpreter\linkResolver.cpp, line 759]
Event: 29.128 Thread 0x0000019023cbeb40 Exception <a 'java/lang/NoSuchMethodError'{0x00000000c8d5fcc0}: 'java.lang.Object java.lang.invoke.DirectMethodHandle$Holder.invokeStaticInit(java.lang.Object, int, int, int, int)'> (0x00000000c8d5fcc0) 
thrown [s\src\hotspot\share\interpreter\linkResolver.cpp, line 759]
Event: 29.328 Thread 0x0000019023cbeb40 Exception <a 'java/lang/NoSuchMethodError'{0x00000000c8d861d0}: 'java.lang.Object java.lang.invoke.DirectMethodHandle$Holder.invokeStaticInit(java.lang.Object, java.lang.Object, int, int, int, int)'> (0x00000000c8d861d0) 
thrown [s\src\hotspot\share\interpreter\linkResolver.cpp, line 759]
Event: 29.890 Thread 0x0000019023cbeb40 Exception <a 'java/lang/NoSuchMethodError'{0x00000000c888a120}: 'java.lang.Object java.lang.invoke.DirectMethodHandle$Holder.invokeSpecial(java.lang.Object, java.lang.Object, long, java.lang.Object, java.lang.Object, java.lang.Object, java.lang.Object, java.lang.Object, java.lang.Object)'> (0x00000000c888a120) 
thrown [s\src\hotspot\share\interpreter\linkResolver.cpp, line 759]
Event: 29.891 Thread 0x0000019023cbeb40 Exception <a 'java/lang/NoSuchMethodError'{0x00000000c888ec48}: 'java.lang.Object java.lang.invoke.DelegatingMethodHandle$Holder.reinvoke_L(java.lang.Object, long, java.lang.Object, java.lang.Object, java.lang.Object, java.lang.Object, java.lang.Object, java.lang.Object)'> (0x00000000c888ec48) 
thrown [s\src\hotspot\share\interpreter\linkResolver.cpp, line 759]
Event: 29.985 Thread 0x0000019023cbeb40 Implicit null exception at 0x000001903340ba8c to 0x000001903340cf74
Event: 30.619 Thread 0x0000019023cbeb40 Exception <a 'java/io/FileNotFoundException'{0x00000000c87fc258}> (0x00000000c87fc258) 
thrown [s\src\hotspot\share\prims\jni.cpp, line 516]
Event: 30.865 Thread 0x0000019023cbeb40 Exception <a 'java/lang/NoSuchMethodError'{0x00000000c8400cb8}: 'int java.lang.invoke.DirectMethodHandle$Holder.invokeInterface(java.lang.Object, java.lang.Object, java.lang.Object, java.lang.Object)'> (0x00000000c8400cb8) 
thrown [s\src\hotspot\share\interpreter\linkResolver.cpp, line 759]
Event: 32.001 Thread 0x0000019023cbeb40 Implicit null exception at 0x000001903349f67b to 0x000001903349f9b8

VM Operations (20 events):
Event: 31.530 Executing VM operation: HandshakeAllThreads
Event: 31.531 Executing VM operation: HandshakeAllThreads done
Event: 32.162 Executing VM operation: G1CollectForAllocation
Event: 32.189 Executing VM operation: G1CollectForAllocation done
Event: 33.194 Executing VM operation: Cleanup
Event: 33.195 Executing VM operation: Cleanup done
Event: 33.416 Executing VM operation: CollectForMetadataAllocation
Event: 33.447 Executing VM operation: CollectForMetadataAllocation done
Event: 33.551 Executing VM operation: G1PauseRemark
Event: 33.562 Executing VM operation: G1PauseRemark done
Event: 33.614 Executing VM operation: G1PauseCleanup
Event: 33.630 Executing VM operation: G1PauseCleanup done
Event: 34.641 Executing VM operation: Cleanup
Event: 34.641 Executing VM operation: Cleanup done
Event: 35.651 Executing VM operation: Cleanup
Event: 35.651 Executing VM operation: Cleanup done
Event: 36.652 Executing VM operation: Cleanup
Event: 36.653 Executing VM operation: Cleanup done
Event: 36.891 Executing VM operation: G1CollectForAllocation
Event: 36.902 Executing VM operation: G1CollectForAllocation done

Memory protections (0 events):
No events

Nmethod flushes (0 events):
No events

Events (18 events):
Event: 0.137 Thread 0x0000019023cbeb40 Thread added: 0x0000019023cbeb40
Event: 0.146 Thread 0x0000019023cbeb40 Thread added: 0x0000019023d676d0
Event: 0.147 Thread 0x0000019023cbeb40 Thread added: 0x0000019023d68550
Event: 0.175 Thread 0x0000019023cbeb40 Thread added: 0x000001903ee9d190
Event: 0.175 Thread 0x0000019023cbeb40 Thread added: 0x000001903ee9dd50
Event: 0.175 Thread 0x0000019023cbeb40 Thread added: 0x000001903eea1830
Event: 0.176 Thread 0x0000019023cbeb40 Thread added: 0x000001903eec2200
Event: 0.176 Thread 0x0000019023cbeb40 Thread added: 0x000001903eec2ef0
Event: 0.177 Thread 0x0000019023cbeb40 Thread added: 0x000001903eecee00
Event: 0.180 Thread 0x0000019023cbeb40 Thread added: 0x000001903eeeb2e0
Event: 0.936 Thread 0x0000019023cbeb40 Thread added: 0x0000019023d566c0
Event: 2.982 Thread 0x0000019023cbeb40 Thread added: 0x000001908411de30
Event: 2.982 Thread 0x0000019023cbeb40 Thread added: 0x000001908453d560
Event: 6.705 Thread 0x0000019023cbeb40 Thread added: 0x000001908500dd90
Event: 12.367 Thread 0x000001908500dd90 Thread exited: 0x000001908500dd90
Event: 17.644 Thread 0x0000019023cbeb40 Thread added: 0x0000019084798240
Event: 17.809 Thread 0x0000019084798240 Thread exited: 0x0000019084798240
Event: 31.547 Thread 0x0000019023cbeb40 Thread added: 0x0000019085cfe770


Dynamic libraries:
0x00007ff68ea80000 - 0x00007ff68ea8e000 	C:\Users\Sniffer\.jdks\ms-17.0.17\bin\java.exe
0x00007ffd32250000 - 0x00007ffd32448000 	C:\Windows\SYSTEM32\ntdll.dll
0x00007ffd31560000 - 0x00007ffd31622000 	C:\Windows\System32\KERNEL32.DLL
0x00007ffd2ff70000 - 0x00007ffd30266000 	C:\Windows\System32\KERNELBASE.dll
0x00007ffd2fe10000 - 0x00007ffd2ff10000 	C:\Windows\System32\ucrtbase.dll
0x00007ffd14cb0000 - 0x00007ffd14cce000 	C:\Users\Sniffer\.jdks\ms-17.0.17\bin\VCRUNTIME140.dll
0x00007ffd14c90000 - 0x00007ffd14ca8000 	C:\Users\Sniffer\.jdks\ms-17.0.17\bin\jli.dll
0x00007ffd30270000 - 0x00007ffd30411000 	C:\Windows\System32\USER32.dll
0x00007ffd2ff40000 - 0x00007ffd2ff62000 	C:\Windows\System32\win32u.dll
0x00007ffd14260000 - 0x00007ffd144fb000 	C:\Windows\WinSxS\amd64_microsoft.windows.common-controls_6595b64144ccf1df_6.0.19041.6456_none_60b8a6cb71f64256\COMCTL32.dll
0x00007ffd31b50000 - 0x00007ffd31b7b000 	C:\Windows\System32\GDI32.dll
0x00007ffd31630000 - 0x00007ffd316ce000 	C:\Windows\System32\msvcrt.dll
0x00007ffd2f8e0000 - 0x00007ffd2f9f9000 	C:\Windows\System32\gdi32full.dll
0x00007ffd2fa00000 - 0x00007ffd2fa9d000 	C:\Windows\System32\msvcp_win.dll
0x00007ffd305a0000 - 0x00007ffd305cf000 	C:\Windows\System32\IMM32.DLL
0x00007ffd14c00000 - 0x00007ffd14c0c000 	C:\Users\Sniffer\.jdks\ms-17.0.17\bin\vcruntime140_1.dll
0x00007ffcdd2c0000 - 0x00007ffcdd349000 	C:\Users\Sniffer\.jdks\ms-17.0.17\bin\msvcp140.dll
0x00007ffcc0490000 - 0x00007ffcc110a000 	C:\Users\Sniffer\.jdks\ms-17.0.17\bin\server\jvm.dll
0x00007ffd30d50000 - 0x00007ffd30e01000 	C:\Windows\System32\ADVAPI32.dll
0x00007ffd31ab0000 - 0x00007ffd31b4f000 	C:\Windows\System32\sechost.dll
0x00007ffd31b80000 - 0x00007ffd31ca0000 	C:\Windows\System32\RPCRT4.dll
0x00007ffd2ff10000 - 0x00007ffd2ff37000 	C:\Windows\System32\bcrypt.dll
0x00007ffd316d0000 - 0x00007ffd3173b000 	C:\Windows\System32\WS2_32.dll
0x00007ffd2f690000 - 0x00007ffd2f6db000 	C:\Windows\SYSTEM32\POWRPROF.dll
0x00007ffd23e30000 - 0x00007ffd23e3a000 	C:\Windows\SYSTEM32\VERSION.dll
0x00007ffd15040000 - 0x00007ffd15067000 	C:\Windows\SYSTEM32\WINMM.dll
0x00007ffd2f670000 - 0x00007ffd2f682000 	C:\Windows\SYSTEM32\UMPDC.dll
0x00007ffd2e3c0000 - 0x00007ffd2e3d2000 	C:\Windows\SYSTEM32\kernel.appcore.dll
0x00007ffd148c0000 - 0x00007ffd148ca000 	C:\Users\Sniffer\.jdks\ms-17.0.17\bin\jimage.dll
0x00007ffd2ddf0000 - 0x00007ffd2dff1000 	C:\Windows\SYSTEM32\DBGHELP.DLL
0x00007ffd140f0000 - 0x00007ffd14124000 	C:\Windows\SYSTEM32\dbgcore.DLL
0x00007ffd2fcb0000 - 0x00007ffd2fd32000 	C:\Windows\System32\bcryptPrimitives.dll
0x00007ffd10660000 - 0x00007ffd1066f000 	C:\Users\Sniffer\.jdks\ms-17.0.17\bin\instrument.dll
0x00007ffce32b0000 - 0x00007ffce32d6000 	C:\Users\Sniffer\.jdks\ms-17.0.17\bin\java.dll
0x00007ffcdcca0000 - 0x00007ffcdcd76000 	C:\Users\Sniffer\.jdks\ms-17.0.17\bin\jsvml.dll
0x00007ffd305d0000 - 0x00007ffd30d40000 	C:\Windows\System32\SHELL32.dll
0x00007ffd2d570000 - 0x00007ffd2dd15000 	C:\Windows\SYSTEM32\windows.storage.dll
0x00007ffd31740000 - 0x00007ffd31a94000 	C:\Windows\System32\combase.dll
0x00007ffd2f230000 - 0x00007ffd2f25b000 	C:\Windows\SYSTEM32\Wldp.dll
0x00007ffd32010000 - 0x00007ffd320dd000 	C:\Windows\System32\OLEAUT32.dll
0x00007ffd320e0000 - 0x00007ffd3218d000 	C:\Windows\System32\SHCORE.dll
0x00007ffd31e70000 - 0x00007ffd31ecb000 	C:\Windows\System32\shlwapi.dll
0x00007ffd2f810000 - 0x00007ffd2f834000 	C:\Windows\SYSTEM32\profapi.dll
0x00007ffcf6c90000 - 0x00007ffcf6ca8000 	C:\Users\Sniffer\.jdks\ms-17.0.17\bin\zip.dll
0x00007ffd0e7d0000 - 0x00007ffd0e7eb000 	C:\Users\Sniffer\.jdks\ms-17.0.17\bin\net.dll
0x00007ffd1d6e0000 - 0x00007ffd1d7ea000 	C:\Windows\SYSTEM32\WINHTTP.dll
0x00007ffd2ef90000 - 0x00007ffd2effa000 	C:\Windows\system32\mswsock.dll
0x00007ffd080e0000 - 0x00007ffd080f6000 	C:\Users\Sniffer\.jdks\ms-17.0.17\bin\nio.dll
0x00007ffcf46e0000 - 0x00007ffcf46fa000 	C:\Program Files\JetBrains\IntelliJ IDEA Community Edition 2024.2.3\bin\breakgen64.dll
0x00007ffd0d4f0000 - 0x00007ffd0d4f9000 	C:\Users\Sniffer\.jdks\ms-17.0.17\bin\extnet.dll
0x00007ffd0b800000 - 0x00007ffd0b80e000 	C:\Users\Sniffer\.jdks\ms-17.0.17\bin\sunmscapi.dll
0x00007ffd2faa0000 - 0x00007ffd2fbfd000 	C:\Windows\System32\CRYPT32.dll
0x00007ffd2f310000 - 0x00007ffd2f337000 	C:\Windows\SYSTEM32\ncrypt.dll
0x00007ffd2f2d0000 - 0x00007ffd2f30b000 	C:\Windows\SYSTEM32\NTASN1.dll
0x00007ffd2f180000 - 0x00007ffd2f198000 	C:\Windows\SYSTEM32\CRYPTSP.dll
0x00007ffd2e8b0000 - 0x00007ffd2e8e8000 	C:\Windows\system32\rsaenh.dll
0x00007ffd2f790000 - 0x00007ffd2f7be000 	C:\Windows\SYSTEM32\USERENV.dll
0x00007ffd2f1a0000 - 0x00007ffd2f1ac000 	C:\Windows\SYSTEM32\CRYPTBASE.dll
0x00007ffd2ec70000 - 0x00007ffd2ecab000 	C:\Windows\SYSTEM32\IPHLPAPI.DLL
0x00007ffd30d40000 - 0x00007ffd30d48000 	C:\Windows\System32\NSI.dll
0x00007ffd256d0000 - 0x00007ffd256e7000 	C:\Windows\SYSTEM32\dhcpcsvc6.DLL
0x00007ffd24180000 - 0x00007ffd2419d000 	C:\Windows\SYSTEM32\dhcpcsvc.DLL
0x00007ffd2ecb0000 - 0x00007ffd2ed7a000 	C:\Windows\SYSTEM32\DNSAPI.dll
0x00007ffd101a0000 - 0x00007ffd101aa000 	C:\Users\Sniffer\.jdks\ms-17.0.17\bin\management.dll
0x00007ffd0fe70000 - 0x00007ffd0fe7c000 	C:\Users\Sniffer\.jdks\ms-17.0.17\bin\management_ext.dll
0x00007ffd31aa0000 - 0x00007ffd31aa8000 	C:\Windows\System32\PSAPI.DLL
0x00007ffd072b0000 - 0x00007ffd072c0000 	C:\Users\Sniffer\.jdks\ms-17.0.17\bin\verify.dll

dbghelp: loaded successfully - version: 4.0.5 - missing functions: none
symbol engine: initialized successfully - sym options: 0x614 - pdb path: .;C:\Users\Sniffer\.jdks\ms-17.0.17\bin;C:\Windows\SYSTEM32;C:\Windows\WinSxS\amd64_microsoft.windows.common-controls_6595b64144ccf1df_6.0.19041.6456_none_60b8a6cb71f64256;C:\Users\Sniffer\.jdks\ms-17.0.17\bin\server;C:\Program Files\JetBrains\IntelliJ IDEA Community Edition 2024.2.3\bin

VM Arguments:
jvm_args: -javaagent:C:\Program Files\JetBrains\IntelliJ IDEA Community Edition 2024.2.3\lib\idea_rt.jar=63473:C:\Program Files\JetBrains\IntelliJ IDEA Community Edition 2024.2.3\bin -Dfile.encoding=UTF-8 
java_command: com.ges.boutique.BoutiqueApplication
java_class_path (initial): C:\Users\Sniffer\Desktop\alimentation-boutique-back\boutique\target\classes;C:\Users\Sniffer\.m2\repository\org\springframework\boot\spring-boot-starter-web\3.2.0\spring-boot-starter-web-3.2.0.jar;C:\Users\Sniffer\.m2\repository\org\springframework\boot\spring-boot-starter\3.2.0\spring-boot-starter-3.2.0.jar;C:\Users\Sniffer\.m2\repository\org\springframework\boot\spring-boot\3.2.0\spring-boot-3.2.0.jar;C:\Users\Sniffer\.m2\repository\org\springframework\boot\spring-boot-autoconfigure\3.2.0\spring-boot-autoconfigure-3.2.0.jar;C:\Users\Sniffer\.m2\repository\org\springframework\boot\spring-boot-starter-logging\3.2.0\spring-boot-starter-logging-3.2.0.jar;C:\Users\Sniffer\.m2\repository\ch\qos\logback\logback-classic\1.4.11\logback-classic-1.4.11.jar;C:\Users\Sniffer\.m2\repository\ch\qos\logback\logback-core\1.4.11\logback-core-1.4.11.jar;C:\Users\Sniffer\.m2\repository\org\apache\logging\log4j\log4j-to-slf4j\2.21.1\log4j-to-slf4j-2.21.1.jar;C:\Users\Sniffer\.m2\repository\org\slf4j\jul-to-slf4j\2.0.9\jul-to-slf4j-2.0.9.jar;C:\Users\Sniffer\.m2\repository\jakarta\annotation\jakarta.annotation-api\2.1.1\jakarta.annotation-api-2.1.1.jar;C:\Users\Sniffer\.m2\repository\org\yaml\snakeyaml\2.2\snakeyaml-2.2.jar;C:\Users\Sniffer\.m2\repository\org\springframework\boot\spring-boot-starter-json\3.2.0\spring-boot-starter-json-3.2.0.jar;C:\Users\Sniffer\.m2\repository\com\fasterxml\jackson\datatype\jackson-datatype-jdk8\2.15.3\jackson-datatype-jdk8-2.15.3.jar;C:\Users\Sniffer\.m2\repository\com\fasterxml\jackson\datatype\jackson-datatype-jsr310\2.15.3\jackson-datatype-jsr310-2.15.3.jar;C:\Users\Sniffer\.m2\repository\com\fasterxml\jackson\module\jackson-module-parameter-names\2.15.3\jackson-module-parameter-names-2.15.3.jar;C:\Users\Sniffer\.m2\repository\org\springframework\boot\spring-boot-starter-tomcat\3.2.0\spring-boot-starter-tomcat-3.2.0.jar;C:\Users\Sniffer\.m2\repository\org\apache\tomcat\embed\tomcat-embed-core\10.1.16\tomcat-embed-core-10
Launcher Type: SUN_STANDARD

[Global flags]
     intx CICompilerCount                          = 3                                         {product} {ergonomic}
     uint ConcGCThreads                            = 1                                         {product} {ergonomic}
     uint G1ConcRefinementThreads                  = 4                                         {product} {ergonomic}
   size_t G1HeapRegionSize                         = 1048576                                   {product} {ergonomic}
    uintx GCDrainStackTargetSize                   = 64                                        {product} {ergonomic}
   size_t InitialHeapSize                          = 62914560                                  {product} {ergonomic}
   size_t MarkStackSize                            = 4194304                                   {product} {ergonomic}
   size_t MaxHeapSize                              = 981467136                                 {product} {ergonomic}
   size_t MaxNewSize                               = 588251136                                 {product} {ergonomic}
   size_t MinHeapDeltaBytes                        = 1048576                                   {product} {ergonomic}
   size_t MinHeapSize                              = 8388608                                   {product} {ergonomic}
    uintx NonNMethodCodeHeapSize                   = 5832780                                {pd product} {ergonomic}
    uintx NonProfiledCodeHeapSize                  = 122912730                              {pd product} {ergonomic}
    uintx ProfiledCodeHeapSize                     = 122912730                              {pd product} {ergonomic}
    uintx ReservedCodeCacheSize                    = 251658240                              {pd product} {ergonomic}
     bool SegmentedCodeCache                       = true                                      {product} {ergonomic}
   size_t SoftMaxHeapSize                          = 981467136                              {manageable} {ergonomic}
     bool UseCompressedClassPointers               = true                           {product lp64_product} {ergonomic}
     bool UseCompressedOops                        = true                           {product lp64_product} {ergonomic}
     bool UseG1GC                                  = true                                      {product} {ergonomic}
     bool UseLargePagesIndividualAllocation        = false                                  {pd product} {ergonomic}

Logging:
Log output configuration:
 #0: stdout all=warning uptime,level,tags
 #1: stderr all=off uptime,level,tags

Environment Variables:
PATH=C:\Python314\Scripts\;C:\Python314\;C:\Program Files\Common Files\Oracle\Java\javapath;C:\Windows\system32;C:\Windows;C:\Windows\System32\Wbem;C:\Windows\System32\WindowsPowerShell\v1.0\;C:\Windows\System32\OpenSSH\;C:\Program Files\Git\cmd;C:\ProgramData\chocolatey\bin;C:\ProgramData\chocolatey\lib\maven\apache-maven-3.9.12\bin;C:\Program Files\nodejs\;C:\Program Files\cursor\resources\app\bin;C:\Users\Sniffer\AppData\Local\Microsoft\WindowsApps;C:\Program Files\JetBrains\IntelliJ IDEA Community Edition 2024.2.3\bin;;C:\Users\Sniffer\AppData\Local\Programs\Microsoft VS Code\bin;C:\Users\Sniffer\AppData\Local\GitHubDesktop\bin;C:\Users\Sniffer\AppData\Roaming\npm;C:\Users\Sniffer\AppData\Local\PowerToys\DSCModules\
USERNAME=Sniffer
OS=Windows_NT
PROCESSOR_IDENTIFIER=Intel64 Family 6 Model 122 Stepping 8, GenuineIntel
TMP=C:\Users\Sniffer\AppData\Local\Temp
TEMP=C:\Users\Sniffer\AppData\Local\Temp



Periodic native trim disabled


---------------  S Y S T E M  ---------------

OS:
 Windows 10 , 64 bit Build 19041 (10.0.19041.5915)
OS uptime: 5 days 21:33 hours

CPU: total 4 (initial active 4) (4 cores per cpu, 1 threads per core) family 6 model 122 stepping 8 microcode 0x22, cx8, cmov, fxsr, mmx, 3dnowpref, sse, sse2, sse3, ssse3, sse4.1, sse4.2, popcnt, tsc, tscinvbit, aes, erms, clmul, sha, clflush, clflushopt
Processor Information for the first 4 processors :
  Max Mhz: 1101, Current Mhz: 1101, Mhz Limit: 1101

Memory: 4k page, system-wide physical 3743M (323M free)
TotalPageFile size 15007M (AvailPageFile size 0M)
current process WorkingSet (physical memory assigned to process): 166M, peak: 176M
current process commit charge ("private bytes"): 227M, peak: 241M

vm_info: OpenJDK 64-Bit Server VM (17.0.17+10-LTS) for windows-amd64 JRE (17.0.17+10-LTS), built on Oct 13 2025 22:19:56 by "MicrosoftCorporation" with unknown MS VC++:1944

END.
