#
# There is insufficient memory for the Java Runtime Environment to continue.
# Native memory allocation (malloc) failed to allocate 1875856 bytes. Error detail: Chunk::new
# Possible reasons:
#   The system is out of physical RAM or swap space
#   This process is running with CompressedOops enabled, and the Java Heap may be blocking the growth of the native heap
# Possible solutions:
#   Reduce memory load on the system
#   Increase physical memory or swap space
#   Check if swap backing store is full
#   Decrease Java heap size (-Xmx/-Xms)
#   Decrease number of Java threads
#   Decrease Java thread stack sizes (-Xss)
#   Set larger code cache with -XX:ReservedCodeCacheSize=
#   JVM is running with Unscaled Compressed Oops mode in which the Java heap is
#     placed in the first 4GB address space. The Java Heap base address is the
#     maximum limit for the native heap growth. Please use -XX:HeapBaseMinAddress
#     to set the Java Heap base and to place the Java Heap above 4GB virtual address.
# This output file may be truncated or incomplete.
#
#  Out of Memory Error (arena.cpp:191), pid=13104, tid=18000
#
# JRE version: OpenJDK Runtime Environment Microsoft-12574423 (17.0.17+10) (build 17.0.17+10-LTS)
# Java VM: OpenJDK 64-Bit Server VM Microsoft-12574423 (17.0.17+10-LTS, mixed mode, sharing, tiered, compressed oops, compressed class ptrs, g1 gc, windows-amd64)
# No core dump will be written. Minidumps are not enabled by default on client versions of Windows
#

---------------  S U M M A R Y ------------

Command Line: -javaagent:C:\Program Files\JetBrains\IntelliJ IDEA Community Edition 2024.2.3\lib\idea_rt.jar=50634:C:\Program Files\JetBrains\IntelliJ IDEA Community Edition 2024.2.3\bin -Dfile.encoding=UTF-8 com.ges.boutique.BoutiqueApplication

Host: Intel(R) Celeron(R) N4120 CPU @ 1.10GHz, 4 cores, 3G,  Windows 10 , 64 bit Build 19041 (10.0.19041.5915)
Time: Sat Feb 28 22:03:23 2026 Paris, Madrid elapsed time: 61.065992 seconds (0d 0h 1m 1s)

---------------  T H R E A D  ---------------

Current thread (0x000001e4e6dd2100):  JavaThread "C2 CompilerThread0" daemon [_thread_in_native, id=18000, stack(0x0000000282100000,0x0000000282200000)]


Current CompileTask:
C2:61066 8759       4       java.lang.reflect.Method::getDeclaredAnnotations (5 bytes)

Stack: [0x0000000282100000,0x0000000282200000]
Native frames: (J=compiled Java code, j=interpreted, Vv=VM code, C=native code)
V  [jvm.dll+0x68c459]  (no source info available)
V  [jvm.dll+0x845e09]  (no source info available)
V  [jvm.dll+0x847b78]  (no source info available)
V  [jvm.dll+0x848203]  (no source info available)
V  [jvm.dll+0x24cf6f]  (no source info available)
V  [jvm.dll+0xaecb6]  (no source info available)
V  [jvm.dll+0xaf35c]  (no source info available)
V  [jvm.dll+0x37152f]  (no source info available)
V  [jvm.dll+0x1c0703]  (no source info available)
V  [jvm.dll+0x21e080]  (no source info available)
V  [jvm.dll+0x21d36d]  (no source info available)
V  [jvm.dll+0x1a8ce6]  (no source info available)
V  [jvm.dll+0x22db1b]  (no source info available)
V  [jvm.dll+0x22bca6]  (no source info available)
V  [jvm.dll+0x7fb65b]  (no source info available)
V  [jvm.dll+0x7f5a5c]  (no source info available)
V  [jvm.dll+0x68d9f7]  (no source info available)
C  [ucrtbase.dll+0x21bb2]  (no source info available)
C  [KERNEL32.DLL+0x17374]  (no source info available)
C  [ntdll.dll+0x4cc91]  (no source info available)


---------------  P R O C E S S  ---------------

Threads class SMR info:
_java_thread_list=0x000001e4ed07df20, length=30, elements={
0x000001e4cbbc7860, 0x000001e4cbbc86e0, 0x000001e4e6dcb490, 0x000001e4e6dcd870,
0x000001e4e6dd0240, 0x000001e4e6dd0c00, 0x000001e4e6dd2100, 0x000001e4e6dde0c0,
0x000001e4e6df1290, 0x000001e4eb0480b0, 0x000001e4eb23cd20, 0x000001e4eb23d200,
0x000001e4ec0e5ff0, 0x000001e4ed21b0d0, 0x000001e4ee6418e0, 0x000001e4ee641df0,
0x000001e4ee640ec0, 0x000001e4ee642300, 0x000001e4ee643230, 0x000001e4ee643740,
0x000001e4ee643c50, 0x000001e4ee644160, 0x000001e4ee404080, 0x000001e4ee3fd630,
0x000001e4ee3fcc10, 0x000001e4ee402220, 0x000001e4ee3ffeb0, 0x000001e4ee4008d0,
0x000001e4ee402730, 0x000001e4ee3fd120
}

Java Threads: ( => current thread )
  0x000001e4cbbc7860 JavaThread "Reference Handler" daemon [_thread_blocked, id=8984, stack(0x0000000281b00000,0x0000000281c00000)]
  0x000001e4cbbc86e0 JavaThread "Finalizer" daemon [_thread_blocked, id=9772, stack(0x0000000281c00000,0x0000000281d00000)]
  0x000001e4e6dcb490 JavaThread "Signal Dispatcher" daemon [_thread_blocked, id=11056, stack(0x0000000281d00000,0x0000000281e00000)]
  0x000001e4e6dcd870 JavaThread "Attach Listener" daemon [_thread_blocked, id=1088, stack(0x0000000281e00000,0x0000000281f00000)]
  0x000001e4e6dd0240 JavaThread "Service Thread" daemon [_thread_blocked, id=13660, stack(0x0000000281f00000,0x0000000282000000)]
  0x000001e4e6dd0c00 JavaThread "Monitor Deflation Thread" daemon [_thread_blocked, id=1104, stack(0x0000000282000000,0x0000000282100000)]
=>0x000001e4e6dd2100 JavaThread "C2 CompilerThread0" daemon [_thread_in_native, id=18000, stack(0x0000000282100000,0x0000000282200000)]
  0x000001e4e6dde0c0 JavaThread "C1 CompilerThread0" daemon [_thread_blocked, id=12528, stack(0x0000000282200000,0x0000000282300000)]
  0x000001e4e6df1290 JavaThread "Sweeper thread" daemon [_thread_blocked, id=11000, stack(0x0000000282300000,0x0000000282400000)]
  0x000001e4eb0480b0 JavaThread "Common-Cleaner" daemon [_thread_blocked, id=12568, stack(0x0000000282400000,0x0000000282500000)]
  0x000001e4eb23cd20 JavaThread "Monitor Ctrl-Break" daemon [_thread_in_native, id=14656, stack(0x0000000282500000,0x0000000282600000)]
  0x000001e4eb23d200 JavaThread "Notification Thread" daemon [_thread_blocked, id=16472, stack(0x0000000282600000,0x0000000282700000)]
  0x000001e4ec0e5ff0 JavaThread "mysql-cj-abandoned-connection-cleanup" daemon [_thread_blocked, id=14816, stack(0x0000000282b00000,0x0000000282c00000)]
  0x000001e4ed21b0d0 JavaThread "HikariPool-1 housekeeper" daemon [_thread_blocked, id=6672, stack(0x0000000282d00000,0x0000000282e00000)]
  0x000001e4ee6418e0 JavaThread "Catalina-utility-1" [_thread_blocked, id=2604, stack(0x0000000282e00000,0x0000000282f00000)]
  0x000001e4ee641df0 JavaThread "Catalina-utility-2" [_thread_blocked, id=10340, stack(0x0000000282f00000,0x0000000283000000)]
  0x000001e4ee640ec0 JavaThread "container-0" [_thread_blocked, id=13976, stack(0x0000000283000000,0x0000000283100000)]
  0x000001e4ee642300 JavaThread "http-nio-8080-exec-1" daemon [_thread_in_native_trans, id=18128, stack(0x0000000283100000,0x0000000283200000)]
  0x000001e4ee643230 JavaThread "http-nio-8080-exec-2" daemon [_thread_in_Java, id=6520, stack(0x0000000283200000,0x0000000283300000)]
  0x000001e4ee643740 JavaThread "http-nio-8080-exec-3" daemon [_thread_in_Java, id=16408, stack(0x0000000283300000,0x0000000283400000)]
  0x000001e4ee643c50 JavaThread "http-nio-8080-exec-4" daemon [_thread_in_Java, id=9700, stack(0x0000000283400000,0x0000000283500000)]
  0x000001e4ee644160 JavaThread "http-nio-8080-exec-5" daemon [_thread_blocked, id=17372, stack(0x0000000283500000,0x0000000283600000)]
  0x000001e4ee404080 JavaThread "http-nio-8080-exec-6" daemon [_thread_in_Java, id=14532, stack(0x0000000283600000,0x0000000283700000)]
  0x000001e4ee3fd630 JavaThread "http-nio-8080-exec-7" daemon [_thread_in_vm, id=12052, stack(0x0000000283700000,0x0000000283800000)]
  0x000001e4ee3fcc10 JavaThread "http-nio-8080-exec-8" daemon [_thread_blocked, id=18084, stack(0x0000000283800000,0x0000000283900000)]
  0x000001e4ee402220 JavaThread "http-nio-8080-exec-9" daemon [_thread_blocked, id=15200, stack(0x0000000283900000,0x0000000283a00000)]
  0x000001e4ee3ffeb0 JavaThread "http-nio-8080-exec-10" daemon [_thread_blocked, id=12768, stack(0x0000000283a00000,0x0000000283b00000)]
  0x000001e4ee4008d0 JavaThread "http-nio-8080-Poller" daemon [_thread_in_native, id=5076, stack(0x0000000283b00000,0x0000000283c00000)]
  0x000001e4ee402730 JavaThread "http-nio-8080-Acceptor" daemon [_thread_in_native, id=11888, stack(0x0000000283c00000,0x0000000283d00000)]
  0x000001e4ee3fd120 JavaThread "DestroyJavaVM" [_thread_blocked, id=8672, stack(0x0000000281400000,0x0000000281500000)]

Other Threads:
  0x000001e4cbbc11a0 VMThread "VM Thread" [stack: 0x0000000281a00000,0x0000000281b00000] [id=14412]
  0x000001e4eb249630 WatcherThread [stack: 0x0000000282700000,0x0000000282800000] [id=6840]
  0x000001e4cbb56ce0 GCTaskThread "GC Thread#0" [stack: 0x0000000281500000,0x0000000281600000] [id=15516]
  0x000001e4eb6a4e40 GCTaskThread "GC Thread#1" [stack: 0x0000000282800000,0x0000000282900000] [id=3960]
  0x000001e4eb6dca10 GCTaskThread "GC Thread#2" [stack: 0x0000000282900000,0x0000000282a00000] [id=15744]
  0x000001e4eb6fbb10 GCTaskThread "GC Thread#3" [stack: 0x0000000282a00000,0x0000000282b00000] [id=17456]
  0x000001e4cbb60150 ConcurrentGCThread "G1 Main Marker" [stack: 0x0000000281600000,0x0000000281700000] [id=3664]
  0x000001e4cbb60b70 ConcurrentGCThread "G1 Conc#0" [stack: 0x0000000281700000,0x0000000281800000] [id=14116]
  0x000001e4cbba4610 ConcurrentGCThread "G1 Refine#0" [stack: 0x0000000281800000,0x0000000281900000] [id=2340]
  0x000001e4cbba5050 ConcurrentGCThread "G1 Service" [stack: 0x0000000281900000,0x0000000281a00000] [id=12644]

Threads with active compile tasks:
C2 CompilerThread0  61191 8759       4       java.lang.reflect.Method::getDeclaredAnnotations (5 bytes)

VM state: not at safepoint (normal execution)

VM Mutex/Monitor currently owned by a thread: None

Heap address: 0x00000000c5800000, size: 936 MB, Compressed Oops mode: 32-bit

CDS archive(s) mapped at: [0x000001e480000000-0x000001e480bb0000-0x000001e480bb0000), size 12255232, SharedBaseAddress: 0x000001e480000000, ArchiveRelocationMode: 1.
Compressed class space mapped at: 0x000001e481000000-0x000001e4c1000000, reserved size: 1073741824
Narrow klass base: 0x000001e480000000, Narrow klass shift: 0, Narrow klass range: 0x100000000

GC Precious Log:
 CPUs: 4 total, 4 available
 Memory: 3743M
 Large Page Support: Disabled
 NUMA Support: Disabled
 Compressed Oops: Enabled (32-bit)
 Heap Region Size: 1M
 Heap Min Capacity: 8M
 Heap Initial Capacity: 60M
 Heap Max Capacity: 936M
 Pre-touch: Disabled
 Parallel Workers: 4
 Concurrent Workers: 1
 Concurrent Refinement Workers: 4
 Periodic GC: Disabled

Heap:
 garbage-first heap   total 135168K, used 94810K [0x00000000c5800000, 0x0000000100000000)
  region size 1024K, 54 young (55296K), 1 survivors (1024K)
 Metaspace       used 78762K, committed 79360K, reserved 1179648K
  class space    used 10872K, committed 11136K, reserved 1048576K

Heap Regions: E=young(eden), S=young(survivor), O=old, HS=humongous(starts), HC=humongous(continues), CS=collection set, F=free, OA=open archive, CA=closed archive, TAMS=top-at-mark-start (previous, next)
|   0|0x00000000c5800000, 0x00000000c5900000, 0x00000000c5900000|100%|HS|  |TAMS 0x00000000c5900000, 0x00000000c5800000| Complete 
|   1|0x00000000c5900000, 0x00000000c5a00000, 0x00000000c5a00000|100%| O|  |TAMS 0x00000000c5a00000, 0x00000000c5900000| Untracked 
|   2|0x00000000c5a00000, 0x00000000c5b00000, 0x00000000c5b00000|100%| O|  |TAMS 0x00000000c5b00000, 0x00000000c5a00000| Untracked 
|   3|0x00000000c5b00000, 0x00000000c5c00000, 0x00000000c5c00000|100%| O|  |TAMS 0x00000000c5c00000, 0x00000000c5b00000| Untracked 
|   4|0x00000000c5c00000, 0x00000000c5d00000, 0x00000000c5d00000|100%| O|  |TAMS 0x00000000c5d00000, 0x00000000c5c00000| Untracked 
|   5|0x00000000c5d00000, 0x00000000c5e00000, 0x00000000c5e00000|100%| O|  |TAMS 0x00000000c5e00000, 0x00000000c5d00000| Untracked 
|   6|0x00000000c5e00000, 0x00000000c5f00000, 0x00000000c5f00000|100%| O|  |TAMS 0x00000000c5f00000, 0x00000000c5e00000| Untracked 
|   7|0x00000000c5f00000, 0x00000000c6000000, 0x00000000c6000000|100%| O|  |TAMS 0x00000000c6000000, 0x00000000c5f00000| Untracked 
|   8|0x00000000c6000000, 0x00000000c6100000, 0x00000000c6100000|100%| O|  |TAMS 0x00000000c6100000, 0x00000000c6000000| Untracked 
|   9|0x00000000c6100000, 0x00000000c6200000, 0x00000000c6200000|100%| O|  |TAMS 0x00000000c6200000, 0x00000000c6100000| Untracked 
|  10|0x00000000c6200000, 0x00000000c6300000, 0x00000000c6300000|100%| O|  |TAMS 0x00000000c6300000, 0x00000000c6200000| Untracked 
|  11|0x00000000c6300000, 0x00000000c6400000, 0x00000000c6400000|100%| O|  |TAMS 0x00000000c6400000, 0x00000000c6300000| Untracked 
|  12|0x00000000c6400000, 0x00000000c6500000, 0x00000000c6500000|100%| O|  |TAMS 0x00000000c6500000, 0x00000000c6400000| Untracked 
|  13|0x00000000c6500000, 0x00000000c6600000, 0x00000000c6600000|100%| O|  |TAMS 0x00000000c6600000, 0x00000000c6500000| Untracked 
|  14|0x00000000c6600000, 0x00000000c6700000, 0x00000000c6700000|100%| O|  |TAMS 0x00000000c6700000, 0x00000000c6600000| Untracked 
|  15|0x00000000c6700000, 0x00000000c6800000, 0x00000000c6800000|100%| O|  |TAMS 0x00000000c6700000, 0x00000000c6700000| Untracked 
|  16|0x00000000c6800000, 0x00000000c6900000, 0x00000000c6900000|100%| O|  |TAMS 0x00000000c6900000, 0x00000000c6800000| Untracked 
|  17|0x00000000c6900000, 0x00000000c6a00000, 0x00000000c6a00000|100%| O|  |TAMS 0x00000000c6a00000, 0x00000000c6900000| Untracked 
|  18|0x00000000c6a00000, 0x00000000c6b00000, 0x00000000c6b00000|100%| O|  |TAMS 0x00000000c6b00000, 0x00000000c6a00000| Untracked 
|  19|0x00000000c6b00000, 0x00000000c6c00000, 0x00000000c6c00000|100%| O|  |TAMS 0x00000000c6c00000, 0x00000000c6b00000| Untracked 
|  20|0x00000000c6c00000, 0x00000000c6d00000, 0x00000000c6d00000|100%| O|  |TAMS 0x00000000c6d00000, 0x00000000c6c00000| Untracked 
|  21|0x00000000c6d00000, 0x00000000c6e00000, 0x00000000c6e00000|100%| O|  |TAMS 0x00000000c6e00000, 0x00000000c6d00000| Untracked 
|  22|0x00000000c6e00000, 0x00000000c6f00000, 0x00000000c6f00000|100%| O|  |TAMS 0x00000000c6f00000, 0x00000000c6e00000| Untracked 
|  23|0x00000000c6f00000, 0x00000000c7000000, 0x00000000c7000000|100%| O|  |TAMS 0x00000000c7000000, 0x00000000c6f00000| Untracked 
|  24|0x00000000c7000000, 0x00000000c7100000, 0x00000000c7100000|100%| O|  |TAMS 0x00000000c7100000, 0x00000000c7000000| Untracked 
|  25|0x00000000c7100000, 0x00000000c7200000, 0x00000000c7200000|100%| O|  |TAMS 0x00000000c7200000, 0x00000000c7100000| Untracked 
|  26|0x00000000c7200000, 0x00000000c7300000, 0x00000000c7300000|100%| O|  |TAMS 0x00000000c7300000, 0x00000000c7200000| Untracked 
|  27|0x00000000c7300000, 0x00000000c7400000, 0x00000000c7400000|100%| O|  |TAMS 0x00000000c7400000, 0x00000000c7300000| Untracked 
|  28|0x00000000c7400000, 0x00000000c7500000, 0x00000000c7500000|100%| O|  |TAMS 0x00000000c7500000, 0x00000000c7400000| Untracked 
|  29|0x00000000c7500000, 0x00000000c7600000, 0x00000000c7600000|100%| O|  |TAMS 0x00000000c7600000, 0x00000000c7500000| Untracked 
|  30|0x00000000c7600000, 0x00000000c7700000, 0x00000000c7700000|100%| O|  |TAMS 0x00000000c7700000, 0x00000000c7600000| Untracked 
|  31|0x00000000c7700000, 0x00000000c7800000, 0x00000000c7800000|100%| O|  |TAMS 0x00000000c7800000, 0x00000000c7700000| Untracked 
|  32|0x00000000c7800000, 0x00000000c7900000, 0x00000000c7900000|100%| O|  |TAMS 0x00000000c7900000, 0x00000000c7800000| Untracked 
|  33|0x00000000c7900000, 0x00000000c7a00000, 0x00000000c7a00000|100%| O|  |TAMS 0x00000000c7a00000, 0x00000000c7900000| Untracked 
|  34|0x00000000c7a00000, 0x00000000c7a00000, 0x00000000c7b00000|  0%| F|  |TAMS 0x00000000c7a00000, 0x00000000c7a00000| Untracked 
|  35|0x00000000c7b00000, 0x00000000c7c00000, 0x00000000c7c00000|100%| O|  |TAMS 0x00000000c7c00000, 0x00000000c7b00000| Untracked 
|  36|0x00000000c7c00000, 0x00000000c7d00000, 0x00000000c7d00000|100%| O|  |TAMS 0x00000000c7d00000, 0x00000000c7c00000| Untracked 
|  37|0x00000000c7d00000, 0x00000000c7e00000, 0x00000000c7e00000|100%| O|  |TAMS 0x00000000c7de0400, 0x00000000c7d00000| Untracked 
|  38|0x00000000c7e00000, 0x00000000c7f00000, 0x00000000c7f00000|100%| O|  |TAMS 0x00000000c7e00000, 0x00000000c7e00000| Untracked 
|  39|0x00000000c7f00000, 0x00000000c8000000, 0x00000000c8000000|100%| O|  |TAMS 0x00000000c7f00000, 0x00000000c7f00000| Untracked 
|  40|0x00000000c8000000, 0x00000000c8100000, 0x00000000c8100000|100%| O|  |TAMS 0x00000000c8000000, 0x00000000c8000000| Untracked 
|  41|0x00000000c8100000, 0x00000000c8200000, 0x00000000c8200000|100%| O|  |TAMS 0x00000000c8100000, 0x00000000c8100000| Untracked 
|  42|0x00000000c8200000, 0x00000000c820e800, 0x00000000c8300000|  5%| O|  |TAMS 0x00000000c8200000, 0x00000000c8200000| Untracked 
|  43|0x00000000c8300000, 0x00000000c8300000, 0x00000000c8400000|  0%| F|  |TAMS 0x00000000c8300000, 0x00000000c8300000| Untracked 
|  44|0x00000000c8400000, 0x00000000c8400000, 0x00000000c8500000|  0%| F|  |TAMS 0x00000000c8400000, 0x00000000c8400000| Untracked 
|  45|0x00000000c8500000, 0x00000000c8500000, 0x00000000c8600000|  0%| F|  |TAMS 0x00000000c8500000, 0x00000000c8500000| Untracked 
|  46|0x00000000c8600000, 0x00000000c8600000, 0x00000000c8700000|  0%| F|  |TAMS 0x00000000c8600000, 0x00000000c8600000| Untracked 
|  47|0x00000000c8700000, 0x00000000c8700000, 0x00000000c8800000|  0%| F|  |TAMS 0x00000000c8700000, 0x00000000c8700000| Untracked 
|  48|0x00000000c8800000, 0x00000000c8800000, 0x00000000c8900000|  0%| F|  |TAMS 0x00000000c8800000, 0x00000000c8800000| Untracked 
|  49|0x00000000c8900000, 0x00000000c8900000, 0x00000000c8a00000|  0%| F|  |TAMS 0x00000000c8900000, 0x00000000c8900000| Untracked 
|  50|0x00000000c8a00000, 0x00000000c8a00000, 0x00000000c8b00000|  0%| F|  |TAMS 0x00000000c8a00000, 0x00000000c8a00000| Untracked 
|  51|0x00000000c8b00000, 0x00000000c8b00000, 0x00000000c8c00000|  0%| F|  |TAMS 0x00000000c8b00000, 0x00000000c8b00000| Untracked 
|  52|0x00000000c8c00000, 0x00000000c8c00000, 0x00000000c8d00000|  0%| F|  |TAMS 0x00000000c8c00000, 0x00000000c8c00000| Untracked 
|  53|0x00000000c8d00000, 0x00000000c8d00000, 0x00000000c8e00000|  0%| F|  |TAMS 0x00000000c8d00000, 0x00000000c8d00000| Untracked 
|  54|0x00000000c8e00000, 0x00000000c8e00000, 0x00000000c8f00000|  0%| F|  |TAMS 0x00000000c8e00000, 0x00000000c8e00000| Untracked 
|  55|0x00000000c8f00000, 0x00000000c8f00000, 0x00000000c9000000|  0%| F|  |TAMS 0x00000000c8f00000, 0x00000000c8f00000| Untracked 
|  56|0x00000000c9000000, 0x00000000c9000000, 0x00000000c9100000|  0%| F|  |TAMS 0x00000000c9000000, 0x00000000c9000000| Untracked 
|  57|0x00000000c9100000, 0x00000000c9100000, 0x00000000c9200000|  0%| F|  |TAMS 0x00000000c9100000, 0x00000000c9100000| Untracked 
|  58|0x00000000c9200000, 0x00000000c9200000, 0x00000000c9300000|  0%| F|  |TAMS 0x00000000c9200000, 0x00000000c9200000| Untracked 
|  59|0x00000000c9300000, 0x00000000c9300000, 0x00000000c9400000|  0%| F|  |TAMS 0x00000000c9300000, 0x00000000c9300000| Untracked 
|  60|0x00000000c9400000, 0x00000000c9400000, 0x00000000c9500000|  0%| F|  |TAMS 0x00000000c9400000, 0x00000000c9400000| Untracked 
|  61|0x00000000c9500000, 0x00000000c9500000, 0x00000000c9600000|  0%| F|  |TAMS 0x00000000c9500000, 0x00000000c9500000| Untracked 
|  62|0x00000000c9600000, 0x00000000c9600000, 0x00000000c9700000|  0%| F|  |TAMS 0x00000000c9600000, 0x00000000c9600000| Untracked 
|  63|0x00000000c9700000, 0x00000000c9700000, 0x00000000c9800000|  0%| F|  |TAMS 0x00000000c9700000, 0x00000000c9700000| Untracked 
|  64|0x00000000c9800000, 0x00000000c9800000, 0x00000000c9900000|  0%| F|  |TAMS 0x00000000c9800000, 0x00000000c9800000| Untracked 
|  65|0x00000000c9900000, 0x00000000c9900000, 0x00000000c9a00000|  0%| F|  |TAMS 0x00000000c9900000, 0x00000000c9900000| Untracked 
|  66|0x00000000c9a00000, 0x00000000c9a00000, 0x00000000c9b00000|  0%| F|  |TAMS 0x00000000c9a00000, 0x00000000c9a00000| Untracked 
|  67|0x00000000c9b00000, 0x00000000c9b00000, 0x00000000c9c00000|  0%| F|  |TAMS 0x00000000c9b00000, 0x00000000c9b00000| Untracked 
|  68|0x00000000c9c00000, 0x00000000c9c00000, 0x00000000c9d00000|  0%| F|  |TAMS 0x00000000c9c00000, 0x00000000c9c00000| Untracked 
|  69|0x00000000c9d00000, 0x00000000c9d00000, 0x00000000c9e00000|  0%| F|  |TAMS 0x00000000c9d00000, 0x00000000c9d00000| Untracked 
|  70|0x00000000c9e00000, 0x00000000c9e00000, 0x00000000c9f00000|  0%| F|  |TAMS 0x00000000c9e00000, 0x00000000c9e00000| Untracked 
|  71|0x00000000c9f00000, 0x00000000c9f00000, 0x00000000ca000000|  0%| F|  |TAMS 0x00000000c9f00000, 0x00000000c9f00000| Untracked 
|  72|0x00000000ca000000, 0x00000000ca000000, 0x00000000ca100000|  0%| F|  |TAMS 0x00000000ca000000, 0x00000000ca000000| Untracked 
|  73|0x00000000ca100000, 0x00000000ca100000, 0x00000000ca200000|  0%| F|  |TAMS 0x00000000ca100000, 0x00000000ca100000| Untracked 
|  74|0x00000000ca200000, 0x00000000ca200000, 0x00000000ca300000|  0%| F|  |TAMS 0x00000000ca200000, 0x00000000ca200000| Untracked 
|  75|0x00000000ca300000, 0x00000000ca300000, 0x00000000ca400000|  0%| F|  |TAMS 0x00000000ca300000, 0x00000000ca300000| Untracked 
|  76|0x00000000ca400000, 0x00000000ca400000, 0x00000000ca500000|  0%| F|  |TAMS 0x00000000ca400000, 0x00000000ca400000| Untracked 
|  77|0x00000000ca500000, 0x00000000ca500000, 0x00000000ca600000|  0%| F|  |TAMS 0x00000000ca500000, 0x00000000ca500000| Untracked 
|  78|0x00000000ca600000, 0x00000000ca680000, 0x00000000ca700000| 50%| E|  |TAMS 0x00000000ca600000, 0x00000000ca600000| Complete 
|  79|0x00000000ca700000, 0x00000000ca800000, 0x00000000ca800000|100%| E|CS|TAMS 0x00000000ca700000, 0x00000000ca700000| Complete 
|  80|0x00000000ca800000, 0x00000000ca900000, 0x00000000ca900000|100%| E|CS|TAMS 0x00000000ca800000, 0x00000000ca800000| Complete 
|  81|0x00000000ca900000, 0x00000000caa00000, 0x00000000caa00000|100%| E|CS|TAMS 0x00000000ca900000, 0x00000000ca900000| Complete 
|  82|0x00000000caa00000, 0x00000000cab00000, 0x00000000cab00000|100%| E|CS|TAMS 0x00000000caa00000, 0x00000000caa00000| Complete 
|  83|0x00000000cab00000, 0x00000000cac00000, 0x00000000cac00000|100%| E|CS|TAMS 0x00000000cab00000, 0x00000000cab00000| Complete 
|  84|0x00000000cac00000, 0x00000000cad00000, 0x00000000cad00000|100%| E|CS|TAMS 0x00000000cac00000, 0x00000000cac00000| Complete 
|  85|0x00000000cad00000, 0x00000000cae00000, 0x00000000cae00000|100%| E|CS|TAMS 0x00000000cad00000, 0x00000000cad00000| Complete 
|  86|0x00000000cae00000, 0x00000000caf00000, 0x00000000caf00000|100%| E|CS|TAMS 0x00000000cae00000, 0x00000000cae00000| Complete 
|  87|0x00000000caf00000, 0x00000000cb000000, 0x00000000cb000000|100%| E|CS|TAMS 0x00000000caf00000, 0x00000000caf00000| Complete 
|  88|0x00000000cb000000, 0x00000000cb100000, 0x00000000cb100000|100%| E|CS|TAMS 0x00000000cb000000, 0x00000000cb000000| Complete 
|  89|0x00000000cb100000, 0x00000000cb200000, 0x00000000cb200000|100%| E|CS|TAMS 0x00000000cb100000, 0x00000000cb100000| Complete 
|  90|0x00000000cb200000, 0x00000000cb300000, 0x00000000cb300000|100%| E|CS|TAMS 0x00000000cb200000, 0x00000000cb200000| Complete 
|  91|0x00000000cb300000, 0x00000000cb400000, 0x00000000cb400000|100%| E|CS|TAMS 0x00000000cb300000, 0x00000000cb300000| Complete 
|  92|0x00000000cb400000, 0x00000000cb500000, 0x00000000cb500000|100%| E|CS|TAMS 0x00000000cb400000, 0x00000000cb400000| Complete 
|  93|0x00000000cb500000, 0x00000000cb600000, 0x00000000cb600000|100%| E|CS|TAMS 0x00000000cb500000, 0x00000000cb500000| Complete 
|  94|0x00000000cb600000, 0x00000000cb700000, 0x00000000cb700000|100%| E|CS|TAMS 0x00000000cb600000, 0x00000000cb600000| Complete 
|  95|0x00000000cb700000, 0x00000000cb800000, 0x00000000cb800000|100%| E|CS|TAMS 0x00000000cb700000, 0x00000000cb700000| Complete 
|  96|0x00000000cb800000, 0x00000000cb900000, 0x00000000cb900000|100%| E|CS|TAMS 0x00000000cb800000, 0x00000000cb800000| Complete 
|  97|0x00000000cb900000, 0x00000000cba00000, 0x00000000cba00000|100%| E|CS|TAMS 0x00000000cb900000, 0x00000000cb900000| Complete 
|  98|0x00000000cba00000, 0x00000000cbb00000, 0x00000000cbb00000|100%| E|CS|TAMS 0x00000000cba00000, 0x00000000cba00000| Complete 
|  99|0x00000000cbb00000, 0x00000000cbc00000, 0x00000000cbc00000|100%| E|CS|TAMS 0x00000000cbb00000, 0x00000000cbb00000| Complete 
| 100|0x00000000cbc00000, 0x00000000cbd00000, 0x00000000cbd00000|100%| E|CS|TAMS 0x00000000cbc00000, 0x00000000cbc00000| Complete 
| 101|0x00000000cbd00000, 0x00000000cbe00000, 0x00000000cbe00000|100%| E|CS|TAMS 0x00000000cbd00000, 0x00000000cbd00000| Complete 
| 102|0x00000000cbe00000, 0x00000000cbf00000, 0x00000000cbf00000|100%| E|CS|TAMS 0x00000000cbe00000, 0x00000000cbe00000| Complete 
| 103|0x00000000cbf00000, 0x00000000cc000000, 0x00000000cc000000|100%| E|CS|TAMS 0x00000000cbf00000, 0x00000000cbf00000| Complete 
| 104|0x00000000cc000000, 0x00000000cc100000, 0x00000000cc100000|100%| E|CS|TAMS 0x00000000cc000000, 0x00000000cc000000| Complete 
| 105|0x00000000cc100000, 0x00000000cc200000, 0x00000000cc200000|100%| E|CS|TAMS 0x00000000cc100000, 0x00000000cc100000| Complete 
| 106|0x00000000cc200000, 0x00000000cc300000, 0x00000000cc300000|100%| E|  |TAMS 0x00000000cc200000, 0x00000000cc200000| Complete 
| 107|0x00000000cc300000, 0x00000000cc400000, 0x00000000cc400000|100%| E|CS|TAMS 0x00000000cc300000, 0x00000000cc300000| Complete 
| 108|0x00000000cc400000, 0x00000000cc500000, 0x00000000cc500000|100%| E|CS|TAMS 0x00000000cc400000, 0x00000000cc400000| Complete 
| 109|0x00000000cc500000, 0x00000000cc600000, 0x00000000cc600000|100%| E|CS|TAMS 0x00000000cc500000, 0x00000000cc500000| Complete 
| 110|0x00000000cc600000, 0x00000000cc700000, 0x00000000cc700000|100%| E|CS|TAMS 0x00000000cc600000, 0x00000000cc600000| Complete 
| 111|0x00000000cc700000, 0x00000000cc800000, 0x00000000cc800000|100%| E|CS|TAMS 0x00000000cc700000, 0x00000000cc700000| Complete 
| 112|0x00000000cc800000, 0x00000000cc900000, 0x00000000cc900000|100%| E|CS|TAMS 0x00000000cc800000, 0x00000000cc800000| Complete 
| 113|0x00000000cc900000, 0x00000000cca00000, 0x00000000cca00000|100%| E|CS|TAMS 0x00000000cc900000, 0x00000000cc900000| Complete 
| 114|0x00000000cca00000, 0x00000000ccb00000, 0x00000000ccb00000|100%| E|CS|TAMS 0x00000000cca00000, 0x00000000cca00000| Complete 
| 115|0x00000000ccb00000, 0x00000000ccc00000, 0x00000000ccc00000|100%| E|CS|TAMS 0x00000000ccb00000, 0x00000000ccb00000| Complete 
| 116|0x00000000ccc00000, 0x00000000ccd00000, 0x00000000ccd00000|100%| E|CS|TAMS 0x00000000ccc00000, 0x00000000ccc00000| Complete 
| 117|0x00000000ccd00000, 0x00000000cce00000, 0x00000000cce00000|100%| E|CS|TAMS 0x00000000ccd00000, 0x00000000ccd00000| Complete 
| 118|0x00000000cce00000, 0x00000000ccf00000, 0x00000000ccf00000|100%| E|CS|TAMS 0x00000000cce00000, 0x00000000cce00000| Complete 
| 119|0x00000000ccf00000, 0x00000000cd000000, 0x00000000cd000000|100%| E|CS|TAMS 0x00000000ccf00000, 0x00000000ccf00000| Complete 
| 120|0x00000000cd000000, 0x00000000cd100000, 0x00000000cd100000|100%| E|CS|TAMS 0x00000000cd000000, 0x00000000cd000000| Complete 
| 121|0x00000000cd100000, 0x00000000cd200000, 0x00000000cd200000|100%| E|CS|TAMS 0x00000000cd100000, 0x00000000cd100000| Complete 
| 122|0x00000000cd200000, 0x00000000cd300000, 0x00000000cd300000|100%| E|CS|TAMS 0x00000000cd200000, 0x00000000cd200000| Complete 
| 123|0x00000000cd300000, 0x00000000cd400000, 0x00000000cd400000|100%| E|CS|TAMS 0x00000000cd300000, 0x00000000cd300000| Complete 
| 124|0x00000000cd400000, 0x00000000cd500000, 0x00000000cd500000|100%| E|CS|TAMS 0x00000000cd400000, 0x00000000cd400000| Complete 
| 125|0x00000000cd500000, 0x00000000cd600000, 0x00000000cd600000|100%| E|CS|TAMS 0x00000000cd500000, 0x00000000cd500000| Complete 
| 126|0x00000000cd600000, 0x00000000cd700000, 0x00000000cd700000|100%| E|CS|TAMS 0x00000000cd600000, 0x00000000cd600000| Complete 
| 127|0x00000000cd700000, 0x00000000cd800000, 0x00000000cd800000|100%| E|CS|TAMS 0x00000000cd700000, 0x00000000cd700000| Complete 
| 128|0x00000000cd800000, 0x00000000cd900000, 0x00000000cd900000|100%| E|CS|TAMS 0x00000000cd800000, 0x00000000cd800000| Complete 
| 129|0x00000000cd900000, 0x00000000cda00000, 0x00000000cda00000|100%| E|CS|TAMS 0x00000000cd900000, 0x00000000cd900000| Complete 
| 130|0x00000000cda00000, 0x00000000cda881e8, 0x00000000cdb00000| 53%| S|CS|TAMS 0x00000000cda00000, 0x00000000cda00000| Complete 
| 131|0x00000000cdb00000, 0x00000000cdc00000, 0x00000000cdc00000|100%| E|CS|TAMS 0x00000000cdb00000, 0x00000000cdb00000| Complete 

Card table byte_map: [0x000001e4e2870000,0x000001e4e2a50000] _byte_map_base: 0x000001e4e2244000

Marking Bits (Prev, Next): (CMBitMap*) 0x000001e4cbb58320, (CMBitMap*) 0x000001e4cbb58360
 Prev Bits: [0x000001e4e2c30000, 0x000001e4e3ad0000)
 Next Bits: [0x000001e4e3ad0000, 0x000001e4e4970000)

Polling page: 0x000001e4c9800000

Metaspace:

Usage:
  Non-class:     66.31 MB used.
      Class:     10.62 MB used.
       Both:     76.93 MB used.

Virtual space:
  Non-class space:      128.00 MB reserved,      66.62 MB ( 52%) committed,  2 nodes.
      Class space:        1.00 GB reserved,      10.88 MB (  1%) committed,  1 nodes.
             Both:        1.12 GB reserved,      77.50 MB (  7%) committed. 

Chunk freelists:
   Non-Class:  13.23 MB
       Class:  5.09 MB
        Both:  18.33 MB

MaxMetaspaceSize: unlimited
CompressedClassSpaceSize: 1.00 GB
Initial GC threshold: 21.00 MB
Current GC threshold: 108.88 MB
CDS: on
MetaspaceReclaimPolicy: balanced
 - commit_granule_bytes: 65536.
 - commit_granule_words: 8192.
 - virtual_space_node_default_size: 8388608.
 - enlarge_chunks_in_place: 1.
 - new_chunks_are_fully_committed: 0.
 - uncommit_free_chunks: 1.
 - use_allocation_guard: 0.
 - handle_deallocations: 1.


Internal statistics:

num_allocs_failed_limit: 6.
num_arena_births: 914.
num_arena_deaths: 0.
num_vsnodes_births: 3.
num_vsnodes_deaths: 0.
num_space_committed: 1240.
num_space_uncommitted: 0.
num_chunks_returned_to_freelist: 6.
num_chunks_taken_from_freelist: 3876.
num_chunk_merges: 6.
num_chunk_splits: 2809.
num_chunks_enlarged: 2206.
num_inconsistent_stats: 0.

CodeHeap 'non-profiled nmethods': size=120000Kb used=3872Kb max_used=3872Kb free=116127Kb
 bounds [0x000001e4db160000, 0x000001e4db530000, 0x000001e4e2690000]
CodeHeap 'profiled nmethods': size=120000Kb used=13985Kb max_used=13985Kb free=106014Kb
 bounds [0x000001e4d3690000, 0x000001e4d4440000, 0x000001e4dabc0000]
CodeHeap 'non-nmethods': size=5760Kb used=1352Kb max_used=1407Kb free=4407Kb
 bounds [0x000001e4dabc0000, 0x000001e4dae30000, 0x000001e4db160000]
 total_blobs=8676 nmethods=7985 adapters=601
 compilation: enabled
              stopped_count=0, restarted_count=0
 full_count=0

Compilation events (20 events):
Event: 59.996 Thread 0x000001e4e6dde0c0 8981       1       org.apache.tomcat.util.buf.AbstractChunk::getStart (5 bytes)
Event: 59.996 Thread 0x000001e4e6dde0c0 nmethod 8981 0x000001e4db525c90 code [0x000001e4db525e20, 0x000001e4db525ef8]
Event: 59.997 Thread 0x000001e4e6dde0c0 8983       1       org.apache.tomcat.util.buf.AbstractChunk::getOffset (5 bytes)
Event: 59.997 Thread 0x000001e4e6dde0c0 nmethod 8983 0x000001e4db525f90 code [0x000001e4db526120, 0x000001e4db5261f8]
Event: 59.997 Thread 0x000001e4e6dde0c0 8982       1       java.nio.ByteBuffer::base (5 bytes)
Event: 59.997 Thread 0x000001e4e6dde0c0 nmethod 8982 0x000001e4db526290 code [0x000001e4db526420, 0x000001e4db5264f8]
Event: 59.997 Thread 0x000001e4e6dde0c0 8984       1       org.apache.tomcat.util.buf.MessageBytes::getType (5 bytes)
Event: 59.997 Thread 0x000001e4e6dde0c0 nmethod 8984 0x000001e4db526590 code [0x000001e4db526720, 0x000001e4db5267f8]
Event: 59.997 Thread 0x000001e4e6dde0c0 8985       2       org.apache.catalina.connector.ResponseFacade::checkFacade (24 bytes)
Event: 59.998 Thread 0x000001e4e6dde0c0 nmethod 8985 0x000001e4d442ff10 code [0x000001e4d44300c0, 0x000001e4d44302b8]
Event: 59.998 Thread 0x000001e4e6dde0c0 8986       2       org.apache.tomcat.util.buf.MessageBytes::setString (33 bytes)
Event: 59.998 Thread 0x000001e4e6dde0c0 nmethod 8986 0x000001e4d4430390 code [0x000001e4d4430540, 0x000001e4d44306f8]
Event: 59.998 Thread 0x000001e4e6dde0c0 8987       2       org.apache.tomcat.util.buf.MessageBytes::toBytesSimple (105 bytes)
Event: 60.000 Thread 0x000001e4e6dde0c0 nmethod 8987 0x000001e4d4430790 code [0x000001e4d44309a0, 0x000001e4d44310c8]
Event: 60.000 Thread 0x000001e4e6dde0c0 8990       2       org.apache.coyote.http11.Http11OutputBuffer::write (93 bytes)
Event: 60.001 Thread 0x000001e4e6dde0c0 nmethod 8990 0x000001e4d4431410 code [0x000001e4d44315e0, 0x000001e4d4431838]
Event: 60.001 Thread 0x000001e4e6dde0c0 8988       2       org.apache.tomcat.util.buf.ByteChunk::setBytes (31 bytes)
Event: 60.001 Thread 0x000001e4e6dde0c0 nmethod 8988 0x000001e4d4431a10 code [0x000001e4d4431ba0, 0x000001e4d4431cf8]
Event: 60.001 Thread 0x000001e4e6dde0c0 8991       1       org.apache.catalina.connector.OutputBuffer::isSuspended (5 bytes)
Event: 60.001 Thread 0x000001e4e6dde0c0 nmethod 8991 0x000001e4db526890 code [0x000001e4db526a20, 0x000001e4db526af8]

GC Heap History (20 events):
Event: 28.972 GC heap before
{Heap before GC invocations=19 (full 0):
 garbage-first heap   total 73728K, used 58397K [0x00000000c5800000, 0x0000000100000000)
  region size 1024K, 30 young (30720K), 4 survivors (4096K)
 Metaspace       used 64466K, committed 65024K, reserved 1114112K
  class space    used 9008K, committed 9280K, reserved 1048576K
}
Event: 28.986 GC heap after
{Heap after GC invocations=20 (full 0):
 garbage-first heap   total 73728K, used 34047K [0x00000000c5800000, 0x0000000100000000)
  region size 1024K, 4 young (4096K), 4 survivors (4096K)
 Metaspace       used 64466K, committed 65024K, reserved 1114112K
  class space    used 9008K, committed 9280K, reserved 1048576K
}
Event: 29.595 GC heap before
{Heap before GC invocations=20 (full 0):
 garbage-first heap   total 73728K, used 57599K [0x00000000c5800000, 0x0000000100000000)
  region size 1024K, 28 young (28672K), 4 survivors (4096K)
 Metaspace       used 65842K, committed 66432K, reserved 1114112K
  class space    used 9171K, committed 9408K, reserved 1048576K
}
Event: 29.607 GC heap after
{Heap after GC invocations=21 (full 0):
 garbage-first heap   total 73728K, used 35528K [0x00000000c5800000, 0x0000000100000000)
  region size 1024K, 2 young (2048K), 2 survivors (2048K)
 Metaspace       used 65842K, committed 66432K, reserved 1114112K
  class space    used 9171K, committed 9408K, reserved 1048576K
}
Event: 30.033 GC heap before
{Heap before GC invocations=21 (full 0):
 garbage-first heap   total 73728K, used 58056K [0x00000000c5800000, 0x0000000100000000)
  region size 1024K, 24 young (24576K), 2 survivors (2048K)
 Metaspace       used 66117K, committed 66688K, reserved 1114112K
  class space    used 9203K, committed 9472K, reserved 1048576K
}
Event: 30.040 GC heap after
{Heap after GC invocations=22 (full 0):
 garbage-first heap   total 73728K, used 36502K [0x00000000c5800000, 0x0000000100000000)
  region size 1024K, 3 young (3072K), 3 survivors (3072K)
 Metaspace       used 66117K, committed 66688K, reserved 1114112K
  class space    used 9203K, committed 9472K, reserved 1048576K
}
Event: 30.373 GC heap before
{Heap before GC invocations=23 (full 0):
 garbage-first heap   total 80896K, used 59030K [0x00000000c5800000, 0x0000000100000000)
  region size 1024K, 25 young (25600K), 3 survivors (3072K)
 Metaspace       used 66125K, committed 66688K, reserved 1114112K
  class space    used 9208K, committed 9472K, reserved 1048576K
}
Event: 30.380 GC heap after
{Heap after GC invocations=24 (full 0):
 garbage-first heap   total 80896K, used 37349K [0x00000000c5800000, 0x0000000100000000)
  region size 1024K, 2 young (2048K), 2 survivors (2048K)
 Metaspace       used 66125K, committed 66688K, reserved 1114112K
  class space    used 9208K, committed 9472K, reserved 1048576K
}
Event: 30.667 GC heap before
{Heap before GC invocations=24 (full 0):
 garbage-first heap   total 80896K, used 64997K [0x00000000c5800000, 0x0000000100000000)
  region size 1024K, 29 young (29696K), 2 survivors (2048K)
 Metaspace       used 66126K, committed 66688K, reserved 1114112K
  class space    used 9208K, committed 9472K, reserved 1048576K
}
Event: 30.672 GC heap after
{Heap after GC invocations=25 (full 0):
 garbage-first heap   total 80896K, used 37463K [0x00000000c5800000, 0x0000000100000000)
  region size 1024K, 2 young (2048K), 2 survivors (2048K)
 Metaspace       used 66126K, committed 66688K, reserved 1114112K
  class space    used 9208K, committed 9472K, reserved 1048576K
}
Event: 31.384 GC heap before
{Heap before GC invocations=26 (full 0):
 garbage-first heap   total 80896K, used 66135K [0x00000000c5800000, 0x0000000100000000)
  region size 1024K, 30 young (30720K), 2 survivors (2048K)
 Metaspace       used 66174K, committed 66688K, reserved 1114112K
  class space    used 9224K, committed 9472K, reserved 1048576K
}
Event: 31.391 GC heap after
{Heap after GC invocations=27 (full 0):
 garbage-first heap   total 80896K, used 39476K [0x00000000c5800000, 0x0000000100000000)
  region size 1024K, 4 young (4096K), 4 survivors (4096K)
 Metaspace       used 66174K, committed 66688K, reserved 1114112K
  class space    used 9224K, committed 9472K, reserved 1048576K
}
Event: 31.423 GC heap before
{Heap before GC invocations=27 (full 0):
 garbage-first heap   total 80896K, used 40500K [0x00000000c5800000, 0x0000000100000000)
  region size 1024K, 5 young (5120K), 4 survivors (4096K)
 Metaspace       used 66174K, committed 66688K, reserved 1114112K
  class space    used 9224K, committed 9472K, reserved 1048576K
}
Event: 31.429 GC heap after
{Heap after GC invocations=28 (full 0):
 garbage-first heap   total 80896K, used 38254K [0x00000000c5800000, 0x0000000100000000)
  region size 1024K, 1 young (1024K), 1 survivors (1024K)
 Metaspace       used 66174K, committed 66688K, reserved 1114112K
  class space    used 9224K, committed 9472K, reserved 1048576K
}
Event: 31.907 GC heap before
{Heap before GC invocations=28 (full 0):
 garbage-first heap   total 80896K, used 65902K [0x00000000c5800000, 0x0000000100000000)
  region size 1024K, 28 young (28672K), 1 survivors (1024K)
 Metaspace       used 66320K, committed 66880K, reserved 1114112K
  class space    used 9230K, committed 9472K, reserved 1048576K
}
Event: 31.911 GC heap after
{Heap after GC invocations=29 (full 0):
 garbage-first heap   total 135168K, used 38178K [0x00000000c5800000, 0x0000000100000000)
  region size 1024K, 1 young (1024K), 1 survivors (1024K)
 Metaspace       used 66320K, committed 66880K, reserved 1114112K
  class space    used 9230K, committed 9472K, reserved 1048576K
}
Event: 35.603 GC heap before
{Heap before GC invocations=30 (full 0):
 garbage-first heap   total 135168K, used 109858K [0x00000000c5800000, 0x0000000100000000)
  region size 1024K, 71 young (72704K), 1 survivors (1024K)
 Metaspace       used 71208K, committed 71808K, reserved 1114112K
  class space    used 9856K, committed 10112K, reserved 1048576K
}
Event: 35.617 GC heap after
{Heap after GC invocations=31 (full 0):
 garbage-first heap   total 135168K, used 42541K [0x00000000c5800000, 0x0000000100000000)
  region size 1024K, 5 young (5120K), 5 survivors (5120K)
 Metaspace       used 71208K, committed 71808K, reserved 1114112K
  class space    used 9856K, committed 10112K, reserved 1048576K
}
Event: 35.663 GC heap before
{Heap before GC invocations=31 (full 0):
 garbage-first heap   total 135168K, used 43565K [0x00000000c5800000, 0x0000000100000000)
  region size 1024K, 6 young (6144K), 5 survivors (5120K)
 Metaspace       used 71336K, committed 71936K, reserved 1114112K
  class space    used 9876K, committed 10112K, reserved 1048576K
}
Event: 35.680 GC heap after
{Heap after GC invocations=32 (full 0):
 garbage-first heap   total 135168K, used 42586K [0x00000000c5800000, 0x0000000100000000)
  region size 1024K, 1 young (1024K), 1 survivors (1024K)
 Metaspace       used 71336K, committed 71936K, reserved 1114112K
  class space    used 9876K, committed 10112K, reserved 1048576K
}

Dll operation events (14 events):
Event: 0.035 Loaded shared library C:\Users\Sniffer\.jdks\ms-17.0.17\bin\java.dll
Event: 0.093 Loaded shared library C:\Users\Sniffer\.jdks\ms-17.0.17\bin\jsvml.dll
Event: 0.733 Loaded shared library C:\Users\Sniffer\.jdks\ms-17.0.17\bin\zip.dll
Event: 0.741 Loaded shared library C:\Users\Sniffer\.jdks\ms-17.0.17\bin\instrument.dll
Event: 0.760 Loaded shared library C:\Users\Sniffer\.jdks\ms-17.0.17\bin\net.dll
Event: 0.765 Loaded shared library C:\Users\Sniffer\.jdks\ms-17.0.17\bin\nio.dll
Event: 0.773 Loaded shared library C:\Users\Sniffer\.jdks\ms-17.0.17\bin\zip.dll
Event: 1.371 Loaded shared library C:\Program Files\JetBrains\IntelliJ IDEA Community Edition 2024.2.3\bin\breakgen64.dll
Event: 1.525 Loaded shared library C:\Users\Sniffer\.jdks\ms-17.0.17\bin\extnet.dll
Event: 1.799 Loaded shared library C:\Users\Sniffer\.jdks\ms-17.0.17\bin\jimage.dll
Event: 7.455 Loaded shared library C:\Users\Sniffer\.jdks\ms-17.0.17\bin\sunmscapi.dll
Event: 14.781 Loaded shared library C:\Users\Sniffer\.jdks\ms-17.0.17\bin\management.dll
Event: 14.788 Loaded shared library C:\Users\Sniffer\.jdks\ms-17.0.17\bin\management_ext.dll
Event: 16.746 Loaded shared library C:\Users\Sniffer\.jdks\ms-17.0.17\bin\verify.dll

Deoptimization events (20 events):
Event: 59.139 Thread 0x000001e4ee643740 Uncommon trap: trap_request=0xffffff45 fr.pc=0x000001e4db2a52a4 relative=0x00000000000055c4
Event: 59.139 Thread 0x000001e4ee643740 Uncommon trap: reason=unstable_if action=reinterpret pc=0x000001e4db2a52a4 method=java.util.concurrent.locks.ReentrantLock$Sync.lock()V @ 4 c2
Event: 59.139 Thread 0x000001e4ee643740 DEOPT PACKING pc=0x000001e4db2a52a4 sp=0x00000002833fb6f0
Event: 59.139 Thread 0x000001e4ee643740 DEOPT UNPACKING pc=0x000001e4dac1699d sp=0x00000002833fb360 mode 2
Event: 59.402 Thread 0x000001e4ee643c50 Uncommon trap: trap_request=0xffffff45 fr.pc=0x000001e4db185fe4 relative=0x0000000000000144
Event: 59.402 Thread 0x000001e4ee643c50 Uncommon trap: reason=unstable_if action=reinterpret pc=0x000001e4db185fe4 method=java.lang.StringCoding.hasNegatives([BII)Z @ 12 c2
Event: 59.402 Thread 0x000001e4ee643c50 DEOPT PACKING pc=0x000001e4db185fe4 sp=0x00000002834fa400
Event: 59.402 Thread 0x000001e4ee643c50 DEOPT UNPACKING pc=0x000001e4dac1699d sp=0x00000002834fa390 mode 2
Event: 59.404 Thread 0x000001e4ee643c50 Uncommon trap: trap_request=0xffffff45 fr.pc=0x000001e4db17fd30 relative=0x0000000000000190
Event: 59.404 Thread 0x000001e4ee643c50 Uncommon trap: reason=unstable_if action=reinterpret pc=0x000001e4db17fd30 method=java.lang.StringCoding.hasNegatives([BII)Z @ 12 c2
Event: 59.405 Thread 0x000001e4ee643c50 DEOPT PACKING pc=0x000001e4db17fd30 sp=0x00000002834fa380
Event: 59.406 Thread 0x000001e4ee643c50 DEOPT UNPACKING pc=0x000001e4dac1699d sp=0x00000002834fa330 mode 2
Event: 59.688 Thread 0x000001e4ee643740 Uncommon trap: trap_request=0xffffff45 fr.pc=0x000001e4db503504 relative=0x00000000000013c4
Event: 59.688 Thread 0x000001e4ee643740 Uncommon trap: reason=unstable_if action=reinterpret pc=0x000001e4db503504 method=java.lang.Class.getMethod0(Ljava/lang/String;[Ljava/lang/Class;)Ljava/lang/reflect/Method; @ 3 c2
Event: 59.688 Thread 0x000001e4ee643740 DEOPT PACKING pc=0x000001e4db503504 sp=0x00000002833f7550
Event: 59.688 Thread 0x000001e4ee643740 DEOPT UNPACKING pc=0x000001e4dac1699d sp=0x00000002833f74b8 mode 2
Event: 59.962 Thread 0x000001e4ee643740 Uncommon trap: trap_request=0xffffff45 fr.pc=0x000001e4db32e890 relative=0x00000000000002d0
Event: 59.962 Thread 0x000001e4ee643740 Uncommon trap: reason=unstable_if action=reinterpret pc=0x000001e4db32e890 method=java.lang.Class.newReflectionData(Ljava/lang/ref/SoftReference;I)Ljava/lang/Class$ReflectionData; @ 22 c2
Event: 59.962 Thread 0x000001e4ee643740 DEOPT PACKING pc=0x000001e4db32e890 sp=0x00000002833fa9a0
Event: 59.962 Thread 0x000001e4ee643740 DEOPT UNPACKING pc=0x000001e4dac1699d sp=0x00000002833fa870 mode 2

Classes loaded (20 events):
Event: 59.660 Loading class java/util/stream/ReferencePipeline$6
Event: 59.660 Loading class java/util/stream/DoublePipeline$StatelessOp
Event: 59.661 Loading class java/util/stream/DoublePipeline
Event: 59.662 Loading class java/util/stream/DoubleStream
Event: 59.663 Loading class java/util/stream/DoubleStream done
Event: 59.664 Loading class java/util/stream/DoublePipeline done
Event: 59.664 Loading class java/util/stream/DoublePipeline$StatelessOp done
Event: 59.664 Loading class java/util/stream/ReferencePipeline$6 done
Event: 59.667 Loading class java/util/function/ObjDoubleConsumer
Event: 59.667 Loading class java/util/function/ObjDoubleConsumer done
Event: 59.676 Loading class java/util/stream/ReduceOps$16
Event: 59.677 Loading class java/util/stream/ReduceOps$16 done
Event: 59.677 Loading class java/util/stream/ReduceOps$13ReducingSink
Event: 59.678 Loading class java/util/stream/Sink$OfDouble
Event: 59.679 Loading class java/util/stream/Sink$OfDouble done
Event: 59.679 Loading class java/util/stream/ReduceOps$13ReducingSink done
Event: 59.681 Loading class java/util/stream/ReferencePipeline$6$1
Event: 59.682 Loading class java/util/stream/ReferencePipeline$6$1 done
Event: 59.895 Loading class java/util/stream/LongStream
Event: 59.896 Loading class java/util/stream/LongStream done

Classes unloaded (0 events):
No events

Classes redefined (0 events):
No events

Internal exceptions (20 events):
Event: 35.455 Thread 0x000001e4cbb1e3b0 Exception <a 'java/lang/NoSuchMethodError'{0x00000000c989dea0}: 'java.lang.Object java.lang.invoke.DirectMethodHandle$Holder.invokeInterface(java.lang.Object, java.lang.Object, java.lang.Object, java.lang.Object)'> (0x00000000c989dea0) 
thrown [s\src\hotspot\share\interpreter\linkResolver.cpp, line 759]
Event: 35.586 Thread 0x000001e4cbb1e3b0 Exception <a 'java/lang/NoSuchMethodError'{0x00000000c968d388}: 'void java.lang.invoke.DirectMethodHandle$Holder.invokeVirtual(java.lang.Object, java.lang.Object, long)'> (0x00000000c968d388) 
thrown [s\src\hotspot\share\interpreter\linkResolver.cpp, line 759]
Event: 35.650 Thread 0x000001e4cbb1e3b0 Exception <a 'java/lang/NoSuchMethodError'{0x00000000cdbbc4d0}: 'java.lang.Object java.lang.invoke.DirectMethodHandle$Holder.invokeSpecial(java.lang.Object, java.lang.Object, int, int, int, int)'> (0x00000000cdbbc4d0) 
thrown [s\src\hotspot\share\interpreter\linkResolver.cpp, line 759]
Event: 35.809 Thread 0x000001e4cbb1e3b0 Exception <a 'java/lang/NoSuchMethodError'{0x00000000cd85eba0}: 'int java.lang.invoke.DirectMethodHandle$Holder.invokeStaticInit(java.lang.Object, java.lang.Object, java.lang.Object, java.lang.Object)'> (0x00000000cd85eba0) 
thrown [s\src\hotspot\share\interpreter\linkResolver.cpp, line 759]
Event: 36.251 Thread 0x000001e4cbb1e3b0 Exception <a 'java/lang/IncompatibleClassChangeError'{0x00000000cd5bf850}: Found class java.lang.Object, but interface was expected> (0x00000000cd5bf850) 
thrown [s\src\hotspot\share\interpreter\linkResolver.cpp, line 826]
Event: 36.634 Thread 0x000001e4cbb1e3b0 Exception <a 'java/lang/NoSuchMethodError'{0x00000000ccbae080}: 'java.lang.Object java.lang.invoke.DirectMethodHandle$Holder.newInvokeSpecial(java.lang.Object, java.lang.Object, int, java.lang.Object, java.lang.Object)'> (0x00000000ccbae080) 
thrown [s\src\hotspot\share\interpreter\linkResolver.cpp, line 759]
Event: 36.636 Thread 0x000001e4cbb1e3b0 Exception <a 'java/lang/NoSuchMethodError'{0x00000000ccbb9318}: 'java.lang.Object java.lang.invoke.DirectMethodHandle$Holder.invokeSpecial(java.lang.Object, java.lang.Object, int, java.lang.Object, int, java.lang.Object)'> (0x00000000ccbb9318) 
thrown [s\src\hotspot\share\interpreter\linkResolver.cpp, line 759]
Event: 36.637 Thread 0x000001e4cbb1e3b0 Exception <a 'java/lang/NoSuchMethodError'{0x00000000ccbc1090}: 'java.lang.Object java.lang.invoke.DirectMethodHandle$Holder.newInvokeSpecial(java.lang.Object, java.lang.Object, int, java.lang.Object, int)'> (0x00000000ccbc1090) 
thrown [s\src\hotspot\share\interpreter\linkResolver.cpp, line 759]
Event: 36.638 Thread 0x000001e4cbb1e3b0 Exception <a 'java/lang/NoSuchMethodError'{0x00000000ccbc5190}: 'java.lang.Object java.lang.invoke.DirectMethodHandle$Holder.invokeSpecial(java.lang.Object, java.lang.Object, java.lang.Object, int, java.lang.Object, int)'> (0x00000000ccbc5190) 
thrown [s\src\hotspot\share\interpreter\linkResolver.cpp, line 759]
Event: 54.144 Thread 0x000001e4ee644160 Exception <a 'java/lang/NoSuchMethodError'{0x00000000cc8bf840}: 'java.lang.Object java.lang.invoke.DirectMethodHandle$Holder.invokeSpecial(java.lang.Object, java.lang.Object, java.lang.Object, java.lang.Object, java.lang.Object, long)'> (0x00000000cc8bf840) 
thrown [s\src\hotspot\share\interpreter\linkResolver.cpp, line 759]
Event: 54.146 Thread 0x000001e4ee644160 Exception <a 'java/lang/NoSuchMethodError'{0x00000000cc8c3280}: 'java.lang.Object java.lang.invoke.Invokers$Holder.linkToTargetMethod(java.lang.Object, java.lang.Object, java.lang.Object, long, java.lang.Object)'> (0x00000000cc8c3280) 
thrown [s\src\hotspot\share\interpreter\linkResolver.cpp, line 759]
Event: 57.893 Thread 0x000001e4ee643740 Exception <a 'java/lang/NoSuchMethodError'{0x00000000cb2159f0}: 'void java.lang.invoke.DirectMethodHandle$Holder.invokeSpecialIFC(java.lang.Object, java.lang.Object, int, java.lang.Object, java.lang.Object, java.lang.Object, java.lang.Object)'> (0x00000000cb2159f0) 
thrown [s\src\hotspot\share\interpreter\linkResolver.cpp, line 759]
Event: 57.893 Thread 0x000001e4ee644160 Exception <a 'java/lang/NoSuchMethodError'{0x00000000cb4fbb00}: 'void java.lang.invoke.DirectMethodHandle$Holder.invokeSpecialIFC(java.lang.Object, java.lang.Object, int, java.lang.Object, java.lang.Object, java.lang.Object, java.lang.Object)'> (0x00000000cb4fbb00) 
thrown [s\src\hotspot\share\interpreter\linkResolver.cpp, line 759]
Event: 57.893 Thread 0x000001e4ee643c50 Exception <a 'java/lang/NoSuchMethodError'{0x00000000cb35b578}: 'void java.lang.invoke.DirectMethodHandle$Holder.invokeSpecialIFC(java.lang.Object, java.lang.Object, int, java.lang.Object, java.lang.Object, java.lang.Object, java.lang.Object)'> (0x00000000cb35b578) 
thrown [s\src\hotspot\share\interpreter\linkResolver.cpp, line 759]
Event: 58.785 Thread 0x000001e4ee643c50 Implicit null exception at 0x000001e4db4c2cfb to 0x000001e4db4c3af0
Event: 59.043 Thread 0x000001e4ee643740 Implicit null exception at 0x000001e4db34065b to 0x000001e4db340984
Event: 59.066 Thread 0x000001e4ee644160 Implicit null exception at 0x000001e4db32797b to 0x000001e4db3279f4
Event: 59.601 Thread 0x000001e4ee644160 Exception <a 'java/lang/IncompatibleClassChangeError'{0x00000000caaad9d0}: Found class java.lang.Object, but interface was expected> (0x00000000caaad9d0) 
thrown [s\src\hotspot\share\interpreter\linkResolver.cpp, line 826]
Event: 59.668 Thread 0x000001e4ee404080 Exception <a 'java/lang/NoSuchMethodError'{0x00000000ca9193c8}: 'void java.lang.invoke.DirectMethodHandle$Holder.invokeStatic(java.lang.Object, java.lang.Object, double)'> (0x00000000ca9193c8) 
thrown [s\src\hotspot\share\interpreter\linkResolver.cpp, line 759]
Event: 59.688 Thread 0x000001e4ee643740 Implicit null exception at 0x000001e4db50219e to 0x000001e4db5034f4

VM Operations (20 events):
Event: 56.799 Executing VM operation: Cleanup
Event: 56.800 Executing VM operation: Cleanup done
Event: 56.966 Executing VM operation: HandshakeAllThreads
Event: 56.967 Executing VM operation: HandshakeAllThreads done
Event: 56.967 Executing VM operation: HandshakeAllThreads
Event: 56.972 Executing VM operation: HandshakeAllThreads done
Event: 57.618 Executing VM operation: HandshakeAllThreads
Event: 57.619 Executing VM operation: HandshakeAllThreads done
Event: 57.730 Executing VM operation: HandshakeAllThreads
Event: 57.731 Executing VM operation: HandshakeAllThreads done
Event: 58.500 Executing VM operation: ICBufferFull
Event: 58.542 Executing VM operation: ICBufferFull done
Event: 59.336 Executing VM operation: HandshakeAllThreads
Event: 59.351 Executing VM operation: HandshakeAllThreads done
Event: 59.613 Executing VM operation: HandshakeAllThreads
Event: 59.631 Executing VM operation: HandshakeAllThreads done
Event: 59.631 Executing VM operation: Cleanup
Event: 59.631 Executing VM operation: Cleanup done
Event: 60.252 Executing VM operation: HandshakeAllThreads
Event: 60.252 Executing VM operation: HandshakeAllThreads done

Memory protections (0 events):
No events

Nmethod flushes (20 events):
Event: 27.629 Thread 0x000001e4e6df1290 flushing  nmethod 0x000001e4d427c810
Event: 27.629 Thread 0x000001e4e6df1290 flushing  nmethod 0x000001e4d427d310
Event: 27.629 Thread 0x000001e4e6df1290 flushing  nmethod 0x000001e4d427d990
Event: 27.629 Thread 0x000001e4e6df1290 flushing  nmethod 0x000001e4d427fe10
Event: 27.629 Thread 0x000001e4e6df1290 flushing  nmethod 0x000001e4d4282f90
Event: 27.629 Thread 0x000001e4e6df1290 flushing  nmethod 0x000001e4d4283890
Event: 27.629 Thread 0x000001e4e6df1290 flushing  nmethod 0x000001e4d4283d10
Event: 27.629 Thread 0x000001e4e6df1290 flushing  nmethod 0x000001e4d4286010
Event: 27.629 Thread 0x000001e4e6df1290 flushing  nmethod 0x000001e4d4288790
Event: 27.629 Thread 0x000001e4e6df1290 flushing  nmethod 0x000001e4d428a310
Event: 27.629 Thread 0x000001e4e6df1290 flushing  nmethod 0x000001e4d428a910
Event: 27.629 Thread 0x000001e4e6df1290 flushing  nmethod 0x000001e4d428b490
Event: 27.629 Thread 0x000001e4e6df1290 flushing  nmethod 0x000001e4d428bf90
Event: 27.629 Thread 0x000001e4e6df1290 flushing  nmethod 0x000001e4d428c610
Event: 27.629 Thread 0x000001e4e6df1290 flushing  nmethod 0x000001e4d428cc10
Event: 27.629 Thread 0x000001e4e6df1290 flushing  nmethod 0x000001e4d428e090
Event: 57.000 Thread 0x000001e4e6df1290 flushing  nmethod 0x000001e4d4286990
Event: 57.000 Thread 0x000001e4e6df1290 flushing  nmethod 0x000001e4d4289490
Event: 57.000 Thread 0x000001e4e6df1290 flushing  nmethod 0x000001e4d428f890
Event: 57.000 Thread 0x000001e4e6df1290 flushing  nmethod 0x000001e4d4290510

Events (20 events):
Event: 17.910 Thread 0x000001e4cbb1e3b0 Thread added: 0x000001e4ed21b0d0
Event: 18.022 Thread 0x000001e4ed21b0d0 Thread added: 0x000001e4ed59c990
Event: 23.443 Thread 0x000001e4ed59c990 Thread exited: 0x000001e4ed59c990
Event: 26.692 Thread 0x000001e4cbb1e3b0 Thread added: 0x000001e4ee6418e0
Event: 26.695 Thread 0x000001e4ee6418e0 Thread added: 0x000001e4ee641df0
Event: 26.710 Thread 0x000001e4cbb1e3b0 Thread added: 0x000001e4ee640ec0
Event: 36.666 Thread 0x000001e4cbb1e3b0 Thread added: 0x000001e4ee642300
Event: 36.666 Thread 0x000001e4cbb1e3b0 Thread added: 0x000001e4ee643230
Event: 36.666 Thread 0x000001e4cbb1e3b0 Thread added: 0x000001e4ee643740
Event: 36.667 Thread 0x000001e4cbb1e3b0 Thread added: 0x000001e4ee643c50
Event: 36.667 Thread 0x000001e4cbb1e3b0 Thread added: 0x000001e4ee644160
Event: 36.667 Thread 0x000001e4cbb1e3b0 Thread added: 0x000001e4ee404080
Event: 36.667 Thread 0x000001e4cbb1e3b0 Thread added: 0x000001e4ee3fd630
Event: 36.667 Thread 0x000001e4cbb1e3b0 Thread added: 0x000001e4ee3fcc10
Event: 36.668 Thread 0x000001e4cbb1e3b0 Thread added: 0x000001e4ee402220
Event: 36.668 Thread 0x000001e4cbb1e3b0 Thread added: 0x000001e4ee3ffeb0
Event: 36.722 Thread 0x000001e4cbb1e3b0 Thread added: 0x000001e4ee4008d0
Event: 36.725 Thread 0x000001e4cbb1e3b0 Thread added: 0x000001e4ee402730
Event: 37.130 Thread 0x000001e4cbb1e3b0 Thread exited: 0x000001e4cbb1e3b0
Event: 37.130 Thread 0x000001e4ee3fd120 Thread added: 0x000001e4ee3fd120


Dynamic libraries:
0x00007ff7c6c40000 - 0x00007ff7c6c4e000 	C:\Users\Sniffer\.jdks\ms-17.0.17\bin\java.exe
0x00007ffc89270000 - 0x00007ffc89468000 	C:\Windows\SYSTEM32\ntdll.dll
0x00007ffc88680000 - 0x00007ffc88742000 	C:\Windows\System32\KERNEL32.DLL
0x00007ffc86980000 - 0x00007ffc86c76000 	C:\Windows\System32\KERNELBASE.dll
0x00007ffc86cb0000 - 0x00007ffc86db0000 	C:\Windows\System32\ucrtbase.dll
0x00007ffc7f860000 - 0x00007ffc7f87e000 	C:\Users\Sniffer\.jdks\ms-17.0.17\bin\VCRUNTIME140.dll
0x00007ffc7ee60000 - 0x00007ffc7ee78000 	C:\Users\Sniffer\.jdks\ms-17.0.17\bin\jli.dll
0x00007ffc883f0000 - 0x00007ffc88591000 	C:\Windows\System32\USER32.dll
0x00007ffc87030000 - 0x00007ffc87052000 	C:\Windows\System32\win32u.dll
0x00007ffc6aeb0000 - 0x00007ffc6b14b000 	C:\Windows\WinSxS\amd64_microsoft.windows.common-controls_6595b64144ccf1df_6.0.19041.6456_none_60b8a6cb71f64256\COMCTL32.dll
0x00007ffc87c90000 - 0x00007ffc87d2e000 	C:\Windows\System32\msvcrt.dll
0x00007ffc87290000 - 0x00007ffc872bb000 	C:\Windows\System32\GDI32.dll
0x00007ffc86db0000 - 0x00007ffc86ec9000 	C:\Windows\System32\gdi32full.dll
0x00007ffc870f0000 - 0x00007ffc8718d000 	C:\Windows\System32\msvcp_win.dll
0x00007ffc87c60000 - 0x00007ffc87c8f000 	C:\Windows\System32\IMM32.DLL
0x00007ffc812b0000 - 0x00007ffc812bc000 	C:\Users\Sniffer\.jdks\ms-17.0.17\bin\vcruntime140_1.dll
0x00007ffc705c0000 - 0x00007ffc70649000 	C:\Users\Sniffer\.jdks\ms-17.0.17\bin\msvcp140.dll
0x00007ffc06670000 - 0x00007ffc072ea000 	C:\Users\Sniffer\.jdks\ms-17.0.17\bin\server\jvm.dll
0x00007ffc88180000 - 0x00007ffc88231000 	C:\Windows\System32\ADVAPI32.dll
0x00007ffc872c0000 - 0x00007ffc8735f000 	C:\Windows\System32\sechost.dll
0x00007ffc88060000 - 0x00007ffc88180000 	C:\Windows\System32\RPCRT4.dll
0x00007ffc86c80000 - 0x00007ffc86ca7000 	C:\Windows\System32\bcrypt.dll
0x00007ffc87ff0000 - 0x00007ffc8805b000 	C:\Windows\System32\WS2_32.dll
0x00007ffc77840000 - 0x00007ffc7784a000 	C:\Windows\SYSTEM32\VERSION.dll
0x00007ffc6b700000 - 0x00007ffc6b727000 	C:\Windows\SYSTEM32\WINMM.dll
0x00007ffc866b0000 - 0x00007ffc866fb000 	C:\Windows\SYSTEM32\POWRPROF.dll
0x00007ffc86690000 - 0x00007ffc866a2000 	C:\Windows\SYSTEM32\UMPDC.dll
0x00007ffc85110000 - 0x00007ffc85122000 	C:\Windows\SYSTEM32\kernel.appcore.dll
0x00007ffc7f7d0000 - 0x00007ffc7f7da000 	C:\Users\Sniffer\.jdks\ms-17.0.17\bin\jimage.dll
0x00007ffc84e10000 - 0x00007ffc85011000 	C:\Windows\SYSTEM32\DBGHELP.DLL
0x00007ffc6a960000 - 0x00007ffc6a994000 	C:\Windows\SYSTEM32\dbgcore.DLL
0x00007ffc87060000 - 0x00007ffc870e2000 	C:\Windows\System32\bcryptPrimitives.dll
0x00007ffc7f7a0000 - 0x00007ffc7f7af000 	C:\Users\Sniffer\.jdks\ms-17.0.17\bin\instrument.dll
0x00007ffc70590000 - 0x00007ffc705b6000 	C:\Users\Sniffer\.jdks\ms-17.0.17\bin\java.dll
0x00007ffc43420000 - 0x00007ffc434f6000 	C:\Users\Sniffer\.jdks\ms-17.0.17\bin\jsvml.dll
0x00007ffc87430000 - 0x00007ffc87ba0000 	C:\Windows\System32\SHELL32.dll
0x00007ffc84650000 - 0x00007ffc84df5000 	C:\Windows\SYSTEM32\windows.storage.dll
0x00007ffc88ed0000 - 0x00007ffc89224000 	C:\Windows\System32\combase.dll
0x00007ffc862c0000 - 0x00007ffc862eb000 	C:\Windows\SYSTEM32\Wldp.dll
0x00007ffc87f10000 - 0x00007ffc87fdd000 	C:\Windows\System32\OLEAUT32.dll
0x00007ffc87e60000 - 0x00007ffc87f0d000 	C:\Windows\System32\SHCORE.dll
0x00007ffc87ba0000 - 0x00007ffc87bfb000 	C:\Windows\System32\shlwapi.dll
0x00007ffc86830000 - 0x00007ffc86854000 	C:\Windows\SYSTEM32\profapi.dll
0x00007ffc65f90000 - 0x00007ffc65fa8000 	C:\Users\Sniffer\.jdks\ms-17.0.17\bin\zip.dll
0x00007ffc6ef50000 - 0x00007ffc6ef6b000 	C:\Users\Sniffer\.jdks\ms-17.0.17\bin\net.dll
0x00007ffc77590000 - 0x00007ffc7769a000 	C:\Windows\SYSTEM32\WINHTTP.dll
0x00007ffc85fb0000 - 0x00007ffc8601a000 	C:\Windows\system32\mswsock.dll
0x00007ffc6c920000 - 0x00007ffc6c936000 	C:\Users\Sniffer\.jdks\ms-17.0.17\bin\nio.dll
0x00007ffc64590000 - 0x00007ffc645aa000 	C:\Program Files\JetBrains\IntelliJ IDEA Community Edition 2024.2.3\bin\breakgen64.dll
0x00007ffc7f780000 - 0x00007ffc7f789000 	C:\Users\Sniffer\.jdks\ms-17.0.17\bin\extnet.dll
0x00007ffc7f290000 - 0x00007ffc7f29e000 	C:\Users\Sniffer\.jdks\ms-17.0.17\bin\sunmscapi.dll
0x00007ffc86ed0000 - 0x00007ffc8702d000 	C:\Windows\System32\CRYPT32.dll
0x00007ffc86330000 - 0x00007ffc86357000 	C:\Windows\SYSTEM32\ncrypt.dll
0x00007ffc862f0000 - 0x00007ffc8632b000 	C:\Windows\SYSTEM32\NTASN1.dll
0x00007ffc861a0000 - 0x00007ffc861b8000 	C:\Windows\SYSTEM32\CRYPTSP.dll
0x00007ffc858d0000 - 0x00007ffc85908000 	C:\Windows\system32\rsaenh.dll
0x00007ffc867b0000 - 0x00007ffc867de000 	C:\Windows\SYSTEM32\USERENV.dll
0x00007ffc861c0000 - 0x00007ffc861cc000 	C:\Windows\SYSTEM32\CRYPTBASE.dll
0x00007ffc85c90000 - 0x00007ffc85ccb000 	C:\Windows\SYSTEM32\IPHLPAPI.DLL
0x00007ffc87360000 - 0x00007ffc87368000 	C:\Windows\System32\NSI.dll
0x00007ffc77820000 - 0x00007ffc77837000 	C:\Windows\SYSTEM32\dhcpcsvc6.DLL
0x00007ffc77920000 - 0x00007ffc7793d000 	C:\Windows\SYSTEM32\dhcpcsvc.DLL
0x00007ffc85cd0000 - 0x00007ffc85d9a000 	C:\Windows\SYSTEM32\DNSAPI.dll
0x00007ffc7f730000 - 0x00007ffc7f73a000 	C:\Users\Sniffer\.jdks\ms-17.0.17\bin\management.dll
0x00007ffc7f2e0000 - 0x00007ffc7f2ec000 	C:\Users\Sniffer\.jdks\ms-17.0.17\bin\management_ext.dll
0x00007ffc885a0000 - 0x00007ffc885a8000 	C:\Windows\System32\PSAPI.DLL
0x00007ffc7f260000 - 0x00007ffc7f270000 	C:\Users\Sniffer\.jdks\ms-17.0.17\bin\verify.dll
0x0000000052480000 - 0x00000000524a6000 	C:\Program Files\Bonjour\mdnsNSP.dll
0x00007ffc6f440000 - 0x00007ffc6f44a000 	C:\Windows\System32\rasadhlp.dll
0x00007ffc6f9b0000 - 0x00007ffc6fa30000 	C:\Windows\System32\fwpuclnt.dll
0x00007ffc80020000 - 0x00007ffc80027000 	C:\Windows\system32\wshunix.dll

dbghelp: loaded successfully - version: 4.0.5 - missing functions: none
symbol engine: initialized successfully - sym options: 0x614 - pdb path: .;C:\Users\Sniffer\.jdks\ms-17.0.17\bin;C:\Windows\SYSTEM32;C:\Windows\WinSxS\amd64_microsoft.windows.common-controls_6595b64144ccf1df_6.0.19041.6456_none_60b8a6cb71f64256;C:\Users\Sniffer\.jdks\ms-17.0.17\bin\server;C:\Program Files\JetBrains\IntelliJ IDEA Community Edition 2024.2.3\bin;C:\Program Files\Bonjour

VM Arguments:
jvm_args: -javaagent:C:\Program Files\JetBrains\IntelliJ IDEA Community Edition 2024.2.3\lib\idea_rt.jar=50634:C:\Program Files\JetBrains\IntelliJ IDEA Community Edition 2024.2.3\bin -Dfile.encoding=UTF-8 
java_command: com.ges.boutique.BoutiqueApplication
java_class_path (initial): C:\Users\Sniffer\Desktop\alimentation-boutique-back\boutique\target\classes;C:\Users\Sniffer\.m2\repository\org\springframework\boot\spring-boot-starter-web\3.2.0\spring-boot-starter-web-3.2.0.jar;C:\Users\Sniffer\.m2\repository\org\springframework\boot\spring-boot-starter\3.2.0\spring-boot-starter-3.2.0.jar;C:\Users\Sniffer\.m2\repository\org\springframework\boot\spring-boot\3.2.0\spring-boot-3.2.0.jar;C:\Users\Sniffer\.m2\repository\org\springframework\boot\spring-boot-autoconfigure\3.2.0\spring-boot-autoconfigure-3.2.0.jar;C:\Users\Sniffer\.m2\repository\org\springframework\boot\spring-boot-starter-logging\3.2.0\spring-boot-starter-logging-3.2.0.jar;C:\Users\Sniffer\.m2\repository\ch\qos\logback\logback-classic\1.4.11\logback-classic-1.4.11.jar;C:\Users\Sniffer\.m2\repository\ch\qos\logback\logback-core\1.4.11\logback-core-1.4.11.jar;C:\Users\Sniffer\.m2\repository\org\apache\logging\log4j\log4j-to-slf4j\2.21.1\log4j-to-slf4j-2.21.1.jar;C:\Users\Sniffer\.m2\repository\org\slf4j\jul-to-slf4j\2.0.9\jul-to-slf4j-2.0.9.jar;C:\Users\Sniffer\.m2\repository\jakarta\annotation\jakarta.annotation-api\2.1.1\jakarta.annotation-api-2.1.1.jar;C:\Users\Sniffer\.m2\repository\org\yaml\snakeyaml\2.2\snakeyaml-2.2.jar;C:\Users\Sniffer\.m2\repository\org\springframework\boot\spring-boot-starter-json\3.2.0\spring-boot-starter-json-3.2.0.jar;C:\Users\Sniffer\.m2\repository\com\fasterxml\jackson\datatype\jackson-datatype-jdk8\2.15.3\jackson-datatype-jdk8-2.15.3.jar;C:\Users\Sniffer\.m2\repository\com\fasterxml\jackson\datatype\jackson-datatype-jsr310\2.15.3\jackson-datatype-jsr310-2.15.3.jar;C:\Users\Sniffer\.m2\repository\com\fasterxml\jackson\module\jackson-module-parameter-names\2.15.3\jackson-module-parameter-names-2.15.3.jar;C:\Users\Sniffer\.m2\repository\org\springframework\boot\spring-boot-starter-tomcat\3.2.0\spring-boot-starter-tomcat-3.2.0.jar;C:\Users\Sniffer\.m2\repository\org\apache\tomcat\embed\tomcat-embed-core\10.1.16\tomcat-embed-core-10
Launcher Type: SUN_STANDARD

[Global flags]
     intx CICompilerCount                          = 3                                         {product} {ergonomic}
     uint ConcGCThreads                            = 1                                         {product} {ergonomic}
     uint G1ConcRefinementThreads                  = 4                                         {product} {ergonomic}
   size_t G1HeapRegionSize                         = 1048576                                   {product} {ergonomic}
    uintx GCDrainStackTargetSize                   = 64                                        {product} {ergonomic}
   size_t InitialHeapSize                          = 62914560                                  {product} {ergonomic}
   size_t MarkStackSize                            = 4194304                                   {product} {ergonomic}
   size_t MaxHeapSize                              = 981467136                                 {product} {ergonomic}
   size_t MaxNewSize                               = 588251136                                 {product} {ergonomic}
   size_t MinHeapDeltaBytes                        = 1048576                                   {product} {ergonomic}
   size_t MinHeapSize                              = 8388608                                   {product} {ergonomic}
    uintx NonNMethodCodeHeapSize                   = 5832780                                {pd product} {ergonomic}
    uintx NonProfiledCodeHeapSize                  = 122912730                              {pd product} {ergonomic}
    uintx ProfiledCodeHeapSize                     = 122912730                              {pd product} {ergonomic}
    uintx ReservedCodeCacheSize                    = 251658240                              {pd product} {ergonomic}
     bool SegmentedCodeCache                       = true                                      {product} {ergonomic}
   size_t SoftMaxHeapSize                          = 981467136                              {manageable} {ergonomic}
     bool UseCompressedClassPointers               = true                           {product lp64_product} {ergonomic}
     bool UseCompressedOops                        = true                           {product lp64_product} {ergonomic}
     bool UseG1GC                                  = true                                      {product} {ergonomic}
     bool UseLargePagesIndividualAllocation        = false                                  {pd product} {ergonomic}

Logging:
Log output configuration:
 #0: stdout all=warning uptime,level,tags
 #1: stderr all=off uptime,level,tags

Environment Variables:
PATH=C:\Python314\Scripts\;C:\Python314\;C:\Program Files\Common Files\Oracle\Java\javapath;C:\Windows\system32;C:\Windows;C:\Windows\System32\Wbem;C:\Windows\System32\WindowsPowerShell\v1.0\;C:\Windows\System32\OpenSSH\;C:\Program Files\Git\cmd;C:\ProgramData\chocolatey\bin;C:\ProgramData\chocolatey\lib\maven\apache-maven-3.9.12\bin;C:\Program Files\nodejs\;C:\Program Files\cursor\resources\app\bin;C:\Users\Sniffer\AppData\Local\Microsoft\WindowsApps;C:\Program Files\JetBrains\IntelliJ IDEA Community Edition 2024.2.3\bin;C:\Users\Sniffer\AppData\Local\Programs\Microsoft VS Code\bin;C:\Users\Sniffer\AppData\Local\GitHubDesktop\bin;C:\Users\Sniffer\AppData\Roaming\npm;C:\Users\Sniffer\AppData\Local\PowerToys\DSCModules\
USERNAME=Sniffer
OS=Windows_NT
PROCESSOR_IDENTIFIER=Intel64 Family 6 Model 122 Stepping 8, GenuineIntel
TMP=C:\Users\Sniffer\AppData\Local\Temp
TEMP=C:\Users\Sniffer\AppData\Local\Temp



Periodic native trim disabled


---------------  S Y S T E M  ---------------

OS:
 Windows 10 , 64 bit Build 19041 (10.0.19041.5915)
OS uptime: 2 days 1:14 hours

CPU: total 4 (initial active 4) (4 cores per cpu, 1 threads per core) family 6 model 122 stepping 8 microcode 0x22, cx8, cmov, fxsr, mmx, 3dnowpref, sse, sse2, sse3, ssse3, sse4.1, sse4.2, popcnt, tsc, tscinvbit, aes, erms, clmul, sha, clflush, clflushopt
Processor Information for the first 4 processors :
  Max Mhz: 1101, Current Mhz: 1101, Mhz Limit: 1101

Memory: 4k page, system-wide physical 3743M (173M free)
TotalPageFile size 15007M (AvailPageFile size 6M)
current process WorkingSet (physical memory assigned to process): 197M, peak: 315M
current process commit charge ("private bytes"): 362M, peak: 365M

vm_info: OpenJDK 64-Bit Server VM (17.0.17+10-LTS) for windows-amd64 JRE (17.0.17+10-LTS), built on Oct 13 2025 22:19:56 by "MicrosoftCorporation" with unknown MS VC++:1944

END.
