#
# There is insufficient memory for the Java Runtime Environment to continue.
# Native memory allocation (malloc) failed to allocate 1570096 bytes. Error detail: Chunk::new
# Possible reasons:
#   The system is out of physical RAM or swap space
#   This process is running with CompressedOops enabled, and the Java Heap may be blocking the growth of the native heap
# Possible solutions:
#   Reduce memory load on the system
#   Increase physical memory or swap space
#   Check if swap backing store is full
#   Decrease Java heap size (-Xmx/-Xms)
#   Decrease number of Java threads
#   Decrease Java thread stack sizes (-Xss)
#   Set larger code cache with -XX:ReservedCodeCacheSize=
#   JVM is running with Unscaled Compressed Oops mode in which the Java heap is
#     placed in the first 4GB address space. The Java Heap base address is the
#     maximum limit for the native heap growth. Please use -XX:HeapBaseMinAddress
#     to set the Java Heap base and to place the Java Heap above 4GB virtual address.
# This output file may be truncated or incomplete.
#
#  Out of Memory Error (arena.cpp:191), pid=2064, tid=4164
#
# JRE version: OpenJDK Runtime Environment Microsoft-12574423 (17.0.17+10) (build 17.0.17+10-LTS)
# Java VM: OpenJDK 64-Bit Server VM Microsoft-12574423 (17.0.17+10-LTS, mixed mode, sharing, tiered, compressed oops, compressed class ptrs, g1 gc, windows-amd64)
# No core dump will be written. Minidumps are not enabled by default on client versions of Windows
#

---------------  S U M M A R Y ------------

Command Line: -javaagent:C:\Program Files\JetBrains\IntelliJ IDEA Community Edition 2024.2.3\lib\idea_rt.jar=51115:C:\Program Files\JetBrains\IntelliJ IDEA Community Edition 2024.2.3\bin -Dfile.encoding=UTF-8 com.ges.boutique.BoutiqueApplication

Host: Intel(R) Celeron(R) N4120 CPU @ 1.10GHz, 4 cores, 3G,  Windows 10 , 64 bit Build 19041 (10.0.19041.5915)
Time: Wed Feb 25 18:56:30 2026 Paris, Madrid elapsed time: 196.064059 seconds (0d 0h 3m 16s)

---------------  T H R E A D  ---------------

Current thread (0x00000160342ec560):  JavaThread "C2 CompilerThread0" daemon [_thread_in_native, id=4164, stack(0x00000055e3500000,0x00000055e3600000)]


Current CompileTask:
C2:196064 7193       4       org.springframework.core.annotation.AnnotationsScanner::processMethod (97 bytes)

Stack: [0x00000055e3500000,0x00000055e3600000]
Native frames: (J=compiled Java code, j=interpreted, Vv=VM code, C=native code)
V  [jvm.dll+0x68c459]  (no source info available)
V  [jvm.dll+0x845e09]  (no source info available)
V  [jvm.dll+0x847b78]  (no source info available)
V  [jvm.dll+0x848203]  (no source info available)
V  [jvm.dll+0x24cf6f]  (no source info available)
V  [jvm.dll+0xaecb6]  (no source info available)
V  [jvm.dll+0xaf35c]  (no source info available)
V  [jvm.dll+0x37152f]  (no source info available)
V  [jvm.dll+0x1c08f9]  (no source info available)
V  [jvm.dll+0x21e080]  (no source info available)
V  [jvm.dll+0x21d36d]  (no source info available)
V  [jvm.dll+0x1a8ce6]  (no source info available)
V  [jvm.dll+0x22db1b]  (no source info available)
V  [jvm.dll+0x22bca6]  (no source info available)
V  [jvm.dll+0x7fb65b]  (no source info available)
V  [jvm.dll+0x7f5a5c]  (no source info available)
V  [jvm.dll+0x68d9f7]  (no source info available)
C  [ucrtbase.dll+0x21bb2]  (no source info available)
C  [KERNEL32.DLL+0x17374]  (no source info available)
C  [ntdll.dll+0x4cc91]  (no source info available)


---------------  P R O C E S S  ---------------

Threads class SMR info:
_java_thread_list=0x000001607b21a1e0, length=18, elements={
0x0000016016fb4460, 0x0000016017053bd0, 0x0000016017054a50, 0x00000160342e6910,
0x00000160342e84e0, 0x00000160342eaeb0, 0x00000160342eb870, 0x00000160342ec560,
0x00000160342ed010, 0x000001603435d870, 0x0000016017040410, 0x00000160345ae0a0,
0x00000160345ae580, 0x0000016034c53550, 0x0000016034c54480, 0x0000016034c54ea0,
0x000001607b60dd00, 0x000001607b6114b0
}

Java Threads: ( => current thread )
  0x0000016016fb4460 JavaThread "main" [_thread_in_native, id=18668, stack(0x00000055e2800000,0x00000055e2900000)]
  0x0000016017053bd0 JavaThread "Reference Handler" daemon [_thread_blocked, id=11728, stack(0x00000055e2f00000,0x00000055e3000000)]
  0x0000016017054a50 JavaThread "Finalizer" daemon [_thread_blocked, id=5704, stack(0x00000055e3000000,0x00000055e3100000)]
  0x00000160342e6910 JavaThread "Signal Dispatcher" daemon [_thread_blocked, id=9124, stack(0x00000055e3100000,0x00000055e3200000)]
  0x00000160342e84e0 JavaThread "Attach Listener" daemon [_thread_blocked, id=14164, stack(0x00000055e3200000,0x00000055e3300000)]
  0x00000160342eaeb0 JavaThread "Service Thread" daemon [_thread_blocked, id=16744, stack(0x00000055e3300000,0x00000055e3400000)]
  0x00000160342eb870 JavaThread "Monitor Deflation Thread" daemon [_thread_blocked, id=10680, stack(0x00000055e3400000,0x00000055e3500000)]
=>0x00000160342ec560 JavaThread "C2 CompilerThread0" daemon [_thread_in_native, id=4164, stack(0x00000055e3500000,0x00000055e3600000)]
  0x00000160342ed010 JavaThread "C1 CompilerThread0" daemon [_thread_blocked, id=15996, stack(0x00000055e3600000,0x00000055e3700000)]
  0x000001603435d870 JavaThread "Sweeper thread" daemon [_thread_blocked, id=5016, stack(0x00000055e3700000,0x00000055e3800000)]
  0x0000016017040410 JavaThread "Common-Cleaner" daemon [_thread_blocked, id=1124, stack(0x00000055e3800000,0x00000055e3900000)]
  0x00000160345ae0a0 JavaThread "Monitor Ctrl-Break" daemon [_thread_in_native, id=11088, stack(0x00000055e2500000,0x00000055e2600000)]
  0x00000160345ae580 JavaThread "Notification Thread" daemon [_thread_blocked, id=18636, stack(0x00000055e2600000,0x00000055e2700000)]
  0x0000016034c53550 JavaThread "mysql-cj-abandoned-connection-cleanup" daemon [_thread_blocked, id=9512, stack(0x00000055e3f00000,0x00000055e4000000)]
  0x0000016034c54480 JavaThread "HikariPool-1 housekeeper" daemon [_thread_blocked, id=10080, stack(0x00000055e4000000,0x00000055e4100000)]
  0x0000016034c54ea0 JavaThread "Catalina-utility-1" [_thread_blocked, id=16244, stack(0x00000055e4300000,0x00000055e4400000)]
  0x000001607b60dd00 JavaThread "Catalina-utility-2" [_thread_blocked, id=1212, stack(0x00000055e4400000,0x00000055e4500000)]
  0x000001607b6114b0 JavaThread "container-0" [_thread_blocked, id=8920, stack(0x00000055e4500000,0x00000055e4600000)]

Other Threads:
  0x000001601704e4c0 VMThread "VM Thread" [stack: 0x00000055e2e00000,0x00000055e2f00000] [id=15324]
  0x00000160345acde0 WatcherThread [stack: 0x00000055e2700000,0x00000055e2800000] [id=2972]
  0x0000016016fea6d0 GCTaskThread "GC Thread#0" [stack: 0x00000055e2900000,0x00000055e2a00000] [id=16416]
  0x0000016034aab1b0 GCTaskThread "GC Thread#1" [stack: 0x00000055e3900000,0x00000055e3a00000] [id=1292]
  0x0000016034db98f0 GCTaskThread "GC Thread#2" [stack: 0x00000055e3a00000,0x00000055e3b00000] [id=11708]
  0x0000016034db9bc0 GCTaskThread "GC Thread#3" [stack: 0x00000055e3b00000,0x00000055e3c00000] [id=5648]
  0x0000016016ff0710 ConcurrentGCThread "G1 Main Marker" [stack: 0x00000055e2a00000,0x00000055e2b00000] [id=2688]
  0x0000016016efe260 ConcurrentGCThread "G1 Conc#0" [stack: 0x00000055e2b00000,0x00000055e2c00000] [id=11696]
  0x000001601702e870 ConcurrentGCThread "G1 Refine#0" [stack: 0x00000055e2c00000,0x00000055e2d00000] [id=15644]
  0x000001601702f2b0 ConcurrentGCThread "G1 Service" [stack: 0x00000055e2d00000,0x00000055e2e00000] [id=17488]

Threads with active compile tasks:
C2 CompilerThread0  196173 7193       4       org.springframework.core.annotation.AnnotationsScanner::processMethod (97 bytes)

VM state: not at safepoint (normal execution)

VM Mutex/Monitor currently owned by a thread: None

Heap address: 0x00000000c5800000, size: 936 MB, Compressed Oops mode: 32-bit

CDS archive(s) mapped at: [0x0000016035000000-0x0000016035bb0000-0x0000016035bb0000), size 12255232, SharedBaseAddress: 0x0000016035000000, ArchiveRelocationMode: 1.
Compressed class space mapped at: 0x0000016036000000-0x0000016076000000, reserved size: 1073741824
Narrow klass base: 0x0000016035000000, Narrow klass shift: 0, Narrow klass range: 0x100000000

GC Precious Log:
 CPUs: 4 total, 4 available
 Memory: 3743M
 Large Page Support: Disabled
 NUMA Support: Disabled
 Compressed Oops: Enabled (32-bit)
 Heap Region Size: 1M
 Heap Min Capacity: 8M
 Heap Initial Capacity: 60M
 Heap Max Capacity: 936M
 Pre-touch: Disabled
 Parallel Workers: 4
 Concurrent Workers: 1
 Concurrent Refinement Workers: 4
 Periodic GC: Disabled

Heap:
 garbage-first heap   total 75776K, used 37946K [0x00000000c5800000, 0x0000000100000000)
  region size 1024K, 3 young (3072K), 1 survivors (1024K)
 Metaspace       used 66017K, committed 66560K, reserved 1114112K
  class space    used 9207K, committed 9472K, reserved 1048576K

Heap Regions: E=young(eden), S=young(survivor), O=old, HS=humongous(starts), HC=humongous(continues), CS=collection set, F=free, OA=open archive, CA=closed archive, TAMS=top-at-mark-start (previous, next)
|   0|0x00000000c5800000, 0x00000000c5900000, 0x00000000c5900000|100%|HS|  |TAMS 0x00000000c5900000, 0x00000000c5800000| Complete 
|   1|0x00000000c5900000, 0x00000000c5a00000, 0x00000000c5a00000|100%| O|  |TAMS 0x00000000c5a00000, 0x00000000c5900000| Untracked 
|   2|0x00000000c5a00000, 0x00000000c5b00000, 0x00000000c5b00000|100%| O|  |TAMS 0x00000000c5b00000, 0x00000000c5a00000| Untracked 
|   3|0x00000000c5b00000, 0x00000000c5c00000, 0x00000000c5c00000|100%| O|  |TAMS 0x00000000c5c00000, 0x00000000c5b00000| Untracked 
|   4|0x00000000c5c00000, 0x00000000c5d00000, 0x00000000c5d00000|100%| O|  |TAMS 0x00000000c5d00000, 0x00000000c5c00000| Untracked 
|   5|0x00000000c5d00000, 0x00000000c5e00000, 0x00000000c5e00000|100%| O|  |TAMS 0x00000000c5e00000, 0x00000000c5d00000| Untracked 
|   6|0x00000000c5e00000, 0x00000000c5f00000, 0x00000000c5f00000|100%| O|  |TAMS 0x00000000c5f00000, 0x00000000c5e00000| Untracked 
|   7|0x00000000c5f00000, 0x00000000c6000000, 0x00000000c6000000|100%| O|  |TAMS 0x00000000c6000000, 0x00000000c5f00000| Untracked 
|   8|0x00000000c6000000, 0x00000000c6100000, 0x00000000c6100000|100%| O|  |TAMS 0x00000000c6100000, 0x00000000c6000000| Untracked 
|   9|0x00000000c6100000, 0x00000000c6200000, 0x00000000c6200000|100%| O|  |TAMS 0x00000000c6200000, 0x00000000c6100000| Untracked 
|  10|0x00000000c6200000, 0x00000000c6300000, 0x00000000c6300000|100%| O|  |TAMS 0x00000000c6300000, 0x00000000c6200000| Untracked 
|  11|0x00000000c6300000, 0x00000000c6400000, 0x00000000c6400000|100%| O|  |TAMS 0x00000000c6400000, 0x00000000c6300000| Untracked 
|  12|0x00000000c6400000, 0x00000000c6500000, 0x00000000c6500000|100%| O|  |TAMS 0x00000000c6500000, 0x00000000c6400000| Untracked 
|  13|0x00000000c6500000, 0x00000000c6600000, 0x00000000c6600000|100%| O|  |TAMS 0x00000000c6600000, 0x00000000c6500000| Untracked 
|  14|0x00000000c6600000, 0x00000000c6700000, 0x00000000c6700000|100%| O|  |TAMS 0x00000000c6700000, 0x00000000c6600000| Untracked 
|  15|0x00000000c6700000, 0x00000000c6700000, 0x00000000c6800000|  0%| F|  |TAMS 0x00000000c6700000, 0x00000000c6700000| Untracked 
|  16|0x00000000c6800000, 0x00000000c6900000, 0x00000000c6900000|100%| O|  |TAMS 0x00000000c6900000, 0x00000000c6800000| Untracked 
|  17|0x00000000c6900000, 0x00000000c6a00000, 0x00000000c6a00000|100%| O|  |TAMS 0x00000000c6a00000, 0x00000000c6900000| Untracked 
|  18|0x00000000c6a00000, 0x00000000c6b00000, 0x00000000c6b00000|100%| O|  |TAMS 0x00000000c6b00000, 0x00000000c6a00000| Untracked 
|  19|0x00000000c6b00000, 0x00000000c6c00000, 0x00000000c6c00000|100%| O|  |TAMS 0x00000000c6c00000, 0x00000000c6b00000| Untracked 
|  20|0x00000000c6c00000, 0x00000000c6d00000, 0x00000000c6d00000|100%| O|  |TAMS 0x00000000c6d00000, 0x00000000c6c00000| Untracked 
|  21|0x00000000c6d00000, 0x00000000c6e00000, 0x00000000c6e00000|100%| O|  |TAMS 0x00000000c6e00000, 0x00000000c6d00000| Untracked 
|  22|0x00000000c6e00000, 0x00000000c6f00000, 0x00000000c6f00000|100%| O|  |TAMS 0x00000000c6f00000, 0x00000000c6e00000| Untracked 
|  23|0x00000000c6f00000, 0x00000000c7000000, 0x00000000c7000000|100%| O|  |TAMS 0x00000000c7000000, 0x00000000c6f00000| Untracked 
|  24|0x00000000c7000000, 0x00000000c7100000, 0x00000000c7100000|100%| O|  |TAMS 0x00000000c7100000, 0x00000000c7000000| Untracked 
|  25|0x00000000c7100000, 0x00000000c7200000, 0x00000000c7200000|100%| O|  |TAMS 0x00000000c7200000, 0x00000000c7100000| Untracked 
|  26|0x00000000c7200000, 0x00000000c7300000, 0x00000000c7300000|100%| O|  |TAMS 0x00000000c7300000, 0x00000000c7200000| Untracked 
|  27|0x00000000c7300000, 0x00000000c7400000, 0x00000000c7400000|100%| O|  |TAMS 0x00000000c7400000, 0x00000000c7300000| Untracked 
|  28|0x00000000c7400000, 0x00000000c7500000, 0x00000000c7500000|100%| O|  |TAMS 0x00000000c7500000, 0x00000000c7400000| Untracked 
|  29|0x00000000c7500000, 0x00000000c7600000, 0x00000000c7600000|100%| O|  |TAMS 0x00000000c7600000, 0x00000000c7500000| Untracked 
|  30|0x00000000c7600000, 0x00000000c7700000, 0x00000000c7700000|100%| O|  |TAMS 0x00000000c7700000, 0x00000000c7600000| Untracked 
|  31|0x00000000c7700000, 0x00000000c7800000, 0x00000000c7800000|100%| O|  |TAMS 0x00000000c7800000, 0x00000000c7700000| Untracked 
|  32|0x00000000c7800000, 0x00000000c7900000, 0x00000000c7900000|100%| O|  |TAMS 0x00000000c7900000, 0x00000000c7800000| Untracked 
|  33|0x00000000c7900000, 0x00000000c7a00000, 0x00000000c7a00000|100%| O|  |TAMS 0x00000000c7a00000, 0x00000000c7900000| Untracked 
|  34|0x00000000c7a00000, 0x00000000c7b00000, 0x00000000c7b00000|100%| O|  |TAMS 0x00000000c7a34800, 0x00000000c7a00000| Untracked 
|  35|0x00000000c7b00000, 0x00000000c7c00000, 0x00000000c7c00000|100%| O|  |TAMS 0x00000000c7b00000, 0x00000000c7b00000| Untracked 
|  36|0x00000000c7c00000, 0x00000000c7cae200, 0x00000000c7d00000| 68%| O|  |TAMS 0x00000000c7c00000, 0x00000000c7c00000| Untracked 
|  37|0x00000000c7d00000, 0x00000000c7d00000, 0x00000000c7e00000|  0%| F|  |TAMS 0x00000000c7d00000, 0x00000000c7d00000| Untracked 
|  38|0x00000000c7e00000, 0x00000000c7e00000, 0x00000000c7f00000|  0%| F|  |TAMS 0x00000000c7e00000, 0x00000000c7e00000| Untracked 
|  39|0x00000000c7f00000, 0x00000000c7f00000, 0x00000000c8000000|  0%| F|  |TAMS 0x00000000c7f00000, 0x00000000c7f00000| Untracked 
|  40|0x00000000c8000000, 0x00000000c8000000, 0x00000000c8100000|  0%| F|  |TAMS 0x00000000c8000000, 0x00000000c8000000| Untracked 
|  41|0x00000000c8100000, 0x00000000c8100000, 0x00000000c8200000|  0%| F|  |TAMS 0x00000000c8100000, 0x00000000c8100000| Untracked 
|  42|0x00000000c8200000, 0x00000000c8200000, 0x00000000c8300000|  0%| F|  |TAMS 0x00000000c8200000, 0x00000000c8200000| Untracked 
|  43|0x00000000c8300000, 0x00000000c8300000, 0x00000000c8400000|  0%| F|  |TAMS 0x00000000c8300000, 0x00000000c8300000| Untracked 
|  44|0x00000000c8400000, 0x00000000c8400000, 0x00000000c8500000|  0%| F|  |TAMS 0x00000000c8400000, 0x00000000c8400000| Untracked 
|  45|0x00000000c8500000, 0x00000000c8500000, 0x00000000c8600000|  0%| F|  |TAMS 0x00000000c8500000, 0x00000000c8500000| Untracked 
|  46|0x00000000c8600000, 0x00000000c8600000, 0x00000000c8700000|  0%| F|  |TAMS 0x00000000c8600000, 0x00000000c8600000| Untracked 
|  47|0x00000000c8700000, 0x00000000c8700000, 0x00000000c8800000|  0%| F|  |TAMS 0x00000000c8700000, 0x00000000c8700000| Untracked 
|  48|0x00000000c8800000, 0x00000000c8800000, 0x00000000c8900000|  0%| F|  |TAMS 0x00000000c8800000, 0x00000000c8800000| Untracked 
|  49|0x00000000c8900000, 0x00000000c8900000, 0x00000000c8a00000|  0%| F|  |TAMS 0x00000000c8900000, 0x00000000c8900000| Untracked 
|  50|0x00000000c8a00000, 0x00000000c8a00000, 0x00000000c8b00000|  0%| F|  |TAMS 0x00000000c8a00000, 0x00000000c8a00000| Untracked 
|  51|0x00000000c8b00000, 0x00000000c8b00000, 0x00000000c8c00000|  0%| F|  |TAMS 0x00000000c8b00000, 0x00000000c8b00000| Untracked 
|  52|0x00000000c8c00000, 0x00000000c8c00000, 0x00000000c8d00000|  0%| F|  |TAMS 0x00000000c8c00000, 0x00000000c8c00000| Untracked 
|  53|0x00000000c8d00000, 0x00000000c8d00000, 0x00000000c8e00000|  0%| F|  |TAMS 0x00000000c8d00000, 0x00000000c8d00000| Untracked 
|  54|0x00000000c8e00000, 0x00000000c8e00000, 0x00000000c8f00000|  0%| F|  |TAMS 0x00000000c8e00000, 0x00000000c8e00000| Untracked 
|  55|0x00000000c8f00000, 0x00000000c8f00000, 0x00000000c9000000|  0%| F|  |TAMS 0x00000000c8f00000, 0x00000000c8f00000| Untracked 
|  56|0x00000000c9000000, 0x00000000c9000000, 0x00000000c9100000|  0%| F|  |TAMS 0x00000000c9000000, 0x00000000c9000000| Untracked 
|  57|0x00000000c9100000, 0x00000000c9100000, 0x00000000c9200000|  0%| F|  |TAMS 0x00000000c9100000, 0x00000000c9100000| Untracked 
|  58|0x00000000c9200000, 0x00000000c9200000, 0x00000000c9300000|  0%| F|  |TAMS 0x00000000c9200000, 0x00000000c9200000| Untracked 
|  59|0x00000000c9300000, 0x00000000c9300000, 0x00000000c9400000|  0%| F|  |TAMS 0x00000000c9300000, 0x00000000c9300000| Untracked 
|  60|0x00000000c9400000, 0x00000000c9400000, 0x00000000c9500000|  0%| F|  |TAMS 0x00000000c9400000, 0x00000000c9400000| Untracked 
|  61|0x00000000c9500000, 0x00000000c9500000, 0x00000000c9600000|  0%| F|  |TAMS 0x00000000c9500000, 0x00000000c9500000| Untracked 
|  62|0x00000000c9600000, 0x00000000c9600000, 0x00000000c9700000|  0%| F|  |TAMS 0x00000000c9600000, 0x00000000c9600000| Untracked 
|  63|0x00000000c9700000, 0x00000000c9700000, 0x00000000c9800000|  0%| F|  |TAMS 0x00000000c9700000, 0x00000000c9700000| Untracked 
|  64|0x00000000c9800000, 0x00000000c9800000, 0x00000000c9900000|  0%| F|  |TAMS 0x00000000c9800000, 0x00000000c9800000| Untracked 
|  65|0x00000000c9900000, 0x00000000c9900000, 0x00000000c9a00000|  0%| F|  |TAMS 0x00000000c9900000, 0x00000000c9900000| Untracked 
|  66|0x00000000c9a00000, 0x00000000c9a00000, 0x00000000c9b00000|  0%| F|  |TAMS 0x00000000c9a00000, 0x00000000c9a00000| Untracked 
|  67|0x00000000c9b00000, 0x00000000c9b00000, 0x00000000c9c00000|  0%| F|  |TAMS 0x00000000c9b00000, 0x00000000c9b00000| Untracked 
|  68|0x00000000c9c00000, 0x00000000c9c00000, 0x00000000c9d00000|  0%| F|  |TAMS 0x00000000c9c00000, 0x00000000c9c00000| Untracked 
|  69|0x00000000c9d00000, 0x00000000c9d00000, 0x00000000c9e00000|  0%| F|  |TAMS 0x00000000c9d00000, 0x00000000c9d00000| Untracked 
|  70|0x00000000c9e00000, 0x00000000c9e00000, 0x00000000c9f00000|  0%| F|  |TAMS 0x00000000c9e00000, 0x00000000c9e00000| Untracked 
|  71|0x00000000c9f00000, 0x00000000c9f7fcc8, 0x00000000ca000000| 49%| E|  |TAMS 0x00000000c9f00000, 0x00000000c9f00000| Complete 
|  72|0x00000000ca000000, 0x00000000ca060960, 0x00000000ca100000| 37%| S|CS|TAMS 0x00000000ca000000, 0x00000000ca000000| Complete 
|  73|0x00000000ca100000, 0x00000000ca200000, 0x00000000ca200000|100%| E|CS|TAMS 0x00000000ca100000, 0x00000000ca100000| Complete 

Card table byte_map: [0x000001602fc30000,0x000001602fe10000] _byte_map_base: 0x000001602f604000

Marking Bits (Prev, Next): (CMBitMap*) 0x0000016016efbd30, (CMBitMap*) 0x0000016016efbcf0
 Prev Bits: [0x0000016030e90000, 0x0000016031d30000)
 Next Bits: [0x000001602fff0000, 0x0000016030e90000)

Polling page: 0x0000016020400000

Metaspace:

Usage:
  Non-class:     55.48 MB used.
      Class:      8.99 MB used.
       Both:     64.47 MB used.

Virtual space:
  Non-class space:       64.00 MB reserved,      55.75 MB ( 87%) committed,  1 nodes.
      Class space:        1.00 GB reserved,       9.25 MB ( <1%) committed,  1 nodes.
             Both:        1.06 GB reserved,      65.00 MB (  6%) committed. 

Chunk freelists:
   Non-Class:  8.25 MB
       Class:  6.66 MB
        Both:  14.91 MB

MaxMetaspaceSize: unlimited
CompressedClassSpaceSize: 1.00 GB
Initial GC threshold: 21.00 MB
Current GC threshold: 107.62 MB
CDS: on
MetaspaceReclaimPolicy: balanced
 - commit_granule_bytes: 65536.
 - commit_granule_words: 8192.
 - virtual_space_node_default_size: 8388608.
 - enlarge_chunks_in_place: 1.
 - new_chunks_are_fully_committed: 0.
 - uncommit_free_chunks: 1.
 - use_allocation_guard: 0.
 - handle_deallocations: 1.


Internal statistics:

num_allocs_failed_limit: 9.
num_arena_births: 748.
num_arena_deaths: 0.
num_vsnodes_births: 2.
num_vsnodes_deaths: 0.
num_space_committed: 1040.
num_space_uncommitted: 0.
num_chunks_returned_to_freelist: 9.
num_chunks_taken_from_freelist: 3189.
num_chunk_merges: 9.
num_chunk_splits: 2325.
num_chunks_enlarged: 1820.
num_inconsistent_stats: 0.

CodeHeap 'non-profiled nmethods': size=120000Kb used=4274Kb max_used=4274Kb free=115725Kb
 bounds [0x0000016027ef0000, 0x0000016028320000, 0x000001602f420000]
CodeHeap 'profiled nmethods': size=120000Kb used=12569Kb max_used=12569Kb free=107430Kb
 bounds [0x0000016020420000, 0x0000016021070000, 0x0000016027950000]
CodeHeap 'non-nmethods': size=5760Kb used=1325Kb max_used=1377Kb free=4434Kb
 bounds [0x0000016027950000, 0x0000016027bc0000, 0x0000016027ef0000]
 total_blobs=7123 nmethods=6467 adapters=568
 compilation: enabled
              stopped_count=0, restarted_count=0
 full_count=0

Compilation events (20 events):
Event: 195.671 Thread 0x00000160342ed010 7240       3       java.util.concurrent.locks.AbstractQueuedSynchronizer::signalNext (34 bytes)
Event: 195.672 Thread 0x00000160342ed010 nmethod 7240 0x0000016021063490 code [0x0000016021063660, 0x0000016021063918]
Event: 195.673 Thread 0x00000160342ed010 7241   !   2       jdk.proxy2.$Proxy2::annotationType (29 bytes)
Event: 195.674 Thread 0x00000160342ed010 nmethod 7241 0x0000016021063a90 code [0x0000016021063c60, 0x0000016021063ed8]
Event: 195.701 Thread 0x00000160342ed010 7242       2       org.springframework.aop.framework.AbstractAdvisingBeanPostProcessor::postProcessAfterInitialization (218 bytes)
Event: 195.706 Thread 0x00000160342ed010 nmethod 7242 0x0000016021064090 code [0x00000160210643c0, 0x0000016021065078]
Event: 195.765 Thread 0x00000160342ed010 7243       2       org.springframework.aop.framework.autoproxy.ProxyCreationContext::setCurrentProxiedBeanName (21 bytes)
Event: 195.766 Thread 0x00000160342ed010 nmethod 7243 0x0000016021065790 code [0x0000016021065940, 0x0000016021065ab8]
Event: 195.794 Thread 0x00000160342ed010 7244   !   3       org.springframework.core.annotation.AnnotationsScanner::processClassHierarchy (234 bytes)
Event: 195.797 Thread 0x00000160342ed010 nmethod 7244 0x0000016021065c10 code [0x0000016021065f00, 0x0000016021066cf8]
Event: 195.845 Thread 0x00000160342ed010 7245   !   2       jdk.proxy2.$Proxy65::annotationType (29 bytes)
Event: 195.846 Thread 0x00000160342ed010 nmethod 7245 0x0000016021067490 code [0x0000016021067660, 0x00000160210678d8]
Event: 195.846 Thread 0x00000160342ed010 7246       2       org.springframework.core.annotation.AnnotationsScanner::isOverride (38 bytes)
Event: 195.847 Thread 0x00000160342ed010 nmethod 7246 0x0000016021067a90 code [0x0000016021067c40, 0x0000016021067dd8]
Event: 195.851 Thread 0x00000160342ed010 7247       2       org.springframework.beans.factory.support.DefaultListableBeanFactory::findAnnotationOnBean (8 bytes)
Event: 195.851 Thread 0x00000160342ed010 nmethod 7247 0x0000016021067f10 code [0x00000160210680c0, 0x00000160210681e8]
Event: 195.852 Thread 0x00000160342ed010 7248   !   2       jdk.proxy2.$Proxy47::annotationType (29 bytes)
Event: 195.853 Thread 0x00000160342ed010 nmethod 7248 0x0000016021068290 code [0x0000016021068460, 0x00000160210686d8]
Event: 195.902 Thread 0x00000160342ed010 7249       2       java.security.Provider::checkInitialized (16 bytes)
Event: 195.903 Thread 0x00000160342ed010 nmethod 7249 0x0000016021068890 code [0x0000016021068a40, 0x0000016021068c08]

GC Heap History (20 events):
Event: 179.639 GC heap before
{Heap before GC invocations=19 (full 0):
 garbage-first heap   total 61440K, used 50000K [0x00000000c5800000, 0x0000000100000000)
  region size 1024K, 21 young (21504K), 2 survivors (2048K)
 Metaspace       used 60354K, committed 60864K, reserved 1114112K
  class space    used 8242K, committed 8512K, reserved 1048576K
}
Event: 179.652 GC heap after
{Heap after GC invocations=20 (full 0):
 garbage-first heap   total 61440K, used 31375K [0x00000000c5800000, 0x0000000100000000)
  region size 1024K, 3 young (3072K), 3 survivors (3072K)
 Metaspace       used 60354K, committed 60864K, reserved 1114112K
  class space    used 8242K, committed 8512K, reserved 1048576K
}
Event: 183.603 GC heap before
{Heap before GC invocations=20 (full 0):
 garbage-first heap   total 61440K, used 48783K [0x00000000c5800000, 0x0000000100000000)
  region size 1024K, 21 young (21504K), 3 survivors (3072K)
 Metaspace       used 62339K, committed 62848K, reserved 1114112K
  class space    used 8585K, committed 8832K, reserved 1048576K
}
Event: 183.631 GC heap after
{Heap after GC invocations=21 (full 0):
 garbage-first heap   total 61440K, used 32576K [0x00000000c5800000, 0x0000000100000000)
  region size 1024K, 3 young (3072K), 3 survivors (3072K)
 Metaspace       used 62339K, committed 62848K, reserved 1114112K
  class space    used 8585K, committed 8832K, reserved 1048576K
}
Event: 186.046 GC heap before
{Heap before GC invocations=22 (full 0):
 garbage-first heap   total 61440K, used 48960K [0x00000000c5800000, 0x0000000100000000)
  region size 1024K, 20 young (20480K), 3 survivors (3072K)
 Metaspace       used 64652K, committed 65152K, reserved 1114112K
  class space    used 9053K, committed 9280K, reserved 1048576K
}
Event: 186.084 GC heap after
{Heap after GC invocations=23 (full 0):
 garbage-first heap   total 61440K, used 33674K [0x00000000c5800000, 0x0000000100000000)
  region size 1024K, 3 young (3072K), 3 survivors (3072K)
 Metaspace       used 64652K, committed 65152K, reserved 1114112K
  class space    used 9053K, committed 9280K, reserved 1048576K
}
Event: 187.199 GC heap before
{Heap before GC invocations=23 (full 0):
 garbage-first heap   total 61440K, used 49034K [0x00000000c5800000, 0x0000000100000000)
  region size 1024K, 18 young (18432K), 3 survivors (3072K)
 Metaspace       used 64979K, committed 65472K, reserved 1114112K
  class space    used 9101K, committed 9344K, reserved 1048576K
}
Event: 187.211 GC heap after
{Heap after GC invocations=24 (full 0):
 garbage-first heap   total 61440K, used 34663K [0x00000000c5800000, 0x0000000100000000)
  region size 1024K, 3 young (3072K), 3 survivors (3072K)
 Metaspace       used 64979K, committed 65472K, reserved 1114112K
  class space    used 9101K, committed 9344K, reserved 1048576K
}
Event: 188.396 GC heap before
{Heap before GC invocations=25 (full 0):
 garbage-first heap   total 66560K, used 50023K [0x00000000c5800000, 0x0000000100000000)
  region size 1024K, 18 young (18432K), 3 survivors (3072K)
 Metaspace       used 65177K, committed 65728K, reserved 1114112K
  class space    used 9127K, committed 9408K, reserved 1048576K
}
Event: 188.424 GC heap after
{Heap after GC invocations=26 (full 0):
 garbage-first heap   total 66560K, used 35195K [0x00000000c5800000, 0x0000000100000000)
  region size 1024K, 2 young (2048K), 2 survivors (2048K)
 Metaspace       used 65177K, committed 65728K, reserved 1114112K
  class space    used 9127K, committed 9408K, reserved 1048576K
}
Event: 190.897 GC heap before
{Heap before GC invocations=26 (full 0):
 garbage-first heap   total 66560K, used 53627K [0x00000000c5800000, 0x0000000100000000)
  region size 1024K, 20 young (20480K), 2 survivors (2048K)
 Metaspace       used 65525K, committed 66112K, reserved 1114112K
  class space    used 9146K, committed 9408K, reserved 1048576K
}
Event: 190.905 GC heap after
{Heap after GC invocations=27 (full 0):
 garbage-first heap   total 66560K, used 35825K [0x00000000c5800000, 0x0000000100000000)
  region size 1024K, 2 young (2048K), 2 survivors (2048K)
 Metaspace       used 65525K, committed 66112K, reserved 1114112K
  class space    used 9146K, committed 9408K, reserved 1048576K
}
Event: 192.100 GC heap before
{Heap before GC invocations=28 (full 0):
 garbage-first heap   total 66560K, used 54257K [0x00000000c5800000, 0x0000000100000000)
  region size 1024K, 20 young (20480K), 2 survivors (2048K)
 Metaspace       used 65560K, committed 66112K, reserved 1114112K
  class space    used 9146K, committed 9408K, reserved 1048576K
}
Event: 192.115 GC heap after
{Heap after GC invocations=29 (full 0):
 garbage-first heap   total 66560K, used 36403K [0x00000000c5800000, 0x0000000100000000)
  region size 1024K, 2 young (2048K), 2 survivors (2048K)
 Metaspace       used 65560K, committed 66112K, reserved 1114112K
  class space    used 9146K, committed 9408K, reserved 1048576K
}
Event: 193.004 GC heap before
{Heap before GC invocations=29 (full 0):
 garbage-first heap   total 66560K, used 54835K [0x00000000c5800000, 0x0000000100000000)
  region size 1024K, 20 young (20480K), 2 survivors (2048K)
 Metaspace       used 65598K, committed 66176K, reserved 1114112K
  class space    used 9151K, committed 9408K, reserved 1048576K
}
Event: 193.017 GC heap after
{Heap after GC invocations=30 (full 0):
 garbage-first heap   total 66560K, used 37380K [0x00000000c5800000, 0x0000000100000000)
  region size 1024K, 3 young (3072K), 3 survivors (3072K)
 Metaspace       used 65598K, committed 66176K, reserved 1114112K
  class space    used 9151K, committed 9408K, reserved 1048576K
}
Event: 195.520 GC heap before
{Heap before GC invocations=31 (full 0):
 garbage-first heap   total 75776K, used 53764K [0x00000000c5800000, 0x0000000100000000)
  region size 1024K, 19 young (19456K), 3 survivors (3072K)
 Metaspace       used 65733K, committed 66240K, reserved 1114112K
  class space    used 9165K, committed 9408K, reserved 1048576K
}
Event: 195.533 GC heap after
{Heap after GC invocations=32 (full 0):
 garbage-first heap   total 75776K, used 37074K [0x00000000c5800000, 0x0000000100000000)
  region size 1024K, 2 young (2048K), 2 survivors (2048K)
 Metaspace       used 65733K, committed 66240K, reserved 1114112K
  class space    used 9165K, committed 9408K, reserved 1048576K
}
Event: 195.630 GC heap before
{Heap before GC invocations=32 (full 0):
 garbage-first heap   total 75776K, used 38098K [0x00000000c5800000, 0x0000000100000000)
  region size 1024K, 3 young (3072K), 2 survivors (2048K)
 Metaspace       used 65785K, committed 66304K, reserved 1114112K
  class space    used 9167K, committed 9408K, reserved 1048576K
}
Event: 195.641 GC heap after
{Heap after GC invocations=33 (full 0):
 garbage-first heap   total 75776K, used 36922K [0x00000000c5800000, 0x0000000100000000)
  region size 1024K, 1 young (1024K), 1 survivors (1024K)
 Metaspace       used 65785K, committed 66304K, reserved 1114112K
  class space    used 9167K, committed 9408K, reserved 1048576K
}

Dll operation events (14 events):
Event: 0.079 Loaded shared library C:\Users\Sniffer\.jdks\ms-17.0.17\bin\java.dll
Event: 0.209 Loaded shared library C:\Users\Sniffer\.jdks\ms-17.0.17\bin\jsvml.dll
Event: 2.641 Loaded shared library C:\Users\Sniffer\.jdks\ms-17.0.17\bin\zip.dll
Event: 2.656 Loaded shared library C:\Users\Sniffer\.jdks\ms-17.0.17\bin\instrument.dll
Event: 2.757 Loaded shared library C:\Users\Sniffer\.jdks\ms-17.0.17\bin\net.dll
Event: 2.764 Loaded shared library C:\Users\Sniffer\.jdks\ms-17.0.17\bin\nio.dll
Event: 3.219 Loaded shared library C:\Users\Sniffer\.jdks\ms-17.0.17\bin\zip.dll
Event: 64.899 Loaded shared library C:\Program Files\JetBrains\IntelliJ IDEA Community Edition 2024.2.3\bin\breakgen64.dll
Event: 65.385 Loaded shared library C:\Users\Sniffer\.jdks\ms-17.0.17\bin\extnet.dll
Event: 65.887 Loaded shared library C:\Users\Sniffer\.jdks\ms-17.0.17\bin\jimage.dll
Event: 91.000 Loaded shared library C:\Users\Sniffer\.jdks\ms-17.0.17\bin\sunmscapi.dll
Event: 123.122 Loaded shared library C:\Users\Sniffer\.jdks\ms-17.0.17\bin\management.dll
Event: 123.184 Loaded shared library C:\Users\Sniffer\.jdks\ms-17.0.17\bin\management_ext.dll
Event: 127.793 Loaded shared library C:\Users\Sniffer\.jdks\ms-17.0.17\bin\verify.dll

Deoptimization events (20 events):
Event: 195.453 Thread 0x0000016016fb4460 Uncommon trap: trap_request=0xffffffbe fr.pc=0x0000016028307068 relative=0x0000000000001028
Event: 195.453 Thread 0x0000016016fb4460 Uncommon trap: reason=profile_predicate action=maybe_recompile pc=0x0000016028307068 method=org.antlr.v4.runtime.misc.Array2DHashSet.getOrAddImpl(Ljava/lang/Object;)Ljava/lang/Object; @ 56 c2
Event: 195.453 Thread 0x0000016016fb4460 DEOPT PACKING pc=0x0000016028307068 sp=0x00000055e28faa60
Event: 195.453 Thread 0x0000016016fb4460 DEOPT UNPACKING pc=0x00000160279a699d sp=0x00000055e28faa48 mode 2
Event: 195.453 Thread 0x0000016016fb4460 Uncommon trap: trap_request=0xffffffbe fr.pc=0x0000016028307068 relative=0x0000000000001028
Event: 195.453 Thread 0x0000016016fb4460 Uncommon trap: reason=profile_predicate action=maybe_recompile pc=0x0000016028307068 method=org.antlr.v4.runtime.misc.Array2DHashSet.getOrAddImpl(Ljava/lang/Object;)Ljava/lang/Object; @ 56 c2
Event: 195.453 Thread 0x0000016016fb4460 DEOPT PACKING pc=0x0000016028307068 sp=0x00000055e28faa60
Event: 195.453 Thread 0x0000016016fb4460 DEOPT UNPACKING pc=0x00000160279a699d sp=0x00000055e28faa48 mode 2
Event: 195.454 Thread 0x0000016016fb4460 Uncommon trap: trap_request=0xffffffbe fr.pc=0x0000016028307068 relative=0x0000000000001028
Event: 195.454 Thread 0x0000016016fb4460 Uncommon trap: reason=profile_predicate action=maybe_recompile pc=0x0000016028307068 method=org.antlr.v4.runtime.misc.Array2DHashSet.getOrAddImpl(Ljava/lang/Object;)Ljava/lang/Object; @ 56 c2
Event: 195.454 Thread 0x0000016016fb4460 DEOPT PACKING pc=0x0000016028307068 sp=0x00000055e28fac40
Event: 195.454 Thread 0x0000016016fb4460 DEOPT UNPACKING pc=0x00000160279a699d sp=0x00000055e28fac28 mode 2
Event: 195.465 Thread 0x0000016016fb4460 Uncommon trap: trap_request=0xffffffbe fr.pc=0x0000016028307068 relative=0x0000000000001028
Event: 195.465 Thread 0x0000016016fb4460 Uncommon trap: reason=profile_predicate action=maybe_recompile pc=0x0000016028307068 method=org.antlr.v4.runtime.misc.Array2DHashSet.getOrAddImpl(Ljava/lang/Object;)Ljava/lang/Object; @ 56 c2
Event: 195.465 Thread 0x0000016016fb4460 DEOPT PACKING pc=0x0000016028307068 sp=0x00000055e28fa7f0
Event: 195.465 Thread 0x0000016016fb4460 DEOPT UNPACKING pc=0x00000160279a699d sp=0x00000055e28fa7d8 mode 2
Event: 195.685 Thread 0x0000016016fb4460 Uncommon trap: trap_request=0xffffff45 fr.pc=0x00000160281ca7c0 relative=0x0000000000000d80
Event: 195.685 Thread 0x0000016016fb4460 Uncommon trap: reason=unstable_if action=reinterpret pc=0x00000160281ca7c0 method=org.springframework.core.annotation.AnnotationsScanner.processClassHierarchy(Ljava/lang/Object;[ILjava/lang/Class;Lorg/springframework/core/annotation/AnnotationsProcessor;Z
Event: 195.686 Thread 0x0000016016fb4460 DEOPT PACKING pc=0x00000160281ca7c0 sp=0x00000055e28fc360
Event: 195.686 Thread 0x0000016016fb4460 DEOPT UNPACKING pc=0x00000160279a699d sp=0x00000055e28fc328 mode 2

Classes loaded (20 events):
Event: 195.950 Loading class java/nio/StringCharBuffer
Event: 195.951 Loading class java/nio/StringCharBuffer done
Event: 195.954 Loading class javax/crypto/SecretKeyFactory
Event: 195.956 Loading class javax/crypto/SecretKeyFactory done
Event: 195.956 Loading class javax/crypto/JceSecurity
Event: 195.958 Loading class javax/crypto/JceSecurity done
Event: 195.960 Loading class javax/crypto/JceSecurity$1
Event: 195.961 Loading class javax/crypto/JceSecurity$1 done
Event: 195.977 Loading class sun/nio/fs/WindowsFileSystemProvider$1
Event: 195.979 Loading class sun/nio/fs/WindowsFileSystemProvider$1 done
Event: 195.982 Loading class sun/nio/fs/Globs
Event: 195.983 Loading class sun/nio/fs/Globs done
Event: 195.983 Loading class java/util/regex/Pattern$SliceU
Event: 195.984 Loading class java/util/regex/Pattern$SliceU done
Event: 195.984 Loading class sun/nio/fs/WindowsFileSystem$2
Event: 195.985 Loading class java/nio/file/PathMatcher
Event: 195.985 Loading class java/nio/file/PathMatcher done
Event: 195.985 Loading class sun/nio/fs/WindowsFileSystem$2 done
Event: 195.985 Loading class java/nio/file/Files$1
Event: 196.001 Loading class java/nio/file/Files$1 done

Classes unloaded (0 events):
No events

Classes redefined (0 events):
No events

Internal exceptions (20 events):
Event: 173.238 Thread 0x0000016016fb4460 Exception <a 'java/lang/IncompatibleClassChangeError'{0x00000000c903d980}: Found class java.lang.Object, but interface was expected> (0x00000000c903d980) 
thrown [s\src\hotspot\share\interpreter\linkResolver.cpp, line 826]
Event: 174.138 Thread 0x0000016016fb4460 Exception <a 'java/lang/reflect/InvocationTargetException'{0x00000000c8e1ece8}> (0x00000000c8e1ece8) 
thrown [s\src\hotspot\share\runtime\reflection.cpp, line 1128]
Event: 174.169 Thread 0x0000016016fb4460 Exception <a 'java/lang/reflect/InvocationTargetException'{0x00000000c8e2aa20}> (0x00000000c8e2aa20) 
thrown [s\src\hotspot\share\runtime\reflection.cpp, line 1128]
Event: 174.209 Thread 0x0000016016fb4460 Exception <a 'java/lang/reflect/InvocationTargetException'{0x00000000c8e4cbc8}> (0x00000000c8e4cbc8) 
thrown [s\src\hotspot\share\runtime\reflection.cpp, line 1128]
Event: 176.834 Thread 0x0000016016fb4460 Exception <a 'java/lang/NoSuchMethodError'{0x00000000c91a1b30}: 'long java.lang.invoke.DirectMethodHandle$Holder.invokeVirtual(java.lang.Object, java.lang.Object)'> (0x00000000c91a1b30) 
thrown [s\src\hotspot\share\interpreter\linkResolver.cpp, line 759]
Event: 177.273 Thread 0x0000016016fb4460 Implicit null exception at 0x00000160282372e8 to 0x000001602823737c
Event: 178.738 Thread 0x0000016016fb4460 Exception <a 'java/lang/reflect/InvocationTargetException'{0x00000000c88b15b0}> (0x00000000c88b15b0) 
thrown [s\src\hotspot\share\runtime\reflection.cpp, line 1128]
Event: 178.746 Thread 0x0000016016fb4460 Exception <a 'java/lang/reflect/InvocationTargetException'{0x00000000c88c0f98}> (0x00000000c88c0f98) 
thrown [s\src\hotspot\share\runtime\reflection.cpp, line 1128]
Event: 179.815 Thread 0x0000016016fb4460 Exception <a 'java/lang/reflect/InvocationTargetException'{0x00000000c8d9bca0}> (0x00000000c8d9bca0) 
thrown [s\src\hotspot\share\runtime\reflection.cpp, line 1128]
Event: 183.521 Thread 0x0000016016fb4460 Exception <a 'java/lang/reflect/InvocationTargetException'{0x00000000c8258a30}> (0x00000000c8258a30) 
thrown [s\src\hotspot\share\runtime\reflection.cpp, line 1128]
Event: 185.397 Thread 0x0000016016fb4460 Exception <a 'java/lang/NoSuchMethodError'{0x00000000c8621030}: 'int java.lang.invoke.DirectMethodHandle$Holder.invokeStatic(java.lang.Object)'> (0x00000000c8621030) 
thrown [s\src\hotspot\share\interpreter\linkResolver.cpp, line 759]
Event: 186.118 Thread 0x0000016016fb4460 Exception <a 'java/lang/reflect/InvocationTargetException'{0x00000000c92a5a68}> (0x00000000c92a5a68) 
thrown [s\src\hotspot\share\runtime\reflection.cpp, line 1128]
Event: 186.509 Thread 0x0000016016fb4460 Exception <a 'java/lang/reflect/InvocationTargetException'{0x00000000c8cb56a8}> (0x00000000c8cb56a8) 
thrown [s\src\hotspot\share\runtime\reflection.cpp, line 1128]
Event: 186.618 Thread 0x0000016016fb4460 Exception <a 'java/lang/reflect/InvocationTargetException'{0x00000000c8cd7268}> (0x00000000c8cd7268) 
thrown [s\src\hotspot\share\runtime\reflection.cpp, line 1128]
Event: 186.646 Thread 0x0000016016fb4460 Exception <a 'java/lang/reflect/InvocationTargetException'{0x00000000c8b43fe8}> (0x00000000c8b43fe8) 
thrown [s\src\hotspot\share\runtime\reflection.cpp, line 1128]
Event: 186.683 Thread 0x0000016016fb4460 Exception <a 'java/lang/reflect/InvocationTargetException'{0x00000000c8b50e78}> (0x00000000c8b50e78) 
thrown [s\src\hotspot\share\runtime\reflection.cpp, line 1128]
Event: 186.721 Thread 0x0000016016fb4460 Exception <a 'java/lang/reflect/InvocationTargetException'{0x00000000c8bee590}> (0x00000000c8bee590) 
thrown [s\src\hotspot\share\runtime\reflection.cpp, line 1128]
Event: 186.836 Thread 0x0000016016fb4460 Exception <a 'java/lang/reflect/InvocationTargetException'{0x00000000c890ec98}> (0x00000000c890ec98) 
thrown [s\src\hotspot\share\runtime\reflection.cpp, line 1128]
Event: 186.901 Thread 0x0000016016fb4460 Exception <a 'java/lang/reflect/InvocationTargetException'{0x00000000c8991888}> (0x00000000c8991888) 
thrown [s\src\hotspot\share\runtime\reflection.cpp, line 1128]
Event: 195.980 Thread 0x0000016016fb4460 Exception <a 'sun/nio/fs/WindowsException'{0x00000000c9f58ca8}> (0x00000000c9f58ca8) 
thrown [s\src\hotspot\share\prims\jni.cpp, line 516]

VM Operations (20 events):
Event: 192.100 Executing VM operation: G1CollectForAllocation
Event: 192.115 Executing VM operation: G1CollectForAllocation done
Event: 193.004 Executing VM operation: G1CollectForAllocation
Event: 193.017 Executing VM operation: G1CollectForAllocation done
Event: 193.200 Executing VM operation: G1PauseRemark
Event: 193.222 Executing VM operation: G1PauseRemark done
Event: 193.320 Executing VM operation: G1PauseCleanup
Event: 193.320 Executing VM operation: G1PauseCleanup done
Event: 194.328 Executing VM operation: Cleanup
Event: 194.341 Executing VM operation: Cleanup done
Event: 195.032 Executing VM operation: HandshakeAllThreads
Event: 195.162 Executing VM operation: HandshakeAllThreads done
Event: 195.516 Executing VM operation: G1CollectForAllocation
Event: 195.533 Executing VM operation: G1CollectForAllocation done
Event: 195.630 Executing VM operation: G1CollectForAllocation
Event: 195.641 Executing VM operation: G1CollectForAllocation done
Event: 195.953 Executing VM operation: HandshakeAllThreads
Event: 195.953 Executing VM operation: HandshakeAllThreads done
Event: 196.003 Executing VM operation: HandshakeAllThreads
Event: 196.003 Executing VM operation: HandshakeAllThreads done

Memory protections (0 events):
No events

Nmethod flushes (20 events):
Event: 134.945 Thread 0x000001603435d870 flushing  nmethod 0x0000016020cede10
Event: 134.945 Thread 0x000001603435d870 flushing  nmethod 0x0000016020ceef10
Event: 134.945 Thread 0x000001603435d870 flushing  nmethod 0x0000016020d36410
Event: 134.946 Thread 0x000001603435d870 flushing  nmethod 0x0000016020d51790
Event: 134.946 Thread 0x000001603435d870 flushing  nmethod 0x0000016020d52090
Event: 134.946 Thread 0x000001603435d870 flushing  nmethod 0x0000016020d62390
Event: 134.946 Thread 0x000001603435d870 flushing  nmethod 0x0000016020d63f90
Event: 134.946 Thread 0x000001603435d870 flushing  nmethod 0x0000016020d66b10
Event: 134.946 Thread 0x000001603435d870 flushing  nmethod 0x0000016020d84c90
Event: 134.946 Thread 0x000001603435d870 flushing  nmethod 0x0000016020db2e90
Event: 134.946 Thread 0x000001603435d870 flushing  nmethod 0x0000016020dbd490
Event: 134.946 Thread 0x000001603435d870 flushing  nmethod 0x0000016020dbd810
Event: 134.946 Thread 0x000001603435d870 flushing  nmethod 0x0000016020dc0f10
Event: 134.947 Thread 0x000001603435d870 flushing  nmethod 0x0000016020e62210
Event: 134.947 Thread 0x000001603435d870 flushing  nmethod 0x0000016020e62590
Event: 134.947 Thread 0x000001603435d870 flushing  nmethod 0x0000016020e62910
Event: 190.763 Thread 0x000001603435d870 flushing  nmethod 0x0000016020608990
Event: 190.766 Thread 0x000001603435d870 flushing  nmethod 0x00000160207b1490
Event: 190.767 Thread 0x000001603435d870 flushing  nmethod 0x0000016020810190
Event: 190.774 Thread 0x000001603435d870 flushing  nmethod 0x0000016020cc4810

Events (20 events):
Event: 0.369 Thread 0x0000016016fb4460 Thread added: 0x00000160342eb870
Event: 0.370 Thread 0x0000016016fb4460 Thread added: 0x00000160342ec560
Event: 0.392 Thread 0x0000016016fb4460 Thread added: 0x00000160342ed010
Event: 0.441 Thread 0x0000016016fb4460 Thread added: 0x000001603435d870
Event: 2.298 Thread 0x0000016016fb4460 Thread added: 0x0000016017040410
Event: 64.909 Thread 0x0000016016fb4460 Thread added: 0x00000160345ae0a0
Event: 64.914 Thread 0x0000016016fb4460 Thread added: 0x00000160345ae580
Event: 78.464 Thread 0x0000016016fb4460 Thread added: 0x0000016034e74020
Event: 91.038 Thread 0x0000016034e74020 Thread exited: 0x0000016034e74020
Event: 97.984 Thread 0x0000016016fb4460 Thread added: 0x0000016034c54990
Event: 98.123 Thread 0x0000016034c54990 Thread exited: 0x0000016034c54990
Event: 122.271 Thread 0x00000160342ed010 Thread added: 0x000001607add7860
Event: 124.135 Thread 0x0000016016fb4460 Thread added: 0x0000016034c53550
Event: 127.556 Thread 0x000001607add7860 Thread exited: 0x000001607add7860
Event: 138.553 Thread 0x0000016016fb4460 Thread added: 0x0000016034c54480
Event: 138.677 Thread 0x0000016034c54480 Thread added: 0x0000016034c54990
Event: 144.223 Thread 0x0000016034c54990 Thread exited: 0x0000016034c54990
Event: 176.974 Thread 0x0000016016fb4460 Thread added: 0x0000016034c54ea0
Event: 176.988 Thread 0x0000016016fb4460 Thread added: 0x000001607b60dd00
Event: 177.030 Thread 0x0000016016fb4460 Thread added: 0x000001607b6114b0


Dynamic libraries:
0x00007ff7ad590000 - 0x00007ff7ad59e000 	C:\Users\Sniffer\.jdks\ms-17.0.17\bin\java.exe
0x00007ffd32250000 - 0x00007ffd32448000 	C:\Windows\SYSTEM32\ntdll.dll
0x00007ffd31560000 - 0x00007ffd31622000 	C:\Windows\System32\KERNEL32.DLL
0x00007ffd2ff70000 - 0x00007ffd30266000 	C:\Windows\System32\KERNELBASE.dll
0x00007ffd2fe10000 - 0x00007ffd2ff10000 	C:\Windows\System32\ucrtbase.dll
0x00007ffd08120000 - 0x00007ffd0813e000 	C:\Users\Sniffer\.jdks\ms-17.0.17\bin\VCRUNTIME140.dll
0x00007ffd0e7d0000 - 0x00007ffd0e7e8000 	C:\Users\Sniffer\.jdks\ms-17.0.17\bin\jli.dll
0x00007ffd30270000 - 0x00007ffd30411000 	C:\Windows\System32\USER32.dll
0x00007ffd14260000 - 0x00007ffd144fb000 	C:\Windows\WinSxS\amd64_microsoft.windows.common-controls_6595b64144ccf1df_6.0.19041.6456_none_60b8a6cb71f64256\COMCTL32.dll
0x00007ffd2ff40000 - 0x00007ffd2ff62000 	C:\Windows\System32\win32u.dll
0x00007ffd31b50000 - 0x00007ffd31b7b000 	C:\Windows\System32\GDI32.dll
0x00007ffd31630000 - 0x00007ffd316ce000 	C:\Windows\System32\msvcrt.dll
0x00007ffd2f8e0000 - 0x00007ffd2f9f9000 	C:\Windows\System32\gdi32full.dll
0x00007ffd2fa00000 - 0x00007ffd2fa9d000 	C:\Windows\System32\msvcp_win.dll
0x00007ffd305a0000 - 0x00007ffd305cf000 	C:\Windows\System32\IMM32.DLL
0x00007ffd14c90000 - 0x00007ffd14c9c000 	C:\Users\Sniffer\.jdks\ms-17.0.17\bin\vcruntime140_1.dll
0x00007ffcdd790000 - 0x00007ffcdd819000 	C:\Users\Sniffer\.jdks\ms-17.0.17\bin\msvcp140.dll
0x00007ffcc11a0000 - 0x00007ffcc1e1a000 	C:\Users\Sniffer\.jdks\ms-17.0.17\bin\server\jvm.dll
0x00007ffd30d50000 - 0x00007ffd30e01000 	C:\Windows\System32\ADVAPI32.dll
0x00007ffd31ab0000 - 0x00007ffd31b4f000 	C:\Windows\System32\sechost.dll
0x00007ffd31b80000 - 0x00007ffd31ca0000 	C:\Windows\System32\RPCRT4.dll
0x00007ffd2ff10000 - 0x00007ffd2ff37000 	C:\Windows\System32\bcrypt.dll
0x00007ffd316d0000 - 0x00007ffd3173b000 	C:\Windows\System32\WS2_32.dll
0x00007ffd2f690000 - 0x00007ffd2f6db000 	C:\Windows\SYSTEM32\POWRPROF.dll
0x00007ffd15040000 - 0x00007ffd15067000 	C:\Windows\SYSTEM32\WINMM.dll
0x00007ffd23e30000 - 0x00007ffd23e3a000 	C:\Windows\SYSTEM32\VERSION.dll
0x00007ffd2f670000 - 0x00007ffd2f682000 	C:\Windows\SYSTEM32\UMPDC.dll
0x00007ffd2e3c0000 - 0x00007ffd2e3d2000 	C:\Windows\SYSTEM32\kernel.appcore.dll
0x00007ffd0b800000 - 0x00007ffd0b80a000 	C:\Users\Sniffer\.jdks\ms-17.0.17\bin\jimage.dll
0x00007ffd2ddf0000 - 0x00007ffd2dff1000 	C:\Windows\SYSTEM32\DBGHELP.DLL
0x00007ffd140f0000 - 0x00007ffd14124000 	C:\Windows\SYSTEM32\dbgcore.DLL
0x00007ffd2fcb0000 - 0x00007ffd2fd32000 	C:\Windows\System32\bcryptPrimitives.dll
0x00007ffd0b320000 - 0x00007ffd0b32f000 	C:\Users\Sniffer\.jdks\ms-17.0.17\bin\instrument.dll
0x00007ffce5a30000 - 0x00007ffce5a56000 	C:\Users\Sniffer\.jdks\ms-17.0.17\bin\java.dll
0x00007ffcd86b0000 - 0x00007ffcd8786000 	C:\Users\Sniffer\.jdks\ms-17.0.17\bin\jsvml.dll
0x00007ffd305d0000 - 0x00007ffd30d40000 	C:\Windows\System32\SHELL32.dll
0x00007ffd2d570000 - 0x00007ffd2dd15000 	C:\Windows\SYSTEM32\windows.storage.dll
0x00007ffd31740000 - 0x00007ffd31a94000 	C:\Windows\System32\combase.dll
0x00007ffd2f230000 - 0x00007ffd2f25b000 	C:\Windows\SYSTEM32\Wldp.dll
0x00007ffd32010000 - 0x00007ffd320dd000 	C:\Windows\System32\OLEAUT32.dll
0x00007ffd320e0000 - 0x00007ffd3218d000 	C:\Windows\System32\SHCORE.dll
0x00007ffd31e70000 - 0x00007ffd31ecb000 	C:\Windows\System32\shlwapi.dll
0x00007ffd2f810000 - 0x00007ffd2f834000 	C:\Windows\SYSTEM32\profapi.dll
0x00007ffceb5c0000 - 0x00007ffceb5d8000 	C:\Users\Sniffer\.jdks\ms-17.0.17\bin\zip.dll
0x00007ffce5690000 - 0x00007ffce56ab000 	C:\Users\Sniffer\.jdks\ms-17.0.17\bin\net.dll
0x00007ffd1d6e0000 - 0x00007ffd1d7ea000 	C:\Windows\SYSTEM32\WINHTTP.dll
0x00007ffd2ef90000 - 0x00007ffd2effa000 	C:\Windows\system32\mswsock.dll
0x00007ffce32c0000 - 0x00007ffce32d6000 	C:\Users\Sniffer\.jdks\ms-17.0.17\bin\nio.dll
0x00007ffced8e0000 - 0x00007ffced8fa000 	C:\Program Files\JetBrains\IntelliJ IDEA Community Edition 2024.2.3\bin\breakgen64.dll
0x00007ffd07780000 - 0x00007ffd07789000 	C:\Users\Sniffer\.jdks\ms-17.0.17\bin\extnet.dll
0x00007ffd078d0000 - 0x00007ffd078de000 	C:\Users\Sniffer\.jdks\ms-17.0.17\bin\sunmscapi.dll
0x00007ffd2faa0000 - 0x00007ffd2fbfd000 	C:\Windows\System32\CRYPT32.dll
0x00007ffd2f310000 - 0x00007ffd2f337000 	C:\Windows\SYSTEM32\ncrypt.dll
0x00007ffd2f2d0000 - 0x00007ffd2f30b000 	C:\Windows\SYSTEM32\NTASN1.dll
0x00007ffd2f180000 - 0x00007ffd2f198000 	C:\Windows\SYSTEM32\CRYPTSP.dll
0x00007ffd2e8b0000 - 0x00007ffd2e8e8000 	C:\Windows\system32\rsaenh.dll
0x00007ffd2f790000 - 0x00007ffd2f7be000 	C:\Windows\SYSTEM32\USERENV.dll
0x00007ffd2f1a0000 - 0x00007ffd2f1ac000 	C:\Windows\SYSTEM32\CRYPTBASE.dll
0x00007ffd2ec70000 - 0x00007ffd2ecab000 	C:\Windows\SYSTEM32\IPHLPAPI.DLL
0x00007ffd30d40000 - 0x00007ffd30d48000 	C:\Windows\System32\NSI.dll
0x00007ffd256d0000 - 0x00007ffd256e7000 	C:\Windows\SYSTEM32\dhcpcsvc6.DLL
0x00007ffd24180000 - 0x00007ffd2419d000 	C:\Windows\SYSTEM32\dhcpcsvc.DLL
0x00007ffd2ecb0000 - 0x00007ffd2ed7a000 	C:\Windows\SYSTEM32\DNSAPI.dll
0x00007ffd080a0000 - 0x00007ffd080aa000 	C:\Users\Sniffer\.jdks\ms-17.0.17\bin\management.dll
0x00007ffd079b0000 - 0x00007ffd079bc000 	C:\Users\Sniffer\.jdks\ms-17.0.17\bin\management_ext.dll
0x00007ffd31aa0000 - 0x00007ffd31aa8000 	C:\Windows\System32\PSAPI.DLL
0x00007ffd072b0000 - 0x00007ffd072c0000 	C:\Users\Sniffer\.jdks\ms-17.0.17\bin\verify.dll
0x0000000050680000 - 0x00000000506a6000 	C:\Program Files\Bonjour\mdnsNSP.dll
0x00007ffd16c80000 - 0x00007ffd16c8a000 	C:\Windows\System32\rasadhlp.dll
0x00007ffd187b0000 - 0x00007ffd18830000 	C:\Windows\System32\fwpuclnt.dll

dbghelp: loaded successfully - version: 4.0.5 - missing functions: none
symbol engine: initialized successfully - sym options: 0x614 - pdb path: .;C:\Users\Sniffer\.jdks\ms-17.0.17\bin;C:\Windows\SYSTEM32;C:\Windows\WinSxS\amd64_microsoft.windows.common-controls_6595b64144ccf1df_6.0.19041.6456_none_60b8a6cb71f64256;C:\Users\Sniffer\.jdks\ms-17.0.17\bin\server;C:\Program Files\JetBrains\IntelliJ IDEA Community Edition 2024.2.3\bin;C:\Program Files\Bonjour

VM Arguments:
jvm_args: -javaagent:C:\Program Files\JetBrains\IntelliJ IDEA Community Edition 2024.2.3\lib\idea_rt.jar=51115:C:\Program Files\JetBrains\IntelliJ IDEA Community Edition 2024.2.3\bin -Dfile.encoding=UTF-8 
java_command: com.ges.boutique.BoutiqueApplication
java_class_path (initial): C:\Users\Sniffer\Desktop\alimentation-boutique-back\boutique\target\classes;C:\Users\Sniffer\.m2\repository\org\springframework\boot\spring-boot-starter-web\3.2.0\spring-boot-starter-web-3.2.0.jar;C:\Users\Sniffer\.m2\repository\org\springframework\boot\spring-boot-starter\3.2.0\spring-boot-starter-3.2.0.jar;C:\Users\Sniffer\.m2\repository\org\springframework\boot\spring-boot\3.2.0\spring-boot-3.2.0.jar;C:\Users\Sniffer\.m2\repository\org\springframework\boot\spring-boot-autoconfigure\3.2.0\spring-boot-autoconfigure-3.2.0.jar;C:\Users\Sniffer\.m2\repository\org\springframework\boot\spring-boot-starter-logging\3.2.0\spring-boot-starter-logging-3.2.0.jar;C:\Users\Sniffer\.m2\repository\ch\qos\logback\logback-classic\1.4.11\logback-classic-1.4.11.jar;C:\Users\Sniffer\.m2\repository\ch\qos\logback\logback-core\1.4.11\logback-core-1.4.11.jar;C:\Users\Sniffer\.m2\repository\org\apache\logging\log4j\log4j-to-slf4j\2.21.1\log4j-to-slf4j-2.21.1.jar;C:\Users\Sniffer\.m2\repository\org\slf4j\jul-to-slf4j\2.0.9\jul-to-slf4j-2.0.9.jar;C:\Users\Sniffer\.m2\repository\jakarta\annotation\jakarta.annotation-api\2.1.1\jakarta.annotation-api-2.1.1.jar;C:\Users\Sniffer\.m2\repository\org\yaml\snakeyaml\2.2\snakeyaml-2.2.jar;C:\Users\Sniffer\.m2\repository\org\springframework\boot\spring-boot-starter-json\3.2.0\spring-boot-starter-json-3.2.0.jar;C:\Users\Sniffer\.m2\repository\com\fasterxml\jackson\datatype\jackson-datatype-jdk8\2.15.3\jackson-datatype-jdk8-2.15.3.jar;C:\Users\Sniffer\.m2\repository\com\fasterxml\jackson\datatype\jackson-datatype-jsr310\2.15.3\jackson-datatype-jsr310-2.15.3.jar;C:\Users\Sniffer\.m2\repository\com\fasterxml\jackson\module\jackson-module-parameter-names\2.15.3\jackson-module-parameter-names-2.15.3.jar;C:\Users\Sniffer\.m2\repository\org\springframework\boot\spring-boot-starter-tomcat\3.2.0\spring-boot-starter-tomcat-3.2.0.jar;C:\Users\Sniffer\.m2\repository\org\apache\tomcat\embed\tomcat-embed-core\10.1.16\tomcat-embed-core-10
Launcher Type: SUN_STANDARD

[Global flags]
     intx CICompilerCount                          = 3                                         {product} {ergonomic}
     uint ConcGCThreads                            = 1                                         {product} {ergonomic}
     uint G1ConcRefinementThreads                  = 4                                         {product} {ergonomic}
   size_t G1HeapRegionSize                         = 1048576                                   {product} {ergonomic}
    uintx GCDrainStackTargetSize                   = 64                                        {product} {ergonomic}
   size_t InitialHeapSize                          = 62914560                                  {product} {ergonomic}
   size_t MarkStackSize                            = 4194304                                   {product} {ergonomic}
   size_t MaxHeapSize                              = 981467136                                 {product} {ergonomic}
   size_t MaxNewSize                               = 588251136                                 {product} {ergonomic}
   size_t MinHeapDeltaBytes                        = 1048576                                   {product} {ergonomic}
   size_t MinHeapSize                              = 8388608                                   {product} {ergonomic}
    uintx NonNMethodCodeHeapSize                   = 5832780                                {pd product} {ergonomic}
    uintx NonProfiledCodeHeapSize                  = 122912730                              {pd product} {ergonomic}
    uintx ProfiledCodeHeapSize                     = 122912730                              {pd product} {ergonomic}
    uintx ReservedCodeCacheSize                    = 251658240                              {pd product} {ergonomic}
     bool SegmentedCodeCache                       = true                                      {product} {ergonomic}
   size_t SoftMaxHeapSize                          = 981467136                              {manageable} {ergonomic}
     bool UseCompressedClassPointers               = true                           {product lp64_product} {ergonomic}
     bool UseCompressedOops                        = true                           {product lp64_product} {ergonomic}
     bool UseG1GC                                  = true                                      {product} {ergonomic}
     bool UseLargePagesIndividualAllocation        = false                                  {pd product} {ergonomic}

Logging:
Log output configuration:
 #0: stdout all=warning uptime,level,tags
 #1: stderr all=off uptime,level,tags

Environment Variables:
PATH=C:\Python314\Scripts\;C:\Python314\;C:\Program Files\Common Files\Oracle\Java\javapath;C:\Windows\system32;C:\Windows;C:\Windows\System32\Wbem;C:\Windows\System32\WindowsPowerShell\v1.0\;C:\Windows\System32\OpenSSH\;C:\Program Files\Git\cmd;C:\ProgramData\chocolatey\bin;C:\ProgramData\chocolatey\lib\maven\apache-maven-3.9.12\bin;C:\Program Files\nodejs\;C:\Program Files\cursor\resources\app\bin;C:\Users\Sniffer\AppData\Local\Microsoft\WindowsApps;C:\Program Files\JetBrains\IntelliJ IDEA Community Edition 2024.2.3\bin;;C:\Users\Sniffer\AppData\Local\Programs\Microsoft VS Code\bin;C:\Users\Sniffer\AppData\Local\GitHubDesktop\bin;C:\Users\Sniffer\AppData\Roaming\npm;C:\Users\Sniffer\AppData\Local\PowerToys\DSCModules\
USERNAME=Sniffer
OS=Windows_NT
PROCESSOR_IDENTIFIER=Intel64 Family 6 Model 122 Stepping 8, GenuineIntel
TMP=C:\Users\Sniffer\AppData\Local\Temp
TEMP=C:\Users\Sniffer\AppData\Local\Temp



Periodic native trim disabled


---------------  S Y S T E M  ---------------

OS:
 Windows 10 , 64 bit Build 19041 (10.0.19041.5915)
OS uptime: 5 days 21:11 hours

CPU: total 4 (initial active 4) (4 cores per cpu, 1 threads per core) family 6 model 122 stepping 8 microcode 0x22, cx8, cmov, fxsr, mmx, 3dnowpref, sse, sse2, sse3, ssse3, sse4.1, sse4.2, popcnt, tsc, tscinvbit, aes, erms, clmul, sha, clflush, clflushopt
Processor Information for the first 4 processors :
  Max Mhz: 1101, Current Mhz: 1101, Mhz Limit: 1101

Memory: 4k page, system-wide physical 3743M (174M free)
TotalPageFile size 15007M (AvailPageFile size 1M)
current process WorkingSet (physical memory assigned to process): 184M, peak: 195M
current process commit charge ("private bytes"): 286M, peak: 289M

vm_info: OpenJDK 64-Bit Server VM (17.0.17+10-LTS) for windows-amd64 JRE (17.0.17+10-LTS), built on Oct 13 2025 22:19:56 by "MicrosoftCorporation" with unknown MS VC++:1944

END.
