#
# There is insufficient memory for the Java Runtime Environment to continue.
# Native memory allocation (malloc) failed to allocate 953856 bytes. Error detail: Chunk::new
# Possible reasons:
#   The system is out of physical RAM or swap space
#   This process is running with CompressedOops enabled, and the Java Heap may be blocking the growth of the native heap
# Possible solutions:
#   Reduce memory load on the system
#   Increase physical memory or swap space
#   Check if swap backing store is full
#   Decrease Java heap size (-Xmx/-Xms)
#   Decrease number of Java threads
#   Decrease Java thread stack sizes (-Xss)
#   Set larger code cache with -XX:ReservedCodeCacheSize=
#   JVM is running with Unscaled Compressed Oops mode in which the Java heap is
#     placed in the first 4GB address space. The Java Heap base address is the
#     maximum limit for the native heap growth. Please use -XX:HeapBaseMinAddress
#     to set the Java Heap base and to place the Java Heap above 4GB virtual address.
# This output file may be truncated or incomplete.
#
#  Out of Memory Error (arena.cpp:191), pid=13604, tid=708
#
# JRE version: OpenJDK Runtime Environment Microsoft-12574423 (17.0.17+10) (build 17.0.17+10-LTS)
# Java VM: OpenJDK 64-Bit Server VM Microsoft-12574423 (17.0.17+10-LTS, mixed mode, sharing, tiered, compressed oops, compressed class ptrs, g1 gc, windows-amd64)
# No core dump will be written. Minidumps are not enabled by default on client versions of Windows
#

---------------  S U M M A R Y ------------

Command Line: -javaagent:C:\Program Files\JetBrains\IntelliJ IDEA Community Edition 2024.2.3\lib\idea_rt.jar=50171:C:\Program Files\JetBrains\IntelliJ IDEA Community Edition 2024.2.3\bin -Dfile.encoding=UTF-8 com.ges.boutique.BoutiqueApplication

Host: Intel(R) Celeron(R) N4120 CPU @ 1.10GHz, 4 cores, 3G,  Windows 10 , 64 bit Build 19041 (10.0.19041.5915)
Time: Sat Feb 28 20:47:19 2026 Paris, Madrid elapsed time: 145.108479 seconds (0d 0h 2m 25s)

---------------  T H R E A D  ---------------

Current thread (0x0000028dfc9d6170):  JavaThread "C2 CompilerThread0" daemon [_thread_in_native, id=708, stack(0x000000dc95b00000,0x000000dc95c00000)]


Current CompileTask:
C2:145108 9258       4       java.lang.Class::getDeclaredAnnotations (11 bytes)

Stack: [0x000000dc95b00000,0x000000dc95c00000]
Native frames: (J=compiled Java code, j=interpreted, Vv=VM code, C=native code)
V  [jvm.dll+0x68c459]  (no source info available)
V  [jvm.dll+0x845e09]  (no source info available)
V  [jvm.dll+0x847b78]  (no source info available)
V  [jvm.dll+0x848203]  (no source info available)
V  [jvm.dll+0x24cf6f]  (no source info available)
V  [jvm.dll+0xaecb6]  (no source info available)
V  [jvm.dll+0xaf35c]  (no source info available)
V  [jvm.dll+0x2b4b8f]  (no source info available)
V  [jvm.dll+0x594484]  (no source info available)
V  [jvm.dll+0x226d84]  (no source info available)
V  [jvm.dll+0x22718d]  (no source info available)
V  [jvm.dll+0x220193]  (no source info available)
V  [jvm.dll+0x21d260]  (no source info available)
V  [jvm.dll+0x1a8ce6]  (no source info available)
V  [jvm.dll+0x22db1b]  (no source info available)
V  [jvm.dll+0x22bca6]  (no source info available)
V  [jvm.dll+0x7fb65b]  (no source info available)
V  [jvm.dll+0x7f5a5c]  (no source info available)
V  [jvm.dll+0x68d9f7]  (no source info available)
C  [ucrtbase.dll+0x21bb2]  (no source info available)
C  [KERNEL32.DLL+0x17374]  (no source info available)
C  [ntdll.dll+0x4cc91]  (no source info available)


---------------  P R O C E S S  ---------------

Threads class SMR info:
_java_thread_list=0x0000028dd4825a70, length=31, elements={
0x0000028dfc9c0b60, 0x0000028dfc9c18f0, 0x0000028dfc9cd330, 0x0000028dfc9cee10,
0x0000028dfc9d16f0, 0x0000028dfc9d1fc0, 0x0000028dfc9d6170, 0x0000028dfc9deb40,
0x0000028dfc9f3c30, 0x0000028dee718660, 0x0000028dfce96de0, 0x0000028dfce972c0,
0x0000028dfe5e4b30, 0x0000028dfe3878a0, 0x0000028dfdc6ff80, 0x0000028dfdc72d10,
0x0000028dfdc71de0, 0x0000028dfe471350, 0x0000028dfe474b00, 0x0000028dfe471860,
0x0000028dfe470420, 0x0000028dfe46fa00, 0x0000028dfe4745f0, 0x0000028dfe471d70,
0x0000028dfe46efe0, 0x0000028dfe470930, 0x0000028dfe470e40, 0x0000028dfe4740e0,
0x0000028dfe472280, 0x0000028dfe472790, 0x0000028dfe46ff10
}

Java Threads: ( => current thread )
  0x0000028dfc9c0b60 JavaThread "Reference Handler" daemon [_thread_blocked, id=15184, stack(0x000000dc95500000,0x000000dc95600000)]
  0x0000028dfc9c18f0 JavaThread "Finalizer" daemon [_thread_blocked, id=7680, stack(0x000000dc95600000,0x000000dc95700000)]
  0x0000028dfc9cd330 JavaThread "Signal Dispatcher" daemon [_thread_blocked, id=10932, stack(0x000000dc95700000,0x000000dc95800000)]
  0x0000028dfc9cee10 JavaThread "Attach Listener" daemon [_thread_blocked, id=13296, stack(0x000000dc95800000,0x000000dc95900000)]
  0x0000028dfc9d16f0 JavaThread "Service Thread" daemon [_thread_blocked, id=11292, stack(0x000000dc95900000,0x000000dc95a00000)]
  0x0000028dfc9d1fc0 JavaThread "Monitor Deflation Thread" daemon [_thread_blocked, id=9356, stack(0x000000dc95a00000,0x000000dc95b00000)]
=>0x0000028dfc9d6170 JavaThread "C2 CompilerThread0" daemon [_thread_in_native, id=708, stack(0x000000dc95b00000,0x000000dc95c00000)]
  0x0000028dfc9deb40 JavaThread "C1 CompilerThread0" daemon [_thread_blocked, id=10800, stack(0x000000dc95c00000,0x000000dc95d00000)]
  0x0000028dfc9f3c30 JavaThread "Sweeper thread" daemon [_thread_blocked, id=8132, stack(0x000000dc95d00000,0x000000dc95e00000)]
  0x0000028dee718660 JavaThread "Common-Cleaner" daemon [_thread_blocked, id=13564, stack(0x000000dc95e00000,0x000000dc95f00000)]
  0x0000028dfce96de0 JavaThread "Monitor Ctrl-Break" daemon [_thread_in_native, id=6996, stack(0x000000dc95f00000,0x000000dc96000000)]
  0x0000028dfce972c0 JavaThread "Notification Thread" daemon [_thread_blocked, id=14872, stack(0x000000dc96000000,0x000000dc96100000)]
  0x0000028dfe5e4b30 JavaThread "mysql-cj-abandoned-connection-cleanup" daemon [_thread_blocked, id=18176, stack(0x000000dc96500000,0x000000dc96600000)]
  0x0000028dfe3878a0 JavaThread "HikariPool-1 housekeeper" daemon [_thread_blocked, id=15404, stack(0x000000dc96600000,0x000000dc96700000)]
  0x0000028dfdc6ff80 JavaThread "Catalina-utility-1" [_thread_blocked, id=15368, stack(0x000000dc96700000,0x000000dc96800000)]
  0x0000028dfdc72d10 JavaThread "Catalina-utility-2" [_thread_blocked, id=16484, stack(0x000000dc96800000,0x000000dc96900000)]
  0x0000028dfdc71de0 JavaThread "container-0" [_thread_blocked, id=7356, stack(0x000000dc96900000,0x000000dc96a00000)]
  0x0000028dfe471350 JavaThread "http-nio-8080-exec-1" daemon [_thread_blocked, id=7744, stack(0x000000dc96a00000,0x000000dc96b00000)]
  0x0000028dfe474b00 JavaThread "http-nio-8080-exec-2" daemon [_thread_blocked, id=8528, stack(0x000000dc96b00000,0x000000dc96c00000)]
  0x0000028dfe471860 JavaThread "http-nio-8080-exec-3" daemon [_thread_blocked, id=248, stack(0x000000dc96c00000,0x000000dc96d00000)]
  0x0000028dfe470420 JavaThread "http-nio-8080-exec-4" daemon [_thread_in_Java, id=10340, stack(0x000000dc96d00000,0x000000dc96e00000)]
  0x0000028dfe46fa00 JavaThread "http-nio-8080-exec-5" daemon [_thread_blocked, id=17676, stack(0x000000dc96e00000,0x000000dc96f00000)]
  0x0000028dfe4745f0 JavaThread "http-nio-8080-exec-6" daemon [_thread_blocked, id=13868, stack(0x000000dc96f00000,0x000000dc97000000)]
  0x0000028dfe471d70 JavaThread "http-nio-8080-exec-7" daemon [_thread_blocked, id=1872, stack(0x000000dc97000000,0x000000dc97100000)]
  0x0000028dfe46efe0 JavaThread "http-nio-8080-exec-8" daemon [_thread_blocked, id=11664, stack(0x000000dc97100000,0x000000dc97200000)]
  0x0000028dfe470930 JavaThread "http-nio-8080-exec-9" daemon [_thread_blocked, id=11424, stack(0x000000dc97200000,0x000000dc97300000)]
  0x0000028dfe470e40 JavaThread "http-nio-8080-exec-10" daemon [_thread_blocked, id=3244, stack(0x000000dc97300000,0x000000dc97400000)]
  0x0000028dfe4740e0 JavaThread "http-nio-8080-Poller" daemon [_thread_in_native, id=9172, stack(0x000000dc97400000,0x000000dc97500000)]
  0x0000028dfe472280 JavaThread "http-nio-8080-Acceptor" daemon [_thread_in_native, id=4360, stack(0x000000dc97500000,0x000000dc97600000)]
  0x0000028dfe472790 JavaThread "DestroyJavaVM" [_thread_blocked, id=6652, stack(0x000000dc94e00000,0x000000dc94f00000)]
  0x0000028dfe46ff10 JavaThread "HikariPool-1 connection adder" daemon [_thread_blocked, id=13656, stack(0x000000dc94b00000,0x000000dc94c00000)]

Other Threads:
  0x0000028dee7255d0 VMThread "VM Thread" [stack: 0x000000dc95400000,0x000000dc95500000] [id=16172]
  0x0000028dee67f490 WatcherThread [stack: 0x000000dc96100000,0x000000dc96200000] [id=13768]
  0x0000028dee6b8d30 GCTaskThread "GC Thread#0" [stack: 0x000000dc94f00000,0x000000dc95000000] [id=1424]
  0x0000028dfd184940 GCTaskThread "GC Thread#1" [stack: 0x000000dc96200000,0x000000dc96300000] [id=16732]
  0x0000028dfd1a0c80 GCTaskThread "GC Thread#2" [stack: 0x000000dc96300000,0x000000dc96400000] [id=6532]
  0x0000028dfd3e6800 GCTaskThread "GC Thread#3" [stack: 0x000000dc96400000,0x000000dc96500000] [id=17780]
  0x0000028dee6c10a0 ConcurrentGCThread "G1 Main Marker" [stack: 0x000000dc95000000,0x000000dc95100000] [id=17448]
  0x0000028dee6c2170 ConcurrentGCThread "G1 Conc#0" [stack: 0x000000dc95100000,0x000000dc95200000] [id=10268]
  0x0000028dee7050d0 ConcurrentGCThread "G1 Refine#0" [stack: 0x000000dc95200000,0x000000dc95300000] [id=7728]
  0x0000028dee705a20 ConcurrentGCThread "G1 Service" [stack: 0x000000dc95300000,0x000000dc95400000] [id=2100]

Threads with active compile tasks:
C2 CompilerThread0  145229 9258       4       java.lang.Class::getDeclaredAnnotations (11 bytes)

VM state: not at safepoint (normal execution)

VM Mutex/Monitor currently owned by a thread: None

OutOfMemory and StackOverflow Exception counts:
StackOverflowErrors=2
LinkageErrors=146

Heap address: 0x00000000c5800000, size: 936 MB, Compressed Oops mode: 32-bit

CDS archive(s) mapped at: [0x0000028d8f000000-0x0000028d8fbb0000-0x0000028d8fbb0000), size 12255232, SharedBaseAddress: 0x0000028d8f000000, ArchiveRelocationMode: 1.
Compressed class space mapped at: 0x0000028d90000000-0x0000028dd0000000, reserved size: 1073741824
Narrow klass base: 0x0000028d8f000000, Narrow klass shift: 0, Narrow klass range: 0x100000000

GC Precious Log:
 CPUs: 4 total, 4 available
 Memory: 3743M
 Large Page Support: Disabled
 NUMA Support: Disabled
 Compressed Oops: Enabled (32-bit)
 Heap Region Size: 1M
 Heap Min Capacity: 8M
 Heap Initial Capacity: 60M
 Heap Max Capacity: 936M
 Pre-touch: Disabled
 Parallel Workers: 4
 Concurrent Workers: 1
 Concurrent Refinement Workers: 4
 Periodic GC: Disabled

Heap:
 garbage-first heap   total 97280K, used 62662K [0x00000000c5800000, 0x0000000100000000)
  region size 1024K, 21 young (21504K), 3 survivors (3072K)
 Metaspace       used 79725K, committed 80448K, reserved 1179648K
  class space    used 10954K, committed 11328K, reserved 1048576K

Heap Regions: E=young(eden), S=young(survivor), O=old, HS=humongous(starts), HC=humongous(continues), CS=collection set, F=free, OA=open archive, CA=closed archive, TAMS=top-at-mark-start (previous, next)
|   0|0x00000000c5800000, 0x00000000c5900000, 0x00000000c5900000|100%|HS|  |TAMS 0x00000000c5900000, 0x00000000c5800000| Complete 
|   1|0x00000000c5900000, 0x00000000c5a00000, 0x00000000c5a00000|100%| O|  |TAMS 0x00000000c5a00000, 0x00000000c5900000| Untracked 
|   2|0x00000000c5a00000, 0x00000000c5b00000, 0x00000000c5b00000|100%| O|  |TAMS 0x00000000c5b00000, 0x00000000c5a00000| Untracked 
|   3|0x00000000c5b00000, 0x00000000c5c00000, 0x00000000c5c00000|100%| O|  |TAMS 0x00000000c5c00000, 0x00000000c5b00000| Untracked 
|   4|0x00000000c5c00000, 0x00000000c5d00000, 0x00000000c5d00000|100%| O|  |TAMS 0x00000000c5d00000, 0x00000000c5c00000| Untracked 
|   5|0x00000000c5d00000, 0x00000000c5e00000, 0x00000000c5e00000|100%| O|  |TAMS 0x00000000c5e00000, 0x00000000c5d00000| Untracked 
|   6|0x00000000c5e00000, 0x00000000c5f00000, 0x00000000c5f00000|100%| O|  |TAMS 0x00000000c5f00000, 0x00000000c5e00000| Untracked 
|   7|0x00000000c5f00000, 0x00000000c6000000, 0x00000000c6000000|100%| O|  |TAMS 0x00000000c6000000, 0x00000000c5f00000| Untracked 
|   8|0x00000000c6000000, 0x00000000c6100000, 0x00000000c6100000|100%| O|  |TAMS 0x00000000c6100000, 0x00000000c6000000| Untracked 
|   9|0x00000000c6100000, 0x00000000c6200000, 0x00000000c6200000|100%| O|  |TAMS 0x00000000c6200000, 0x00000000c6100000| Untracked 
|  10|0x00000000c6200000, 0x00000000c6300000, 0x00000000c6300000|100%| O|  |TAMS 0x00000000c6300000, 0x00000000c6200000| Untracked 
|  11|0x00000000c6300000, 0x00000000c6400000, 0x00000000c6400000|100%| O|  |TAMS 0x00000000c6400000, 0x00000000c6300000| Untracked 
|  12|0x00000000c6400000, 0x00000000c6500000, 0x00000000c6500000|100%| O|  |TAMS 0x00000000c6500000, 0x00000000c6400000| Untracked 
|  13|0x00000000c6500000, 0x00000000c6600000, 0x00000000c6600000|100%| O|  |TAMS 0x00000000c6600000, 0x00000000c6500000| Untracked 
|  14|0x00000000c6600000, 0x00000000c6700000, 0x00000000c6700000|100%| O|  |TAMS 0x00000000c6700000, 0x00000000c6600000| Untracked 
|  15|0x00000000c6700000, 0x00000000c6790800, 0x00000000c6800000| 56%| O|  |TAMS 0x00000000c6790800, 0x00000000c6700000| Untracked 
|  16|0x00000000c6800000, 0x00000000c6900000, 0x00000000c6900000|100%| O|  |TAMS 0x00000000c6900000, 0x00000000c6800000| Untracked 
|  17|0x00000000c6900000, 0x00000000c6a00000, 0x00000000c6a00000|100%| O|  |TAMS 0x00000000c6a00000, 0x00000000c6900000| Untracked 
|  18|0x00000000c6a00000, 0x00000000c6b00000, 0x00000000c6b00000|100%| O|  |TAMS 0x00000000c6b00000, 0x00000000c6a00000| Untracked 
|  19|0x00000000c6b00000, 0x00000000c6c00000, 0x00000000c6c00000|100%| O|  |TAMS 0x00000000c6c00000, 0x00000000c6b00000| Untracked 
|  20|0x00000000c6c00000, 0x00000000c6d00000, 0x00000000c6d00000|100%| O|  |TAMS 0x00000000c6d00000, 0x00000000c6c00000| Untracked 
|  21|0x00000000c6d00000, 0x00000000c6e00000, 0x00000000c6e00000|100%| O|  |TAMS 0x00000000c6e00000, 0x00000000c6d00000| Untracked 
|  22|0x00000000c6e00000, 0x00000000c6f00000, 0x00000000c6f00000|100%| O|  |TAMS 0x00000000c6f00000, 0x00000000c6e00000| Untracked 
|  23|0x00000000c6f00000, 0x00000000c7000000, 0x00000000c7000000|100%| O|  |TAMS 0x00000000c7000000, 0x00000000c6f00000| Untracked 
|  24|0x00000000c7000000, 0x00000000c7100000, 0x00000000c7100000|100%| O|  |TAMS 0x00000000c7100000, 0x00000000c7000000| Untracked 
|  25|0x00000000c7100000, 0x00000000c7200000, 0x00000000c7200000|100%| O|  |TAMS 0x00000000c7200000, 0x00000000c7100000| Untracked 
|  26|0x00000000c7200000, 0x00000000c7300000, 0x00000000c7300000|100%| O|  |TAMS 0x00000000c7300000, 0x00000000c7200000| Untracked 
|  27|0x00000000c7300000, 0x00000000c7400000, 0x00000000c7400000|100%| O|  |TAMS 0x00000000c7400000, 0x00000000c7300000| Untracked 
|  28|0x00000000c7400000, 0x00000000c7500000, 0x00000000c7500000|100%| O|  |TAMS 0x00000000c7500000, 0x00000000c7400000| Untracked 
|  29|0x00000000c7500000, 0x00000000c7600000, 0x00000000c7600000|100%| O|  |TAMS 0x00000000c7600000, 0x00000000c7500000| Untracked 
|  30|0x00000000c7600000, 0x00000000c7700000, 0x00000000c7700000|100%| O|  |TAMS 0x00000000c7700000, 0x00000000c7600000| Untracked 
|  31|0x00000000c7700000, 0x00000000c7800000, 0x00000000c7800000|100%| O|  |TAMS 0x00000000c7800000, 0x00000000c7700000| Untracked 
|  32|0x00000000c7800000, 0x00000000c7900000, 0x00000000c7900000|100%| O|  |TAMS 0x00000000c7900000, 0x00000000c7800000| Untracked 
|  33|0x00000000c7900000, 0x00000000c7a00000, 0x00000000c7a00000|100%| O|  |TAMS 0x00000000c7a00000, 0x00000000c7900000| Untracked 
|  34|0x00000000c7a00000, 0x00000000c7b00000, 0x00000000c7b00000|100%| O|  |TAMS 0x00000000c7b00000, 0x00000000c7a00000| Untracked 
|  35|0x00000000c7b00000, 0x00000000c7c00000, 0x00000000c7c00000|100%| O|  |TAMS 0x00000000c7c00000, 0x00000000c7b00000| Untracked 
|  36|0x00000000c7c00000, 0x00000000c7d00000, 0x00000000c7d00000|100%| O|  |TAMS 0x00000000c7d00000, 0x00000000c7c00000| Untracked 
|  37|0x00000000c7d00000, 0x00000000c7e00000, 0x00000000c7e00000|100%| O|  |TAMS 0x00000000c7d4a200, 0x00000000c7d00000| Untracked 
|  38|0x00000000c7e00000, 0x00000000c7f00000, 0x00000000c7f00000|100%| O|  |TAMS 0x00000000c7e00000, 0x00000000c7e00000| Untracked 
|  39|0x00000000c7f00000, 0x00000000c8000000, 0x00000000c8000000|100%| O|  |TAMS 0x00000000c7f00000, 0x00000000c7f00000| Untracked 
|  40|0x00000000c8000000, 0x00000000c8100000, 0x00000000c8100000|100%| O|  |TAMS 0x00000000c8000000, 0x00000000c8000000| Untracked 
|  41|0x00000000c8100000, 0x00000000c8200000, 0x00000000c8200000|100%| O|  |TAMS 0x00000000c8100000, 0x00000000c8100000| Untracked 
|  42|0x00000000c8200000, 0x00000000c82c9e00, 0x00000000c8300000| 78%| O|  |TAMS 0x00000000c8200000, 0x00000000c8200000| Untracked 
|  43|0x00000000c8300000, 0x00000000c8300000, 0x00000000c8400000|  0%| F|  |TAMS 0x00000000c8300000, 0x00000000c8300000| Untracked 
|  44|0x00000000c8400000, 0x00000000c8400000, 0x00000000c8500000|  0%| F|  |TAMS 0x00000000c8400000, 0x00000000c8400000| Untracked 
|  45|0x00000000c8500000, 0x00000000c8500000, 0x00000000c8600000|  0%| F|  |TAMS 0x00000000c8500000, 0x00000000c8500000| Untracked 
|  46|0x00000000c8600000, 0x00000000c8600000, 0x00000000c8700000|  0%| F|  |TAMS 0x00000000c8600000, 0x00000000c8600000| Untracked 
|  47|0x00000000c8700000, 0x00000000c8700000, 0x00000000c8800000|  0%| F|  |TAMS 0x00000000c8700000, 0x00000000c8700000| Untracked 
|  48|0x00000000c8800000, 0x00000000c8800000, 0x00000000c8900000|  0%| F|  |TAMS 0x00000000c8800000, 0x00000000c8800000| Untracked 
|  49|0x00000000c8900000, 0x00000000c8900000, 0x00000000c8a00000|  0%| F|  |TAMS 0x00000000c8900000, 0x00000000c8900000| Untracked 
|  50|0x00000000c8a00000, 0x00000000c8a00000, 0x00000000c8b00000|  0%| F|  |TAMS 0x00000000c8a00000, 0x00000000c8a00000| Untracked 
|  51|0x00000000c8b00000, 0x00000000c8b00000, 0x00000000c8c00000|  0%| F|  |TAMS 0x00000000c8b00000, 0x00000000c8b00000| Untracked 
|  52|0x00000000c8c00000, 0x00000000c8c00000, 0x00000000c8d00000|  0%| F|  |TAMS 0x00000000c8c00000, 0x00000000c8c00000| Untracked 
|  53|0x00000000c8d00000, 0x00000000c8d00000, 0x00000000c8e00000|  0%| F|  |TAMS 0x00000000c8d00000, 0x00000000c8d00000| Untracked 
|  54|0x00000000c8e00000, 0x00000000c8e00000, 0x00000000c8f00000|  0%| F|  |TAMS 0x00000000c8e00000, 0x00000000c8e00000| Untracked 
|  55|0x00000000c8f00000, 0x00000000c8f00000, 0x00000000c9000000|  0%| F|  |TAMS 0x00000000c8f00000, 0x00000000c8f00000| Untracked 
|  56|0x00000000c9000000, 0x00000000c9000000, 0x00000000c9100000|  0%| F|  |TAMS 0x00000000c9000000, 0x00000000c9000000| Untracked 
|  57|0x00000000c9100000, 0x00000000c9100000, 0x00000000c9200000|  0%| F|  |TAMS 0x00000000c9100000, 0x00000000c9100000| Untracked 
|  58|0x00000000c9200000, 0x00000000c92d7460, 0x00000000c9300000| 84%| S|CS|TAMS 0x00000000c9200000, 0x00000000c9200000| Complete 
|  59|0x00000000c9300000, 0x00000000c9400000, 0x00000000c9400000|100%| S|CS|TAMS 0x00000000c9300000, 0x00000000c9300000| Complete 
|  60|0x00000000c9400000, 0x00000000c9500000, 0x00000000c9500000|100%| S|CS|TAMS 0x00000000c9400000, 0x00000000c9400000| Complete 
|  61|0x00000000c9500000, 0x00000000c9500000, 0x00000000c9600000|  0%| F|  |TAMS 0x00000000c9500000, 0x00000000c9500000| Untracked 
|  62|0x00000000c9600000, 0x00000000c9600000, 0x00000000c9700000|  0%| F|  |TAMS 0x00000000c9600000, 0x00000000c9600000| Untracked 
|  63|0x00000000c9700000, 0x00000000c9700000, 0x00000000c9800000|  0%| F|  |TAMS 0x00000000c9700000, 0x00000000c9700000| Untracked 
|  64|0x00000000c9800000, 0x00000000c9800000, 0x00000000c9900000|  0%| F|  |TAMS 0x00000000c9800000, 0x00000000c9800000| Untracked 
|  65|0x00000000c9900000, 0x00000000c9900000, 0x00000000c9a00000|  0%| F|  |TAMS 0x00000000c9900000, 0x00000000c9900000| Untracked 
|  66|0x00000000c9a00000, 0x00000000c9a00000, 0x00000000c9b00000|  0%| F|  |TAMS 0x00000000c9a00000, 0x00000000c9a00000| Untracked 
|  67|0x00000000c9b00000, 0x00000000c9b00000, 0x00000000c9c00000|  0%| F|  |TAMS 0x00000000c9b00000, 0x00000000c9b00000| Untracked 
|  68|0x00000000c9c00000, 0x00000000c9c00000, 0x00000000c9d00000|  0%| F|  |TAMS 0x00000000c9c00000, 0x00000000c9c00000| Untracked 
|  69|0x00000000c9d00000, 0x00000000c9d00000, 0x00000000c9e00000|  0%| F|  |TAMS 0x00000000c9d00000, 0x00000000c9d00000| Untracked 
|  70|0x00000000c9e00000, 0x00000000c9e00000, 0x00000000c9f00000|  0%| F|  |TAMS 0x00000000c9e00000, 0x00000000c9e00000| Untracked 
|  71|0x00000000c9f00000, 0x00000000c9f00000, 0x00000000ca000000|  0%| F|  |TAMS 0x00000000c9f00000, 0x00000000c9f00000| Untracked 
|  72|0x00000000ca000000, 0x00000000ca000000, 0x00000000ca100000|  0%| F|  |TAMS 0x00000000ca000000, 0x00000000ca000000| Untracked 
|  73|0x00000000ca100000, 0x00000000ca100000, 0x00000000ca200000|  0%| F|  |TAMS 0x00000000ca100000, 0x00000000ca100000| Untracked 
|  74|0x00000000ca200000, 0x00000000ca200000, 0x00000000ca300000|  0%| F|  |TAMS 0x00000000ca200000, 0x00000000ca200000| Untracked 
|  75|0x00000000ca300000, 0x00000000ca300000, 0x00000000ca400000|  0%| F|  |TAMS 0x00000000ca300000, 0x00000000ca300000| Untracked 
|  76|0x00000000ca400000, 0x00000000ca400000, 0x00000000ca500000|  0%| F|  |TAMS 0x00000000ca400000, 0x00000000ca400000| Untracked 
|  77|0x00000000ca500000, 0x00000000ca5a7730, 0x00000000ca600000| 65%| E|  |TAMS 0x00000000ca500000, 0x00000000ca500000| Complete 
|  78|0x00000000ca600000, 0x00000000ca700000, 0x00000000ca700000|100%| E|CS|TAMS 0x00000000ca600000, 0x00000000ca600000| Complete 
|  79|0x00000000ca700000, 0x00000000ca800000, 0x00000000ca800000|100%| E|CS|TAMS 0x00000000ca700000, 0x00000000ca700000| Complete 
|  80|0x00000000ca800000, 0x00000000ca900000, 0x00000000ca900000|100%| E|  |TAMS 0x00000000ca800000, 0x00000000ca800000| Complete 
|  81|0x00000000ca900000, 0x00000000caa00000, 0x00000000caa00000|100%| E|CS|TAMS 0x00000000ca900000, 0x00000000ca900000| Complete 
|  82|0x00000000caa00000, 0x00000000cab00000, 0x00000000cab00000|100%| E|CS|TAMS 0x00000000caa00000, 0x00000000caa00000| Complete 
|  83|0x00000000cab00000, 0x00000000cac00000, 0x00000000cac00000|100%| E|CS|TAMS 0x00000000cab00000, 0x00000000cab00000| Complete 
|  84|0x00000000cac00000, 0x00000000cad00000, 0x00000000cad00000|100%| E|CS|TAMS 0x00000000cac00000, 0x00000000cac00000| Complete 
|  85|0x00000000cad00000, 0x00000000cae00000, 0x00000000cae00000|100%| E|CS|TAMS 0x00000000cad00000, 0x00000000cad00000| Complete 
|  86|0x00000000cae00000, 0x00000000caf00000, 0x00000000caf00000|100%| E|CS|TAMS 0x00000000cae00000, 0x00000000cae00000| Complete 
|  87|0x00000000caf00000, 0x00000000cb000000, 0x00000000cb000000|100%| E|CS|TAMS 0x00000000caf00000, 0x00000000caf00000| Complete 
|  88|0x00000000cb000000, 0x00000000cb100000, 0x00000000cb100000|100%| E|CS|TAMS 0x00000000cb000000, 0x00000000cb000000| Complete 
|  89|0x00000000cb100000, 0x00000000cb200000, 0x00000000cb200000|100%| E|CS|TAMS 0x00000000cb100000, 0x00000000cb100000| Complete 
|  90|0x00000000cb200000, 0x00000000cb300000, 0x00000000cb300000|100%| E|CS|TAMS 0x00000000cb200000, 0x00000000cb200000| Complete 
|  91|0x00000000cb300000, 0x00000000cb400000, 0x00000000cb400000|100%| E|CS|TAMS 0x00000000cb300000, 0x00000000cb300000| Complete 
|  92|0x00000000cb400000, 0x00000000cb500000, 0x00000000cb500000|100%| E|CS|TAMS 0x00000000cb400000, 0x00000000cb400000| Complete 
|  93|0x00000000cb500000, 0x00000000cb600000, 0x00000000cb600000|100%| E|CS|TAMS 0x00000000cb500000, 0x00000000cb500000| Complete 
|  94|0x00000000cb600000, 0x00000000cb700000, 0x00000000cb700000|100%| E|CS|TAMS 0x00000000cb600000, 0x00000000cb600000| Complete 

Card table byte_map: [0x0000028df8310000,0x0000028df84f0000] _byte_map_base: 0x0000028df7ce4000

Marking Bits (Prev, Next): (CMBitMap*) 0x0000028dee6b9270, (CMBitMap*) 0x0000028dee6b92b0
 Prev Bits: [0x0000028df86d0000, 0x0000028df9570000)
 Next Bits: [0x0000028df9570000, 0x0000028dfa410000)

Polling page: 0x0000028df7ad0000

Metaspace:

Usage:
  Non-class:     67.16 MB used.
      Class:     10.70 MB used.
       Both:     77.86 MB used.

Virtual space:
  Non-class space:      128.00 MB reserved,      67.50 MB ( 53%) committed,  2 nodes.
      Class space:        1.00 GB reserved,      11.06 MB (  1%) committed,  1 nodes.
             Both:        1.12 GB reserved,      78.56 MB (  7%) committed. 

Chunk freelists:
   Non-Class:  12.08 MB
       Class:  4.98 MB
        Both:  17.06 MB

MaxMetaspaceSize: unlimited
CompressedClassSpaceSize: 1.00 GB
Initial GC threshold: 21.00 MB
Current GC threshold: 112.50 MB
CDS: on
MetaspaceReclaimPolicy: balanced
 - commit_granule_bytes: 65536.
 - commit_granule_words: 8192.
 - virtual_space_node_default_size: 8388608.
 - enlarge_chunks_in_place: 1.
 - new_chunks_are_fully_committed: 0.
 - uncommit_free_chunks: 1.
 - use_allocation_guard: 0.
 - handle_deallocations: 1.


Internal statistics:

num_allocs_failed_limit: 12.
num_arena_births: 1010.
num_arena_deaths: 0.
num_vsnodes_births: 3.
num_vsnodes_deaths: 0.
num_space_committed: 1257.
num_space_uncommitted: 0.
num_chunks_returned_to_freelist: 12.
num_chunks_taken_from_freelist: 4040.
num_chunk_merges: 12.
num_chunk_splits: 2916.
num_chunks_enlarged: 2241.
num_inconsistent_stats: 0.

CodeHeap 'non-profiled nmethods': size=120000Kb used=4192Kb max_used=4192Kb free=115807Kb
 bounds [0x0000028d87ad0000, 0x0000028d87ef0000, 0x0000028d8f000000]
CodeHeap 'profiled nmethods': size=120000Kb used=15279Kb max_used=15279Kb free=104721Kb
 bounds [0x0000028d80000000, 0x0000028d80ef0000, 0x0000028d87530000]
CodeHeap 'non-nmethods': size=5760Kb used=1359Kb max_used=1408Kb free=4400Kb
 bounds [0x0000028d87530000, 0x0000028d877a0000, 0x0000028d87ad0000]
 total_blobs=9204 nmethods=8507 adapters=609
 compilation: enabled
              stopped_count=0, restarted_count=0
 full_count=0

Compilation events (20 events):
Event: 145.081 Thread 0x0000028dfc9deb40 9541       1       org.apache.tomcat.util.descriptor.web.FilterMap::getFilterName (5 bytes)
Event: 145.081 Thread 0x0000028dfc9deb40 nmethod 9541 0x0000028d87ee7810 code [0x0000028d87ee79a0, 0x0000028d87ee7a78]
Event: 145.081 Thread 0x0000028dfc9deb40 9542       1       org.apache.tomcat.util.descriptor.web.FilterMap::getMatchAllServletNames (5 bytes)
Event: 145.081 Thread 0x0000028dfc9deb40 nmethod 9542 0x0000028d87ee7b10 code [0x0000028d87ee7ca0, 0x0000028d87ee7d78]
Event: 145.082 Thread 0x0000028dfc9deb40 9543   !   2       java.io.PrintStream::write (69 bytes)
Event: 145.084 Thread 0x0000028dfc9deb40 nmethod 9543 0x0000028d80edf410 code [0x0000028d80edf600, 0x0000028d80edf9f8]
Event: 145.084 Thread 0x0000028dfc9deb40 9544       2       java.io.FileOutputStream::write (20 bytes)
Event: 145.084 Thread 0x0000028dfc9deb40 nmethod 9544 0x0000028d80edfc90 code [0x0000028d80edfe40, 0x0000028d80edff68]
Event: 145.084 Thread 0x0000028dfc9deb40 9545       2       org.springframework.security.web.firewall.StrictHttpFirewall$StrictFirewalledRequest$1::nextElement (5 bytes)
Event: 145.085 Thread 0x0000028dfc9deb40 nmethod 9545 0x0000028d80ee0090 code [0x0000028d80ee0240, 0x0000028d80ee03f8]
Event: 145.085 Thread 0x0000028dfc9deb40 9546       2       org.springframework.security.web.firewall.StrictHttpFirewall$StrictFirewalledRequest$2::nextElement (5 bytes)
Event: 145.086 Thread 0x0000028dfc9deb40 nmethod 9546 0x0000028d80ee0510 code [0x0000028d80ee0700, 0x0000028d80ee09d8]
Event: 145.089 Thread 0x0000028dfc9deb40 9547   !   2       java.util.ServiceLoader$LazyClassPathLookupIterator::nextProviderClass (248 bytes)
Event: 145.095 Thread 0x0000028dfc9deb40 nmethod 9547 0x0000028d80ee0c10 code [0x0000028d80ee0fe0, 0x0000028d80ee1e38]
Event: 145.095 Thread 0x0000028dfc9deb40 9549       2       java.lang.invoke.VarHandleReferences$Array::runtimeTypeCheck (26 bytes)
Event: 145.096 Thread 0x0000028dfc9deb40 nmethod 9549 0x0000028d80ee2810 code [0x0000028d80ee2a20, 0x0000028d80ee2ed8]
Event: 145.097 Thread 0x0000028dfc9deb40 9548       2       com.fasterxml.jackson.core.JsonFactory$Feature::getMask (7 bytes)
Event: 145.097 Thread 0x0000028dfc9deb40 nmethod 9548 0x0000028d80ee3210 code [0x0000028d80ee33a0, 0x0000028d80ee34b8]
Event: 145.097 Thread 0x0000028dfc9deb40 9550       1       org.hibernate.internal.SessionFactoryImpl::getRuntimeMetamodels (5 bytes)
Event: 145.097 Thread 0x0000028dfc9deb40 nmethod 9550 0x0000028d87ee7e10 code [0x0000028d87ee7fa0, 0x0000028d87ee8078]

GC Heap History (20 events):
Event: 43.627 GC heap before
{Heap before GC invocations=21 (full 0):
 garbage-first heap   total 73728K, used 59435K [0x00000000c5800000, 0x0000000100000000)
  region size 1024K, 28 young (28672K), 4 survivors (4096K)
 Metaspace       used 66031K, committed 66624K, reserved 1114112K
  class space    used 9199K, committed 9472K, reserved 1048576K
}
Event: 43.685 GC heap after
{Heap after GC invocations=22 (full 0):
 garbage-first heap   total 73728K, used 35730K [0x00000000c5800000, 0x0000000100000000)
  region size 1024K, 3 young (3072K), 3 survivors (3072K)
 Metaspace       used 66031K, committed 66624K, reserved 1114112K
  class space    used 9199K, committed 9472K, reserved 1048576K
}
Event: 44.770 GC heap before
{Heap before GC invocations=22 (full 0):
 garbage-first heap   total 73728K, used 59282K [0x00000000c5800000, 0x0000000100000000)
  region size 1024K, 26 young (26624K), 3 survivors (3072K)
 Metaspace       used 66087K, committed 66624K, reserved 1114112K
  class space    used 9205K, committed 9472K, reserved 1048576K
}
Event: 44.815 GC heap after
{Heap after GC invocations=23 (full 0):
 garbage-first heap   total 73728K, used 36897K [0x00000000c5800000, 0x0000000100000000)
  region size 1024K, 2 young (2048K), 2 survivors (2048K)
 Metaspace       used 66087K, committed 66624K, reserved 1114112K
  class space    used 9205K, committed 9472K, reserved 1048576K
}
Event: 46.966 GC heap before
{Heap before GC invocations=24 (full 0):
 garbage-first heap   total 73728K, used 59425K [0x00000000c5800000, 0x0000000100000000)
  region size 1024K, 24 young (24576K), 2 survivors (2048K)
 Metaspace       used 66094K, committed 66624K, reserved 1114112K
  class space    used 9205K, committed 9472K, reserved 1048576K
}
Event: 46.978 GC heap after
{Heap after GC invocations=25 (full 0):
 garbage-first heap   total 73728K, used 38616K [0x00000000c5800000, 0x0000000100000000)
  region size 1024K, 3 young (3072K), 3 survivors (3072K)
 Metaspace       used 66094K, committed 66624K, reserved 1114112K
  class space    used 9205K, committed 9472K, reserved 1048576K
}
Event: 48.076 GC heap before
{Heap before GC invocations=25 (full 0):
 garbage-first heap   total 73728K, used 59096K [0x00000000c5800000, 0x0000000100000000)
  region size 1024K, 23 young (23552K), 3 survivors (3072K)
 Metaspace       used 66151K, committed 66688K, reserved 1114112K
  class space    used 9217K, committed 9472K, reserved 1048576K
}
Event: 48.084 GC heap after
{Heap after GC invocations=26 (full 0):
 garbage-first heap   total 73728K, used 37693K [0x00000000c5800000, 0x0000000100000000)
  region size 1024K, 1 young (1024K), 1 survivors (1024K)
 Metaspace       used 66151K, committed 66688K, reserved 1114112K
  class space    used 9217K, committed 9472K, reserved 1048576K
}
Event: 48.809 GC heap before
{Heap before GC invocations=27 (full 0):
 garbage-first heap   total 73728K, used 59197K [0x00000000c5800000, 0x0000000100000000)
  region size 1024K, 22 young (22528K), 1 survivors (1024K)
 Metaspace       used 66179K, committed 66688K, reserved 1114112K
  class space    used 9222K, committed 9472K, reserved 1048576K
}
Event: 48.818 GC heap after
{Heap after GC invocations=28 (full 0):
 garbage-first heap   total 73728K, used 39526K [0x00000000c5800000, 0x0000000100000000)
  region size 1024K, 3 young (3072K), 3 survivors (3072K)
 Metaspace       used 66179K, committed 66688K, reserved 1114112K
  class space    used 9222K, committed 9472K, reserved 1048576K
}
Event: 49.215 GC heap before
{Heap before GC invocations=28 (full 0):
 garbage-first heap   total 73728K, used 58982K [0x00000000c5800000, 0x0000000100000000)
  region size 1024K, 22 young (22528K), 3 survivors (3072K)
 Metaspace       used 66312K, committed 66816K, reserved 1114112K
  class space    used 9228K, committed 9472K, reserved 1048576K
}
Event: 49.224 GC heap after
{Heap after GC invocations=29 (full 0):
 garbage-first heap   total 73728K, used 38305K [0x00000000c5800000, 0x0000000100000000)
  region size 1024K, 1 young (1024K), 1 survivors (1024K)
 Metaspace       used 66312K, committed 66816K, reserved 1114112K
  class space    used 9228K, committed 9472K, reserved 1048576K
}
Event: 49.668 GC heap before
{Heap before GC invocations=30 (full 0):
 garbage-first heap   total 80896K, used 59809K [0x00000000c5800000, 0x0000000100000000)
  region size 1024K, 22 young (22528K), 1 survivors (1024K)
 Metaspace       used 66483K, committed 67008K, reserved 1114112K
  class space    used 9243K, committed 9472K, reserved 1048576K
}
Event: 49.673 GC heap after
{Heap after GC invocations=31 (full 0):
 garbage-first heap   total 80896K, used 38693K [0x00000000c5800000, 0x0000000100000000)
  region size 1024K, 1 young (1024K), 1 survivors (1024K)
 Metaspace       used 66483K, committed 67008K, reserved 1114112K
  class space    used 9243K, committed 9472K, reserved 1048576K
}
Event: 50.923 GC heap before
{Heap before GC invocations=31 (full 0):
 garbage-first heap   total 80896K, used 66341K [0x00000000c5800000, 0x0000000100000000)
  region size 1024K, 28 young (28672K), 1 survivors (1024K)
 Metaspace       used 68375K, committed 68928K, reserved 1114112K
  class space    used 9445K, committed 9664K, reserved 1048576K
}
Event: 50.931 GC heap after
{Heap after GC invocations=32 (full 0):
 garbage-first heap   total 97280K, used 40169K [0x00000000c5800000, 0x0000000100000000)
  region size 1024K, 3 young (3072K), 3 survivors (3072K)
 Metaspace       used 68375K, committed 68928K, reserved 1114112K
  class space    used 9445K, committed 9664K, reserved 1048576K
}
Event: 55.268 GC heap before
{Heap before GC invocations=33 (full 0):
 garbage-first heap   total 97280K, used 78057K [0x00000000c5800000, 0x0000000100000000)
  region size 1024K, 40 young (40960K), 3 survivors (3072K)
 Metaspace       used 72406K, committed 72960K, reserved 1114112K
  class space    used 9994K, committed 10240K, reserved 1048576K
}
Event: 55.318 GC heap after
{Heap after GC invocations=34 (full 0):
 garbage-first heap   total 97280K, used 43463K [0x00000000c5800000, 0x0000000100000000)
  region size 1024K, 5 young (5120K), 5 survivors (5120K)
 Metaspace       used 72406K, committed 72960K, reserved 1114112K
  class space    used 9994K, committed 10240K, reserved 1048576K
}
Event: 143.012 GC heap before
{Heap before GC invocations=34 (full 0):
 garbage-first heap   total 97280K, used 78279K [0x00000000c5800000, 0x0000000100000000)
  region size 1024K, 39 young (39936K), 5 survivors (5120K)
 Metaspace       used 77624K, committed 78272K, reserved 1179648K
  class space    used 10717K, committed 11008K, reserved 1048576K
}
Event: 143.172 GC heap after
{Heap after GC invocations=35 (full 0):
 garbage-first heap   total 97280K, used 46278K [0x00000000c5800000, 0x0000000100000000)
  region size 1024K, 3 young (3072K), 3 survivors (3072K)
 Metaspace       used 77624K, committed 78272K, reserved 1179648K
  class space    used 10717K, committed 11008K, reserved 1048576K
}

Dll operation events (14 events):
Event: 0.592 Loaded shared library C:\Users\Sniffer\.jdks\ms-17.0.17\bin\java.dll
Event: 0.630 Loaded shared library C:\Users\Sniffer\.jdks\ms-17.0.17\bin\jsvml.dll
Event: 1.173 Loaded shared library C:\Users\Sniffer\.jdks\ms-17.0.17\bin\zip.dll
Event: 1.185 Loaded shared library C:\Users\Sniffer\.jdks\ms-17.0.17\bin\instrument.dll
Event: 1.210 Loaded shared library C:\Users\Sniffer\.jdks\ms-17.0.17\bin\net.dll
Event: 1.215 Loaded shared library C:\Users\Sniffer\.jdks\ms-17.0.17\bin\nio.dll
Event: 1.370 Loaded shared library C:\Users\Sniffer\.jdks\ms-17.0.17\bin\zip.dll
Event: 14.166 Loaded shared library C:\Program Files\JetBrains\IntelliJ IDEA Community Edition 2024.2.3\bin\breakgen64.dll
Event: 14.213 Loaded shared library C:\Users\Sniffer\.jdks\ms-17.0.17\bin\extnet.dll
Event: 14.376 Loaded shared library C:\Users\Sniffer\.jdks\ms-17.0.17\bin\jimage.dll
Event: 20.106 Loaded shared library C:\Users\Sniffer\.jdks\ms-17.0.17\bin\sunmscapi.dll
Event: 27.924 Loaded shared library C:\Users\Sniffer\.jdks\ms-17.0.17\bin\management.dll
Event: 27.941 Loaded shared library C:\Users\Sniffer\.jdks\ms-17.0.17\bin\management_ext.dll
Event: 30.056 Loaded shared library C:\Users\Sniffer\.jdks\ms-17.0.17\bin\verify.dll

Deoptimization events (20 events):
Event: 144.126 Thread 0x0000028dfe470930 Uncommon trap: trap_request=0xffffff45 fr.pc=0x0000028d87af65e4 relative=0x0000000000000144
Event: 144.126 Thread 0x0000028dfe470930 Uncommon trap: reason=unstable_if action=reinterpret pc=0x0000028d87af65e4 method=java.lang.StringCoding.hasNegatives([BII)Z @ 12 c2
Event: 144.126 Thread 0x0000028dfe470930 DEOPT PACKING pc=0x0000028d87af65e4 sp=0x000000dc972f6f50
Event: 144.126 Thread 0x0000028dfe470930 DEOPT UNPACKING pc=0x0000028d8758699d sp=0x000000dc972f6ee0 mode 2
Event: 144.142 Thread 0x0000028dfe470930 DEOPT PACKING pc=0x0000028d80e1864a sp=0x000000dc972f7060
Event: 144.142 Thread 0x0000028dfe470930 DEOPT UNPACKING pc=0x0000028d87587124 sp=0x000000dc972f64e8 mode 0
Event: 144.192 Thread 0x0000028dfe470e40 DEOPT PACKING pc=0x0000028d80e1864a sp=0x000000dc973f6c70
Event: 144.192 Thread 0x0000028dfe470e40 DEOPT UNPACKING pc=0x0000028d87587124 sp=0x000000dc973f60f8 mode 0
Event: 144.241 Thread 0x0000028dfe470e40 DEOPT PACKING pc=0x0000028d80e1864a sp=0x000000dc973fb830
Event: 144.241 Thread 0x0000028dfe470e40 DEOPT UNPACKING pc=0x0000028d87587124 sp=0x000000dc973facb8 mode 0
Event: 144.383 Thread 0x0000028dfe470930 DEOPT PACKING pc=0x0000028d80e1864a sp=0x000000dc972fb2b0
Event: 144.383 Thread 0x0000028dfe470930 DEOPT UNPACKING pc=0x0000028d87587124 sp=0x000000dc972fa738 mode 0
Event: 144.461 Thread 0x0000028dfe471d70 Uncommon trap: trap_request=0xffffff45 fr.pc=0x0000028d87cc5290 relative=0x00000000000002d0
Event: 144.461 Thread 0x0000028dfe471d70 Uncommon trap: reason=unstable_if action=reinterpret pc=0x0000028d87cc5290 method=java.lang.Class.newReflectionData(Ljava/lang/ref/SoftReference;I)Ljava/lang/Class$ReflectionData; @ 22 c2
Event: 144.461 Thread 0x0000028dfe471d70 DEOPT PACKING pc=0x0000028d87cc5290 sp=0x000000dc970faab0
Event: 144.461 Thread 0x0000028dfe471d70 DEOPT UNPACKING pc=0x0000028d8758699d sp=0x000000dc970fa980 mode 2
Event: 144.789 Thread 0x0000028dfe471860 DEOPT PACKING pc=0x0000028d80e1864a sp=0x000000dc96cfc420
Event: 144.789 Thread 0x0000028dfe471860 DEOPT UNPACKING pc=0x0000028d87587124 sp=0x000000dc96cfb8a8 mode 0
Event: 144.990 Thread 0x0000028dfe471860 DEOPT PACKING pc=0x0000028d80e1864a sp=0x000000dc96cf6e50
Event: 144.990 Thread 0x0000028dfe471860 DEOPT UNPACKING pc=0x0000028d87587124 sp=0x000000dc96cf62d8 mode 0

Classes loaded (20 events):
Event: 143.971 Loading class java/util/stream/DoubleStream done
Event: 143.971 Loading class java/util/stream/DoublePipeline done
Event: 143.971 Loading class java/util/stream/DoublePipeline$StatelessOp done
Event: 143.971 Loading class java/util/stream/ReferencePipeline$6 done
Event: 143.973 Loading class java/util/function/ObjDoubleConsumer
Event: 143.973 Loading class java/util/function/ObjDoubleConsumer done
Event: 143.977 Loading class java/util/stream/ReduceOps$16
Event: 143.977 Loading class java/util/stream/ReduceOps$16 done
Event: 143.977 Loading class java/util/stream/ReduceOps$13ReducingSink
Event: 143.978 Loading class java/util/stream/Sink$OfDouble
Event: 143.978 Loading class java/util/stream/Sink$OfDouble done
Event: 143.978 Loading class java/util/stream/ReduceOps$13ReducingSink done
Event: 143.978 Loading class java/util/stream/ReferencePipeline$6$1
Event: 143.979 Loading class java/util/stream/ReferencePipeline$6$1 done
Event: 144.304 Loading class java/util/stream/LongStream
Event: 144.306 Loading class java/util/stream/LongStream done
Event: 144.492 Loading class org/w3c/dom/Node
Event: 144.499 Loading class org/w3c/dom/Node done
Event: 144.499 Loading class org/w3c/dom/Document
Event: 144.533 Loading class org/w3c/dom/Document done

Classes unloaded (0 events):
No events

Classes redefined (0 events):
No events

Internal exceptions (20 events):
Event: 55.128 Thread 0x0000028dee67e4d0 Exception <a 'java/lang/IncompatibleClassChangeError'{0x00000000c963ab80}: Found class java.lang.Object, but interface was expected> (0x00000000c963ab80) 
thrown [s\src\hotspot\share\interpreter\linkResolver.cpp, line 826]
Event: 55.520 Thread 0x0000028dee67e4d0 Exception <a 'java/lang/NoSuchMethodError'{0x00000000cb18d050}: 'java.lang.Object java.lang.invoke.DirectMethodHandle$Holder.newInvokeSpecial(java.lang.Object, java.lang.Object, int, java.lang.Object, java.lang.Object)'> (0x00000000cb18d050) 
thrown [s\src\hotspot\share\interpreter\linkResolver.cpp, line 759]
Event: 55.522 Thread 0x0000028dee67e4d0 Exception <a 'java/lang/NoSuchMethodError'{0x00000000cb1982e8}: 'java.lang.Object java.lang.invoke.DirectMethodHandle$Holder.invokeSpecial(java.lang.Object, java.lang.Object, int, java.lang.Object, int, java.lang.Object)'> (0x00000000cb1982e8) 
thrown [s\src\hotspot\share\interpreter\linkResolver.cpp, line 759]
Event: 55.523 Thread 0x0000028dee67e4d0 Exception <a 'java/lang/NoSuchMethodError'{0x00000000cb1a0060}: 'java.lang.Object java.lang.invoke.DirectMethodHandle$Holder.newInvokeSpecial(java.lang.Object, java.lang.Object, int, java.lang.Object, int)'> (0x00000000cb1a0060) 
thrown [s\src\hotspot\share\interpreter\linkResolver.cpp, line 759]
Event: 55.524 Thread 0x0000028dee67e4d0 Exception <a 'java/lang/NoSuchMethodError'{0x00000000cb1a4160}: 'java.lang.Object java.lang.invoke.DirectMethodHandle$Holder.invokeSpecial(java.lang.Object, java.lang.Object, java.lang.Object, int, java.lang.Object, int)'> (0x00000000cb1a4160) 
thrown [s\src\hotspot\share\interpreter\linkResolver.cpp, line 759]
Event: 138.892 Thread 0x0000028dfe471860 Exception <a 'java/lang/NoSuchMethodError'{0x00000000ca7b23b0}: 'java.lang.Object java.lang.invoke.DirectMethodHandle$Holder.invokeSpecial(java.lang.Object, java.lang.Object, java.lang.Object, java.lang.Object, java.lang.Object, long)'> (0x00000000ca7b23b0) 
thrown [s\src\hotspot\share\interpreter\linkResolver.cpp, line 759]
Event: 138.894 Thread 0x0000028dfe471860 Exception <a 'java/lang/NoSuchMethodError'{0x00000000ca7b5df0}: 'java.lang.Object java.lang.invoke.Invokers$Holder.linkToTargetMethod(java.lang.Object, java.lang.Object, java.lang.Object, long, java.lang.Object)'> (0x00000000ca7b5df0) 
thrown [s\src\hotspot\share\interpreter\linkResolver.cpp, line 759]
Event: 142.436 Thread 0x0000028dfe470930 Exception <a 'java/lang/NoSuchMethodError'{0x00000000c9b835b0}: 'void java.lang.invoke.DirectMethodHandle$Holder.invokeSpecialIFC(java.lang.Object, java.lang.Object, int, java.lang.Object, java.lang.Object, java.lang.Object, java.lang.Object)'> (0x00000000c9b835b0) 
thrown [s\src\hotspot\share\interpreter\linkResolver.cpp, line 759]
Event: 142.436 Thread 0x0000028dfe46fa00 Exception <a 'java/lang/NoSuchMethodError'{0x00000000c9cf6cb0}: 'void java.lang.invoke.DirectMethodHandle$Holder.invokeSpecialIFC(java.lang.Object, java.lang.Object, int, java.lang.Object, java.lang.Object, java.lang.Object, java.lang.Object)'> (0x00000000c9cf6cb0) 
thrown [s\src\hotspot\share\interpreter\linkResolver.cpp, line 759]
Event: 142.438 Thread 0x0000028dfe474b00 Exception <a 'java/lang/NoSuchMethodError'{0x00000000c9cae778}: 'void java.lang.invoke.DirectMethodHandle$Holder.invokeSpecialIFC(java.lang.Object, java.lang.Object, int, java.lang.Object, java.lang.Object, java.lang.Object, java.lang.Object)'> (0x00000000c9cae778) 
thrown [s\src\hotspot\share\interpreter\linkResolver.cpp, line 759]
Event: 143.945 Thread 0x0000028dfe474b00 Implicit null exception at 0x0000028d87eacc9e to 0x0000028d87eadffc
Event: 143.974 Thread 0x0000028dfe471d70 Exception <a 'java/lang/NoSuchMethodError'{0x00000000cb4f9d50}: 'void java.lang.invoke.DirectMethodHandle$Holder.invokeStatic(java.lang.Object, java.lang.Object, double)'> (0x00000000cb4f9d50) 
thrown [s\src\hotspot\share\interpreter\linkResolver.cpp, line 759]
Event: 144.240 Thread 0x0000028dfe474b00 Exception <a 'java/lang/NoSuchMethodError'{0x00000000caf3b4d0}: 'java.lang.Object java.lang.invoke.DirectMethodHandle$Holder.invokeSpecial(java.lang.Object, java.lang.Object, long, java.lang.Object, java.lang.Object, java.lang.Object, java.lang.Object, java.lang.Object, java.lang.Object, java.lang.Object, int, java.lang.Object, java.lang.Object)'> (0x00000000caf3b4d0) 
thrown [s\src\hotspot\share\interpreter\linkResolver.cpp, line 759]
Event: 144.242 Thread 0x0000028dfe474b00 Exception <a 'java/lang/NoSuchMethodError'{0x00000000caf40268}: 'java.lang.Object java.lang.invoke.DelegatingMethodHandle$Holder.reinvoke_L(java.lang.Object, long, java.lang.Object, java.lang.Object, java.lang.Object, java.lang.Object, java.lang.Object, java.lang.Object, java.lang.Object, int, java.lang.Object, java.lang.Object)'> (0x00000000caf40268) 
thrown [s\src\hotspot\share\interpreter\linkResolver.cpp, line 759]
Event: 144.361 Thread 0x0000028dfe471350 StackOverflowError at 0x0000028d87b2f840
Event: 144.361 Thread 0x0000028dfe471350 Exception <a 'java/lang/StackOverflowError'{0x00000000caca2288}> (0x00000000caca2288) 
thrown [s\src\hotspot\share\runtime\sharedRuntime.cpp, line 631]
Event: 144.374 Thread 0x0000028dfe470930 Exception <a 'java/lang/NoSuchMethodError'{0x00000000cb0f0558}: 'java.lang.Object java.lang.invoke.DirectMethodHandle$Holder.invokeSpecial(java.lang.Object, java.lang.Object, long, java.lang.Object, java.lang.Object, java.lang.Object, java.lang.Object, java.lang.Object, java.lang.Object, int)'> (0x00000000cb0f0558) 
thrown [s\src\hotspot\share\interpreter\linkResolver.cpp, line 759]
Event: 144.375 Thread 0x0000028dfe470930 Exception <a 'java/lang/NoSuchMethodError'{0x00000000cace2248}: 'java.lang.Object java.lang.invoke.DelegatingMethodHandle$Holder.reinvoke_L(java.lang.Object, long, java.lang.Object, java.lang.Object, java.lang.Object, java.lang.Object, java.lang.Object, java.lang.Object, int)'> (0x00000000cace2248) 
thrown [s\src\hotspot\share\interpreter\linkResolver.cpp, line 759]
Event: 144.400 Thread 0x0000028dfe474b00 StackOverflowError at 0x0000028d80de6480
Event: 144.400 Thread 0x0000028dfe474b00 Exception <a 'java/lang/StackOverflowError'{0x00000000cabf7468}> (0x00000000cabf7468) 
thrown [s\src\hotspot\share\runtime\sharedRuntime.cpp, line 631]

VM Operations (20 events):
Event: 141.018 Executing VM operation: HandshakeAllThreads
Event: 141.018 Executing VM operation: HandshakeAllThreads done
Event: 141.922 Executing VM operation: HandshakeAllThreads
Event: 141.922 Executing VM operation: HandshakeAllThreads done
Event: 141.922 Executing VM operation: Cleanup
Event: 141.922 Executing VM operation: Cleanup done
Event: 142.342 Executing VM operation: HandshakeAllThreads
Event: 142.342 Executing VM operation: HandshakeAllThreads done
Event: 142.367 Executing VM operation: HandshakeAllThreads
Event: 142.368 Executing VM operation: HandshakeAllThreads done
Event: 143.007 Executing VM operation: G1CollectForAllocation
Event: 143.173 Executing VM operation: G1CollectForAllocation done
Event: 143.357 Executing VM operation: HandshakeAllThreads
Event: 143.357 Executing VM operation: HandshakeAllThreads done
Event: 143.632 Executing VM operation: HandshakeAllThreads
Event: 143.644 Executing VM operation: HandshakeAllThreads done
Event: 143.983 Executing VM operation: HandshakeAllThreads
Event: 144.009 Executing VM operation: HandshakeAllThreads done
Event: 144.530 Executing VM operation: ICBufferFull
Event: 144.542 Executing VM operation: ICBufferFull done

Memory protections (0 events):
No events

Nmethod flushes (20 events):
Event: 39.411 Thread 0x0000028dfc9f3c30 flushing  nmethod 0x0000028d80c78610
Event: 39.411 Thread 0x0000028dfc9f3c30 flushing  nmethod 0x0000028d80c79010
Event: 39.411 Thread 0x0000028dfc9f3c30 flushing  nmethod 0x0000028d80c7c290
Event: 39.411 Thread 0x0000028dfc9f3c30 flushing  nmethod 0x0000028d80c7d990
Event: 39.411 Thread 0x0000028dfc9f3c30 flushing  nmethod 0x0000028d80c7e690
Event: 39.411 Thread 0x0000028dfc9f3c30 flushing  nmethod 0x0000028d80c7ec10
Event: 39.411 Thread 0x0000028dfc9f3c30 flushing  nmethod 0x0000028d80c82510
Event: 39.411 Thread 0x0000028dfc9f3c30 flushing  nmethod 0x0000028d80c84390
Event: 39.411 Thread 0x0000028dfc9f3c30 flushing  nmethod 0x0000028d80c85190
Event: 39.411 Thread 0x0000028dfc9f3c30 flushing  nmethod 0x0000028d80c85e90
Event: 39.411 Thread 0x0000028dfc9f3c30 flushing  nmethod 0x0000028d80c86490
Event: 39.411 Thread 0x0000028dfc9f3c30 flushing  nmethod 0x0000028d80c87910
Event: 39.411 Thread 0x0000028dfc9f3c30 flushing  nmethod 0x0000028d80c88310
Event: 39.411 Thread 0x0000028dfc9f3c30 flushing  nmethod 0x0000028d80c89b10
Event: 68.808 Thread 0x0000028dfc9f3c30 flushing  nmethod 0x0000028d80c7f610
Event: 68.809 Thread 0x0000028dfc9f3c30 flushing  nmethod 0x0000028d80c87f10
Event: 68.809 Thread 0x0000028dfc9f3c30 flushing  nmethod 0x0000028d80c8a610
Event: 68.809 Thread 0x0000028dfc9f3c30 flushing  nmethod 0x0000028d80c8b390
Event: 68.809 Thread 0x0000028dfc9f3c30 flushing  nmethod 0x0000028d80c8ba10
Event: 68.809 Thread 0x0000028dfc9f3c30 flushing  nmethod 0x0000028d80c8c690

Events (20 events):
Event: 31.640 Thread 0x0000028dfe3878a0 Thread added: 0x0000028dfe7600f0
Event: 37.000 Thread 0x0000028dfe7600f0 Thread exited: 0x0000028dfe7600f0
Event: 38.541 Thread 0x0000028dee67e4d0 Thread added: 0x0000028dfdc6ff80
Event: 38.544 Thread 0x0000028dfdc6ff80 Thread added: 0x0000028dfdc72d10
Event: 38.557 Thread 0x0000028dee67e4d0 Thread added: 0x0000028dfdc71de0
Event: 55.566 Thread 0x0000028dee67e4d0 Thread added: 0x0000028dfe471350
Event: 55.566 Thread 0x0000028dee67e4d0 Thread added: 0x0000028dfe474b00
Event: 55.566 Thread 0x0000028dee67e4d0 Thread added: 0x0000028dfe471860
Event: 55.567 Thread 0x0000028dee67e4d0 Thread added: 0x0000028dfe470420
Event: 55.568 Thread 0x0000028dee67e4d0 Thread added: 0x0000028dfe46fa00
Event: 55.568 Thread 0x0000028dee67e4d0 Thread added: 0x0000028dfe4745f0
Event: 55.568 Thread 0x0000028dee67e4d0 Thread added: 0x0000028dfe471d70
Event: 55.568 Thread 0x0000028dee67e4d0 Thread added: 0x0000028dfe46efe0
Event: 55.569 Thread 0x0000028dee67e4d0 Thread added: 0x0000028dfe470930
Event: 55.569 Thread 0x0000028dee67e4d0 Thread added: 0x0000028dfe470e40
Event: 55.625 Thread 0x0000028dee67e4d0 Thread added: 0x0000028dfe4740e0
Event: 55.633 Thread 0x0000028dee67e4d0 Thread added: 0x0000028dfe472280
Event: 56.561 Thread 0x0000028dee67e4d0 Thread exited: 0x0000028dee67e4d0
Event: 56.562 Thread 0x0000028dfe472790 Thread added: 0x0000028dfe472790
Event: 142.509 Thread 0x0000028dfe471350 Thread added: 0x0000028dfe46ff10


Dynamic libraries:
0x00007ff7c6c40000 - 0x00007ff7c6c4e000 	C:\Users\Sniffer\.jdks\ms-17.0.17\bin\java.exe
0x00007ffc89270000 - 0x00007ffc89468000 	C:\Windows\SYSTEM32\ntdll.dll
0x00007ffc88680000 - 0x00007ffc88742000 	C:\Windows\System32\KERNEL32.DLL
0x00007ffc86980000 - 0x00007ffc86c76000 	C:\Windows\System32\KERNELBASE.dll
0x00007ffc86cb0000 - 0x00007ffc86db0000 	C:\Windows\System32\ucrtbase.dll
0x00007ffc7f860000 - 0x00007ffc7f87e000 	C:\Users\Sniffer\.jdks\ms-17.0.17\bin\VCRUNTIME140.dll
0x00007ffc7ee60000 - 0x00007ffc7ee78000 	C:\Users\Sniffer\.jdks\ms-17.0.17\bin\jli.dll
0x00007ffc883f0000 - 0x00007ffc88591000 	C:\Windows\System32\USER32.dll
0x00007ffc87030000 - 0x00007ffc87052000 	C:\Windows\System32\win32u.dll
0x00007ffc87290000 - 0x00007ffc872bb000 	C:\Windows\System32\GDI32.dll
0x00007ffc86db0000 - 0x00007ffc86ec9000 	C:\Windows\System32\gdi32full.dll
0x00007ffc870f0000 - 0x00007ffc8718d000 	C:\Windows\System32\msvcp_win.dll
0x00007ffc6aeb0000 - 0x00007ffc6b14b000 	C:\Windows\WinSxS\amd64_microsoft.windows.common-controls_6595b64144ccf1df_6.0.19041.6456_none_60b8a6cb71f64256\COMCTL32.dll
0x00007ffc87c90000 - 0x00007ffc87d2e000 	C:\Windows\System32\msvcrt.dll
0x00007ffc87c60000 - 0x00007ffc87c8f000 	C:\Windows\System32\IMM32.DLL
0x00007ffc812b0000 - 0x00007ffc812bc000 	C:\Users\Sniffer\.jdks\ms-17.0.17\bin\vcruntime140_1.dll
0x00007ffc705c0000 - 0x00007ffc70649000 	C:\Users\Sniffer\.jdks\ms-17.0.17\bin\msvcp140.dll
0x00007ffc06670000 - 0x00007ffc072ea000 	C:\Users\Sniffer\.jdks\ms-17.0.17\bin\server\jvm.dll
0x00007ffc88180000 - 0x00007ffc88231000 	C:\Windows\System32\ADVAPI32.dll
0x00007ffc872c0000 - 0x00007ffc8735f000 	C:\Windows\System32\sechost.dll
0x00007ffc88060000 - 0x00007ffc88180000 	C:\Windows\System32\RPCRT4.dll
0x00007ffc86c80000 - 0x00007ffc86ca7000 	C:\Windows\System32\bcrypt.dll
0x00007ffc87ff0000 - 0x00007ffc8805b000 	C:\Windows\System32\WS2_32.dll
0x00007ffc866b0000 - 0x00007ffc866fb000 	C:\Windows\SYSTEM32\POWRPROF.dll
0x00007ffc6b700000 - 0x00007ffc6b727000 	C:\Windows\SYSTEM32\WINMM.dll
0x00007ffc77840000 - 0x00007ffc7784a000 	C:\Windows\SYSTEM32\VERSION.dll
0x00007ffc86690000 - 0x00007ffc866a2000 	C:\Windows\SYSTEM32\UMPDC.dll
0x00007ffc85110000 - 0x00007ffc85122000 	C:\Windows\SYSTEM32\kernel.appcore.dll
0x00007ffc7f7d0000 - 0x00007ffc7f7da000 	C:\Users\Sniffer\.jdks\ms-17.0.17\bin\jimage.dll
0x00007ffc84e10000 - 0x00007ffc85011000 	C:\Windows\SYSTEM32\DBGHELP.DLL
0x00007ffc6a960000 - 0x00007ffc6a994000 	C:\Windows\SYSTEM32\dbgcore.DLL
0x00007ffc87060000 - 0x00007ffc870e2000 	C:\Windows\System32\bcryptPrimitives.dll
0x00007ffc7f7a0000 - 0x00007ffc7f7af000 	C:\Users\Sniffer\.jdks\ms-17.0.17\bin\instrument.dll
0x00007ffc70590000 - 0x00007ffc705b6000 	C:\Users\Sniffer\.jdks\ms-17.0.17\bin\java.dll
0x00007ffc43420000 - 0x00007ffc434f6000 	C:\Users\Sniffer\.jdks\ms-17.0.17\bin\jsvml.dll
0x00007ffc87430000 - 0x00007ffc87ba0000 	C:\Windows\System32\SHELL32.dll
0x00007ffc84650000 - 0x00007ffc84df5000 	C:\Windows\SYSTEM32\windows.storage.dll
0x00007ffc88ed0000 - 0x00007ffc89224000 	C:\Windows\System32\combase.dll
0x00007ffc862c0000 - 0x00007ffc862eb000 	C:\Windows\SYSTEM32\Wldp.dll
0x00007ffc87f10000 - 0x00007ffc87fdd000 	C:\Windows\System32\OLEAUT32.dll
0x00007ffc87e60000 - 0x00007ffc87f0d000 	C:\Windows\System32\SHCORE.dll
0x00007ffc87ba0000 - 0x00007ffc87bfb000 	C:\Windows\System32\shlwapi.dll
0x00007ffc86830000 - 0x00007ffc86854000 	C:\Windows\SYSTEM32\profapi.dll
0x00007ffc65f90000 - 0x00007ffc65fa8000 	C:\Users\Sniffer\.jdks\ms-17.0.17\bin\zip.dll
0x00007ffc6ef50000 - 0x00007ffc6ef6b000 	C:\Users\Sniffer\.jdks\ms-17.0.17\bin\net.dll
0x00007ffc77590000 - 0x00007ffc7769a000 	C:\Windows\SYSTEM32\WINHTTP.dll
0x00007ffc85fb0000 - 0x00007ffc8601a000 	C:\Windows\system32\mswsock.dll
0x00007ffc6c920000 - 0x00007ffc6c936000 	C:\Users\Sniffer\.jdks\ms-17.0.17\bin\nio.dll
0x00007ffc65f70000 - 0x00007ffc65f8a000 	C:\Program Files\JetBrains\IntelliJ IDEA Community Edition 2024.2.3\bin\breakgen64.dll
0x00007ffc706b0000 - 0x00007ffc706b9000 	C:\Users\Sniffer\.jdks\ms-17.0.17\bin\extnet.dll
0x00007ffc7f2e0000 - 0x00007ffc7f2ee000 	C:\Users\Sniffer\.jdks\ms-17.0.17\bin\sunmscapi.dll
0x00007ffc86ed0000 - 0x00007ffc8702d000 	C:\Windows\System32\CRYPT32.dll
0x00007ffc86330000 - 0x00007ffc86357000 	C:\Windows\SYSTEM32\ncrypt.dll
0x00007ffc862f0000 - 0x00007ffc8632b000 	C:\Windows\SYSTEM32\NTASN1.dll
0x00007ffc861a0000 - 0x00007ffc861b8000 	C:\Windows\SYSTEM32\CRYPTSP.dll
0x00007ffc858d0000 - 0x00007ffc85908000 	C:\Windows\system32\rsaenh.dll
0x00007ffc867b0000 - 0x00007ffc867de000 	C:\Windows\SYSTEM32\USERENV.dll
0x00007ffc861c0000 - 0x00007ffc861cc000 	C:\Windows\SYSTEM32\CRYPTBASE.dll
0x00007ffc85c90000 - 0x00007ffc85ccb000 	C:\Windows\SYSTEM32\IPHLPAPI.DLL
0x00007ffc87360000 - 0x00007ffc87368000 	C:\Windows\System32\NSI.dll
0x00007ffc77820000 - 0x00007ffc77837000 	C:\Windows\SYSTEM32\dhcpcsvc6.DLL
0x00007ffc77920000 - 0x00007ffc7793d000 	C:\Windows\SYSTEM32\dhcpcsvc.DLL
0x00007ffc85cd0000 - 0x00007ffc85d9a000 	C:\Windows\SYSTEM32\DNSAPI.dll
0x00007ffc7f780000 - 0x00007ffc7f78a000 	C:\Users\Sniffer\.jdks\ms-17.0.17\bin\management.dll
0x00007ffc7f730000 - 0x00007ffc7f73c000 	C:\Users\Sniffer\.jdks\ms-17.0.17\bin\management_ext.dll
0x00007ffc885a0000 - 0x00007ffc885a8000 	C:\Windows\System32\PSAPI.DLL
0x00007ffc704f0000 - 0x00007ffc70500000 	C:\Users\Sniffer\.jdks\ms-17.0.17\bin\verify.dll
0x0000000052480000 - 0x00000000524a6000 	C:\Program Files\Bonjour\mdnsNSP.dll
0x00007ffc6f440000 - 0x00007ffc6f44a000 	C:\Windows\System32\rasadhlp.dll
0x00007ffc6f9b0000 - 0x00007ffc6fa30000 	C:\Windows\System32\fwpuclnt.dll
0x00007ffc80020000 - 0x00007ffc80027000 	C:\Windows\system32\wshunix.dll

dbghelp: loaded successfully - version: 4.0.5 - missing functions: none
symbol engine: initialized successfully - sym options: 0x614 - pdb path: .;C:\Users\Sniffer\.jdks\ms-17.0.17\bin;C:\Windows\SYSTEM32;C:\Windows\WinSxS\amd64_microsoft.windows.common-controls_6595b64144ccf1df_6.0.19041.6456_none_60b8a6cb71f64256;C:\Users\Sniffer\.jdks\ms-17.0.17\bin\server;C:\Program Files\JetBrains\IntelliJ IDEA Community Edition 2024.2.3\bin;C:\Program Files\Bonjour

VM Arguments:
jvm_args: -javaagent:C:\Program Files\JetBrains\IntelliJ IDEA Community Edition 2024.2.3\lib\idea_rt.jar=50171:C:\Program Files\JetBrains\IntelliJ IDEA Community Edition 2024.2.3\bin -Dfile.encoding=UTF-8 
java_command: com.ges.boutique.BoutiqueApplication
java_class_path (initial): C:\Users\Sniffer\Desktop\alimentation-boutique-back\boutique\target\classes;C:\Users\Sniffer\.m2\repository\org\springframework\boot\spring-boot-starter-web\3.2.0\spring-boot-starter-web-3.2.0.jar;C:\Users\Sniffer\.m2\repository\org\springframework\boot\spring-boot-starter\3.2.0\spring-boot-starter-3.2.0.jar;C:\Users\Sniffer\.m2\repository\org\springframework\boot\spring-boot\3.2.0\spring-boot-3.2.0.jar;C:\Users\Sniffer\.m2\repository\org\springframework\boot\spring-boot-autoconfigure\3.2.0\spring-boot-autoconfigure-3.2.0.jar;C:\Users\Sniffer\.m2\repository\org\springframework\boot\spring-boot-starter-logging\3.2.0\spring-boot-starter-logging-3.2.0.jar;C:\Users\Sniffer\.m2\repository\ch\qos\logback\logback-classic\1.4.11\logback-classic-1.4.11.jar;C:\Users\Sniffer\.m2\repository\ch\qos\logback\logback-core\1.4.11\logback-core-1.4.11.jar;C:\Users\Sniffer\.m2\repository\org\apache\logging\log4j\log4j-to-slf4j\2.21.1\log4j-to-slf4j-2.21.1.jar;C:\Users\Sniffer\.m2\repository\org\slf4j\jul-to-slf4j\2.0.9\jul-to-slf4j-2.0.9.jar;C:\Users\Sniffer\.m2\repository\jakarta\annotation\jakarta.annotation-api\2.1.1\jakarta.annotation-api-2.1.1.jar;C:\Users\Sniffer\.m2\repository\org\yaml\snakeyaml\2.2\snakeyaml-2.2.jar;C:\Users\Sniffer\.m2\repository\org\springframework\boot\spring-boot-starter-json\3.2.0\spring-boot-starter-json-3.2.0.jar;C:\Users\Sniffer\.m2\repository\com\fasterxml\jackson\datatype\jackson-datatype-jdk8\2.15.3\jackson-datatype-jdk8-2.15.3.jar;C:\Users\Sniffer\.m2\repository\com\fasterxml\jackson\datatype\jackson-datatype-jsr310\2.15.3\jackson-datatype-jsr310-2.15.3.jar;C:\Users\Sniffer\.m2\repository\com\fasterxml\jackson\module\jackson-module-parameter-names\2.15.3\jackson-module-parameter-names-2.15.3.jar;C:\Users\Sniffer\.m2\repository\org\springframework\boot\spring-boot-starter-tomcat\3.2.0\spring-boot-starter-tomcat-3.2.0.jar;C:\Users\Sniffer\.m2\repository\org\apache\tomcat\embed\tomcat-embed-core\10.1.16\tomcat-embed-core-10
Launcher Type: SUN_STANDARD

[Global flags]
     intx CICompilerCount                          = 3                                         {product} {ergonomic}
     uint ConcGCThreads                            = 1                                         {product} {ergonomic}
     uint G1ConcRefinementThreads                  = 4                                         {product} {ergonomic}
   size_t G1HeapRegionSize                         = 1048576                                   {product} {ergonomic}
    uintx GCDrainStackTargetSize                   = 64                                        {product} {ergonomic}
   size_t InitialHeapSize                          = 62914560                                  {product} {ergonomic}
   size_t MarkStackSize                            = 4194304                                   {product} {ergonomic}
   size_t MaxHeapSize                              = 981467136                                 {product} {ergonomic}
   size_t MaxNewSize                               = 588251136                                 {product} {ergonomic}
   size_t MinHeapDeltaBytes                        = 1048576                                   {product} {ergonomic}
   size_t MinHeapSize                              = 8388608                                   {product} {ergonomic}
    uintx NonNMethodCodeHeapSize                   = 5832780                                {pd product} {ergonomic}
    uintx NonProfiledCodeHeapSize                  = 122912730                              {pd product} {ergonomic}
    uintx ProfiledCodeHeapSize                     = 122912730                              {pd product} {ergonomic}
    uintx ReservedCodeCacheSize                    = 251658240                              {pd product} {ergonomic}
     bool SegmentedCodeCache                       = true                                      {product} {ergonomic}
   size_t SoftMaxHeapSize                          = 981467136                              {manageable} {ergonomic}
     bool UseCompressedClassPointers               = true                           {product lp64_product} {ergonomic}
     bool UseCompressedOops                        = true                           {product lp64_product} {ergonomic}
     bool UseG1GC                                  = true                                      {product} {ergonomic}
     bool UseLargePagesIndividualAllocation        = false                                  {pd product} {ergonomic}

Logging:
Log output configuration:
 #0: stdout all=warning uptime,level,tags
 #1: stderr all=off uptime,level,tags

Environment Variables:
PATH=C:\Python314\Scripts\;C:\Python314\;C:\Program Files\Common Files\Oracle\Java\javapath;C:\Windows\system32;C:\Windows;C:\Windows\System32\Wbem;C:\Windows\System32\WindowsPowerShell\v1.0\;C:\Windows\System32\OpenSSH\;C:\Program Files\Git\cmd;C:\ProgramData\chocolatey\bin;C:\ProgramData\chocolatey\lib\maven\apache-maven-3.9.12\bin;C:\Program Files\nodejs\;C:\Program Files\cursor\resources\app\bin;C:\Users\Sniffer\AppData\Local\Microsoft\WindowsApps;C:\Program Files\JetBrains\IntelliJ IDEA Community Edition 2024.2.3\bin;C:\Users\Sniffer\AppData\Local\Programs\Microsoft VS Code\bin;C:\Users\Sniffer\AppData\Local\GitHubDesktop\bin;C:\Users\Sniffer\AppData\Roaming\npm;C:\Users\Sniffer\AppData\Local\PowerToys\DSCModules\
USERNAME=Sniffer
OS=Windows_NT
PROCESSOR_IDENTIFIER=Intel64 Family 6 Model 122 Stepping 8, GenuineIntel
TMP=C:\Users\Sniffer\AppData\Local\Temp
TEMP=C:\Users\Sniffer\AppData\Local\Temp



Periodic native trim disabled


---------------  S Y S T E M  ---------------

OS:
 Windows 10 , 64 bit Build 19041 (10.0.19041.5915)
OS uptime: 1 days 23:58 hours

CPU: total 4 (initial active 4) (4 cores per cpu, 1 threads per core) family 6 model 122 stepping 8 microcode 0x22, cx8, cmov, fxsr, mmx, 3dnowpref, sse, sse2, sse3, ssse3, sse4.1, sse4.2, popcnt, tsc, tscinvbit, aes, erms, clmul, sha, clflush, clflushopt
Processor Information for the first 4 processors :
  Max Mhz: 1101, Current Mhz: 1101, Mhz Limit: 1101

Memory: 4k page, system-wide physical 3743M (186M free)
TotalPageFile size 15007M (AvailPageFile size 0M)
current process WorkingSet (physical memory assigned to process): 209M, peak: 241M
current process commit charge ("private bytes"): 332M, peak: 332M

vm_info: OpenJDK 64-Bit Server VM (17.0.17+10-LTS) for windows-amd64 JRE (17.0.17+10-LTS), built on Oct 13 2025 22:19:56 by "MicrosoftCorporation" with unknown MS VC++:1944

END.
