#
# There is insufficient memory for the Java Runtime Environment to continue.
# Native memory allocation (malloc) failed to allocate 1298368 bytes. Error detail: Chunk::new
# Possible reasons:
#   The system is out of physical RAM or swap space
#   This process is running with CompressedOops enabled, and the Java Heap may be blocking the growth of the native heap
# Possible solutions:
#   Reduce memory load on the system
#   Increase physical memory or swap space
#   Check if swap backing store is full
#   Decrease Java heap size (-Xmx/-Xms)
#   Decrease number of Java threads
#   Decrease Java thread stack sizes (-Xss)
#   Set larger code cache with -XX:ReservedCodeCacheSize=
#   JVM is running with Unscaled Compressed Oops mode in which the Java heap is
#     placed in the first 4GB address space. The Java Heap base address is the
#     maximum limit for the native heap growth. Please use -XX:HeapBaseMinAddress
#     to set the Java Heap base and to place the Java Heap above 4GB virtual address.
# This output file may be truncated or incomplete.
#
#  Out of Memory Error (arena.cpp:168), pid=18368, tid=17460
#
# JRE version: OpenJDK Runtime Environment Temurin-21.0.10+7 (21.0.10+7) (build 21.0.10+7-LTS)
# Java VM: OpenJDK 64-Bit Server VM Temurin-21.0.10+7 (21.0.10+7-LTS, mixed mode, sharing, tiered, compressed oops, compressed class ptrs, parallel gc, windows-amd64)
# No core dump will be written. Minidumps are not enabled by default on client versions of Windows
#

---------------  S U M M A R Y ------------

Command Line: --add-modules=ALL-SYSTEM --add-opens=java.base/java.util=ALL-UNNAMED --add-opens=java.base/java.lang=ALL-UNNAMED --add-opens=java.base/sun.nio.fs=ALL-UNNAMED -Declipse.application=org.eclipse.jdt.ls.core.id1 -Dosgi.bundles.defaultStartLevel=4 -Declipse.product=org.eclipse.jdt.ls.core.product -Djava.import.generatesMetadataFilesAtProjectRoot=false -DDetectVMInstallationsJob.disabled=true -Dfile.encoding=utf8 -XX:+UseParallelGC -XX:GCTimeRatio=4 -XX:AdaptiveSizePolicyWeight=90 -Dsun.zip.disableMemoryMapping=true -Xmx2G -Xms100m -Xlog:disable -javaagent:c:\Users\Sniffer\.vscode\extensions\redhat.java-1.54.0-win32-x64\lombok\lombok-1.18.39-4050.jar -XX:+HeapDumpOnOutOfMemoryError -XX:HeapDumpPath=c:\Users\Sniffer\AppData\Roaming\Code\User\workspaceStorage\0f85b129cbc58997ff72c647b17dfe9b\redhat.java -Daether.dependencyCollector.impl=bf c:\Users\Sniffer\.vscode\extensions\redhat.java-1.54.0-win32-x64\server\plugins\org.eclipse.equinox.launcher_1.7.100.v20251111-0406.jar -configuration c:\Users\Sniffer\AppData\Roaming\Code\User\globalStorage\redhat.java\1.54.0\config_win -data c:\Users\Sniffer\AppData\Roaming\Code\User\workspaceStorage\0f85b129cbc58997ff72c647b17dfe9b\redhat.java\jdt_ws --pipe=\\.\pipe\lsp-892819510b1da4476aecd747d51c4061-sock

Host: Intel(R) Celeron(R) N4120 CPU @ 1.10GHz, 4 cores, 7G,  Windows 11 , 64 bit Build 26100 (10.0.26100.8328)
Time: Sun Jun 14 01:30:55 2026 elapsed time: 22199.195147 seconds (0d 6h 9m 59s)

---------------  T H R E A D  ---------------

Current thread (0x0000021d990a8490):  JavaThread "C2 CompilerThread0" daemon [_thread_in_native, id=17460, stack(0x00000066e2400000,0x00000066e2500000) (1024K)]


Current CompileTask:
C2:22199196 25328   !   4       org.eclipse.jdt.internal.compiler.ast.LambdaExpression::cachedResolvedCopy (424 bytes)

Stack: [0x00000066e2400000,0x00000066e2500000]
Native frames: (J=compiled Java code, j=interpreted, Vv=VM code, C=native code)
V  [jvm.dll+0x6d7a39]
V  [jvm.dll+0x8b4b26]
V  [jvm.dll+0x8b70de]
V  [jvm.dll+0x8b77c3]
V  [jvm.dll+0x284346]
V  [jvm.dll+0xc66ed]
V  [jvm.dll+0xc6c31]
V  [jvm.dll+0x3bec3b]
V  [jvm.dll+0x38b162]
V  [jvm.dll+0x38a5aa]
V  [jvm.dll+0x24c560]
V  [jvm.dll+0x24bb40]
V  [jvm.dll+0x1cb34e]
V  [jvm.dll+0x25b85d]
V  [jvm.dll+0x259dea]
V  [jvm.dll+0x3f857e]
V  [jvm.dll+0x85f59d]
V  [jvm.dll+0x6d626d]
C  [ucrtbase.dll+0x37b0]
C  [KERNEL32.DLL+0x2e957]
C  [ntdll.dll+0x427c]


---------------  P R O C E S S  ---------------

Threads class SMR info:
_java_thread_list=0x0000021dfb261270, length=42, elements={
0x0000021d96d1a1a0, 0x0000021d99095f90, 0x0000021d9909b3b0, 0x0000021d990a2490,
0x0000021d990a3170, 0x0000021d990a3bd0, 0x0000021d990a5640, 0x0000021d990a8490,
0x0000021d9911d510, 0x0000021df186be50, 0x0000021df1a3b100, 0x0000021df6153e20,
0x0000021df64c2d10, 0x0000021df1b54320, 0x0000021df1b54d60, 0x0000021df6a84560,
0x0000021df6483db0, 0x0000021df69a0b80, 0x0000021df69a04f0, 0x0000021df728ff90,
0x0000021df728f900, 0x0000021df728cb10, 0x0000021df72919d0, 0x0000021df7292060,
0x0000021df72926f0, 0x0000021df7290620, 0x0000021df7290cb0, 0x0000021df7293410,
0x0000021dfdf2f3f0, 0x0000021dfdf307a0, 0x0000021dfdf31b50, 0x0000021dfdf2e6d0,
0x0000021dfdf32f00, 0x0000021dfdf34fd0, 0x0000021dfdf35660, 0x0000021dfdf33590,
0x0000021dfdf342b0, 0x0000021dfdf34940, 0x0000021dfdf2e040, 0x0000021dfdf2ed60,
0x0000021dfdf30e30, 0x0000021dfdf30110
}

Java Threads: ( => current thread )
  0x0000021d96d1a1a0 JavaThread "main"                              [_thread_blocked, id=28648, stack(0x00000066e1a00000,0x00000066e1b00000) (1024K)]
  0x0000021d99095f90 JavaThread "Reference Handler"          daemon [_thread_blocked, id=25584, stack(0x00000066e1e00000,0x00000066e1f00000) (1024K)]
  0x0000021d9909b3b0 JavaThread "Finalizer"                  daemon [_thread_blocked, id=29860, stack(0x00000066e1f00000,0x00000066e2000000) (1024K)]
  0x0000021d990a2490 JavaThread "Signal Dispatcher"          daemon [_thread_blocked, id=15112, stack(0x00000066e2000000,0x00000066e2100000) (1024K)]
  0x0000021d990a3170 JavaThread "Attach Listener"            daemon [_thread_blocked, id=9636, stack(0x00000066e2100000,0x00000066e2200000) (1024K)]
  0x0000021d990a3bd0 JavaThread "Service Thread"             daemon [_thread_blocked, id=2676, stack(0x00000066e2200000,0x00000066e2300000) (1024K)]
  0x0000021d990a5640 JavaThread "Monitor Deflation Thread"   daemon [_thread_blocked, id=13288, stack(0x00000066e2300000,0x00000066e2400000) (1024K)]
=>0x0000021d990a8490 JavaThread "C2 CompilerThread0"         daemon [_thread_in_native, id=17460, stack(0x00000066e2400000,0x00000066e2500000) (1024K)]
  0x0000021d9911d510 JavaThread "C1 CompilerThread0"         daemon [_thread_blocked, id=416, stack(0x00000066e2500000,0x00000066e2600000) (1024K)]
  0x0000021df186be50 JavaThread "Common-Cleaner"             daemon [_thread_blocked, id=17616, stack(0x00000066e2600000,0x00000066e2700000) (1024K)]
  0x0000021df1a3b100 JavaThread "Notification Thread"        daemon [_thread_blocked, id=4536, stack(0x00000066e2700000,0x00000066e2800000) (1024K)]
  0x0000021df6153e20 JavaThread "Active Thread: Equinox Container: cef57ad3-c413-4a69-94c5-a38d3072a70a"        [_thread_blocked, id=26432, stack(0x00000066e2b00000,0x00000066e2c00000) (1024K)]
  0x0000021df64c2d10 JavaThread "Refresh Thread: Equinox Container: cef57ad3-c413-4a69-94c5-a38d3072a70a" daemon [_thread_blocked, id=3444, stack(0x00000066e1700000,0x00000066e1800000) (1024K)]
  0x0000021df1b54320 JavaThread "Framework Event Dispatcher: Equinox Container: cef57ad3-c413-4a69-94c5-a38d3072a70a" daemon [_thread_blocked, id=19428, stack(0x00000066e1900000,0x00000066e1a00000) (1024K)]
  0x0000021df1b54d60 JavaThread "Start Level: Equinox Container: cef57ad3-c413-4a69-94c5-a38d3072a70a" daemon [_thread_blocked, id=24800, stack(0x00000066e2c00000,0x00000066e2d00000) (1024K)]
  0x0000021df6a84560 JavaThread "Bundle File Closer"         daemon [_thread_blocked, id=15248, stack(0x00000066e2d00000,0x00000066e2e00000) (1024K)]
  0x0000021df6483db0 JavaThread "SCR Component Actor"        daemon [_thread_blocked, id=28232, stack(0x00000066e1800000,0x00000066e1900000) (1024K)]
  0x0000021df69a0b80 JavaThread "Worker-JM"                         [_thread_blocked, id=12180, stack(0x00000066e2e00000,0x00000066e2f00000) (1024K)]
  0x0000021df69a04f0 JavaThread "JNA Cleaner"                daemon [_thread_blocked, id=10284, stack(0x00000066e3100000,0x00000066e3200000) (1024K)]
  0x0000021df728ff90 JavaThread "Java indexing"              daemon [_thread_blocked, id=25772, stack(0x00000066e3800000,0x00000066e3900000) (1024K)]
  0x0000021df728f900 JavaThread "Thread-1"                   daemon [_thread_in_native, id=15212, stack(0x00000066e3c00000,0x00000066e3d00000) (1024K)]
  0x0000021df728cb10 JavaThread "Thread-2"                   daemon [_thread_in_native, id=23120, stack(0x00000066e3d00000,0x00000066e3e00000) (1024K)]
  0x0000021df72919d0 JavaThread "Thread-3"                   daemon [_thread_in_native, id=17240, stack(0x00000066e3e00000,0x00000066e3f00000) (1024K)]
  0x0000021df7292060 JavaThread "Thread-4"                   daemon [_thread_in_native, id=14204, stack(0x00000066e3f00000,0x00000066e4000000) (1024K)]
  0x0000021df72926f0 JavaThread "Thread-5"                   daemon [_thread_in_native, id=5756, stack(0x00000066e4000000,0x00000066e4100000) (1024K)]
  0x0000021df7290620 JavaThread "pool-2-thread-1"                   [_thread_blocked, id=28440, stack(0x00000066e4100000,0x00000066e4200000) (1024K)]
  0x0000021df7290cb0 JavaThread "WorkspaceEventsHandler"            [_thread_blocked, id=29480, stack(0x00000066e2f00000,0x00000066e3000000) (1024K)]
  0x0000021df7293410 JavaThread "pool-1-thread-1"                   [_thread_blocked, id=31032, stack(0x00000066e3900000,0x00000066e3a00000) (1024K)]
  0x0000021dfdf2f3f0 JavaThread "Worker-62"                         [_thread_blocked, id=30804, stack(0x00000066e3000000,0x00000066e3100000) (1024K)]
  0x0000021dfdf307a0 JavaThread "LocalFile Deleter"          daemon [_thread_blocked, id=2176, stack(0x00000066e3400000,0x00000066e3500000) (1024K)]
  0x0000021dfdf31b50 JavaThread "LocalFile Deleter"          daemon [_thread_blocked, id=13836, stack(0x00000066e3500000,0x00000066e3600000) (1024K)]
  0x0000021dfdf2e6d0 JavaThread "LocalFile Deleter"          daemon [_thread_blocked, id=9536, stack(0x00000066e3600000,0x00000066e3700000) (1024K)]
  0x0000021dfdf32f00 JavaThread "Worker-64"                         [_thread_blocked, id=3760, stack(0x00000066e3700000,0x00000066e3800000) (1024K)]
  0x0000021dfdf34fd0 JavaThread "Compiler Source File Reader" daemon [_thread_blocked, id=31172, stack(0x00000066e3b00000,0x00000066e3c00000) (1024K)]
  0x0000021dfdf35660 JavaThread "Compiler Source File Reader" daemon [_thread_blocked, id=18132, stack(0x00000066e4300000,0x00000066e4400000) (1024K)]
  0x0000021dfdf33590 JavaThread "Worker-65"                         [_thread_blocked, id=8616, stack(0x00000066e4400000,0x00000066e4500000) (1024K)]
  0x0000021dfdf342b0 JavaThread "Compiler Class File Writer" daemon [_thread_blocked, id=1496, stack(0x00000066e4600000,0x00000066e4700000) (1024K)]
  0x0000021dfdf34940 JavaThread "Compiler Class File Writer" daemon [_thread_blocked, id=31320, stack(0x00000066e4700000,0x00000066e4800000) (1024K)]
  0x0000021dfdf2e040 JavaThread "Worker-66: Building"               [_thread_blocked, id=10732, stack(0x00000066e3200000,0x00000066e3300000) (1024K)]
  0x0000021dfdf2ed60 JavaThread "LocalFile Deleter"          daemon [_thread_blocked, id=7816, stack(0x00000066e3300000,0x00000066e3400000) (1024K)]
  0x0000021dfdf30e30 JavaThread "Compiler Processing Task"   daemon [_thread_blocked, id=20468, stack(0x00000066e3a00000,0x00000066e3b00000) (1024K)]
  0x0000021dfdf30110 JavaThread "Worker-67"                         [_thread_blocked, id=14292, stack(0x00000066e4200000,0x00000066e4300000) (1024K)]
Total: 42

Other Threads:
  0x0000021d9908f950 VMThread "VM Thread"                           [id=21280, stack(0x00000066e1d00000,0x00000066e1e00000) (1024K)]
  0x0000021d9902cb00 WatcherThread "VM Periodic Task Thread"        [id=30752, stack(0x00000066e1c00000,0x00000066e1d00000) (1024K)]
  0x0000021d991cfee0 WorkerThread "GC Thread#0"                     [id=16200, stack(0x00000066e1b00000,0x00000066e1c00000) (1024K)]
  0x0000021df6110880 WorkerThread "GC Thread#1"                     [id=18472, stack(0x00000066e2800000,0x00000066e2900000) (1024K)]
  0x0000021df6110c30 WorkerThread "GC Thread#2"                     [id=13272, stack(0x00000066e2900000,0x00000066e2a00000) (1024K)]
  0x0000021df6042830 WorkerThread "GC Thread#3"                     [id=31616, stack(0x00000066e2a00000,0x00000066e2b00000) (1024K)]
Total: 6

Threads with active compile tasks:
C2 CompilerThread0  22199380 25328   !   4       org.eclipse.jdt.internal.compiler.ast.LambdaExpression::cachedResolvedCopy (424 bytes)
Total: 1

VM state: at safepoint (normal execution)

VM Mutex/Monitor currently owned by a thread:  ([mutex/lock_event])
[0x00007ff9cc4fe560] Threads_lock - owner thread: 0x0000021d9908f950
[0x00007ff9cc4fe660] Heap_lock - owner thread: 0x0000021dfdf30e30

Heap address: 0x0000000080000000, size: 2048 MB, Compressed Oops mode: 32-bit

CDS archive(s) mapped at: [0x0000021db0000000-0x0000021db0ba0000-0x0000021db0ba0000), size 12189696, SharedBaseAddress: 0x0000021db0000000, ArchiveRelocationMode: 1.
Compressed class space mapped at: 0x0000021db1000000-0x0000021df1000000, reserved size: 1073741824
Narrow klass base: 0x0000021db0000000, Narrow klass shift: 0, Narrow klass range: 0x100000000

GC Precious Log:
 CardTable entry size: 512
 CPUs: 4 total, 4 available
 Memory: 7839M
 Large Page Support: Disabled
 NUMA Support: Disabled
 Compressed Oops: Enabled (32-bit)
 Alignments: Space 512K, Generation 512K, Heap 2M
 Heap Min Capacity: 100M
 Heap Initial Capacity: 100M
 Heap Max Capacity: 2G
 Pre-touch: Disabled
 Parallel Workers: 4

Heap:
 PSYoungGen      total 5120K, used 624K [0x00000000d5580000, 0x00000000d5b80000, 0x0000000100000000)
  eden space 4096K, 0% used [0x00000000d5580000,0x00000000d5580030,0x00000000d5980000)
  from space 1024K, 60% used [0x00000000d5a80000,0x00000000d5b1c010,0x00000000d5b80000)
  to   space 1024K, 0% used [0x00000000d5980000,0x00000000d5980000,0x00000000d5a80000)
 ParOldGen       total 182784K, used 182666K [0x0000000080000000, 0x000000008b280000, 0x00000000d5580000)
  object space 182784K, 99% used [0x0000000080000000,0x000000008b262988,0x000000008b280000)
 Metaspace       used 81615K, committed 83264K, reserved 1179648K
  class space    used 8058K, committed 8832K, reserved 1048576K

Card table byte_map: [0x0000021d98b40000,0x0000021d98f50000] _byte_map_base: 0x0000021d98740000

Marking Bits: (ParMarkBitMap*) 0x00007ff9cc503450
 Begin Bits: [0x0000021dab650000, 0x0000021dad650000)
 End Bits:   [0x0000021dad650000, 0x0000021daf650000)

Polling page: 0x0000021d96ef0000

Metaspace:

Usage:
  Non-class:     71.83 MB used.
      Class:      7.87 MB used.
       Both:     79.70 MB used.

Virtual space:
  Non-class space:      128.00 MB reserved,      72.69 MB ( 57%) committed,  2 nodes.
      Class space:        1.00 GB reserved,       8.62 MB ( <1%) committed,  1 nodes.
             Both:        1.12 GB reserved,      81.31 MB (  7%) committed. 

Chunk freelists:
   Non-Class:  7.22 MB
       Class:  7.47 MB
        Both:  14.69 MB

MaxMetaspaceSize: unlimited
CompressedClassSpaceSize: 1.00 GB
Initial GC threshold: 21.00 MB
Current GC threshold: 135.44 MB
CDS: on
 - commit_granule_bytes: 65536.
 - commit_granule_words: 8192.
 - virtual_space_node_default_size: 8388608.
 - enlarge_chunks_in_place: 1.
 - use_allocation_guard: 0.


Internal statistics:

num_allocs_failed_limit: 9.
num_arena_births: 1780.
num_arena_deaths: 540.
num_vsnodes_births: 3.
num_vsnodes_deaths: 0.
num_space_committed: 1303.
num_space_uncommitted: 2.
num_chunks_returned_to_freelist: 670.
num_chunks_taken_from_freelist: 5937.
num_chunk_merges: 153.
num_chunk_splits: 3390.
num_chunks_enlarged: 1892.
num_inconsistent_stats: 0.

CodeHeap 'non-profiled nmethods': size=120000Kb used=22859Kb max_used=30796Kb free=97140Kb
 bounds [0x0000021da3e70000, 0x0000021da5c90000, 0x0000021dab3a0000]
CodeHeap 'profiled nmethods': size=120000Kb used=31771Kb max_used=50285Kb free=88229Kb
 bounds [0x0000021d9c3a0000, 0x0000021d9f4c0000, 0x0000021da38d0000]
CodeHeap 'non-nmethods': size=5760Kb used=1487Kb max_used=1553Kb free=4272Kb
 bounds [0x0000021da38d0000, 0x0000021da3b40000, 0x0000021da3e70000]
CodeCache: size=245760Kb, used=56117Kb, max_used=82634Kb, free=189641Kb
 total_blobs=16703, nmethods=15900, adapters=705, full_count=0
Compilation: enabled, stopped_count=0, restarted_count=0

Compilation events (20 events):
Event: 22194.591 Thread 0x0000021d9911d510 nmethod 25322 0x0000021d9c5ef490 code [0x0000021d9c5ef640, 0x0000021d9c5ef7d0]
Event: 22194.935 Thread 0x0000021d9911d510 25323       3       org.eclipse.jdt.internal.compiler.ast.NameReference$1::visit (10 bytes)
Event: 22194.935 Thread 0x0000021d9911d510 nmethod 25323 0x0000021d9c542f90 code [0x0000021d9c543140, 0x0000021d9c543318]
Event: 22196.003 Thread 0x0000021d990a8490 25324       4       org.eclipse.jdt.internal.compiler.lookup.LookupEnvironment::createParameterizedGenericMethod (10 bytes)
Event: 22196.008 Thread 0x0000021d990a8490 nmethod 25324 0x0000021da3ff8b10 code [0x0000021da3ff8ca0, 0x0000021da3ff8d58]
Event: 22196.217 Thread 0x0000021d990a8490 25325       4       java.util.stream.Nodes$SpinedNodeBuilder::end (29 bytes)
Event: 22196.218 Thread 0x0000021d990a8490 nmethod 25325 0x0000021da3ffd710 code [0x0000021da3ffd8a0, 0x0000021da3ffd930]
Event: 22196.219 Thread 0x0000021d990a8490 25326       4       java.util.stream.Nodes$SpinedNodeBuilder::build (25 bytes)
Event: 22196.220 Thread 0x0000021d990a8490 nmethod 25326 0x0000021da400bd90 code [0x0000021da400bf20, 0x0000021da400bfa8]
Event: 22197.009 Thread 0x0000021d990a8490 25327       4       org.eclipse.jdt.internal.compiler.lookup.ReferenceBinding::readableName (170 bytes)
Event: 22197.057 Thread 0x0000021d9911d510 25329       1       org.eclipse.jdt.internal.compiler.flow.LoopingFlowContext::isContinuable (2 bytes)
Event: 22197.057 Thread 0x0000021d9911d510 nmethod 25329 0x0000021da400fb10 code [0x0000021da400fca0, 0x0000021da400fd68]
Event: 22197.057 Thread 0x0000021d9911d510 25330       1       org.eclipse.jdt.internal.compiler.flow.LoopingFlowContext::continueLabel (5 bytes)
Event: 22197.057 Thread 0x0000021d9911d510 nmethod 25330 0x0000021da4020110 code [0x0000021da40202a0, 0x0000021da4020368]
Event: 22197.357 Thread 0x0000021d990a8490 nmethod 25327 0x0000021da4b45510 code [0x0000021da4b459c0, 0x0000021da4b48278]
Event: 22197.358 Thread 0x0000021d990a8490 25328   !   4       org.eclipse.jdt.internal.compiler.ast.LambdaExpression::cachedResolvedCopy (424 bytes)
Event: 22199.052 Thread 0x0000021d9911d510 25332       3       org.eclipse.jdt.internal.compiler.parser.Parser::consumeInsideCastExpressionLL1 (28 bytes)
Event: 22199.053 Thread 0x0000021d9911d510 nmethod 25332 0x0000021d9c42a410 code [0x0000021d9c42a600, 0x0000021d9c42a9c8]
Event: 22199.097 Thread 0x0000021d9911d510 25333       3       org.eclipse.jdt.internal.compiler.parser.Parser::consumeCastExpressionLL1 (77 bytes)
Event: 22199.099 Thread 0x0000021d9911d510 nmethod 25333 0x0000021d9c54af10 code [0x0000021d9c54b100, 0x0000021d9c54b828]

GC Heap History (20 events):
Event: 22194.457 GC heap after
{Heap after GC invocations=11171 (full 7):
 PSYoungGen      total 5120K, used 576K [0x00000000d5580000, 0x00000000d5b80000, 0x0000000100000000)
  eden space 4096K, 0% used [0x00000000d5580000,0x00000000d5580000,0x00000000d5980000)
  from space 1024K, 56% used [0x00000000d5980000,0x00000000d5a10000,0x00000000d5a80000)
  to   space 1024K, 0% used [0x00000000d5a80000,0x00000000d5a80000,0x00000000d5b80000)
 ParOldGen       total 177664K, used 177304K [0x0000000080000000, 0x000000008ad80000, 0x00000000d5580000)
  object space 177664K, 99% used [0x0000000080000000,0x000000008ad26098,0x000000008ad80000)
 Metaspace       used 81595K, committed 83264K, reserved 1179648K
  class space    used 8058K, committed 8832K, reserved 1048576K
}
Event: 22194.844 GC heap before
{Heap before GC invocations=11172 (full 7):
 PSYoungGen      total 5120K, used 4672K [0x00000000d5580000, 0x00000000d5b80000, 0x0000000100000000)
  eden space 4096K, 100% used [0x00000000d5580000,0x00000000d5980000,0x00000000d5980000)
  from space 1024K, 56% used [0x00000000d5980000,0x00000000d5a10000,0x00000000d5a80000)
  to   space 1024K, 0% used [0x00000000d5a80000,0x00000000d5a80000,0x00000000d5b80000)
 ParOldGen       total 177664K, used 177304K [0x0000000080000000, 0x000000008ad80000, 0x00000000d5580000)
  object space 177664K, 99% used [0x0000000080000000,0x000000008ad26098,0x000000008ad80000)
 Metaspace       used 81614K, committed 83264K, reserved 1179648K
  class space    used 8058K, committed 8832K, reserved 1048576K
}
Event: 22194.853 GC heap after
{Heap after GC invocations=11172 (full 7):
 PSYoungGen      total 5120K, used 816K [0x00000000d5580000, 0x00000000d5b80000, 0x0000000100000000)
  eden space 4096K, 0% used [0x00000000d5580000,0x00000000d5580000,0x00000000d5980000)
  from space 1024K, 79% used [0x00000000d5a80000,0x00000000d5b4c010,0x00000000d5b80000)
  to   space 1024K, 0% used [0x00000000d5980000,0x00000000d5980000,0x00000000d5a80000)
 ParOldGen       total 178176K, used 177744K [0x0000000080000000, 0x000000008ae00000, 0x00000000d5580000)
  object space 178176K, 99% used [0x0000000080000000,0x000000008ad94098,0x000000008ae00000)
 Metaspace       used 81614K, committed 83264K, reserved 1179648K
  class space    used 8058K, committed 8832K, reserved 1048576K
}
Event: 22195.028 GC heap before
{Heap before GC invocations=11173 (full 7):
 PSYoungGen      total 5120K, used 4912K [0x00000000d5580000, 0x00000000d5b80000, 0x0000000100000000)
  eden space 4096K, 100% used [0x00000000d5580000,0x00000000d5980000,0x00000000d5980000)
  from space 1024K, 79% used [0x00000000d5a80000,0x00000000d5b4c010,0x00000000d5b80000)
  to   space 1024K, 0% used [0x00000000d5980000,0x00000000d5980000,0x00000000d5a80000)
 ParOldGen       total 178176K, used 177744K [0x0000000080000000, 0x000000008ae00000, 0x00000000d5580000)
  object space 178176K, 99% used [0x0000000080000000,0x000000008ad94098,0x000000008ae00000)
 Metaspace       used 81614K, committed 83264K, reserved 1179648K
  class space    used 8058K, committed 8832K, reserved 1048576K
}
Event: 22195.039 GC heap after
{Heap after GC invocations=11173 (full 7):
 PSYoungGen      total 5120K, used 448K [0x00000000d5580000, 0x00000000d5b80000, 0x0000000100000000)
  eden space 4096K, 0% used [0x00000000d5580000,0x00000000d5580000,0x00000000d5980000)
  from space 1024K, 43% used [0x00000000d5980000,0x00000000d59f0020,0x00000000d5a80000)
  to   space 1024K, 0% used [0x00000000d5a80000,0x00000000d5a80000,0x00000000d5b80000)
 ParOldGen       total 178688K, used 178450K [0x0000000080000000, 0x000000008ae80000, 0x00000000d5580000)
  object space 178688K, 99% used [0x0000000080000000,0x000000008ae448f0,0x000000008ae80000)
 Metaspace       used 81614K, committed 83264K, reserved 1179648K
  class space    used 8058K, committed 8832K, reserved 1048576K
}
Event: 22195.512 GC heap before
{Heap before GC invocations=11174 (full 7):
 PSYoungGen      total 5120K, used 4544K [0x00000000d5580000, 0x00000000d5b80000, 0x0000000100000000)
  eden space 4096K, 100% used [0x00000000d5580000,0x00000000d5980000,0x00000000d5980000)
  from space 1024K, 43% used [0x00000000d5980000,0x00000000d59f0020,0x00000000d5a80000)
  to   space 1024K, 0% used [0x00000000d5a80000,0x00000000d5a80000,0x00000000d5b80000)
 ParOldGen       total 178688K, used 178450K [0x0000000080000000, 0x000000008ae80000, 0x00000000d5580000)
  object space 178688K, 99% used [0x0000000080000000,0x000000008ae448f0,0x000000008ae80000)
 Metaspace       used 81614K, committed 83264K, reserved 1179648K
  class space    used 8058K, committed 8832K, reserved 1048576K
}
Event: 22195.524 GC heap after
{Heap after GC invocations=11174 (full 7):
 PSYoungGen      total 5120K, used 544K [0x00000000d5580000, 0x00000000d5b80000, 0x0000000100000000)
  eden space 4096K, 0% used [0x00000000d5580000,0x00000000d5580000,0x00000000d5980000)
  from space 1024K, 53% used [0x00000000d5a80000,0x00000000d5b08000,0x00000000d5b80000)
  to   space 1024K, 0% used [0x00000000d5980000,0x00000000d5980000,0x00000000d5a80000)
 ParOldGen       total 179200K, used 178802K [0x0000000080000000, 0x000000008af00000, 0x00000000d5580000)
  object space 179200K, 99% used [0x0000000080000000,0x000000008ae9c910,0x000000008af00000)
 Metaspace       used 81614K, committed 83264K, reserved 1179648K
  class space    used 8058K, committed 8832K, reserved 1048576K
}
Event: 22196.602 GC heap before
{Heap before GC invocations=11175 (full 7):
 PSYoungGen      total 5120K, used 4640K [0x00000000d5580000, 0x00000000d5b80000, 0x0000000100000000)
  eden space 4096K, 100% used [0x00000000d5580000,0x00000000d5980000,0x00000000d5980000)
  from space 1024K, 53% used [0x00000000d5a80000,0x00000000d5b08000,0x00000000d5b80000)
  to   space 1024K, 0% used [0x00000000d5980000,0x00000000d5980000,0x00000000d5a80000)
 ParOldGen       total 179200K, used 178802K [0x0000000080000000, 0x000000008af00000, 0x00000000d5580000)
  object space 179200K, 99% used [0x0000000080000000,0x000000008ae9c910,0x000000008af00000)
 Metaspace       used 81614K, committed 83264K, reserved 1179648K
  class space    used 8058K, committed 8832K, reserved 1048576K
}
Event: 22196.613 GC heap after
{Heap after GC invocations=11175 (full 7):
 PSYoungGen      total 5120K, used 544K [0x00000000d5580000, 0x00000000d5b80000, 0x0000000100000000)
  eden space 4096K, 0% used [0x00000000d5580000,0x00000000d5580000,0x00000000d5980000)
  from space 1024K, 53% used [0x00000000d5980000,0x00000000d5a08000,0x00000000d5a80000)
  to   space 1024K, 0% used [0x00000000d5a80000,0x00000000d5a80000,0x00000000d5b80000)
 ParOldGen       total 179712K, used 179250K [0x0000000080000000, 0x000000008af80000, 0x00000000d5580000)
  object space 179712K, 99% used [0x0000000080000000,0x000000008af0c910,0x000000008af80000)
 Metaspace       used 81614K, committed 83264K, reserved 1179648K
  class space    used 8058K, committed 8832K, reserved 1048576K
}
Event: 22196.751 GC heap before
{Heap before GC invocations=11176 (full 7):
 PSYoungGen      total 5120K, used 4640K [0x00000000d5580000, 0x00000000d5b80000, 0x0000000100000000)
  eden space 4096K, 100% used [0x00000000d5580000,0x00000000d5980000,0x00000000d5980000)
  from space 1024K, 53% used [0x00000000d5980000,0x00000000d5a08000,0x00000000d5a80000)
  to   space 1024K, 0% used [0x00000000d5a80000,0x00000000d5a80000,0x00000000d5b80000)
 ParOldGen       total 179712K, used 179250K [0x0000000080000000, 0x000000008af80000, 0x00000000d5580000)
  object space 179712K, 99% used [0x0000000080000000,0x000000008af0c910,0x000000008af80000)
 Metaspace       used 81614K, committed 83264K, reserved 1179648K
  class space    used 8058K, committed 8832K, reserved 1048576K
}
Event: 22196.763 GC heap after
{Heap after GC invocations=11176 (full 7):
 PSYoungGen      total 5120K, used 576K [0x00000000d5580000, 0x00000000d5b80000, 0x0000000100000000)
  eden space 4096K, 0% used [0x00000000d5580000,0x00000000d5580000,0x00000000d5980000)
  from space 1024K, 56% used [0x00000000d5a80000,0x00000000d5b10000,0x00000000d5b80000)
  to   space 1024K, 0% used [0x00000000d5980000,0x00000000d5980000,0x00000000d5a80000)
 ParOldGen       total 179712K, used 179694K [0x0000000080000000, 0x000000008af80000, 0x00000000d5580000)
  object space 179712K, 99% used [0x0000000080000000,0x000000008af7b920,0x000000008af80000)
 Metaspace       used 81614K, committed 83264K, reserved 1179648K
  class space    used 8058K, committed 8832K, reserved 1048576K
}
Event: 22196.949 GC heap before
{Heap before GC invocations=11177 (full 7):
 PSYoungGen      total 5120K, used 4672K [0x00000000d5580000, 0x00000000d5b80000, 0x0000000100000000)
  eden space 4096K, 100% used [0x00000000d5580000,0x00000000d5980000,0x00000000d5980000)
  from space 1024K, 56% used [0x00000000d5a80000,0x00000000d5b10000,0x00000000d5b80000)
  to   space 1024K, 0% used [0x00000000d5980000,0x00000000d5980000,0x00000000d5a80000)
 ParOldGen       total 179712K, used 179694K [0x0000000080000000, 0x000000008af80000, 0x00000000d5580000)
  object space 179712K, 99% used [0x0000000080000000,0x000000008af7b920,0x000000008af80000)
 Metaspace       used 81614K, committed 83264K, reserved 1179648K
  class space    used 8058K, committed 8832K, reserved 1048576K
}
Event: 22196.961 GC heap after
{Heap after GC invocations=11177 (full 7):
 PSYoungGen      total 5120K, used 978K [0x00000000d5580000, 0x00000000d5c80000, 0x0000000100000000)
  eden space 4096K, 0% used [0x00000000d5580000,0x00000000d5580000,0x00000000d5980000)
  from space 1024K, 95% used [0x00000000d5980000,0x00000000d5a74820,0x00000000d5a80000)
  to   space 1536K, 0% used [0x00000000d5b00000,0x00000000d5b00000,0x00000000d5c80000)
 ParOldGen       total 180224K, used 180159K [0x0000000080000000, 0x000000008b000000, 0x00000000d5580000)
  object space 180224K, 99% used [0x0000000080000000,0x000000008afefe28,0x000000008b000000)
 Metaspace       used 81614K, committed 83264K, reserved 1179648K
  class space    used 8058K, committed 8832K, reserved 1048576K
}
Event: 22197.194 GC heap before
{Heap before GC invocations=11178 (full 7):
 PSYoungGen      total 5120K, used 5074K [0x00000000d5580000, 0x00000000d5c80000, 0x0000000100000000)
  eden space 4096K, 100% used [0x00000000d5580000,0x00000000d5980000,0x00000000d5980000)
  from space 1024K, 95% used [0x00000000d5980000,0x00000000d5a74820,0x00000000d5a80000)
  to   space 1536K, 0% used [0x00000000d5b00000,0x00000000d5b00000,0x00000000d5c80000)
 ParOldGen       total 180224K, used 180159K [0x0000000080000000, 0x000000008b000000, 0x00000000d5580000)
  object space 180224K, 99% used [0x0000000080000000,0x000000008afefe28,0x000000008b000000)
 Metaspace       used 81614K, committed 83264K, reserved 1179648K
  class space    used 8058K, committed 8832K, reserved 1048576K
}
Event: 22197.208 GC heap after
{Heap after GC invocations=11178 (full 7):
 PSYoungGen      total 4608K, used 352K [0x00000000d5580000, 0x00000000d5b80000, 0x0000000100000000)
  eden space 4096K, 0% used [0x00000000d5580000,0x00000000d5580000,0x00000000d5980000)
  from space 512K, 68% used [0x00000000d5b00000,0x00000000d5b58000,0x00000000d5b80000)
  to   space 1024K, 0% used [0x00000000d5980000,0x00000000d5980000,0x00000000d5a80000)
 ParOldGen       total 181248K, used 181026K [0x0000000080000000, 0x000000008b100000, 0x00000000d5580000)
  object space 181248K, 99% used [0x0000000080000000,0x000000008b0c8968,0x000000008b100000)
 Metaspace       used 81614K, committed 83264K, reserved 1179648K
  class space    used 8058K, committed 8832K, reserved 1048576K
}
Event: 22198.284 GC heap before
{Heap before GC invocations=11179 (full 7):
 PSYoungGen      total 4608K, used 4448K [0x00000000d5580000, 0x00000000d5b80000, 0x0000000100000000)
  eden space 4096K, 100% used [0x00000000d5580000,0x00000000d5980000,0x00000000d5980000)
  from space 512K, 68% used [0x00000000d5b00000,0x00000000d5b58000,0x00000000d5b80000)
  to   space 1024K, 0% used [0x00000000d5980000,0x00000000d5980000,0x00000000d5a80000)
 ParOldGen       total 181248K, used 181026K [0x0000000080000000, 0x000000008b100000, 0x00000000d5580000)
  object space 181248K, 99% used [0x0000000080000000,0x000000008b0c8968,0x000000008b100000)
 Metaspace       used 81614K, committed 83264K, reserved 1179648K
  class space    used 8058K, committed 8832K, reserved 1048576K
}
Event: 22198.292 GC heap after
{Heap after GC invocations=11179 (full 7):
 PSYoungGen      total 5120K, used 608K [0x00000000d5580000, 0x00000000d5b80000, 0x0000000100000000)
  eden space 4096K, 0% used [0x00000000d5580000,0x00000000d5580000,0x00000000d5980000)
  from space 1024K, 59% used [0x00000000d5980000,0x00000000d5a18000,0x00000000d5a80000)
  to   space 1024K, 0% used [0x00000000d5a80000,0x00000000d5a80000,0x00000000d5b80000)
 ParOldGen       total 181248K, used 181242K [0x0000000080000000, 0x000000008b100000, 0x00000000d5580000)
  object space 181248K, 99% used [0x0000000080000000,0x000000008b0fe968,0x000000008b100000)
 Metaspace       used 81614K, committed 83264K, reserved 1179648K
  class space    used 8058K, committed 8832K, reserved 1048576K
}
Event: 22198.734 GC heap before
{Heap before GC invocations=11180 (full 7):
 PSYoungGen      total 5120K, used 4702K [0x00000000d5580000, 0x00000000d5b80000, 0x0000000100000000)
  eden space 4096K, 99% used [0x00000000d5580000,0x00000000d597fb40,0x00000000d5980000)
  from space 1024K, 59% used [0x00000000d5980000,0x00000000d5a18000,0x00000000d5a80000)
  to   space 1024K, 0% used [0x00000000d5a80000,0x00000000d5a80000,0x00000000d5b80000)
 ParOldGen       total 181248K, used 181242K [0x0000000080000000, 0x000000008b100000, 0x00000000d5580000)
  object space 181248K, 99% used [0x0000000080000000,0x000000008b0fe968,0x000000008b100000)
 Metaspace       used 81614K, committed 83264K, reserved 1179648K
  class space    used 8058K, committed 8832K, reserved 1048576K
}
Event: 22198.743 GC heap after
{Heap after GC invocations=11180 (full 7):
 PSYoungGen      total 5120K, used 576K [0x00000000d5580000, 0x00000000d5b80000, 0x0000000100000000)
  eden space 4096K, 0% used [0x00000000d5580000,0x00000000d5580000,0x00000000d5980000)
  from space 1024K, 56% used [0x00000000d5a80000,0x00000000d5b10000,0x00000000d5b80000)
  to   space 1024K, 0% used [0x00000000d5980000,0x00000000d5980000,0x00000000d5a80000)
 ParOldGen       total 181760K, used 181746K [0x0000000080000000, 0x000000008b180000, 0x00000000d5580000)
  object space 181760K, 99% used [0x0000000080000000,0x000000008b17c968,0x000000008b180000)
 Metaspace       used 81614K, committed 83264K, reserved 1179648K
  class space    used 8058K, committed 8832K, reserved 1048576K
}
Event: 22199.119 GC heap before
{Heap before GC invocations=11181 (full 7):
 PSYoungGen      total 5120K, used 4672K [0x00000000d5580000, 0x00000000d5b80000, 0x0000000100000000)
  eden space 4096K, 100% used [0x00000000d5580000,0x00000000d5980000,0x00000000d5980000)
  from space 1024K, 56% used [0x00000000d5a80000,0x00000000d5b10000,0x00000000d5b80000)
  to   space 1024K, 0% used [0x00000000d5980000,0x00000000d5980000,0x00000000d5a80000)
 ParOldGen       total 181760K, used 181746K [0x0000000080000000, 0x000000008b180000, 0x00000000d5580000)
  object space 181760K, 99% used [0x0000000080000000,0x000000008b17c968,0x000000008b180000)
 Metaspace       used 81615K, committed 83264K, reserved 1179648K
  class space    used 8058K, committed 8832K, reserved 1048576K
}

Dll operation events (12 events):
Event: 0.089 Loaded shared library c:\Users\Sniffer\.vscode\extensions\redhat.java-1.54.0-win32-x64\jre\21.0.10-win32-x86_64\bin\java.dll
Event: 1.017 Loaded shared library c:\Users\Sniffer\.vscode\extensions\redhat.java-1.54.0-win32-x64\jre\21.0.10-win32-x86_64\bin\zip.dll
Event: 1.295 Loaded shared library C:\Users\Sniffer\.vscode\extensions\redhat.java-1.54.0-win32-x64\jre\21.0.10-win32-x86_64\bin\instrument.dll
Event: 1.349 Loaded shared library C:\Users\Sniffer\.vscode\extensions\redhat.java-1.54.0-win32-x64\jre\21.0.10-win32-x86_64\bin\net.dll
Event: 1.362 Loaded shared library C:\Users\Sniffer\.vscode\extensions\redhat.java-1.54.0-win32-x64\jre\21.0.10-win32-x86_64\bin\nio.dll
Event: 1.389 Loaded shared library C:\Users\Sniffer\.vscode\extensions\redhat.java-1.54.0-win32-x64\jre\21.0.10-win32-x86_64\bin\zip.dll
Event: 1.525 Loaded shared library C:\Users\Sniffer\.vscode\extensions\redhat.java-1.54.0-win32-x64\jre\21.0.10-win32-x86_64\bin\jimage.dll
Event: 2.837 Loaded shared library c:\Users\Sniffer\.vscode\extensions\redhat.java-1.54.0-win32-x64\jre\21.0.10-win32-x86_64\bin\verify.dll
Event: 151.249 Loaded shared library C:\Users\Sniffer\AppData\Roaming\Code\User\globalStorage\redhat.java\1.54.0\config_win\org.eclipse.equinox.launcher\org.eclipse.equinox.launcher.win32.win32.x86_64_1.3.0.v20260203-2149\eclipse_11919.dll
Event: 291.420 Loaded shared library C:\Users\Sniffer\AppData\Local\Temp\jna--397289541\jna11569450521765487666.dll
Event: 10683.826 Loaded shared library C:\Users\Sniffer\.vscode\extensions\redhat.java-1.54.0-win32-x64\jre\21.0.10-win32-x86_64\bin\sunmscapi.dll
Event: 18935.086 Loaded shared library C:\Users\Sniffer\.vscode\extensions\redhat.java-1.54.0-win32-x64\jre\21.0.10-win32-x86_64\bin\extnet.dll

Deoptimization events (20 events):
Event: 22074.060 Thread 0x0000021dfdf33590 DEOPT PACKING pc=0x0000021da4984ba4 sp=0x00000066e44fd430
Event: 22074.062 Thread 0x0000021dfdf33590 DEOPT UNPACKING pc=0x0000021da3923a9c sp=0x00000066e44fd400 mode 2
Event: 22074.062 Thread 0x0000021dfdf33590 Uncommon trap: trap_request=0xffffffd6 fr.pc=0x0000021da4984ba4 relative=0x0000000000001de4
Event: 22074.062 Thread 0x0000021dfdf33590 Uncommon trap: reason=array_check action=maybe_recompile pc=0x0000021da4984ba4 method=org.eclipse.sisu.plexus.CompositeBeanHelper.findMethod(Ljava/lang/Class;[Ljava/lang/reflect/Type;Ljava/lang/String;Ljava/lang/Class;)Ljava/lang/reflect/Method; @ 110 c2
Event: 22074.062 Thread 0x0000021dfdf33590 DEOPT PACKING pc=0x0000021da4984ba4 sp=0x00000066e44fd430
Event: 22074.062 Thread 0x0000021dfdf33590 DEOPT UNPACKING pc=0x0000021da3923a9c sp=0x00000066e44fd400 mode 2
Event: 22074.063 Thread 0x0000021dfdf33590 Uncommon trap: trap_request=0xffffffd6 fr.pc=0x0000021da4984ba4 relative=0x0000000000001de4
Event: 22074.063 Thread 0x0000021dfdf33590 Uncommon trap: reason=array_check action=maybe_recompile pc=0x0000021da4984ba4 method=org.eclipse.sisu.plexus.CompositeBeanHelper.findMethod(Ljava/lang/Class;[Ljava/lang/reflect/Type;Ljava/lang/String;Ljava/lang/Class;)Ljava/lang/reflect/Method; @ 110 c2
Event: 22074.063 Thread 0x0000021dfdf33590 DEOPT PACKING pc=0x0000021da4984ba4 sp=0x00000066e44fd430
Event: 22074.063 Thread 0x0000021dfdf33590 DEOPT UNPACKING pc=0x0000021da3923a9c sp=0x00000066e44fd400 mode 2
Event: 22165.930 Thread 0x0000021dfdf2e040 Uncommon trap: trap_request=0xffffff6e fr.pc=0x0000021da4549af0 relative=0x0000000000000310
Event: 22165.933 Thread 0x0000021dfdf2e040 Uncommon trap: reason=loop_limit_check action=maybe_recompile pc=0x0000021da4549af0 method=org.eclipse.jdt.internal.compiler.ast.TypeDeclaration.checkConstructors(Lorg/eclipse/jdt/internal/compiler/parser/Parser;)Z @ 165 c2
Event: 22165.933 Thread 0x0000021dfdf2e040 DEOPT PACKING pc=0x0000021da4549af0 sp=0x00000066e32fde30
Event: 22165.938 Thread 0x0000021dfdf2e040 DEOPT UNPACKING pc=0x0000021da3923a9c sp=0x00000066e32fdda8 mode 2
Event: 22184.483 Thread 0x0000021dfdf30e30 DEOPT PACKING pc=0x0000021d9f108f9d sp=0x00000066e3afec00
Event: 22184.512 Thread 0x0000021dfdf30e30 DEOPT UNPACKING pc=0x0000021da3924223 sp=0x00000066e3afe078 mode 0
Event: 22192.846 Thread 0x0000021dfdf30e30 Uncommon trap: trap_request=0xffffff45 fr.pc=0x0000021da56ffc04 relative=0x0000000000002064
Event: 22192.846 Thread 0x0000021dfdf30e30 Uncommon trap: reason=unstable_if action=reinterpret pc=0x0000021da56ffc04 method=org.eclipse.jdt.internal.compiler.codegen.CodeStream.imul()V @ 46 c2
Event: 22192.847 Thread 0x0000021dfdf30e30 DEOPT PACKING pc=0x0000021da56ffc04 sp=0x00000066e3afed40
Event: 22192.848 Thread 0x0000021dfdf30e30 DEOPT UNPACKING pc=0x0000021da3923a9c sp=0x00000066e3afecb0 mode 2

Classes loaded (20 events):
Event: 21312.455 Loading class sun/security/ssl/Alert
Event: 21312.497 Loading class sun/security/ssl/Alert done
Event: 21312.535 Loading class sun/security/ssl/Alert$AlertConsumer
Event: 21312.542 Loading class sun/security/ssl/Alert$AlertConsumer done
Event: 21312.543 Loading class sun/security/ssl/Alert$Level
Event: 21312.551 Loading class sun/security/ssl/Alert$Level done
Event: 21314.016 Loading class jdk/internal/module/IllegalAccessLogger
Event: 21314.018 Loading class jdk/internal/module/IllegalAccessLogger done
Event: 21334.221 Loading class jdk/internal/module/IllegalAccessLogger
Event: 21334.221 Loading class jdk/internal/module/IllegalAccessLogger done
Event: 21350.588 Loading class jdk/internal/module/IllegalAccessLogger
Event: 21350.588 Loading class jdk/internal/module/IllegalAccessLogger done
Event: 22038.210 Loading class jdk/internal/module/IllegalAccessLogger
Event: 22038.225 Loading class jdk/internal/module/IllegalAccessLogger done
Event: 22051.263 Loading class java/util/DualPivotQuicksort$Sorter
Event: 22051.320 Loading class java/util/DualPivotQuicksort$Sorter done
Event: 22062.666 Loading class jdk/internal/module/IllegalAccessLogger
Event: 22062.666 Loading class jdk/internal/module/IllegalAccessLogger done
Event: 22177.262 Loading class jdk/internal/module/IllegalAccessLogger
Event: 22177.270 Loading class jdk/internal/module/IllegalAccessLogger done

Classes unloaded (20 events):
Event: 21306.975 Thread 0x0000021d9908f950 Unloading class 0x0000021db17bb018 'org/apache/maven/shared/filtering/MavenReaderFilterRequest'
Event: 21306.975 Thread 0x0000021d9908f950 Unloading class 0x0000021db17bad00 'org/apache/maven/shared/filtering/MavenFileFilterRequest'
Event: 21306.975 Thread 0x0000021d9908f950 Unloading class 0x0000021db17bab00 'org/codehaus/plexus/interpolation/Interpolator'
Event: 21306.975 Thread 0x0000021d9908f950 Unloading class 0x0000021db17ba900 'org/codehaus/plexus/interpolation/BasicInterpolator'
Event: 21306.975 Thread 0x0000021d9908f950 Unloading class 0x0000021db17b9dd0 'org/codehaus/plexus/interpolation/ValueSource'
Event: 21306.977 Thread 0x0000021d9908f950 Unloading class 0x0000021db17ba538 'org/apache/maven/shared/filtering/MavenResourcesExecution'
Event: 21306.977 Thread 0x0000021d9908f950 Unloading class 0x0000021db17ba260 'org/apache/maven/shared/filtering/AbstractMavenFilteringRequest'
Event: 21306.977 Thread 0x0000021d9908f950 Unloading class 0x0000021db17ba000 'org/apache/maven/shared/filtering/MavenFilteringException'
Event: 21306.978 Thread 0x0000021d9908f950 Unloading class 0x0000021db17b9b80 'org/apache/maven/shared/filtering/DefaultMavenResourcesFiltering'
Event: 21306.978 Thread 0x0000021d9908f950 Unloading class 0x0000021db17b9980 'org/apache/maven/shared/filtering/MavenResourcesFiltering'
Event: 21306.978 Thread 0x0000021d9908f950 Unloading class 0x0000021db17b96f0 'org/apache/maven/shared/filtering/DefaultMavenReaderFilter'
Event: 21306.978 Thread 0x0000021d9908f950 Unloading class 0x0000021db17b94f0 'org/apache/maven/shared/filtering/MavenReaderFilter'
Event: 21306.978 Thread 0x0000021d9908f950 Unloading class 0x0000021db17b9250 'org/apache/maven/shared/filtering/DefaultMavenFileFilter'
Event: 21306.978 Thread 0x0000021d9908f950 Unloading class 0x0000021db17b9000 'org/apache/maven/shared/filtering/BaseFilter'
Event: 21306.978 Thread 0x0000021d9908f950 Unloading class 0x0000021db17b8db8 'org/apache/maven/shared/filtering/MavenFileFilter'
Event: 21306.978 Thread 0x0000021d9908f950 Unloading class 0x0000021db17b8bb8 'org/apache/maven/shared/filtering/DefaultFilterInfo'
Event: 21306.978 Thread 0x0000021d9908f950 Unloading class 0x0000021db17b88a8 'org/apache/maven/plugins/resources/TestResourcesMojo'
Event: 21306.979 Thread 0x0000021d9908f950 Unloading class 0x0000021db17b8620 'org/apache/maven/plugins/maven_resources_plugin/HelpMojo'
Event: 21306.979 Thread 0x0000021d9908f950 Unloading class 0x0000021db17b8310 'org/apache/maven/plugins/resources/CopyResourcesMojo'
Event: 21306.979 Thread 0x0000021d9908f950 Unloading class 0x0000021db17b8000 'org/apache/maven/plugins/resources/ResourcesMojo'

Classes redefined (0 events):
No events

Internal exceptions (20 events):
Event: 22160.028 Thread 0x0000021dfdf307a0 Exception <a 'sun/nio/fs/WindowsException'{0x00000000d5613f40}> (0x00000000d5613f40) 
thrown [s\src\hotspot\share\prims\jni.cpp, line 520]
Event: 22160.033 Thread 0x0000021dfdf307a0 Exception <a 'sun/nio/fs/WindowsException'{0x00000000d56177f0}> (0x00000000d56177f0) 
thrown [s\src\hotspot\share\prims\jni.cpp, line 520]
Event: 22160.052 Thread 0x0000021dfdf2ed60 Exception <a 'sun/nio/fs/WindowsException'{0x00000000d561f500}> (0x00000000d561f500) 
thrown [s\src\hotspot\share\prims\jni.cpp, line 520]
Event: 22160.100 Thread 0x0000021dfdf307a0 Exception <a 'sun/nio/fs/WindowsException'{0x00000000d561adf8}> (0x00000000d561adf8) 
thrown [s\src\hotspot\share\prims\jni.cpp, line 520]
Event: 22160.165 Thread 0x0000021dfdf2ed60 Exception <a 'sun/nio/fs/WindowsException'{0x00000000d56310e0}> (0x00000000d56310e0) 
thrown [s\src\hotspot\share\prims\jni.cpp, line 520]
Event: 22160.176 Thread 0x0000021dfdf31b50 Exception <a 'sun/nio/fs/WindowsException'{0x00000000d561bed0}> (0x00000000d561bed0) 
thrown [s\src\hotspot\share\prims\jni.cpp, line 520]
Event: 22160.177 Thread 0x0000021dfdf31b50 Exception <a 'sun/nio/fs/WindowsException'{0x00000000d5635d80}> (0x00000000d5635d80) 
thrown [s\src\hotspot\share\prims\jni.cpp, line 520]
Event: 22160.186 Thread 0x0000021dfdf2ed60 Exception <a 'sun/nio/fs/WindowsException'{0x00000000d56421b8}> (0x00000000d56421b8) 
thrown [s\src\hotspot\share\prims\jni.cpp, line 520]
Event: 22160.186 Thread 0x0000021dfdf2e6d0 Exception <a 'sun/nio/fs/WindowsException'{0x00000000d56437e8}> (0x00000000d56437e8) 
thrown [s\src\hotspot\share\prims\jni.cpp, line 520]
Event: 22160.188 Thread 0x0000021dfdf31b50 Exception <a 'sun/nio/fs/WindowsException'{0x00000000d56407f8}> (0x00000000d56407f8) 
thrown [s\src\hotspot\share\prims\jni.cpp, line 520]
Event: 22160.208 Thread 0x0000021dfdf31b50 Exception <a 'sun/nio/fs/WindowsException'{0x00000000d5651530}> (0x00000000d5651530) 
thrown [s\src\hotspot\share\prims\jni.cpp, line 520]
Event: 22160.210 Thread 0x0000021dfdf31b50 Exception <a 'sun/nio/fs/WindowsException'{0x00000000d5657350}> (0x00000000d5657350) 
thrown [s\src\hotspot\share\prims\jni.cpp, line 520]
Event: 22160.213 Thread 0x0000021dfdf2e6d0 Exception <a 'sun/nio/fs/WindowsException'{0x00000000d565b008}> (0x00000000d565b008) 
thrown [s\src\hotspot\share\prims\jni.cpp, line 520]
Event: 22160.219 Thread 0x0000021dfdf2ed60 Exception <a 'sun/nio/fs/WindowsException'{0x00000000d5662398}> (0x00000000d5662398) 
thrown [s\src\hotspot\share\prims\jni.cpp, line 520]
Event: 22160.230 Thread 0x0000021dfdf2ed60 Exception <a 'sun/nio/fs/WindowsException'{0x00000000d56648b8}> (0x00000000d56648b8) 
thrown [s\src\hotspot\share\prims\jni.cpp, line 520]
Event: 22160.235 Thread 0x0000021dfdf31b50 Exception <a 'sun/nio/fs/WindowsException'{0x00000000d566a8b8}> (0x00000000d566a8b8) 
thrown [s\src\hotspot\share\prims\jni.cpp, line 520]
Event: 22160.243 Thread 0x0000021dfdf31b50 Exception <a 'sun/nio/fs/WindowsException'{0x00000000d566f3f0}> (0x00000000d566f3f0) 
thrown [s\src\hotspot\share\prims\jni.cpp, line 520]
Event: 22160.258 Thread 0x0000021dfdf2e6d0 Exception <a 'sun/nio/fs/WindowsException'{0x00000000d56779a8}> (0x00000000d56779a8) 
thrown [s\src\hotspot\share\prims\jni.cpp, line 520]
Event: 22160.264 Thread 0x0000021dfdf2e6d0 Exception <a 'sun/nio/fs/WindowsException'{0x00000000d56799b8}> (0x00000000d56799b8) 
thrown [s\src\hotspot\share\prims\jni.cpp, line 520]
Event: 22160.553 Thread 0x0000021dfdf2e040 Exception <a 'sun/nio/fs/WindowsException'{0x00000000d56afb60}> (0x00000000d56afb60) 
thrown [s\src\hotspot\share\prims\jni.cpp, line 520]

ZGC Phase Switch (0 events):
No events

VM Operations (20 events):
Event: 22194.854 Executing safepoint VM operation: ParallelGCFailedAllocation (Allocation Failure) done
Event: 22195.028 Executing safepoint VM operation: ParallelGCFailedAllocation (Allocation Failure)
Event: 22195.039 Executing safepoint VM operation: ParallelGCFailedAllocation (Allocation Failure) done
Event: 22195.512 Executing safepoint VM operation: ParallelGCFailedAllocation (Allocation Failure)
Event: 22195.524 Executing safepoint VM operation: ParallelGCFailedAllocation (Allocation Failure) done
Event: 22196.528 Executing safepoint VM operation: Cleanup
Event: 22196.600 Executing safepoint VM operation: Cleanup done
Event: 22196.602 Executing safepoint VM operation: ParallelGCFailedAllocation (Allocation Failure)
Event: 22196.613 Executing safepoint VM operation: ParallelGCFailedAllocation (Allocation Failure) done
Event: 22196.751 Executing safepoint VM operation: ParallelGCFailedAllocation (Allocation Failure)
Event: 22196.763 Executing safepoint VM operation: ParallelGCFailedAllocation (Allocation Failure) done
Event: 22196.949 Executing safepoint VM operation: ParallelGCFailedAllocation (Allocation Failure)
Event: 22196.961 Executing safepoint VM operation: ParallelGCFailedAllocation (Allocation Failure) done
Event: 22197.194 Executing safepoint VM operation: ParallelGCFailedAllocation (Allocation Failure)
Event: 22197.208 Executing safepoint VM operation: ParallelGCFailedAllocation (Allocation Failure) done
Event: 22198.182 Executing safepoint VM operation: ParallelGCFailedAllocation (Allocation Failure)
Event: 22198.292 Executing safepoint VM operation: ParallelGCFailedAllocation (Allocation Failure) done
Event: 22198.709 Executing safepoint VM operation: ParallelGCFailedAllocation (Allocation Failure)
Event: 22198.743 Executing safepoint VM operation: ParallelGCFailedAllocation (Allocation Failure) done
Event: 22199.119 Executing safepoint VM operation: ParallelGCFailedAllocation (Allocation Failure)

Memory protections (0 events):
No events

Nmethod flushes (20 events):
Event: 22073.247 Thread 0x0000021d9908f950 flushing  nmethod 0x0000021d9f308690
Event: 22073.247 Thread 0x0000021d9908f950 flushing  nmethod 0x0000021d9f30f590
Event: 22073.247 Thread 0x0000021d9908f950 flushing  nmethod 0x0000021d9f31c390
Event: 22073.247 Thread 0x0000021d9908f950 flushing  nmethod 0x0000021d9f31d010
Event: 22073.247 Thread 0x0000021d9908f950 flushing  nmethod 0x0000021d9f330090
Event: 22073.247 Thread 0x0000021d9908f950 flushing  nmethod 0x0000021d9f348710
Event: 22073.247 Thread 0x0000021d9908f950 flushing  nmethod 0x0000021d9f34ac90
Event: 22073.247 Thread 0x0000021d9908f950 flushing  nmethod 0x0000021d9f352490
Event: 22073.247 Thread 0x0000021d9908f950 flushing  nmethod 0x0000021d9f357810
Event: 22073.247 Thread 0x0000021d9908f950 flushing  nmethod 0x0000021d9f364e90
Event: 22073.247 Thread 0x0000021d9908f950 flushing  nmethod 0x0000021d9f365390
Event: 22073.247 Thread 0x0000021d9908f950 flushing  nmethod 0x0000021d9f38f690
Event: 22073.248 Thread 0x0000021d9908f950 flushing  nmethod 0x0000021d9f3a2f10
Event: 22073.248 Thread 0x0000021d9908f950 flushing  nmethod 0x0000021d9f3ecd90
Event: 22073.249 Thread 0x0000021d9908f950 flushing  nmethod 0x0000021d9f3f0210
Event: 22073.249 Thread 0x0000021d9908f950 flushing  nmethod 0x0000021d9f3f3290
Event: 22073.249 Thread 0x0000021d9908f950 flushing  nmethod 0x0000021d9f3fe410
Event: 22073.249 Thread 0x0000021d9908f950 flushing  nmethod 0x0000021d9f468390
Event: 22073.249 Thread 0x0000021d9908f950 flushing  nmethod 0x0000021d9f474810
Event: 22073.249 Thread 0x0000021d9908f950 flushing  nmethod 0x0000021d9f4ab510

Events (20 events):
Event: 21986.360 Thread 0x0000021dfdf30110 Thread added: 0x0000021dfdf2e040
Event: 21987.684 Thread 0x0000021dfdf2e040 Thread added: 0x0000021dfdf307a0
Event: 21987.701 Thread 0x0000021dfdf2e040 Thread added: 0x0000021dfdf31b50
Event: 21987.872 Thread 0x0000021dfdf31b50 Thread added: 0x0000021dfdf2e6d0
Event: 21992.579 Thread 0x0000021dfdf30e30 Thread added: 0x0000021dfdf32f00
Event: 22014.938 Thread 0x0000021dfdf30110 Thread added: 0x0000021dfdf34fd0
Event: 22014.940 Thread 0x0000021dfdf30110 Thread added: 0x0000021dfdf35660
Event: 22036.367 Thread 0x0000021dfdf32f00 Thread added: 0x0000021dfdf33590
Event: 22038.261 Thread 0x0000021dfdf30110 Thread added: 0x0000021dfdf33c20
Event: 22038.491 Thread 0x0000021dfdf30110 Thread added: 0x0000021dfdf342b0
Event: 22038.601 Thread 0x0000021dfdf30110 Thread added: 0x0000021dfdf34940
Event: 22121.059 Thread 0x0000021dfdf2e040 Thread exited: 0x0000021dfdf2e040
Event: 22122.805 Thread 0x0000021dfdf33c20 Thread exited: 0x0000021dfdf33c20
Event: 22125.432 Thread 0x0000021dfdf32870 Thread exited: 0x0000021dfdf32870
Event: 22125.432 Thread 0x0000021dfdf30110 Thread exited: 0x0000021dfdf30110
Event: 22125.599 Thread 0x0000021dfdf30e30 Thread exited: 0x0000021dfdf30e30
Event: 22142.046 Thread 0x0000021dfdf32f00 Thread added: 0x0000021dfdf2e040
Event: 22152.960 Thread 0x0000021dfdf2e6d0 Thread added: 0x0000021dfdf2ed60
Event: 22177.288 Thread 0x0000021dfdf2e040 Thread added: 0x0000021dfdf30e30
Event: 22187.311 Thread 0x0000021dfdf33590 Thread added: 0x0000021dfdf30110


Dynamic libraries:
0x00007ff68ea30000 - 0x00007ff68ea3e000 	c:\Users\Sniffer\.vscode\extensions\redhat.java-1.54.0-win32-x64\jre\21.0.10-win32-x86_64\bin\java.exe
0x00007ffa84d80000 - 0x00007ffa84fe7000 	C:\WINDOWS\SYSTEM32\ntdll.dll
0x00007ffa83c90000 - 0x00007ffa83d59000 	C:\WINDOWS\System32\KERNEL32.DLL
0x00007ffa824c0000 - 0x00007ffa828b7000 	C:\WINDOWS\System32\KERNELBASE.dll
0x00007ffa7e1e0000 - 0x00007ffa7e280000 	C:\WINDOWS\SYSTEM32\apphelp.dll
0x00007ffa81a50000 - 0x00007ffa81b9b000 	C:\WINDOWS\System32\ucrtbase.dll
0x00007ffa64310000 - 0x00007ffa64328000 	c:\Users\Sniffer\.vscode\extensions\redhat.java-1.54.0-win32-x64\jre\21.0.10-win32-x86_64\bin\jli.dll
0x00007ffa642f0000 - 0x00007ffa6430e000 	c:\Users\Sniffer\.vscode\extensions\redhat.java-1.54.0-win32-x64\jre\21.0.10-win32-x86_64\bin\VCRUNTIME140.dll
0x00007ffa839a0000 - 0x00007ffa83b66000 	C:\WINDOWS\System32\USER32.dll
0x00007ffa60b20000 - 0x00007ffa60db2000 	C:\WINDOWS\WinSxS\amd64_microsoft.windows.common-controls_6595b64144ccf1df_6.0.26100.8457_none_3e0b2faee331e92d\COMCTL32.dll
0x00007ffa84840000 - 0x00007ffa848e9000 	C:\WINDOWS\System32\msvcrt.dll
0x00007ffa84980000 - 0x00007ffa849ab000 	C:\WINDOWS\System32\GDI32.dll
0x00007ffa81a20000 - 0x00007ffa81a47000 	C:\WINDOWS\System32\win32u.dll
0x00007ffa81860000 - 0x00007ffa8198c000 	C:\WINDOWS\System32\gdi32full.dll
0x00007ffa81ba0000 - 0x00007ffa81c43000 	C:\WINDOWS\System32\msvcp_win.dll
0x00007ffa84460000 - 0x00007ffa84492000 	C:\WINDOWS\System32\IMM32.DLL
0x00007ffa6ee80000 - 0x00007ffa6ee8c000 	c:\Users\Sniffer\.vscode\extensions\redhat.java-1.54.0-win32-x64\jre\21.0.10-win32-x86_64\bin\vcruntime140_1.dll
0x00007ffa42ce0000 - 0x00007ffa42d6d000 	c:\Users\Sniffer\.vscode\extensions\redhat.java-1.54.0-win32-x64\jre\21.0.10-win32-x86_64\bin\msvcp140.dll
0x00007ff9cb840000 - 0x00007ff9cc5e1000 	c:\Users\Sniffer\.vscode\extensions\redhat.java-1.54.0-win32-x64\jre\21.0.10-win32-x86_64\bin\server\jvm.dll
0x00007ffa849b0000 - 0x00007ffa84a66000 	C:\WINDOWS\System32\ADVAPI32.dll
0x00007ffa838e0000 - 0x00007ffa83987000 	C:\WINDOWS\System32\sechost.dll
0x00007ffa83b70000 - 0x00007ffa83c88000 	C:\WINDOWS\System32\RPCRT4.dll
0x00007ffa843d0000 - 0x00007ffa84450000 	C:\WINDOWS\System32\WS2_32.dll
0x00007ffa81610000 - 0x00007ffa8166e000 	C:\WINDOWS\SYSTEM32\POWRPROF.dll
0x00007ffa67190000 - 0x00007ffa671c6000 	C:\WINDOWS\SYSTEM32\WINMM.dll
0x00007ffa74110000 - 0x00007ffa7411b000 	C:\WINDOWS\SYSTEM32\VERSION.dll
0x00007ffa815f0000 - 0x00007ffa81604000 	C:\WINDOWS\SYSTEM32\UMPDC.dll
0x00007ffa80500000 - 0x00007ffa8051b000 	C:\WINDOWS\SYSTEM32\kernel.appcore.dll
0x00007ffa6ed90000 - 0x00007ffa6ed9a000 	c:\Users\Sniffer\.vscode\extensions\redhat.java-1.54.0-win32-x64\jre\21.0.10-win32-x86_64\bin\jimage.dll
0x00007ffa7f8a0000 - 0x00007ffa7fae2000 	C:\WINDOWS\SYSTEM32\DBGHELP.DLL
0x00007ffa844b0000 - 0x00007ffa84833000 	C:\WINDOWS\System32\combase.dll
0x00007ffa84a70000 - 0x00007ffa84b49000 	C:\WINDOWS\System32\OLEAUT32.dll
0x00007ffa604b0000 - 0x00007ffa604eb000 	C:\WINDOWS\SYSTEM32\dbgcore.DLL
0x00007ffa817b0000 - 0x00007ffa81858000 	C:\WINDOWS\System32\bcryptPrimitives.dll
0x00007ffa64410000 - 0x00007ffa6441f000 	c:\Users\Sniffer\.vscode\extensions\redhat.java-1.54.0-win32-x64\jre\21.0.10-win32-x86_64\bin\instrument.dll
0x00007ffa642d0000 - 0x00007ffa642f0000 	c:\Users\Sniffer\.vscode\extensions\redhat.java-1.54.0-win32-x64\jre\21.0.10-win32-x86_64\bin\java.dll
0x00007ffa82eb0000 - 0x00007ffa8361e000 	C:\WINDOWS\System32\SHELL32.dll
0x00007ffa81c50000 - 0x00007ffa824bc000 	C:\WINDOWS\System32\windows.storage.dll
0x00007ffa82b20000 - 0x00007ffa82c16000 	C:\WINDOWS\System32\SHCORE.dll
0x00007ffa82c20000 - 0x00007ffa82c86000 	C:\WINDOWS\System32\shlwapi.dll
0x00007ffa816d0000 - 0x00007ffa816f9000 	C:\WINDOWS\SYSTEM32\profapi.dll
0x00007ffa641c0000 - 0x00007ffa641d8000 	c:\Users\Sniffer\.vscode\extensions\redhat.java-1.54.0-win32-x64\jre\21.0.10-win32-x86_64\bin\zip.dll
0x00007ffa64190000 - 0x00007ffa641a0000 	C:\Users\Sniffer\.vscode\extensions\redhat.java-1.54.0-win32-x64\jre\21.0.10-win32-x86_64\bin\net.dll
0x00007ffa74dd0000 - 0x00007ffa74ef9000 	C:\WINDOWS\SYSTEM32\WINHTTP.dll
0x00007ffa80a50000 - 0x00007ffa80abc000 	C:\WINDOWS\system32\mswsock.dll
0x00007ffa61d10000 - 0x00007ffa61d26000 	C:\Users\Sniffer\.vscode\extensions\redhat.java-1.54.0-win32-x64\jre\21.0.10-win32-x86_64\bin\nio.dll
0x00007ffa64180000 - 0x00007ffa64190000 	c:\Users\Sniffer\.vscode\extensions\redhat.java-1.54.0-win32-x64\jre\21.0.10-win32-x86_64\bin\verify.dll
0x00007ffa32a80000 - 0x00007ffa32ac5000 	C:\Users\Sniffer\AppData\Roaming\Code\User\globalStorage\redhat.java\1.54.0\config_win\org.eclipse.equinox.launcher\org.eclipse.equinox.launcher.win32.win32.x86_64_1.3.0.v20260203-2149\eclipse_11919.dll
0x00007ffa82d10000 - 0x00007ffa82ea7000 	C:\WINDOWS\System32\ole32.dll
0x00007ffa80e50000 - 0x00007ffa80e6b000 	C:\WINDOWS\SYSTEM32\CRYPTSP.dll
0x00007ffa80460000 - 0x00007ffa80499000 	C:\WINDOWS\system32\rsaenh.dll
0x00007ffa80b00000 - 0x00007ffa80b33000 	C:\WINDOWS\SYSTEM32\USERENV.dll
0x00007ffa816a0000 - 0x00007ffa816ca000 	C:\WINDOWS\SYSTEM32\bcrypt.dll
0x00007ffa80cb0000 - 0x00007ffa80cbc000 	C:\WINDOWS\SYSTEM32\CRYPTBASE.dll
0x00007ffa7ffa0000 - 0x00007ffa7ffd2000 	C:\WINDOWS\SYSTEM32\IPHLPAPI.DLL
0x00007ffa82b10000 - 0x00007ffa82b1a000 	C:\WINDOWS\System32\NSI.dll
0x00007ffa72660000 - 0x00007ffa726a9000 	C:\Users\Sniffer\AppData\Local\Temp\jna--397289541\jna11569450521765487666.dll
0x00007ffa844a0000 - 0x00007ffa844a8000 	C:\WINDOWS\System32\PSAPI.DLL
0x00007ffa74b90000 - 0x00007ffa74bad000 	C:\WINDOWS\SYSTEM32\dhcpcsvc6.DLL
0x00007ffa74b60000 - 0x00007ffa74b85000 	C:\WINDOWS\SYSTEM32\dhcpcsvc.DLL
0x00007ffa80620000 - 0x00007ffa80656000 	C:\WINDOWS\SYSTEM32\ntmarta.dll
0x00007ffa596c0000 - 0x00007ffa596ce000 	C:\Users\Sniffer\.vscode\extensions\redhat.java-1.54.0-win32-x64\jre\21.0.10-win32-x86_64\bin\sunmscapi.dll
0x00007ffa82980000 - 0x00007ffa82af8000 	C:\WINDOWS\System32\CRYPT32.dll
0x00007ffa80fb0000 - 0x00007ffa80fe0000 	C:\WINDOWS\SYSTEM32\ncrypt.dll
0x00007ffa80f60000 - 0x00007ffa80f9f000 	C:\WINDOWS\SYSTEM32\NTASN1.dll
0x00007ffa80080000 - 0x00007ffa801b2000 	C:\WINDOWS\SYSTEM32\DNSAPI.dll
0x00007ffa796f0000 - 0x00007ffa796fb000 	C:\Windows\System32\rasadhlp.dll
0x00007ffa72d60000 - 0x00007ffa72de6000 	C:\WINDOWS\System32\fwpuclnt.dll
0x00007ffa63f60000 - 0x00007ffa63f69000 	C:\Users\Sniffer\.vscode\extensions\redhat.java-1.54.0-win32-x64\jre\21.0.10-win32-x86_64\bin\extnet.dll

JVMTI agents:
c:\Users\Sniffer\.vscode\extensions\redhat.java-1.54.0-win32-x64\lombok\lombok-1.18.39-4050.jar path:c:\Users\Sniffer\.vscode\extensions\redhat.java-1.54.0-win32-x64\jre\21.0.10-win32-x86_64\bin\instrument.dll, loaded, initialized, instrumentlib options:none

dbghelp: loaded successfully - version: 4.0.5 - missing functions: none
symbol engine: initialized successfully - sym options: 0x614 - pdb path: .;c:\Users\Sniffer\.vscode\extensions\redhat.java-1.54.0-win32-x64\jre\21.0.10-win32-x86_64\bin;C:\WINDOWS\SYSTEM32;C:\WINDOWS\WinSxS\amd64_microsoft.windows.common-controls_6595b64144ccf1df_6.0.26100.8457_none_3e0b2faee331e92d;c:\Users\Sniffer\.vscode\extensions\redhat.java-1.54.0-win32-x64\jre\21.0.10-win32-x86_64\bin\server;C:\Users\Sniffer\AppData\Roaming\Code\User\globalStorage\redhat.java\1.54.0\config_win\org.eclipse.equinox.launcher\org.eclipse.equinox.launcher.win32.win32.x86_64_1.3.0.v20260203-2149;C:\Users\Sniffer\AppData\Local\Temp\jna--397289541

VM Arguments:
jvm_args: --add-modules=ALL-SYSTEM --add-opens=java.base/java.util=ALL-UNNAMED --add-opens=java.base/java.lang=ALL-UNNAMED --add-opens=java.base/sun.nio.fs=ALL-UNNAMED -Declipse.application=org.eclipse.jdt.ls.core.id1 -Dosgi.bundles.defaultStartLevel=4 -Declipse.product=org.eclipse.jdt.ls.core.product -Djava.import.generatesMetadataFilesAtProjectRoot=false -DDetectVMInstallationsJob.disabled=true -Dfile.encoding=utf8 -XX:+UseParallelGC -XX:GCTimeRatio=4 -XX:AdaptiveSizePolicyWeight=90 -Dsun.zip.disableMemoryMapping=true -Xmx2G -Xms100m -Xlog:disable -javaagent:c:\Users\Sniffer\.vscode\extensions\redhat.java-1.54.0-win32-x64\lombok\lombok-1.18.39-4050.jar -XX:+HeapDumpOnOutOfMemoryError -XX:HeapDumpPath=c:\Users\Sniffer\AppData\Roaming\Code\User\workspaceStorage\0f85b129cbc58997ff72c647b17dfe9b\redhat.java -Daether.dependencyCollector.impl=bf 
java_command: c:\Users\Sniffer\.vscode\extensions\redhat.java-1.54.0-win32-x64\server\plugins\org.eclipse.equinox.launcher_1.7.100.v20251111-0406.jar -configuration c:\Users\Sniffer\AppData\Roaming\Code\User\globalStorage\redhat.java\1.54.0\config_win -data c:\Users\Sniffer\AppData\Roaming\Code\User\workspaceStorage\0f85b129cbc58997ff72c647b17dfe9b\redhat.java\jdt_ws --pipe=\\.\pipe\lsp-892819510b1da4476aecd747d51c4061-sock
java_class_path (initial): c:\Users\Sniffer\.vscode\extensions\redhat.java-1.54.0-win32-x64\server\plugins\org.eclipse.equinox.launcher_1.7.100.v20251111-0406.jar
Launcher Type: SUN_STANDARD

[Global flags]
    uintx AdaptiveSizePolicyWeight                 = 90                                        {product} {command line}
     intx CICompilerCount                          = 3                                         {product} {ergonomic}
    uintx GCTimeRatio                              = 4                                         {product} {command line}
     bool HeapDumpOnOutOfMemoryError               = true                                   {manageable} {command line}
    ccstr HeapDumpPath                             = c:\Users\Sniffer\AppData\Roaming\Code\User\workspaceStorage\0f85b129cbc58997ff72c647b17dfe9b\redhat.java         {manageable} {command line}
   size_t InitialHeapSize                          = 104857600                                 {product} {command line}
   size_t MaxHeapSize                              = 2147483648                                {product} {command line}
   size_t MaxNewSize                               = 715653120                                 {product} {ergonomic}
   size_t MinHeapDeltaBytes                        = 524288                                    {product} {ergonomic}
   size_t MinHeapSize                              = 104857600                                 {product} {command line}
   size_t NewSize                                  = 34603008                                  {product} {ergonomic}
    uintx NonNMethodCodeHeapSize                   = 5832780                                {pd product} {ergonomic}
    uintx NonProfiledCodeHeapSize                  = 122912730                              {pd product} {ergonomic}
   size_t OldSize                                  = 70254592                                  {product} {ergonomic}
    uintx ProfiledCodeHeapSize                     = 122912730                              {pd product} {ergonomic}
    uintx ReservedCodeCacheSize                    = 251658240                              {pd product} {ergonomic}
     bool SegmentedCodeCache                       = true                                      {product} {ergonomic}
   size_t SoftMaxHeapSize                          = 2147483648                             {manageable} {ergonomic}
     bool UseCompressedOops                        = true                           {product lp64_product} {ergonomic}
     bool UseLargePagesIndividualAllocation        = false                                  {pd product} {ergonomic}
     bool UseParallelGC                            = true                                      {product} {command line}

Logging:
Log output configuration:
 #0: stdout all=off uptime,level,tags foldmultilines=false
 #1: stderr all=off uptime,level,tags foldmultilines=false

Release file:
JAVA_VERSION="21.0.10" 
MODULES="java.base java.compiler java.datatransfer java.xml java.prefs java.desktop java.instrument java.logging java.management java.security.sasl java.naming java.rmi java.management.rmi java.net.http java.scripting java.security.jgss java.transaction.xa java.sql java.sql.rowset java.xml.crypto java.se java.smartcardio jdk.accessibility jdk.internal.jvmstat jdk.attach jdk.charsets jdk.internal.opt jdk.zipfs jdk.compiler jdk.crypto.ec jdk.crypto.cryptoki jdk.crypto.mscapi jdk.dynalink jdk.internal.ed jdk.editpad jdk.hotspot.agent jdk.httpserver jdk.internal.le jdk.internal.vm.ci jdk.internal.vm.compiler jdk.internal.vm.compiler.management jdk.jartool jdk.javadoc jdk.jcmd jdk.management jdk.management.agent jdk.jconsole jdk.jdeps jdk.jdwp.agent jdk.jdi jdk.jfr jdk.jshell jdk.jsobject jdk.jstatd jdk.localedata jdk.management.jfr jdk.naming.dns jdk.naming.rmi jdk.net jdk.nio.mapmode jdk.random jdk.sctp jdk.security.auth jdk.security.jgss jdk.unsupported jdk.unsupported.desktop jdk.xml.dom" 

Environment Variables:
PATH=C:\wamp64\bin\php\php8.2.26;C:\wamp64\bin\php\php8.4.0;C:\laragon\bin\php\php8.4.0\php.exe;C:\laragon\bin\php\php8.3.1\php.exe;C:\laragon\bin\php\php-8.2.1\php.exe;C:\Python314\Scripts\;C:\Python314\;C:\Program Files\Common Files\Oracle\Java\javapath;C:\WINDOWS\system32;C:\WINDOWS;C:\WINDOWS\System32\Wbem;C:\WINDOWS\System32\WindowsPowerShell\v1.0\;C:\WINDOWS\System32\OpenSSH\;C:\ProgramData\chocolatey\bin;C:\ProgramData\chocolatey\lib\maven\apache-maven-3.9.12\bin;C:\Program Files\nodejs\;C:\Program Files\cursor\resources\app\bin;C:\laragon\bin\php\php-8.1.10-Win32-vs16-x64;C:\composer;C:\laragon\bin\php\php-8.1.10-Win32-vs16-x64\php.exe;C:\Program Files\Git\cmd;C:\laragon\bin;C:\laragon\bin\apache\httpd-2.4.54-win64-VS16\bin;C:\laragon\bin\composer;C:\laragon\bin\git\bin;C:\laragon\bin\git\cmd;C:\laragon\bin\git\mingw64\bin;C:\laragon\bin\git\usr\bin;C:\laragon\bin\laragon\utils;C:\laragon\bin\mysql\mysql-8.0.30-winx64\bin;C:\laragon\bin\nginx\nginx-1.22.0;C:\laragon\bin\ngrok;C:\laragon\bin\nodejs\node-v18;C:\laragon\bin\notepad++;C:\laragon\bin\php\php-8.1.10-Win32-vs16-x64;C:\laragon\bin\python\python-3.10;C:\laragon\bin\python\python-3.10\Scripts;C:\laragon\bin\redis\redis-x64-5.0.14.1;C:\laragon\bin\telnet;C:\laragon\usr\bin;C:\Users\Sniffer\AppData\Local\Yarn\config\global\node_modules\.bin;C:\Users\Sniffer\AppData\Roaming\Composer\vendor\bin;C:\Users\Sniffer\AppData\Roaming\npm;C:\Users\Sniffer\scoop\shims;C:\Users\Sniffer\AppData\Local\Microsoft\WindowsApps;C:\Program Files\JetBrains\IntelliJ IDEA Community Edition 2024.2.3\bin;C:\Users\Sniffer\AppData\Local\Programs\Microsoft VS Code\bin;C:\Users\Sniffer\AppData\Local\GitHubDesktop\bin;C:\Users\Sniffer\AppData\Local\PowerToys\DSCModules\;C:\Users\Sniffer\AppData\Local\Programs\cursor\resources\app\bin;C:\tools\dart-sdk\bin;C:\Users\Sniffer\AppData\Local\Pub\Cache\bin;C:\flutter-tool\dart-sdk;C:\Users\Sniffer\AppData\Local\Microsoft\WindowsApps;C:\Users\Sniffer\.local\bin;C:\Users\Sniffer\AppData\Local\Programs\Antigravity\bin
USERNAME=Sniffer
OS=Windows_NT
PROCESSOR_IDENTIFIER=Intel64 Family 6 Model 122 Stepping 8, GenuineIntel
TMP=C:\Users\Sniffer\AppData\Local\Temp
TEMP=C:\Users\Sniffer\AppData\Local\Temp




Periodic native trim disabled

---------------  S Y S T E M  ---------------

OS:
 Windows 11 , 64 bit Build 26100 (10.0.26100.8328)
OS uptime: 10 days 6:34 hours
Hyper-V role detected

CPU: total 4 (initial active 4) (4 cores per cpu, 1 threads per core) family 6 model 122 stepping 8 microcode 0x22, cx8, cmov, fxsr, mmx, 3dnowpref, sse, sse2, sse3, ssse3, sse4.1, sse4.2, popcnt, tsc, tscinvbit, aes, erms, clmul, sha, clflush, clflushopt, hv, rdtscp, rdpid
Processor Information for the first 4 processors :
  Max Mhz: 1101, Current Mhz: 1101, Mhz Limit: 1101

Memory: 4k page, system-wide physical 7839M (346M free)
TotalPageFile size 31391M (AvailPageFile size 6M)
current process WorkingSet (physical memory assigned to process): 211M, peak: 526M
current process commit charge ("private bytes"): 547M, peak: 1738M

vm_info: OpenJDK 64-Bit Server VM (21.0.10+7-LTS) for windows-amd64 JRE (21.0.10+7-LTS), built on 2026-01-20T00:00:00Z by "admin" with MS VC++ 17.12 (VS2022)

END.
